[15:53:39] [LOG] - Starting application...
[15:53:39] [LOG] - Loading resources...
[15:53:39] [LOG] - Resources loaded.
[15:53:39] [LOG] - Loading windows...
[15:53:40] [LOG] - Windows loaded.
[15:53:40] [LOG] - Loading system tray icon...
[15:53:40] [LOG] - System tray icon loaded.
[15:53:41] [LOG] - Application started!
[15:53:48] [LOG] - Logging in...
[15:53:50] [WARNING] - Login failed: Login error: Invalid password!
[15:53:57] [LOG] - Logging in...
[15:53:58] [WARNING] - Login failed: Login error: Invalid password!
[15:54:01] [LOG] - Logging in...
[15:54:02] [WARNING] - Login failed: Login error: Invalid password!
[15:54:04] [LOG] - Logging in...
[15:54:04] [LOG] - Login successful.
[15:54:04] [LOG] - Profile successfully fetched.
[15:54:04] [LOG] - Sending notification...
[15:54:04] [LOG] - Notification sent.
[15:54:04] [LOG] - Getting orders...
[15:54:04] [LOG] - Successfully pulled 40 order!
[15:54:04] [LOG] - Getting orders...
[15:54:04] [LOG] - Refreshing order list...
[15:54:04] [LOG] - Order list refreshed.
[15:54:04] [LOG] - Successfully pulled 40 order!
[15:54:04] [LOG] - Refreshing order list...
[15:54:04] [LOG] - Order list refreshed.
[15:54:05] [LOG] - Getting orders...
[15:54:05] [LOG] - Successfully pulled 40 order!
[15:54:05] [LOG] - Refreshing order list...
[15:54:05] [LOG] - Order list refreshed.
[15:54:05] [LOG] - Getting orders...
[15:54:06] [LOG] - Getting orders...
[15:54:06] [LOG] - Successfully pulled 40 order!
[15:54:06] [LOG] - Getting orders...
[15:54:06] [LOG] - Successfully pulled 40 order!
[15:54:06] [LOG] - Refreshing order list...
[15:54:06] [LOG] - Order list refreshed.
[15:54:06] [LOG] - Getting orders...
[15:54:06] [LOG] - Successfully pulled 40 order!
[15:54:06] [LOG] - Refreshing order list...
[15:54:06] [LOG] - Order list refreshed.
[15:54:06] [LOG] - Successfully pulled 80 order!
[15:54:06] [LOG] - Refreshing order list...
[15:54:06] [LOG] - Order list refreshed.
[15:54:06] [LOG] - Getting orders...
[15:54:06] [LOG] - Refreshing order list...
[15:54:06] [LOG] - Order list refreshed.
[15:54:06] [LOG] - Successfully pulled 40 order!
[15:54:06] [LOG] - Refreshing order list...
[15:54:06] [LOG] - Order list refreshed.
[15:54:07] [LOG] - Getting orders...
[15:54:07] [LOG] - Successfully pulled 40 order!
[15:54:07] [LOG] - Getting orders...
[15:54:07] [LOG] - Refreshing order list...
[15:54:07] [LOG] - Order list refreshed.
[15:54:07] [LOG] - Successfully pulled 40 order!
[15:54:07] [LOG] - Refreshing order list...
[15:54:07] [LOG] - Order list refreshed.
[15:54:07] [LOG] - Getting orders...
[15:54:07] [LOG] - Successfully pulled 40 order!
[15:54:07] [LOG] - Refreshing order list...
[15:54:07] [LOG] - Order list refreshed.
[15:54:07] [LOG] - Getting orders...
[15:54:07] [LOG] - Successfully pulled 40 order!
[15:54:07] [LOG] - Refreshing order list...
[15:54:07] [LOG] - Order list refreshed.
[15:54:07] [LOG] - Getting orders...
[15:54:08] [LOG] - Successfully pulled 40 order!
[15:54:08] [LOG] - Refreshing order list...
[15:54:08] [LOG] - Order list refreshed.
[15:54:08] [LOG] - Getting orders...
[15:54:08] [LOG] - Getting orders...
[15:54:08] [LOG] - Successfully pulled 40 order!
[15:54:08] [LOG] - Getting orders...
[15:54:08] [LOG] - Successfully pulled 40 order!
[15:54:08] [LOG] - Refreshing order list...
[15:54:08] [LOG] - Order list refreshed.
[15:54:08] [LOG] - Refreshing order list...
[15:54:08] [LOG] - Order list refreshed.
[15:54:08] [LOG] - Successfully pulled 80 order!
[15:54:08] [LOG] - Refreshing order list...
[15:54:08] [LOG] - Order list refreshed.
[15:54:08] [LOG] - Getting orders...
[15:54:08] [LOG] - Successfully pulled 40 order!
[15:54:08] [LOG] - Refreshing order list...
[15:54:08] [LOG] - Order list refreshed.
[15:54:08] [LOG] - Getting orders...
[15:54:08] [LOG] - Successfully pulled 40 order!
[15:54:08] [LOG] - Refreshing order list...
[15:54:08] [LOG] - Order list refreshed.
[15:54:09] [LOG] - Getting orders...
[15:54:09] [LOG] - Successfully pulled 40 order!
[15:54:09] [LOG] - Refreshing order list...
[15:54:09] [LOG] - Order list refreshed.
[15:54:09] [LOG] - Getting orders...
[15:54:09] [LOG] - Successfully pulled 40 order!
[15:54:09] [LOG] - Refreshing order list...
[15:54:09] [LOG] - Order list refreshed.
[15:54:09] [LOG] - Getting orders...
[15:54:09] [LOG] - Successfully pulled 40 order!
[15:54:09] [LOG] - Refreshing order list...
[15:54:09] [LOG] - Order list refreshed.
[15:54:09] [LOG] - Getting orders...
[15:54:09] [LOG] - Successfully pulled 40 order!
[15:54:09] [LOG] - Getting orders...
[15:54:09] [LOG] - Refreshing order list...
[15:54:09] [LOG] - Order list refreshed.
[15:54:09] [LOG] - Successfully pulled 40 order!
[15:54:09] [LOG] - Refreshing order list...
[15:54:09] [LOG] - Order list refreshed.
[15:54:10] [LOG] - Getting orders...
[15:54:10] [LOG] - Successfully pulled 40 order!
[15:54:10] [LOG] - Refreshing order list...
[15:54:10] [LOG] - Order list refreshed.
[15:54:10] [LOG] - Getting orders...
[15:54:10] [LOG] - Getting orders...
[15:54:10] [LOG] - Successfully pulled 40 order!
[15:54:10] [LOG] - Refreshing order list...
[15:54:10] [LOG] - Order list refreshed.
[15:54:10] [LOG] - Successfully pulled 80 order!
[15:54:10] [LOG] - Refreshing order list...
[15:54:10] [LOG] - Order list refreshed.
[15:54:10] [LOG] - Getting orders...
[15:54:10] [LOG] - Successfully pulled 40 order!
[15:54:10] [LOG] - Refreshing order list...
[15:54:10] [LOG] - Order list refreshed.
[15:54:10] [LOG] - Getting orders...
[15:54:10] [LOG] - Getting orders...
[15:54:10] [LOG] - Successfully pulled 40 order!
[15:54:10] [LOG] - Successfully pulled 80 order!
[15:54:10] [LOG] - Refreshing order list...
[15:54:10] [LOG] - Order list refreshed.
[15:54:10] [LOG] - Refreshing order list...
[15:54:10] [LOG] - Order list refreshed.
[15:54:10] [LOG] - Getting orders...
[15:54:11] [LOG] - Getting orders...
[15:54:11] [LOG] - Successfully pulled 40 order!
[15:54:11] [LOG] - Successfully pulled 80 order!
[15:54:11] [LOG] - Refreshing order list...
[15:54:11] [LOG] - Order list refreshed.
[15:54:11] [LOG] - Refreshing order list...
[15:54:11] [LOG] - Order list refreshed.
[15:54:11] [LOG] - Getting orders...
[15:54:11] [LOG] - Successfully pulled 40 order!
[15:54:11] [LOG] - Refreshing order list...
[15:54:11] [LOG] - Order list refreshed.
[15:54:11] [LOG] - Getting orders...
[15:54:11] [LOG] - Successfully pulled 40 order!
[15:54:11] [LOG] - Refreshing order list...
[15:54:11] [LOG] - Order list refreshed.
[15:54:11] [LOG] - Getting orders...
[15:54:11] [LOG] - Successfully pulled 40 order!
[15:54:11] [LOG] - Refreshing order list...
[15:54:11] [LOG] - Order list refreshed.
[15:54:11] [LOG] - Getting orders...
[15:54:11] [LOG] - Getting orders...
[15:54:11] [LOG] - Successfully pulled 40 order!
[15:54:11] [LOG] - Refreshing order list...
[15:54:11] [LOG] - Order list refreshed.
[15:54:11] [LOG] - Successfully pulled 80 order!
[15:54:11] [LOG] - Refreshing order list...
[15:54:11] [LOG] - Order list refreshed.
[15:54:12] [LOG] - Getting orders...
[15:54:12] [LOG] - Successfully pulled 40 order!
[15:54:12] [LOG] - Getting orders...
[15:54:12] [LOG] - Refreshing order list...
[15:54:12] [LOG] - Order list refreshed.
[15:54:12] [LOG] - Successfully pulled 40 order!
[15:54:12] [LOG] - Refreshing order list...
[15:54:12] [LOG] - Order list refreshed.
[15:54:12] [LOG] - Getting orders...
[15:54:12] [LOG] - Successfully pulled 40 order!
[15:54:12] [LOG] - Refreshing order list...
[15:54:12] [LOG] - Order list refreshed.
[15:54:12] [LOG] - Getting orders...
[15:54:12] [LOG] - Successfully pulled 40 order!
[15:54:12] [LOG] - Refreshing order list...
[15:54:12] [LOG] - Order list refreshed.
[15:54:12] [LOG] - Getting orders...
[15:54:12] [LOG] - Successfully pulled 40 order!
[15:54:12] [LOG] - Refreshing order list...
[15:54:12] [LOG] - Order list refreshed.
[15:54:13] [LOG] - Getting orders...
[15:54:13] [LOG] - Successfully pulled 40 order!
[15:54:13] [LOG] - Refreshing order list...
[15:54:13] [LOG] - Order list refreshed.
[15:54:13] [LOG] - Getting orders...
[15:54:13] [LOG] - Successfully pulled 40 order!
[15:54:13] [LOG] - Refreshing order list...
[15:54:13] [LOG] - Order list refreshed.
[15:54:13] [LOG] - Getting orders...
[15:54:13] [LOG] - Successfully pulled 40 order!
[15:54:13] [LOG] - Refreshing order list...
[15:54:13] [LOG] - Order list refreshed.
[15:54:13] [LOG] - Getting orders...
[15:54:13] [LOG] - Successfully pulled 40 order!
[15:54:13] [LOG] - Refreshing order list...
[15:54:13] [LOG] - Order list refreshed.
[15:54:14] [LOG] - Getting orders...
[15:54:14] [LOG] - Successfully pulled 40 order!
[15:54:14] [LOG] - Refreshing order list...
[15:54:14] [LOG] - Order list refreshed.
[15:54:14] [LOG] - Getting orders...
[15:54:14] [LOG] - Successfully pulled 40 order!
[15:54:14] [LOG] - Refreshing order list...
[15:54:14] [LOG] - Order list refreshed.
[15:54:14] [LOG] - Getting orders...
[15:54:14] [LOG] - Successfully pulled 40 order!
[15:54:14] [LOG] - Refreshing order list...
[15:54:14] [LOG] - Order list refreshed.
[15:54:15] [LOG] - Getting orders...
[15:54:15] [LOG] - Successfully pulled 40 order!
[15:54:15] [LOG] - Refreshing order list...
[15:54:15] [LOG] - Order list refreshed.
[15:54:15] [LOG] - Getting orders...
[15:54:15] [LOG] - Successfully pulled 40 order!
[15:54:15] [LOG] - Refreshing order list...
[15:54:15] [LOG] - Order list refreshed.
[15:54:15] [LOG] - Getting orders...
[15:54:15] [LOG] - Successfully pulled 40 order!
[15:54:15] [LOG] - Refreshing order list...
[15:54:15] [LOG] - Order list refreshed.
[15:54:15] [LOG] - Getting orders...
[15:54:16] [LOG] - Getting orders...
[15:54:16] [LOG] - Successfully pulled 40 order!
[15:54:16] [LOG] - Refreshing order list...
[15:54:16] [LOG] - Order list refreshed.
[15:54:16] [LOG] - Successfully pulled 80 order!
[15:54:16] [LOG] - Refreshing order list...
[15:54:16] [LOG] - Order list refreshed.
[15:54:16] [LOG] - Getting orders...
[15:54:16] [LOG] - Successfully pulled 40 order!
[15:54:16] [LOG] - Refreshing order list...
[15:54:16] [LOG] - Order list refreshed.
[15:54:16] [LOG] - Getting orders...
[15:54:16] [LOG] - Successfully pulled 40 order!
[15:54:16] [LOG] - Refreshing order list...
[15:54:16] [LOG] - Order list refreshed.
[15:54:16] [LOG] - Getting orders...
[15:54:16] [LOG] - Getting orders...
[15:54:16] [LOG] - Successfully pulled 40 order!
[15:54:16] [LOG] - Successfully pulled 80 order!
[15:54:17] [LOG] - Getting orders...
[15:54:17] [LOG] - Refreshing order list...
[15:54:17] [LOG] - Order list refreshed.
[15:54:17] [LOG] - Refreshing order list...
[15:54:17] [LOG] - Order list refreshed.
[15:54:17] [LOG] - Successfully pulled 40 order!
[15:54:17] [LOG] - Refreshing order list...
[15:54:17] [LOG] - Order list refreshed.
[15:54:17] [LOG] - Getting orders...
[15:54:17] [LOG] - Successfully pulled 40 order!
[15:54:17] [LOG] - Refreshing order list...
[15:54:17] [LOG] - Order list refreshed.
[15:54:17] [LOG] - Getting orders...
[15:54:17] [LOG] - Successfully pulled 40 order!
[15:54:17] [LOG] - Refreshing order list...
[15:54:17] [LOG] - Order list refreshed.
[15:54:17] [LOG] - Getting orders...
[15:54:18] [LOG] - Successfully pulled 40 order!
[15:54:18] [LOG] - Refreshing order list...
[15:54:18] [LOG] - Order list refreshed.
[15:54:18] [LOG] - Getting orders...
[15:54:18] [LOG] - Successfully pulled 40 order!
[15:54:18] [LOG] - Refreshing order list...
[15:54:18] [LOG] - Order list refreshed.
[15:54:18] [LOG] - Getting orders...
[15:54:18] [LOG] - Successfully pulled 40 order!
[15:54:18] [LOG] - Getting orders...
[15:54:18] [LOG] - Refreshing order list...
[15:54:18] [LOG] - Order list refreshed.
[15:54:18] [LOG] - Successfully pulled 40 order!
[15:54:18] [LOG] - Refreshing order list...
[15:54:18] [LOG] - Order list refreshed.
[15:54:18] [LOG] - Getting orders...
[15:54:18] [LOG] - Successfully pulled 40 order!
[15:54:18] [LOG] - Refreshing order list...
[15:54:18] [LOG] - Order list refreshed.
[15:54:18] [LOG] - Getting orders...
[15:54:18] [LOG] - Successfully pulled 40 order!
[15:54:18] [LOG] - Refreshing order list...
[15:54:18] [LOG] - Order list refreshed.
[15:54:19] [LOG] - Getting orders...
[15:54:19] [LOG] - Successfully pulled 40 order!
[15:54:19] [LOG] - Refreshing order list...
[15:54:19] [LOG] - Order list refreshed.
[15:54:19] [LOG] - Getting orders...
[15:54:19] [LOG] - Successfully pulled 40 order!
[15:54:19] [LOG] - Refreshing order list...
[15:54:19] [LOG] - Order list refreshed.
[15:54:19] [LOG] - Getting orders...
[15:54:19] [LOG] - Successfully pulled 40 order!
[15:54:19] [LOG] - Refreshing order list...
[15:54:19] [LOG] - Order list refreshed.
[15:54:19] [LOG] - Getting orders...
[15:54:19] [LOG] - Successfully pulled 40 order!
[15:54:19] [LOG] - Refreshing order list...
[15:54:19] [LOG] - Order list refreshed.
[15:54:20] [LOG] - Getting orders...
[15:54:20] [LOG] - Successfully pulled 40 order!
[15:54:20] [LOG] - Refreshing order list...
[15:54:20] [LOG] - Order list refreshed.
[15:54:20] [LOG] - Getting orders...
[15:54:20] [LOG] - Successfully pulled 40 order!
[15:54:20] [LOG] - Refreshing order list...
[15:54:20] [LOG] - Order list refreshed.
[15:54:20] [LOG] - Getting orders...
[15:54:20] [LOG] - Successfully pulled 40 order!
[15:54:20] [LOG] - Refreshing order list...
[15:54:20] [LOG] - Order list refreshed.
[15:54:20] [LOG] - Getting orders...
[15:54:20] [LOG] - Successfully pulled 40 order!
[15:54:20] [LOG] - Refreshing order list...
[15:54:20] [LOG] - Order list refreshed.
[15:54:21] [LOG] - Getting orders...
[15:54:21] [LOG] - Successfully pulled 40 order!
[15:54:21] [LOG] - Refreshing order list...
[15:54:21] [LOG] - Order list refreshed.
[15:54:21] [LOG] - Getting orders...
[15:54:21] [LOG] - Successfully pulled 40 order!
[15:54:21] [LOG] - Getting orders...
[15:54:21] [LOG] - Refreshing order list...
[15:54:21] [LOG] - Order list refreshed.
[15:54:21] [LOG] - Successfully pulled 40 order!
[15:54:21] [LOG] - Refreshing order list...
[15:54:21] [LOG] - Order list refreshed.
[15:54:21] [LOG] - Getting orders...
[15:54:21] [LOG] - Getting orders...
[15:54:21] [LOG] - Successfully pulled 40 order!
[15:54:21] [LOG] - Refreshing order list...
[15:54:21] [LOG] - Order list refreshed.
[15:54:21] [LOG] - Opening order...
[15:54:22] [LOG] - Order opened.
[15:54:22] [LOG] - Getting orders...
[15:54:22] [LOG] - Successfully pulled 40 order!
[15:54:22] [LOG] - Refreshing order list...
[15:54:22] [LOG] - Order list refreshed.
[15:54:22] [LOG] - Successfully pulled 80 order!
[15:54:22] [LOG] - Getting messages...
[15:54:22] [LOG] - Getting orders...
[15:54:22] [LOG] - Refreshing order list...
[15:54:22] [LOG] - Order list refreshed.
[15:54:22] [LOG] - Getting orders...
[15:54:23] [LOG] - Successfully pulled 40 order!
[15:54:23] [LOG] - Getting orders...
[15:54:23] [LOG] - Successfully pulled 40 order!
[15:54:23] [LOG] - Refreshing order list...
[15:54:23] [LOG] - Order list refreshed.
[15:54:23] [LOG] - Refreshing order list...
[15:54:23] [LOG] - Order list refreshed.
[15:54:23] [LOG] - Successfully pulled 80 order!
[15:54:23] [LOG] - Refreshing order list...
[15:54:23] [LOG] - Order list refreshed.
[15:54:23] [WARNING] - This order has been revoked by the publisher!
[15:54:23] [ERROR] - Error while getting messages: Index was out of range. Must be non-negative and less than the size of the collection. (Parameter 'index')!
[15:54:23] [LOG] - Getting orders...
[15:54:23] [LOG] - Updating UI...
[15:54:23] [LOG] - Getting orders...
[15:54:23] [LOG] - Successfully pulled 40 order!
[15:54:23] [LOG] - Getting orders...
[15:54:23] [LOG] - Refreshing order list...
[15:54:23] [LOG] - Order list refreshed.
[15:54:24] [LOG] - Successfully pulled 40 order!
[15:54:24] [LOG] - Successfully pulled 80 order!
[15:54:24] [LOG] - Refreshing order list...
[15:54:24] [LOG] - Order list refreshed.
[15:54:24] [LOG] - Refreshing order list...
[15:54:24] [LOG] - Order list refreshed.
[15:54:24] [LOG] - Getting orders...
[15:54:24] [LOG] - Successfully pulled 40 order!
[15:54:24] [LOG] - Refreshing order list...
[15:54:24] [LOG] - Order list refreshed.
[15:54:24] [LOG] - Getting orders...
[15:54:24] [LOG] - Successfully pulled 40 order!
[15:54:24] [LOG] - Refreshing order list...
[15:54:24] [LOG] - Order list refreshed.
[15:54:24] [LOG] - Getting orders...
[15:54:24] [LOG] - Successfully pulled 40 order!
[15:54:24] [LOG] - Refreshing order list...
[15:54:24] [LOG] - Order list refreshed.
[15:54:24] [LOG] - Getting orders...
[15:54:25] [LOG] - Successfully pulled 40 order!
[15:54:25] [LOG] - Refreshing order list...
[15:54:25] [LOG] - Order list refreshed.
[15:54:25] [LOG] - Getting orders...
[15:54:25] [LOG] - Successfully pulled 40 order!
[15:54:25] [LOG] - Refreshing order list...
[15:54:25] [LOG] - Order list refreshed.
[15:54:25] [ERROR] - Error while updating UI: Index was out of range. Must be non-negative and less than the size of the collection. (Parameter 'index')!
[15:54:25] [LOG] - Getting orders...
[15:54:25] [LOG] - Successfully pulled 40 order!
[15:54:25] [LOG] - Refreshing order list...
[15:54:25] [LOG] - Order list refreshed.
[15:54:25] [LOG] - Getting orders...
[15:54:25] [LOG] - Getting orders...
[15:54:25] [LOG] - Successfully pulled 40 order!
[15:54:25] [LOG] - Refreshing order list...
[15:54:25] [LOG] - Order list refreshed.
[15:54:25] [WARNING] - This order has been revoked by the publisher!
[15:54:25] [LOG] - Successfully pulled 80 order!
[15:54:25] [LOG] - Refreshing order list...
[15:54:25] [LOG] - Order list refreshed.
[15:54:26] [LOG] - Getting orders...
[15:54:26] [LOG] - Getting orders...
[15:54:26] [LOG] - Successfully pulled 40 order!
[15:54:26] [LOG] - Refreshing order list...
[15:54:26] [LOG] - Order list refreshed.
[15:54:26] [LOG] - Successfully pulled 80 order!
[15:54:26] [LOG] - Refreshing order list...
[15:54:26] [LOG] - Order list refreshed.
[15:54:27] [LOG] - Getting orders...
[15:54:27] [LOG] - Successfully pulled 40 order!
[15:54:27] [LOG] - Refreshing order list...
[15:54:27] [LOG] - Order list refreshed.
[15:54:27] [WARNING] - This order has been revoked by the publisher!
[15:54:27] [LOG] - Getting orders...
[15:54:27] [LOG] - Successfully pulled 40 order!
[15:54:27] [LOG] - Refreshing order list...
[15:54:27] [LOG] - Order list refreshed.
[15:54:27] [LOG] - Getting messages...
[15:54:27] [LOG] - Getting orders...
[15:54:27] [LOG] - Successfully pulled 40 order!
[15:54:27] [LOG] - Refreshing order list...
[15:54:27] [LOG] - Order list refreshed.
[15:54:27] [LOG] - Getting messages...
[15:54:27] [LOG] - Getting orders...
[15:54:28] [LOG] - Getting orders...
[15:54:28] [LOG] - Successfully pulled 40 order!
[15:54:28] [LOG] - Getting orders...
[15:54:28] [LOG] - Successfully pulled 40 order!
[15:54:28] [LOG] - Refreshing order list...
[15:54:28] [LOG] - Order list refreshed.
[15:54:28] [LOG] - Refreshing order list...
[15:54:28] [LOG] - Order list refreshed.
[15:54:28] [LOG] - Successfully pulled 80 order!
[15:54:28] [LOG] - Refreshing order list...
[15:54:28] [LOG] - Order list refreshed.
[15:54:28] [LOG] - Getting orders...
[15:54:28] [LOG] - Successfully pulled 40 order!
[15:54:28] [LOG] - Refreshing order list...
[15:54:28] [LOG] - Order list refreshed.
[15:54:29] [LOG] - Getting orders...
[15:54:29] [LOG] - Successfully pulled 40 order!
[15:54:29] [LOG] - Refreshing order list...
[15:54:29] [LOG] - Order list refreshed.
[15:54:29] [LOG] - Getting orders...
[15:54:30] [LOG] - Getting orders...
[15:54:30] [LOG] - Successfully pulled 40 order!
[15:54:30] [LOG] - Refreshing order list...
[15:54:30] [LOG] - Order list refreshed.
[15:54:30] [LOG] - Getting orders...
[15:54:30] [LOG] - Successfully pulled 40 order!
[15:54:30] [LOG] - Refreshing order list...
[15:54:30] [LOG] - Order list refreshed.
[15:54:30] [LOG] - Successfully pulled 80 order!
[15:54:30] [LOG] - Refreshing order list...
[15:54:30] [LOG] - Order list refreshed.
[15:54:30] [LOG] - Getting orders...
[15:54:30] [LOG] - Getting orders...
[15:54:30] [LOG] - Successfully pulled 40 order!
[15:54:30] [LOG] - Refreshing order list...
[15:54:30] [LOG] - Order list refreshed.
[15:54:30] [LOG] - Getting orders...
[15:54:30] [LOG] - Successfully pulled 40 order!
[15:54:30] [LOG] - Refreshing order list...
[15:54:30] [LOG] - Order list refreshed.
[15:54:30] [LOG] - Successfully pulled 80 order!
[15:54:30] [LOG] - Refreshing order list...
[15:54:30] [LOG] - Order list refreshed.
[15:54:31] [ERROR] - Error while getting messages: Index was out of range. Must be non-negative and less than the size of the collection. (Parameter 'index')!
[15:54:31] [LOG] - Getting orders...
[15:54:31] [LOG] - Updating UI...
[15:54:31] [LOG] - Successfully pulled 40 order!
[15:54:31] [LOG] - Refreshing order list...
[15:54:31] [LOG] - Order list refreshed.
[15:54:31] [LOG] - Getting orders...
[15:54:31] [LOG] - Successfully pulled 40 order!
[15:54:31] [LOG] - Refreshing order list...
[15:54:31] [LOG] - Order list refreshed.
[15:54:31] [LOG] - Getting orders...
[15:54:31] [ERROR] - Error while updating UI: Index was out of range. Must be non-negative and less than the size of the collection. (Parameter 'index')!
[15:54:31] [LOG] - Successfully pulled 40 order!
[15:54:31] [LOG] - Refreshing order list...
[15:54:31] [LOG] - Order list refreshed.
[15:54:31] [LOG] - Getting orders...
[15:54:31] [LOG] - Successfully pulled 40 order!
[15:54:31] [LOG] - Refreshing order list...
[15:54:31] [LOG] - Order list refreshed.
[15:54:31] [WARNING] - This order has been revoked by the publisher!
[15:54:32] [LOG] - Getting orders...
[15:54:32] [LOG] - Successfully pulled 40 order!
[15:54:32] [LOG] - Refreshing order list...
[15:54:32] [LOG] - Order list refreshed.
[15:54:32] [LOG] - Getting orders...
[15:54:32] [LOG] - Successfully pulled 40 order!
[15:54:32] [LOG] - Refreshing order list...
[15:54:32] [LOG] - Order list refreshed.
[15:54:32] [LOG] - Getting orders...
[15:54:32] [LOG] - Successfully pulled 40 order!
[15:54:32] [LOG] - Refreshing order list...
[15:54:32] [LOG] - Order list refreshed.
[15:54:32] [LOG] - Getting orders...
[15:54:32] [LOG] - Successfully pulled 40 order!
[15:54:32] [LOG] - Refreshing order list...
[15:54:32] [LOG] - Order list refreshed.
[15:54:32] [WARNING] - This order has been revoked by the publisher!
[15:54:32] [LOG] - Getting orders...
[15:54:32] [LOG] - Successfully pulled 40 order!
[15:54:32] [LOG] - Getting messages...
[15:54:32] [LOG] - Refreshing order list...
[15:54:32] [LOG] - Order list refreshed.
[15:54:32] [LOG] - Getting orders...
[15:54:33] [LOG] - Getting orders...
[15:54:33] [LOG] - Successfully pulled 40 order!
[15:54:33] [LOG] - Getting orders...
[15:54:33] [LOG] - Successfully pulled 40 order!
[15:54:33] [LOG] - Refreshing order list...
[15:54:33] [LOG] - Order list refreshed.
[15:54:33] [ERROR] - Error while getting messages: Index was out of range. Must be non-negative and less than the size of the collection. (Parameter 'index')!
[15:54:33] [LOG] - Getting orders...
[15:54:33] [LOG] - Refreshing order list...
[15:54:33] [LOG] - Order list refreshed.
[15:54:33] [LOG] - Successfully pulled 40 order!
[15:54:33] [LOG] - Updating UI...
[15:54:33] [LOG] - Refreshing order list...
[15:54:33] [LOG] - Order list refreshed.
[15:54:33] [LOG] - Successfully pulled 80 order!
[15:54:33] [LOG] - Refreshing order list...
[15:54:33] [LOG] - Order list refreshed.
[15:54:33] [WARNING] - This order has been revoked by the publisher!
[15:54:33] [LOG] - Getting orders...
[15:54:33] [LOG] - Getting orders...
[15:54:33] [LOG] - Successfully pulled 40 order!
[15:54:33] [LOG] - Refreshing order list...
[15:54:33] [LOG] - Order list refreshed.
[15:54:33] [LOG] - Successfully pulled 80 order!
[15:54:33] [LOG] - Refreshing order list...
[15:54:33] [LOG] - Order list refreshed.
[15:54:34] [LOG] - Getting orders...
[15:54:34] [LOG] - Successfully pulled 40 order!
[15:54:34] [LOG] - Getting orders...
[15:54:34] [LOG] - Refreshing order list...
[15:54:34] [LOG] - Order list refreshed.
[15:54:34] [LOG] - Successfully pulled 40 order!
[15:54:34] [LOG] - Refreshing order list...
[15:54:34] [LOG] - Order list refreshed.
[15:54:34] [LOG] - Getting orders...
[15:54:34] [LOG] - Successfully pulled 40 order!
[15:54:34] [LOG] - Refreshing order list...
[15:54:34] [LOG] - Order list refreshed.
[15:54:35] [LOG] - Getting orders...
[15:54:35] [LOG] - Successfully pulled 40 order!
[15:54:35] [LOG] - Refreshing order list...
[15:54:35] [LOG] - Order list refreshed.
[15:54:35] [LOG] - Getting orders...
[15:54:35] [LOG] - Successfully pulled 40 order!
[15:54:35] [LOG] - Refreshing order list...
[15:54:35] [LOG] - Order list refreshed.
[15:54:35] [LOG] - Getting orders...
[15:54:35] [LOG] - Successfully pulled 40 order!
[15:54:35] [LOG] - Refreshing order list...
[15:54:35] [LOG] - Order list refreshed.
[15:54:35] [LOG] - Getting orders...
[15:54:35] [LOG] - Successfully pulled 40 order!
[15:54:35] [LOG] - Refreshing order list...
[15:54:35] [LOG] - Order list refreshed.
[15:54:35] [LOG] - Getting orders...
[15:54:35] [LOG] - Successfully pulled 40 order!
[15:54:35] [LOG] - Refreshing order list...
[15:54:35] [LOG] - Order list refreshed.
[15:54:35] [LOG] - Getting orders...
[15:54:36] [LOG] - Successfully pulled 40 order!
[15:54:36] [LOG] - Refreshing order list...
[15:54:36] [LOG] - Order list refreshed.
[15:54:36] [LOG] - Getting orders...
[15:54:36] [LOG] - Successfully pulled 40 order!
[15:54:36] [LOG] - Refreshing order list...
[15:54:36] [LOG] - Order list refreshed.
[15:54:36] [LOG] - Getting orders...
[15:54:36] [LOG] - Successfully pulled 40 order!
[15:54:36] [LOG] - Refreshing order list...
[15:54:36] [LOG] - Order list refreshed.
[15:54:36] [LOG] - Closing application...
[15:54:36] [LOG] - Application closed.
[15:54:36] [LOG] - Hiding window...
[15:54:36] [LOG] - Window is hidden.
[15:54:36] [WARNING] - This order has been revoked by the publisher!
[15:54:36] [ERROR] - Error while getting messages: Index was out of range. Must be non-negative and less than the size of the collection. (Parameter 'index')!
[16:07:43] [LOG] - Starting application...
[16:07:43] [LOG] - Loading resources...
[16:07:43] [LOG] - Resources loaded.
[16:07:43] [LOG] - Loading windows...
[16:07:43] [LOG] - Windows loaded.
[16:07:43] [LOG] - Loading system tray icon...
[16:07:44] [LOG] - System tray icon loaded.
[16:07:44] [LOG] - Application started!
[16:07:52] [LOG] - Logging in...
[16:07:52] [LOG] - Login successful.
[16:07:52] [LOG] - Profile successfully fetched.
[16:07:52] [LOG] - Sending notification...
[16:07:52] [LOG] - Notification sent.
[16:07:52] [LOG] - Getting orders...
[16:07:53] [LOG] - Getting orders...
[16:07:53] [LOG] - Successfully pulled 40 order!
[16:07:53] [LOG] - Successfully pulled 80 order!
[16:07:53] [LOG] - Refreshing order list...
[16:07:53] [LOG] - Order list refreshed.
[16:07:53] [LOG] - Refreshing order list...
[16:07:53] [LOG] - Order list refreshed.
[16:07:53] [LOG] - Getting orders...
[16:07:53] [LOG] - Getting orders...
[16:07:53] [LOG] - Successfully pulled 40 order!
[16:07:53] [LOG] - Getting orders...
[16:07:53] [LOG] - Successfully pulled 40 order!
[16:07:53] [LOG] - Refreshing order list...
[16:07:53] [LOG] - Order list refreshed.
[16:07:53] [LOG] - Successfully pulled 80 order!
[16:07:53] [LOG] - Opening order...
[16:07:54] [LOG] - Order opened.
[16:07:54] [LOG] - Getting orders...
[16:07:54] [LOG] - Refreshing order list...
[16:07:54] [LOG] - Order list refreshed.
[16:07:54] [LOG] - Refreshing order list...
[16:07:54] [LOG] - Order list refreshed.
[16:07:54] [LOG] - Getting orders...
[16:07:54] [LOG] - Successfully pulled 40 order!
[16:07:54] [LOG] - Refreshing order list...
[16:07:54] [LOG] - Order list refreshed.
[16:07:54] [LOG] - Successfully pulled 80 order!
[16:07:54] [LOG] - Getting orders...
[16:07:54] [LOG] - Refreshing order list...
[16:07:54] [LOG] - Order list refreshed.
[16:07:54] [LOG] - Successfully pulled 40 order!
[16:07:54] [LOG] - Refreshing order list...
[16:07:54] [LOG] - Order list refreshed.
[16:07:54] [LOG] - Getting orders...
[16:07:55] [LOG] - Getting orders...
[16:07:55] [LOG] - Successfully pulled 40 order!
[16:07:55] [LOG] - Refreshing order list...
[16:07:55] [LOG] - Order list refreshed.
[16:07:55] [LOG] - Getting orders...
[16:07:55] [LOG] - Successfully pulled 40 order!
[16:07:55] [LOG] - Successfully pulled 80 order!
[16:07:55] [LOG] - Getting orders...
[16:07:55] [LOG] - Refreshing order list...
[16:07:55] [LOG] - Order list refreshed.
[16:07:55] [LOG] - Refreshing order list...
[16:07:55] [LOG] - Order list refreshed.
[16:07:55] [LOG] - Successfully pulled 40 order!
[16:07:55] [LOG] - Refreshing order list...
[16:07:55] [LOG] - Order list refreshed.
[16:07:55] [LOG] - Getting orders...
[16:07:55] [LOG] - Successfully pulled 40 order!
[16:07:55] [LOG] - Refreshing order list...
[16:07:55] [LOG] - Order list refreshed.
[16:07:55] [LOG] - Getting orders...
[16:07:55] [LOG] - Successfully pulled 40 order!
[16:07:55] [LOG] - Refreshing order list...
[16:07:55] [LOG] - Order list refreshed.
[16:07:56] [LOG] - Getting orders...
[16:07:56] [LOG] - Successfully pulled 40 order!
[16:07:56] [LOG] - Refreshing order list...
[16:07:56] [LOG] - Order list refreshed.
[16:07:56] [LOG] - Getting orders...
[16:07:56] [LOG] - Successfully pulled 40 order!
[16:07:56] [LOG] - Refreshing order list...
[16:07:56] [LOG] - Order list refreshed.
[16:07:56] [LOG] - Getting orders...
[16:07:57] [LOG] - Successfully pulled 40 order!
[16:07:57] [LOG] - Getting orders...
[16:07:57] [LOG] - Refreshing order list...
[16:07:57] [LOG] - Order list refreshed.
[16:07:57] [LOG] - Successfully pulled 40 order!
[16:07:57] [LOG] - Refreshing order list...
[16:07:57] [LOG] - Order list refreshed.
[16:07:57] [LOG] - Getting orders...
[16:07:57] [LOG] - Successfully pulled 40 order!
[16:07:57] [LOG] - Refreshing order list...
[16:07:57] [LOG] - Order list refreshed.
[16:07:57] [LOG] - Getting orders...
[16:07:57] [LOG] - Successfully pulled 40 order!
[16:07:57] [LOG] - Refreshing order list...
[16:07:57] [LOG] - Order list refreshed.
[16:07:57] [LOG] - Getting orders...
[16:07:58] [LOG] - Getting orders...
[16:07:58] [LOG] - Successfully pulled 40 order!
[16:07:58] [LOG] - Refreshing order list...
[16:07:58] [LOG] - Order list refreshed.
[16:07:58] [LOG] - Successfully pulled 80 order!
[16:07:58] [LOG] - Refreshing order list...
[16:07:58] [LOG] - Order list refreshed.
[16:07:58] [LOG] - Getting orders...
[16:07:58] [LOG] - Successfully pulled 40 order!
[16:07:58] [LOG] - Refreshing order list...
[16:07:58] [LOG] - Order list refreshed.
[16:07:58] [LOG] - Getting orders...
[16:07:58] [LOG] - Successfully pulled 40 order!
[16:07:58] [LOG] - Refreshing order list...
[16:07:58] [LOG] - Order list refreshed.
[16:07:58] [WARNING] - This order has been revoked by the publisher!
[16:07:58] [LOG] - Getting orders...
[16:07:58] [LOG] - Successfully pulled 40 order!
[16:07:58] [LOG] - Refreshing order list...
[16:07:58] [LOG] - Order list refreshed.
[16:07:59] [LOG] - Getting orders...
[16:07:59] [LOG] - Successfully pulled 40 order!
[16:07:59] [LOG] - Refreshing order list...
[16:07:59] [LOG] - Order list refreshed.
[16:07:59] [LOG] - Getting orders...
[16:07:59] [LOG] - Successfully pulled 40 order!
[16:07:59] [LOG] - Refreshing order list...
[16:07:59] [LOG] - Order list refreshed.
[16:07:59] [LOG] - Getting orders...
[16:07:59] [LOG] - Successfully pulled 40 order!
[16:07:59] [LOG] - Refreshing order list...
[16:07:59] [LOG] - Order list refreshed.
[16:07:59] [LOG] - Getting orders...
[16:07:59] [LOG] - Successfully pulled 40 order!
[16:07:59] [LOG] - Refreshing order list...
[16:07:59] [LOG] - Order list refreshed.
[16:07:59] [WARNING] - This order has been revoked by the publisher!
[16:08:00] [LOG] - Getting orders...
[16:08:00] [LOG] - Successfully pulled 40 order!
[16:08:00] [LOG] - Refreshing order list...
[16:08:00] [LOG] - Order list refreshed.
[16:08:00] [LOG] - Getting orders...
[16:08:00] [LOG] - Successfully pulled 40 order!
[16:08:00] [LOG] - Refreshing order list...
[16:08:00] [LOG] - Order list refreshed.
[16:08:00] [LOG] - Getting orders...
[16:08:01] [LOG] - Successfully pulled 40 order!
[16:08:01] [LOG] - Refreshing order list...
[16:08:01] [LOG] - Order list refreshed.
[16:08:01] [LOG] - Getting orders...
[16:08:01] [LOG] - Successfully pulled 40 order!
[16:08:01] [LOG] - Refreshing order list...
[16:08:01] [LOG] - Order list refreshed.
[16:08:01] [LOG] - Getting orders...
[16:08:01] [LOG] - Successfully pulled 40 order!
[16:08:01] [LOG] - Refreshing order list...
[16:08:01] [LOG] - Order list refreshed.
[16:08:01] [LOG] - Getting orders...
[16:08:01] [LOG] - Successfully pulled 40 order!
[16:08:01] [LOG] - Refreshing order list...
[16:08:01] [LOG] - Order list refreshed.
[16:08:01] [LOG] - Getting orders...
[16:08:02] [LOG] - Successfully pulled 40 order!
[16:08:02] [LOG] - Refreshing order list...
[16:08:02] [LOG] - Order list refreshed.
[16:08:02] [LOG] - Getting orders...
[16:08:02] [LOG] - Successfully pulled 40 order!
[16:08:02] [LOG] - Refreshing order list...
[16:08:02] [LOG] - Order list refreshed.
[16:08:02] [LOG] - Getting orders...
[16:08:02] [LOG] - Successfully pulled 40 order!
[16:08:02] [LOG] - Refreshing order list...
[16:08:02] [LOG] - Order list refreshed.
[16:08:02] [LOG] - Getting orders...
[16:08:02] [LOG] - Successfully pulled 40 order!
[16:08:02] [LOG] - Refreshing order list...
[16:08:02] [LOG] - Order list refreshed.
[16:08:03] [LOG] - Getting orders...
[16:08:03] [LOG] - Successfully pulled 40 order!
[16:08:03] [LOG] - Refreshing order list...
[16:08:03] [LOG] - Order list refreshed.
[16:08:03] [WARNING] - This order has been revoked by the publisher!
[16:08:03] [LOG] - Opening order...
[16:08:03] [LOG] - Order opened.
[16:08:03] [LOG] - Getting orders...
[16:08:03] [LOG] - Getting orders...
[16:08:03] [LOG] - Successfully pulled 40 order!
[16:08:03] [LOG] - Refreshing order list...
[16:08:03] [LOG] - Order list refreshed.
[16:08:03] [LOG] - Successfully pulled 80 order!
[16:08:03] [LOG] - Refreshing order list...
[16:08:03] [LOG] - Order list refreshed.
[16:08:04] [WARNING] - This order has been revoked by the publisher!
[16:08:04] [WARNING] - This order has been revoked by the publisher!
[16:08:04] [LOG] - Getting orders...
[16:08:04] [LOG] - Getting orders...
[16:08:04] [LOG] - Successfully pulled 40 order!
[16:08:04] [LOG] - Refreshing order list...
[16:08:04] [LOG] - Order list refreshed.
[16:08:04] [LOG] - Successfully pulled 80 order!
[16:08:04] [LOG] - Getting orders...
[16:08:04] [LOG] - Refreshing order list...
[16:08:04] [LOG] - Order list refreshed.
[16:08:04] [LOG] - Successfully pulled 40 order!
[16:08:04] [LOG] - Refreshing order list...
[16:08:04] [LOG] - Order list refreshed.
[16:08:04] [LOG] - Getting orders...
[16:08:04] [LOG] - Successfully pulled 40 order!
[16:08:04] [LOG] - Refreshing order list...
[16:08:04] [LOG] - Order list refreshed.
[16:08:04] [WARNING] - This order has been revoked by the publisher!
[16:08:05] [LOG] - Getting orders...
[16:08:05] [LOG] - Getting orders...
[16:08:05] [LOG] - Successfully pulled 40 order!
[16:08:05] [LOG] - Refreshing order list...
[16:08:05] [LOG] - Order list refreshed.
[16:08:05] [LOG] - Successfully pulled 80 order!
[16:08:05] [LOG] - Refreshing order list...
[16:08:05] [LOG] - Order list refreshed.
[16:08:05] [LOG] - Getting orders...
[16:08:05] [LOG] - Successfully pulled 40 order!
[16:08:05] [LOG] - Refreshing order list...
[16:08:05] [LOG] - Order list refreshed.
[16:08:05] [WARNING] - This order has been revoked by the publisher!
[16:08:05] [LOG] - Getting orders...
[16:08:05] [LOG] - Successfully pulled 40 order!
[16:08:05] [LOG] - Refreshing order list...
[16:08:05] [LOG] - Order list refreshed.
[16:08:06] [LOG] - Getting messages...
[16:08:06] [LOG] - Loaded 6 messages.
[16:08:06] [LOG] - Updating UI...
[16:08:06] [LOG] - Getting orders...
[16:08:06] [LOG] - Getting orders...
[16:08:06] [LOG] - Successfully pulled 40 order!
[16:08:06] [LOG] - Refreshing order list...
[16:08:06] [LOG] - Order list refreshed.
[16:08:06] [LOG] - Successfully pulled 80 order!
[16:08:06] [LOG] - Refreshing order list...
[16:08:06] [LOG] - Order list refreshed.
[16:08:06] [LOG] - Getting orders...
[16:08:06] [LOG] - Successfully pulled 40 order!
[16:08:06] [LOG] - Refreshing order list...
[16:08:06] [LOG] - Order list refreshed.
[16:08:06] [LOG] - Getting orders...
[16:08:06] [LOG] - Successfully pulled 40 order!
[16:08:06] [LOG] - Refreshing order list...
[16:08:06] [LOG] - Order list refreshed.
[16:08:07] [LOG] - Getting orders...
[16:08:07] [LOG] - Successfully pulled 40 order!
[16:08:07] [LOG] - Refreshing order list...
[16:08:07] [LOG] - Order list refreshed.
[16:08:07] [LOG] - Getting orders...
[16:08:07] [LOG] - Successfully pulled 40 order!
[16:08:07] [LOG] - Refreshing order list...
[16:08:07] [LOG] - Order list refreshed.
[16:08:08] [LOG] - Getting orders...
[16:08:08] [LOG] - Successfully pulled 40 order!
[16:08:08] [LOG] - Refreshing order list...
[16:08:08] [LOG] - Order list refreshed.
[16:08:08] [LOG] - Getting orders...
[16:08:08] [LOG] - Successfully pulled 40 order!
[16:08:08] [LOG] - Refreshing order list...
[16:08:08] [LOG] - Order list refreshed.
[16:08:08] [LOG] - Getting orders...
[16:08:08] [LOG] - Successfully pulled 40 order!
[16:08:08] [LOG] - Refreshing order list...
[16:08:08] [LOG] - Order list refreshed.
[16:08:08] [LOG] - Getting orders...
[16:08:08] [LOG] - Successfully pulled 40 order!
[16:08:08] [LOG] - Refreshing order list...
[16:08:08] [LOG] - Order list refreshed.
[16:08:08] [LOG] - Getting orders...
[16:08:08] [LOG] - Successfully pulled 40 order!
[16:08:08] [LOG] - Refreshing order list...
[16:08:08] [LOG] - Order list refreshed.
[16:08:09] [LOG] - Getting orders...
[16:08:09] [LOG] - Successfully pulled 40 order!
[16:08:09] [LOG] - Refreshing order list...
[16:08:09] [LOG] - Order list refreshed.
[16:08:09] [LOG] - Getting orders...
[16:08:09] [LOG] - Successfully pulled 40 order!
[16:08:09] [LOG] - Refreshing order list...
[16:08:09] [LOG] - Order list refreshed.
[16:08:09] [LOG] - Getting orders...
[16:08:09] [LOG] - Successfully pulled 40 order!
[16:08:09] [LOG] - Refreshing order list...
[16:08:09] [LOG] - Order list refreshed.
[16:08:09] [LOG] - Getting orders...
[16:08:09] [LOG] - Successfully pulled 40 order!
[16:08:09] [LOG] - Refreshing order list...
[16:08:09] [LOG] - Order list refreshed.
[16:08:10] [LOG] - Getting orders...
[16:08:10] [LOG] - Successfully pulled 40 order!
[16:08:10] [LOG] - Refreshing order list...
[16:08:10] [LOG] - Order list refreshed.
[16:08:10] [LOG] - Getting orders...
[16:08:10] [LOG] - Successfully pulled 40 order!
[16:08:10] [LOG] - Refreshing order list...
[16:08:10] [LOG] - Order list refreshed.
[16:08:11] [LOG] - Getting orders...
[16:08:11] [LOG] - Successfully pulled 40 order!
[16:08:11] [LOG] - Refreshing order list...
[16:08:11] [LOG] - Order list refreshed.
[16:08:11] [LOG] - Getting orders...
[16:08:11] [LOG] - Successfully pulled 40 order!
[16:08:11] [LOG] - Refreshing order list...
[16:08:11] [LOG] - Order list refreshed.
[16:08:11] [LOG] - Getting orders...
[16:08:11] [LOG] - Successfully pulled 40 order!
[16:08:11] [LOG] - Refreshing order list...
[16:08:11] [LOG] - Order list refreshed.
[16:08:12] [LOG] - Getting orders...
[16:08:12] [LOG] - Successfully pulled 40 order!
[16:08:12] [LOG] - Refreshing order list...
[16:08:12] [LOG] - Order list refreshed.
[16:08:12] [LOG] - Getting orders...
[16:08:12] [LOG] - Successfully pulled 40 order!
[16:08:12] [LOG] - Refreshing order list...
[16:08:12] [LOG] - Order list refreshed.
[16:08:12] [LOG] - Getting orders...
[16:08:12] [LOG] - Successfully pulled 40 order!
[16:08:12] [LOG] - Refreshing order list...
[16:08:12] [LOG] - Order list refreshed.
[16:08:12] [LOG] - Closing application...
[16:08:12] [LOG] - Application closed.
[16:08:12] [LOG] - Hiding window...
[16:08:12] [LOG] - Window is hidden.
[16:08:12] [WARNING] - This order has been revoked by the publisher!
[16:08:12] [WARNING] - This order has been revoked by the publisher!
