[09:53:25] [LOG] - Starting application...
[09:53:25] [LOG] - Loading resources...
[09:53:25] [LOG] - Resources loaded.
[09:53:25] [LOG] - Loading windows...
[09:53:26] [LOG] - Windows loaded.
[09:53:26] [LOG] - Loading system tray icon...
[09:53:26] [LOG] - System tray icon loaded.
[09:53:26] [LOG] - Application started!
[09:53:27] [LOG] - Getting orders...
[09:53:27] [LOG] - Refreshing order list...
[09:53:27] [LOG] - Order list refreshed.
[09:53:27] [LOG] - Getting orders...
[09:53:27] [LOG] - Refreshing order list...
[09:53:27] [LOG] - Order list refreshed.
[09:53:27] [LOG] - Getting orders...
[09:53:27] [LOG] - Refreshing order list...
[09:53:27] [LOG] - Order list refreshed.
[09:53:27] [LOG] - Successfully pulled 1 order!
[09:53:27] [LOG] - Successfully pulled 2 order!
[09:53:27] [LOG] - Getting orders...
[09:53:27] [LOG] - Refreshing order list...
[09:53:27] [LOG] - Order list refreshed.
[09:53:27] [LOG] - Successfully pulled 1 order!
[09:53:27] [LOG] - Successfully pulled 2 order!
[09:53:28] [LOG] - Getting orders...
[09:53:28] [LOG] - Refreshing order list...
[09:53:28] [LOG] - Order list refreshed.
[09:53:28] [LOG] - Successfully pulled 1 order!
[09:53:28] [LOG] - Getting orders...
[09:53:28] [LOG] - Refreshing order list...
[09:53:28] [LOG] - Order list refreshed.
[09:53:28] [LOG] - Successfully pulled 1 order!
[09:53:28] [LOG] - Getting orders...
[09:53:28] [LOG] - Refreshing order list...
[09:53:28] [LOG] - Order list refreshed.
[09:53:28] [LOG] - Successfully pulled 1 order!
[09:53:28] [LOG] - Getting orders...
[09:53:28] [LOG] - Refreshing order list...
[09:53:28] [LOG] - Order list refreshed.
[09:53:28] [LOG] - Successfully pulled 1 order!
[09:53:28] [LOG] - Getting orders...
[09:53:28] [LOG] - Refreshing order list...
[09:53:28] [LOG] - Order list refreshed.
[09:53:28] [LOG] - Successfully pulled 1 order!
[09:53:28] [LOG] - Getting orders...
[09:53:28] [LOG] - Refreshing order list...
[09:53:28] [LOG] - Order list refreshed.
[09:53:28] [LOG] - Successfully pulled 1 order!
[09:53:28] [LOG] - Getting orders...
[09:53:28] [LOG] - Refreshing order list...
[09:53:28] [LOG] - Order list refreshed.
[09:53:28] [LOG] - Successfully pulled 1 order!
[09:53:28] [LOG] - Getting orders...
[09:53:28] [LOG] - Refreshing order list...
[09:53:28] [LOG] - Order list refreshed.
[09:53:28] [LOG] - Successfully pulled 1 order!
[09:53:29] [LOG] - Getting orders...
[09:53:29] [LOG] - Refreshing order list...
[09:53:29] [LOG] - Order list refreshed.
[09:53:29] [LOG] - Successfully pulled 1 order!
[09:53:29] [LOG] - Getting orders...
[09:53:29] [LOG] - Refreshing order list...
[09:53:29] [LOG] - Order list refreshed.
[09:53:29] [LOG] - Successfully pulled 1 order!
[09:53:29] [LOG] - Getting orders...
[09:53:29] [LOG] - Refreshing order list...
[09:53:29] [LOG] - Order list refreshed.
[09:53:29] [LOG] - Successfully pulled 1 order!
[09:53:29] [LOG] - Getting orders...
[09:53:29] [LOG] - Refreshing order list...
[09:53:29] [LOG] - Order list refreshed.
[09:53:29] [LOG] - Successfully pulled 1 order!
[09:53:29] [LOG] - Getting orders...
[09:53:29] [LOG] - Refreshing order list...
[09:53:29] [LOG] - Order list refreshed.
[09:53:29] [LOG] - Successfully pulled 1 order!
[09:53:29] [LOG] - Getting orders...
[09:53:29] [LOG] - Refreshing order list...
[09:53:29] [LOG] - Order list refreshed.
[09:53:29] [LOG] - Successfully pulled 1 order!
[09:53:30] [LOG] - Getting orders...
[09:53:30] [LOG] - Refreshing order list...
[09:53:30] [LOG] - Order list refreshed.
[09:53:30] [LOG] - Successfully pulled 1 order!
[09:53:30] [LOG] - Getting orders...
[09:53:30] [LOG] - Refreshing order list...
[09:53:30] [LOG] - Order list refreshed.
[09:53:30] [LOG] - Successfully pulled 1 order!
[09:53:30] [LOG] - Getting orders...
[09:53:30] [LOG] - Refreshing order list...
[09:53:30] [LOG] - Order list refreshed.
[09:53:30] [LOG] - Successfully pulled 1 order!
[09:53:30] [LOG] - Getting orders...
[09:53:30] [LOG] - Refreshing order list...
[09:53:30] [LOG] - Order list refreshed.
[09:53:30] [LOG] - Getting orders...
[09:53:30] [LOG] - Refreshing order list...
[09:53:30] [LOG] - Order list refreshed.
[09:53:30] [LOG] - Successfully pulled 1 order!
[09:53:30] [LOG] - Successfully pulled 2 order!
[09:53:30] [LOG] - Getting orders...
[09:53:30] [LOG] - Refreshing order list...
[09:53:30] [LOG] - Order list refreshed.
[09:53:30] [LOG] - Successfully pulled 1 order!
[09:53:30] [LOG] - Getting orders...
[09:53:30] [LOG] - Refreshing order list...
[09:53:30] [LOG] - Order list refreshed.
[09:53:30] [LOG] - Successfully pulled 1 order!
[09:53:31] [LOG] - Getting orders...
[09:53:31] [LOG] - Refreshing order list...
[09:53:31] [LOG] - Order list refreshed.
[09:53:31] [LOG] - Successfully pulled 1 order!
[09:53:31] [LOG] - Getting orders...
[09:53:31] [LOG] - Refreshing order list...
[09:53:31] [LOG] - Order list refreshed.
[09:53:31] [LOG] - Successfully pulled 1 order!
[09:53:31] [LOG] - Getting orders...
[09:53:31] [LOG] - Refreshing order list...
[09:53:31] [LOG] - Order list refreshed.
[09:53:31] [LOG] - Successfully pulled 1 order!
[09:53:31] [LOG] - Getting orders...
[09:53:31] [LOG] - Refreshing order list...
[09:53:31] [LOG] - Order list refreshed.
[09:53:31] [LOG] - Successfully pulled 1 order!
[09:53:31] [LOG] - Getting orders...
[09:53:31] [LOG] - Refreshing order list...
[09:53:31] [LOG] - Order list refreshed.
[09:53:31] [LOG] - Successfully pulled 1 order!
[09:53:31] [LOG] - Getting orders...
[09:53:31] [LOG] - Refreshing order list...
[09:53:31] [LOG] - Order list refreshed.
[09:53:31] [LOG] - Successfully pulled 1 order!
[09:53:31] [LOG] - Getting orders...
[09:53:31] [LOG] - Refreshing order list...
[09:53:31] [LOG] - Order list refreshed.
[09:53:31] [LOG] - Successfully pulled 1 order!
[09:53:32] [LOG] - Getting orders...
[09:53:32] [LOG] - Refreshing order list...
[09:53:32] [LOG] - Order list refreshed.
[09:53:32] [LOG] - Successfully pulled 1 order!
[09:53:32] [LOG] - Getting orders...
[09:53:32] [LOG] - Refreshing order list...
[09:53:32] [LOG] - Order list refreshed.
[09:53:32] [LOG] - Successfully pulled 1 order!
[09:53:32] [LOG] - Getting orders...
[09:53:32] [LOG] - Refreshing order list...
[09:53:32] [LOG] - Order list refreshed.
[09:53:32] [LOG] - Successfully pulled 1 order!
[09:53:32] [LOG] - Getting orders...
[09:53:32] [LOG] - Refreshing order list...
[09:53:32] [LOG] - Order list refreshed.
[09:53:32] [LOG] - Getting orders...
[09:53:32] [LOG] - Refreshing order list...
[09:53:32] [LOG] - Order list refreshed.
[09:53:32] [LOG] - Successfully pulled 1 order!
[09:53:32] [LOG] - Successfully pulled 2 order!
[09:53:32] [LOG] - Getting orders...
[09:53:32] [LOG] - Refreshing order list...
[09:53:32] [LOG] - Order list refreshed.
[09:53:32] [LOG] - Successfully pulled 1 order!
[09:53:32] [LOG] - Getting orders...
[09:53:32] [LOG] - Refreshing order list...
[09:53:32] [LOG] - Order list refreshed.
[09:53:32] [LOG] - Successfully pulled 1 order!
[09:53:33] [LOG] - Getting orders...
[09:53:33] [LOG] - Refreshing order list...
[09:53:33] [LOG] - Order list refreshed.
[09:53:33] [LOG] - Successfully pulled 1 order!
[09:53:33] [LOG] - Getting orders...
[09:53:33] [LOG] - Refreshing order list...
[09:53:33] [LOG] - Order list refreshed.
[09:53:33] [LOG] - Successfully pulled 1 order!
[09:53:33] [LOG] - Getting orders...
[09:53:33] [LOG] - Refreshing order list...
[09:53:33] [LOG] - Order list refreshed.
[09:53:33] [LOG] - Successfully pulled 1 order!
[09:53:33] [LOG] - Getting orders...
[09:53:33] [LOG] - Refreshing order list...
[09:53:33] [LOG] - Order list refreshed.
[09:53:33] [LOG] - Successfully pulled 1 order!
[09:53:33] [LOG] - Getting orders...
[09:53:33] [LOG] - Refreshing order list...
[09:53:33] [LOG] - Order list refreshed.
[09:53:33] [LOG] - Successfully pulled 1 order!
[09:53:33] [LOG] - Getting orders...
[09:53:33] [LOG] - Refreshing order list...
[09:53:33] [LOG] - Order list refreshed.
[09:53:33] [LOG] - Successfully pulled 1 order!
[09:53:33] [LOG] - Getting orders...
[09:53:33] [LOG] - Refreshing order list...
[09:53:33] [LOG] - Order list refreshed.
[09:53:33] [LOG] - Successfully pulled 1 order!
[09:53:33] [LOG] - Getting orders...
[09:53:33] [LOG] - Refreshing order list...
[09:53:33] [LOG] - Order list refreshed.
[09:53:33] [LOG] - Successfully pulled 1 order!
[09:53:34] [LOG] - Getting orders...
[09:53:34] [LOG] - Refreshing order list...
[09:53:34] [LOG] - Order list refreshed.
[09:53:34] [LOG] - Successfully pulled 1 order!
[09:53:34] [LOG] - Getting orders...
[09:53:34] [LOG] - Refreshing order list...
[09:53:34] [LOG] - Order list refreshed.
[09:53:34] [LOG] - Successfully pulled 1 order!
[09:53:34] [LOG] - Getting orders...
[09:53:34] [LOG] - Refreshing order list...
[09:53:34] [LOG] - Order list refreshed.
[09:53:34] [LOG] - Successfully pulled 1 order!
[09:53:34] [LOG] - Getting orders...
[09:53:34] [LOG] - Refreshing order list...
[09:53:34] [LOG] - Order list refreshed.
[09:53:34] [LOG] - Successfully pulled 1 order!
[09:53:34] [LOG] - Getting orders...
[09:53:34] [LOG] - Refreshing order list...
[09:53:34] [LOG] - Order list refreshed.
[09:53:34] [LOG] - Successfully pulled 1 order!
[09:53:34] [LOG] - Logging in...
[09:53:34] [LOG] - Getting orders...
[09:53:34] [LOG] - Refreshing order list...
[09:53:34] [LOG] - Order list refreshed.
[09:53:34] [LOG] - Login successful.
[09:53:34] [LOG] - Sending notification...
[09:53:34] [LOG] - Notification sent.
[09:53:35] [LOG] - Getting orders...
[09:53:35] [LOG] - Refreshing order list...
[09:53:35] [LOG] - Order list refreshed.
[09:53:35] [LOG] - Successfully pulled 1 order!
[09:53:35] [LOG] - Getting orders...
[09:53:35] [LOG] - Refreshing order list...
[09:53:35] [LOG] - Order list refreshed.
[09:53:35] [LOG] - Successfully pulled 1 order!
[09:53:35] [LOG] - Successfully pulled 2 order!
[09:53:35] [LOG] - Getting orders...
[09:53:35] [LOG] - Refreshing order list...
[09:53:35] [LOG] - Order list refreshed.
[09:53:35] [LOG] - Successfully pulled 1 order!
[09:53:35] [LOG] - Getting orders...
[09:53:35] [LOG] - Refreshing order list...
[09:53:35] [LOG] - Order list refreshed.
[09:53:35] [LOG] - Successfully pulled 1 order!
[09:53:35] [LOG] - Getting orders...
[09:53:35] [LOG] - Refreshing order list...
[09:53:35] [LOG] - Order list refreshed.
[09:53:35] [LOG] - Successfully pulled 1 order!
[09:53:35] [LOG] - Getting orders...
[09:53:35] [LOG] - Refreshing order list...
[09:53:35] [LOG] - Order list refreshed.
[09:53:35] [LOG] - Successfully pulled 1 order!
[09:53:35] [LOG] - Getting orders...
[09:53:35] [LOG] - Refreshing order list...
[09:53:35] [LOG] - Order list refreshed.
[09:53:35] [LOG] - Successfully pulled 1 order!
[09:53:36] [LOG] - Getting orders...
[09:53:36] [LOG] - Refreshing order list...
[09:53:36] [LOG] - Order list refreshed.
[09:53:36] [LOG] - Successfully pulled 1 order!
[09:53:36] [LOG] - Getting orders...
[09:53:36] [LOG] - Refreshing order list...
[09:53:36] [LOG] - Order list refreshed.
[09:53:36] [LOG] - Successfully pulled 1 order!
[09:53:36] [LOG] - Getting orders...
[09:53:36] [LOG] - Refreshing order list...
[09:53:36] [LOG] - Order list refreshed.
[09:53:36] [LOG] - Successfully pulled 1 order!
[09:53:36] [LOG] - Getting orders...
[09:53:36] [LOG] - Refreshing order list...
[09:53:36] [LOG] - Order list refreshed.
[09:53:36] [LOG] - Successfully pulled 1 order!
[09:53:36] [LOG] - Getting orders...
[09:53:36] [LOG] - Refreshing order list...
[09:53:36] [LOG] - Order list refreshed.
[09:53:36] [LOG] - Successfully pulled 1 order!
[09:53:36] [LOG] - Getting orders...
[09:53:36] [LOG] - Refreshing order list...
[09:53:36] [LOG] - Order list refreshed.
[09:53:36] [LOG] - Successfully pulled 1 order!
[09:53:37] [LOG] - Getting orders...
[09:53:37] [LOG] - Refreshing order list...
[09:53:37] [LOG] - Order list refreshed.
[09:53:37] [LOG] - Successfully pulled 1 order!
[09:53:37] [LOG] - Getting orders...
[09:53:37] [LOG] - Refreshing order list...
[09:53:37] [LOG] - Order list refreshed.
[09:53:37] [LOG] - Successfully pulled 1 order!
[09:53:37] [LOG] - Getting orders...
[09:53:37] [LOG] - Refreshing order list...
[09:53:37] [LOG] - Order list refreshed.
[09:53:37] [LOG] - Successfully pulled 1 order!
[09:53:37] [LOG] - Getting orders...
[09:53:37] [LOG] - Refreshing order list...
[09:53:37] [LOG] - Order list refreshed.
[09:53:37] [LOG] - Successfully pulled 1 order!
[09:53:37] [LOG] - Getting orders...
[09:53:37] [LOG] - Refreshing order list...
[09:53:37] [LOG] - Order list refreshed.
[09:53:37] [LOG] - Successfully pulled 1 order!
[09:53:37] [LOG] - Getting orders...
[09:53:37] [LOG] - Refreshing order list...
[09:53:37] [LOG] - Order list refreshed.
[09:53:37] [LOG] - Successfully pulled 1 order!
[09:53:37] [LOG] - Getting orders...
[09:53:37] [LOG] - Refreshing order list...
[09:53:37] [LOG] - Order list refreshed.
[09:53:37] [LOG] - Successfully pulled 1 order!
[09:53:38] [LOG] - Getting orders...
[09:53:38] [LOG] - Refreshing order list...
[09:53:38] [LOG] - Order list refreshed.
[09:53:38] [LOG] - Getting orders...
[09:53:38] [LOG] - Refreshing order list...
[09:53:38] [LOG] - Order list refreshed.
[09:53:38] [LOG] - Successfully pulled 1 order!
[09:53:38] [LOG] - Successfully pulled 2 order!
[09:53:38] [LOG] - Getting orders...
[09:53:38] [LOG] - Refreshing order list...
[09:53:38] [LOG] - Order list refreshed.
[09:53:38] [LOG] - Successfully pulled 1 order!
[09:53:38] [LOG] - Getting orders...
[09:53:38] [LOG] - Refreshing order list...
[09:53:38] [LOG] - Order list refreshed.
[09:53:38] [LOG] - Successfully pulled 1 order!
[09:53:38] [LOG] - Getting orders...
[09:53:38] [LOG] - Refreshing order list...
[09:53:38] [LOG] - Order list refreshed.
[09:53:38] [LOG] - Successfully pulled 1 order!
[09:53:38] [LOG] - Getting orders...
[09:53:38] [LOG] - Refreshing order list...
[09:53:38] [LOG] - Order list refreshed.
[09:53:38] [LOG] - Successfully pulled 1 order!
[09:53:38] [LOG] - Getting orders...
[09:53:38] [LOG] - Refreshing order list...
[09:53:38] [LOG] - Order list refreshed.
[09:53:38] [LOG] - Successfully pulled 1 order!
[09:53:39] [LOG] - Getting orders...
[09:53:39] [LOG] - Refreshing order list...
[09:53:39] [LOG] - Order list refreshed.
[09:53:39] [LOG] - Successfully pulled 1 order!
[09:53:39] [LOG] - Getting orders...
[09:53:39] [LOG] - Refreshing order list...
[09:53:39] [LOG] - Order list refreshed.
[09:53:39] [LOG] - Successfully pulled 1 order!
[09:53:39] [LOG] - Getting orders...
[09:53:39] [LOG] - Refreshing order list...
[09:53:39] [LOG] - Order list refreshed.
[09:53:39] [LOG] - Successfully pulled 1 order!
[09:53:39] [LOG] - Getting orders...
[09:53:39] [LOG] - Refreshing order list...
[09:53:39] [LOG] - Order list refreshed.
[09:53:39] [LOG] - Successfully pulled 1 order!
[09:53:40] [LOG] - Getting orders...
[09:53:40] [LOG] - Refreshing order list...
[09:53:40] [LOG] - Order list refreshed.
[09:53:40] [LOG] - Successfully pulled 1 order!
[09:53:40] [LOG] - Getting orders...
[09:53:40] [LOG] - Refreshing order list...
[09:53:40] [LOG] - Order list refreshed.
[09:53:40] [LOG] - Successfully pulled 1 order!
[09:53:40] [LOG] - Getting orders...
[09:53:40] [LOG] - Refreshing order list...
[09:53:40] [LOG] - Order list refreshed.
[09:53:40] [LOG] - Successfully pulled 1 order!
[09:53:40] [LOG] - Getting orders...
[09:53:40] [LOG] - Refreshing order list...
[09:53:40] [LOG] - Order list refreshed.
[09:53:40] [LOG] - Successfully pulled 1 order!
[09:53:40] [LOG] - Getting orders...
[09:53:40] [LOG] - Refreshing order list...
[09:53:40] [LOG] - Order list refreshed.
[09:53:40] [LOG] - Successfully pulled 1 order!
[09:53:40] [LOG] - Getting orders...
[09:53:40] [LOG] - Refreshing order list...
[09:53:40] [LOG] - Order list refreshed.
[09:53:40] [LOG] - Successfully pulled 1 order!
[09:53:41] [LOG] - Getting orders...
[09:53:41] [LOG] - Refreshing order list...
[09:53:41] [LOG] - Order list refreshed.
[09:53:41] [LOG] - Successfully pulled 1 order!
[09:53:41] [LOG] - Getting orders...
[09:53:41] [LOG] - Refreshing order list...
[09:53:41] [LOG] - Order list refreshed.
[09:53:41] [LOG] - Successfully pulled 1 order!
[09:53:41] [LOG] - Getting orders...
[09:53:41] [LOG] - Refreshing order list...
[09:53:41] [LOG] - Order list refreshed.
[09:53:41] [LOG] - Successfully pulled 1 order!
[09:53:41] [LOG] - Getting orders...
[09:53:41] [LOG] - Refreshing order list...
[09:53:41] [LOG] - Order list refreshed.
[09:53:41] [LOG] - Successfully pulled 1 order!
[09:53:41] [LOG] - Getting orders...
[09:53:41] [LOG] - Refreshing order list...
[09:53:41] [LOG] - Order list refreshed.
[09:53:41] [LOG] - Successfully pulled 1 order!
[09:53:41] [LOG] - Getting orders...
[09:53:41] [LOG] - Refreshing order list...
[09:53:41] [LOG] - Order list refreshed.
[09:53:41] [LOG] - Successfully pulled 1 order!
[09:53:42] [LOG] - Getting orders...
[09:53:42] [LOG] - Refreshing order list...
[09:53:42] [LOG] - Order list refreshed.
[09:53:42] [LOG] - Successfully pulled 1 order!
[09:53:42] [LOG] - Getting orders...
[09:53:42] [LOG] - Refreshing order list...
[09:53:42] [LOG] - Order list refreshed.
[09:53:42] [LOG] - Successfully pulled 1 order!
[09:53:42] [LOG] - Closing application...
[09:53:42] [LOG] - Application closed.
[09:53:42] [LOG] - Hiding window...
[09:53:42] [LOG] - Window is hidden.
