[13:46:40] [LOG] - Starting application...
[13:46:40] [LOG] - Loading resources...
[13:46:40] [LOG] - Resources loaded.
[13:46:40] [LOG] - Loading windows...
[13:46:40] [LOG] - Windows loaded.
[13:46:40] [LOG] - Loading system tray icon...
[13:46:41] [LOG] - System tray icon loaded.
[13:46:41] [LOG] - Application started!
[13:46:41] [LOG] - Getting orders...
[13:46:41] [LOG] - Refreshing order list...
[13:46:41] [LOG] - Order list refreshed.
[13:46:42] [LOG] - Getting orders...
[13:46:42] [LOG] - Refreshing order list...
[13:46:42] [LOG] - Order list refreshed.
[13:46:42] [LOG] - Getting orders...
[13:46:42] [LOG] - Refreshing order list...
[13:46:42] [LOG] - Order list refreshed.
[13:46:42] [LOG] - Getting orders...
[13:46:42] [LOG] - Refreshing order list...
[13:46:42] [LOG] - Order list refreshed.
[13:46:42] [LOG] - Getting orders...
[13:46:42] [LOG] - Refreshing order list...
[13:46:42] [LOG] - Order list refreshed.
[13:46:42] [LOG] - Getting orders...
[13:46:42] [LOG] - Refreshing order list...
[13:46:42] [LOG] - Order list refreshed.
[13:46:42] [LOG] - Getting orders...
[13:46:42] [LOG] - Refreshing order list...
[13:46:42] [LOG] - Order list refreshed.
[13:46:43] [LOG] - Getting orders...
[13:46:43] [LOG] - Refreshing order list...
[13:46:43] [LOG] - Order list refreshed.
[13:46:43] [LOG] - Getting orders...
[13:46:43] [LOG] - Refreshing order list...
[13:46:43] [LOG] - Order list refreshed.
[13:46:43] [LOG] - Getting orders...
[13:46:43] [LOG] - Refreshing order list...
[13:46:43] [LOG] - Order list refreshed.
[13:46:43] [LOG] - Getting orders...
[13:46:43] [LOG] - Refreshing order list...
[13:46:43] [LOG] - Order list refreshed.
[13:46:43] [LOG] - Getting orders...
[13:46:43] [LOG] - Refreshing order list...
[13:46:43] [LOG] - Order list refreshed.
[13:46:43] [LOG] - Getting orders...
[13:46:43] [LOG] - Refreshing order list...
[13:46:43] [LOG] - Order list refreshed.
[13:46:44] [LOG] - Getting orders...
[13:46:44] [LOG] - Refreshing order list...
[13:46:44] [LOG] - Order list refreshed.
[13:46:44] [LOG] - Getting orders...
[13:46:44] [LOG] - Refreshing order list...
[13:46:44] [LOG] - Order list refreshed.
[13:46:44] [LOG] - Getting orders...
[13:46:44] [LOG] - Refreshing order list...
[13:46:44] [LOG] - Order list refreshed.
[13:46:44] [LOG] - Getting orders...
[13:46:44] [LOG] - Refreshing order list...
[13:46:44] [LOG] - Order list refreshed.
[13:46:44] [LOG] - Getting orders...
[13:46:44] [LOG] - Refreshing order list...
[13:46:44] [LOG] - Order list refreshed.
[13:46:44] [LOG] - Getting orders...
[13:46:44] [LOG] - Refreshing order list...
[13:46:44] [LOG] - Order list refreshed.
[13:46:44] [LOG] - Getting orders...
[13:46:44] [LOG] - Refreshing order list...
[13:46:44] [LOG] - Order list refreshed.
[13:46:45] [LOG] - Getting orders...
[13:46:45] [LOG] - Refreshing order list...
[13:46:45] [LOG] - Order list refreshed.
[13:46:45] [LOG] - Getting orders...
[13:46:45] [LOG] - Refreshing order list...
[13:46:45] [LOG] - Order list refreshed.
[13:46:45] [LOG] - Getting orders...
[13:46:45] [LOG] - Refreshing order list...
[13:46:45] [LOG] - Order list refreshed.
[13:46:45] [LOG] - Getting orders...
[13:46:45] [LOG] - Refreshing order list...
[13:46:45] [LOG] - Order list refreshed.
[13:46:45] [LOG] - Getting orders...
[13:46:45] [LOG] - Refreshing order list...
[13:46:45] [LOG] - Order list refreshed.
[13:46:45] [LOG] - Getting orders...
[13:46:45] [LOG] - Refreshing order list...
[13:46:45] [LOG] - Order list refreshed.
[13:46:45] [LOG] - Getting orders...
[13:46:45] [LOG] - Refreshing order list...
[13:46:45] [LOG] - Order list refreshed.
[13:46:45] [LOG] - Getting orders...
[13:46:45] [LOG] - Refreshing order list...
[13:46:45] [LOG] - Order list refreshed.
[13:46:46] [LOG] - Getting orders...
[13:46:46] [LOG] - Refreshing order list...
[13:46:46] [LOG] - Order list refreshed.
[13:46:46] [LOG] - Getting orders...
[13:46:46] [LOG] - Refreshing order list...
[13:46:46] [LOG] - Order list refreshed.
[13:46:46] [LOG] - Getting orders...
[13:46:46] [LOG] - Refreshing order list...
[13:46:46] [LOG] - Order list refreshed.
[13:46:46] [LOG] - Getting orders...
[13:46:46] [LOG] - Refreshing order list...
[13:46:46] [LOG] - Order list refreshed.
[13:46:46] [LOG] - Getting orders...
[13:46:46] [LOG] - Refreshing order list...
[13:46:46] [LOG] - Order list refreshed.
[13:46:46] [LOG] - Getting orders...
[13:46:46] [LOG] - Refreshing order list...
[13:46:46] [LOG] - Order list refreshed.
[13:46:46] [LOG] - Getting orders...
[13:46:46] [LOG] - Refreshing order list...
[13:46:46] [LOG] - Order list refreshed.
[13:46:47] [LOG] - Getting orders...
[13:46:47] [LOG] - Refreshing order list...
[13:46:47] [LOG] - Order list refreshed.
[13:46:47] [LOG] - Getting orders...
[13:46:47] [LOG] - Refreshing order list...
[13:46:47] [LOG] - Order list refreshed.
[13:46:47] [LOG] - Getting orders...
[13:46:47] [LOG] - Refreshing order list...
[13:46:47] [LOG] - Order list refreshed.
[13:46:47] [LOG] - Getting orders...
[13:46:47] [LOG] - Refreshing order list...
[13:46:47] [LOG] - Order list refreshed.
[13:46:47] [LOG] - Getting orders...
[13:46:47] [LOG] - Refreshing order list...
[13:46:47] [LOG] - Order list refreshed.
[13:46:47] [LOG] - Getting orders...
[13:46:47] [LOG] - Refreshing order list...
[13:46:47] [LOG] - Order list refreshed.
[13:46:47] [LOG] - Getting orders...
[13:46:47] [LOG] - Refreshing order list...
[13:46:47] [LOG] - Order list refreshed.
[13:46:48] [LOG] - Getting orders...
[13:46:48] [LOG] - Refreshing order list...
[13:46:48] [LOG] - Order list refreshed.
[13:46:48] [LOG] - Getting orders...
[13:46:48] [LOG] - Refreshing order list...
[13:46:48] [LOG] - Order list refreshed.
[13:46:48] [LOG] - Getting orders...
[13:46:48] [LOG] - Refreshing order list...
[13:46:48] [LOG] - Order list refreshed.
[13:46:48] [LOG] - Getting orders...
[13:46:48] [LOG] - Refreshing order list...
[13:46:48] [LOG] - Order list refreshed.
[13:46:48] [LOG] - Getting orders...
[13:46:48] [LOG] - Refreshing order list...
[13:46:48] [LOG] - Order list refreshed.
[13:46:48] [LOG] - Getting orders...
[13:46:48] [LOG] - Refreshing order list...
[13:46:48] [LOG] - Order list refreshed.
[13:46:48] [LOG] - Getting orders...
[13:46:48] [LOG] - Refreshing order list...
[13:46:48] [LOG] - Order list refreshed.
[13:46:49] [LOG] - Getting orders...
[13:46:49] [LOG] - Refreshing order list...
[13:46:49] [LOG] - Order list refreshed.
[13:46:49] [LOG] - Getting orders...
[13:46:49] [LOG] - Refreshing order list...
[13:46:49] [LOG] - Order list refreshed.
[13:46:49] [ERROR] - Unexpected error while getting the orders: '<' is an invalid start of a value. Path: $ | LineNumber: 0 | BytePositionInLine: 0.!
[13:46:49] [LOG] - Getting orders...
[13:46:49] [LOG] - Refreshing order list...
[13:46:49] [LOG] - Order list refreshed.
[13:46:49] [ERROR] - Unexpected error while getting the orders: '<' is an invalid start of a value. Path: $ | LineNumber: 0 | BytePositionInLine: 0.!
[13:46:49] [LOG] - Getting orders...
[13:46:49] [LOG] - Refreshing order list...
[13:46:49] [LOG] - Order list refreshed.
[13:46:49] [ERROR] - Unexpected error while getting the orders: '<' is an invalid start of a value. Path: $ | LineNumber: 0 | BytePositionInLine: 0.!
[13:46:49] [LOG] - Getting orders...
[13:46:49] [LOG] - Refreshing order list...
[13:46:49] [LOG] - Order list refreshed.
[13:46:49] [ERROR] - Unexpected error while getting the orders: '<' is an invalid start of a value. Path: $ | LineNumber: 0 | BytePositionInLine: 0.!
[13:46:49] [LOG] - Getting orders...
[13:46:49] [LOG] - Refreshing order list...
[13:46:49] [LOG] - Order list refreshed.
[13:46:50] [ERROR] - Unexpected error while getting the orders: '<' is an invalid start of a value. Path: $ | LineNumber: 0 | BytePositionInLine: 0.!
[13:46:50] [LOG] - Getting orders...
[13:46:50] [LOG] - Refreshing order list...
[13:46:50] [LOG] - Order list refreshed.
[13:46:50] [ERROR] - Unexpected error while getting the orders: '<' is an invalid start of a value. Path: $ | LineNumber: 0 | BytePositionInLine: 0.!
[13:46:50] [LOG] - Getting orders...
[13:46:50] [LOG] - Refreshing order list...
[13:46:50] [LOG] - Order list refreshed.
[13:46:50] [ERROR] - Unexpected error while getting the orders: '<' is an invalid start of a value. Path: $ | LineNumber: 0 | BytePositionInLine: 0.!
[13:46:50] [LOG] - Getting orders...
[13:46:50] [LOG] - Refreshing order list...
[13:46:50] [LOG] - Order list refreshed.
[13:46:50] [ERROR] - Unexpected error while getting the orders: '<' is an invalid start of a value. Path: $ | LineNumber: 0 | BytePositionInLine: 0.!
[13:46:50] [LOG] - Getting orders...
[13:46:50] [LOG] - Refreshing order list...
[13:46:50] [LOG] - Order list refreshed.
[13:46:50] [ERROR] - Unexpected error while getting the orders: '<' is an invalid start of a value. Path: $ | LineNumber: 0 | BytePositionInLine: 0.!
[13:46:50] [LOG] - Getting orders...
[13:46:50] [LOG] - Refreshing order list...
[13:46:50] [LOG] - Order list refreshed.
[13:46:50] [LOG] - Getting orders...
[13:46:50] [LOG] - Refreshing order list...
[13:46:50] [LOG] - Order list refreshed.
[13:46:51] [LOG] - Getting orders...
[13:46:51] [LOG] - Refreshing order list...
[13:46:51] [LOG] - Order list refreshed.
[13:47:56] [LOG] - Starting application...
[13:47:56] [LOG] - Loading resources...
[13:47:56] [LOG] - Resources loaded.
[13:47:56] [LOG] - Loading windows...
[13:47:57] [LOG] - Windows loaded.
[13:47:57] [LOG] - Loading system tray icon...
[13:47:57] [LOG] - System tray icon loaded.
[13:47:57] [LOG] - Application started!
[14:13:36] [LOG] - Starting application...
[14:13:36] [LOG] - Loading resources...
[14:13:36] [LOG] - Resources loaded.
[14:13:36] [LOG] - Loading windows...
[14:13:36] [LOG] - Windows loaded.
[14:13:36] [LOG] - Loading system tray icon...
[14:13:36] [LOG] - System tray icon loaded.
[14:13:37] [LOG] - Application started!
[14:13:42] [LOG] - Closing application...
[14:13:42] [LOG] - Application closed.
[14:13:42] [LOG] - Hiding window...
[14:13:42] [LOG] - Window is hidden.
[14:14:49] [LOG] - Starting application...
[14:14:49] [LOG] - Loading resources...
[14:14:49] [LOG] - Resources loaded.
[14:14:49] [LOG] - Loading windows...
[14:14:50] [LOG] - Windows loaded.
[14:14:50] [LOG] - Loading system tray icon...
[14:14:50] [LOG] - System tray icon loaded.
[14:14:51] [LOG] - Application started!
[14:15:07] [LOG] - Logging in...
[14:15:08] [WARNING] - Login failed: Login error: Invalid email address!
[14:15:10] [LOG] - Closing application...
[14:15:10] [LOG] - Application closed.
[14:15:10] [LOG] - Hiding window...
[14:15:10] [LOG] - Window is hidden.
[14:17:23] [LOG] - Starting application...
[14:17:23] [LOG] - Loading resources...
[14:17:23] [LOG] - Resources loaded.
[14:17:23] [LOG] - Loading windows...
[14:17:24] [LOG] - Windows loaded.
[14:17:24] [LOG] - Loading system tray icon...
[14:17:24] [LOG] - System tray icon loaded.
[14:17:24] [LOG] - Application started!
[14:17:36] [LOG] - Logging in...
[14:17:36] [LOG] - Login successful.
[14:17:45] [WARNING] - Login failed due to insufficient privileges!
[14:17:53] [LOG] - Logging in...
[14:17:53] [LOG] - Login successful.
[14:17:54] [WARNING] - Login failed due to insufficient privileges!
[14:17:56] [LOG] - Logging in...
[14:17:56] [LOG] - Login successful.
[14:17:56] [WARNING] - Login failed due to insufficient privileges!
[14:19:47] [LOG] - Starting application...
[14:19:47] [LOG] - Loading resources...
[14:19:47] [LOG] - Resources loaded.
[14:19:47] [LOG] - Loading windows...
[14:19:48] [LOG] - Windows loaded.
[14:19:48] [LOG] - Loading system tray icon...
[14:19:48] [LOG] - System tray icon loaded.
[14:19:49] [LOG] - Application started!
[14:20:08] [LOG] - Logging in...
[14:20:09] [LOG] - Login successful.
[14:20:09] [WARNING] - Login failed due to insufficient privileges!
[14:20:47] [LOG] - Starting application...
[14:20:47] [LOG] - Loading resources...
[14:20:47] [LOG] - Resources loaded.
[14:20:47] [LOG] - Loading windows...
[14:20:47] [LOG] - Windows loaded.
[14:20:47] [LOG] - Loading system tray icon...
[14:20:48] [LOG] - System tray icon loaded.
[14:20:48] [LOG] - Application started!
[14:20:57] [LOG] - Logging in...
[14:20:57] [LOG] - Login successful.
[14:20:59] [WARNING] - Login failed due to insufficient privileges!
[14:22:24] [LOG] - Starting application...
[14:22:24] [LOG] - Loading resources...
[14:22:24] [LOG] - Resources loaded.
[14:22:24] [LOG] - Loading windows...
[14:22:25] [LOG] - Windows loaded.
[14:22:25] [LOG] - Loading system tray icon...
[14:22:25] [LOG] - System tray icon loaded.
[14:22:26] [LOG] - Application started!
[14:22:35] [LOG] - Logging in...
[14:22:35] [LOG] - Login successful.
[14:22:37] [WARNING] - Login failed due to insufficient privileges!
[14:22:39] [LOG] - Closing application...
[14:22:39] [LOG] - Application closed.
[14:22:39] [LOG] - Hiding window...
[14:22:39] [LOG] - Window is hidden.
[14:24:05] [LOG] - Starting application...
[14:24:05] [LOG] - Loading resources...
[14:24:05] [LOG] - Resources loaded.
[14:24:05] [LOG] - Loading windows...
[14:24:05] [LOG] - Windows loaded.
[14:24:05] [LOG] - Loading system tray icon...
[14:24:05] [LOG] - System tray icon loaded.
[14:24:06] [LOG] - Application started!
[14:24:34] [LOG] - Starting application...
[14:24:34] [LOG] - Loading resources...
[14:24:34] [LOG] - Resources loaded.
[14:24:34] [LOG] - Loading windows...
[14:24:35] [LOG] - Windows loaded.
[14:24:35] [LOG] - Loading system tray icon...
[14:24:35] [LOG] - System tray icon loaded.
[14:24:35] [LOG] - Application started!
[14:24:53] [LOG] - Logging in...
[14:24:53] [LOG] - Login successful.
[14:24:53] [LOG] - Profile successfully fetched.
[14:24:53] [LOG] - Sending notification...
[14:24:53] [LOG] - Notification sent.
[14:24:53] [LOG] - Getting orders...
[14:24:53] [LOG] - Refreshing order list...
[14:24:53] [LOG] - Order list refreshed.
[14:24:54] [LOG] - Getting orders...
[14:24:54] [LOG] - Refreshing order list...
[14:24:54] [LOG] - Order list refreshed.
[14:24:54] [LOG] - Getting orders...
[14:24:54] [LOG] - Refreshing order list...
[14:24:54] [LOG] - Order list refreshed.
[14:24:54] [LOG] - Getting orders...
[14:24:54] [LOG] - Refreshing order list...
[14:24:54] [LOG] - Order list refreshed.
[14:24:54] [LOG] - Getting orders...
[14:24:54] [LOG] - Refreshing order list...
[14:24:54] [LOG] - Order list refreshed.
[14:24:54] [LOG] - Getting orders...
[14:24:54] [LOG] - Refreshing order list...
[14:24:54] [LOG] - Order list refreshed.
[14:24:55] [LOG] - Getting orders...
[14:24:55] [LOG] - Refreshing order list...
[14:24:55] [LOG] - Order list refreshed.
[14:24:55] [LOG] - Getting orders...
[14:24:55] [LOG] - Refreshing order list...
[14:24:55] [LOG] - Order list refreshed.
[14:24:55] [LOG] - Getting orders...
[14:24:55] [LOG] - Refreshing order list...
[14:24:55] [LOG] - Order list refreshed.
[14:24:55] [LOG] - Getting orders...
[14:24:55] [LOG] - Refreshing order list...
[14:24:55] [LOG] - Order list refreshed.
[14:24:55] [LOG] - Getting orders...
[14:24:55] [LOG] - Refreshing order list...
[14:24:55] [LOG] - Order list refreshed.
[14:24:55] [LOG] - Getting orders...
[14:24:55] [LOG] - Refreshing order list...
[14:24:55] [LOG] - Order list refreshed.
[14:24:55] [LOG] - Getting orders...
[14:24:55] [LOG] - Refreshing order list...
[14:24:55] [LOG] - Order list refreshed.
[14:24:55] [LOG] - Getting orders...
[14:24:55] [LOG] - Refreshing order list...
[14:24:55] [LOG] - Order list refreshed.
[14:24:56] [LOG] - Getting orders...
[14:24:56] [LOG] - Refreshing order list...
[14:24:56] [LOG] - Order list refreshed.
[14:24:56] [LOG] - Getting orders...
[14:24:56] [LOG] - Refreshing order list...
[14:24:56] [LOG] - Order list refreshed.
[14:24:56] [LOG] - Getting orders...
[14:24:56] [LOG] - Refreshing order list...
[14:24:56] [LOG] - Order list refreshed.
[14:24:56] [LOG] - Getting orders...
[14:24:56] [LOG] - Refreshing order list...
[14:24:56] [LOG] - Order list refreshed.
[14:24:56] [LOG] - Getting orders...
[14:24:56] [LOG] - Refreshing order list...
[14:24:56] [LOG] - Order list refreshed.
[14:24:57] [LOG] - Getting orders...
[14:24:57] [LOG] - Refreshing order list...
[14:24:57] [LOG] - Order list refreshed.
[14:24:57] [LOG] - Getting orders...
[14:24:57] [LOG] - Refreshing order list...
[14:24:57] [LOG] - Order list refreshed.
[14:24:57] [LOG] - Getting orders...
[14:24:57] [LOG] - Refreshing order list...
[14:24:57] [LOG] - Order list refreshed.
[14:24:57] [LOG] - Getting orders...
[14:24:57] [LOG] - Refreshing order list...
[14:24:57] [LOG] - Order list refreshed.
[14:24:57] [LOG] - Getting orders...
[14:24:57] [LOG] - Refreshing order list...
[14:24:57] [LOG] - Order list refreshed.
[14:24:58] [LOG] - Getting orders...
[14:24:58] [LOG] - Refreshing order list...
[14:24:58] [LOG] - Order list refreshed.
[14:24:58] [LOG] - Getting orders...
[14:24:58] [LOG] - Refreshing order list...
[14:24:58] [LOG] - Order list refreshed.
[14:24:58] [LOG] - Getting orders...
[14:24:58] [LOG] - Refreshing order list...
[14:24:58] [LOG] - Order list refreshed.
[14:24:58] [LOG] - Getting orders...
[14:24:58] [LOG] - Refreshing order list...
[14:24:58] [LOG] - Order list refreshed.
[14:24:58] [LOG] - Getting orders...
[14:24:58] [LOG] - Refreshing order list...
[14:24:58] [LOG] - Order list refreshed.
[14:24:58] [LOG] - Getting orders...
[14:24:58] [LOG] - Refreshing order list...
[14:24:58] [LOG] - Order list refreshed.
[14:24:59] [LOG] - Getting orders...
[14:24:59] [LOG] - Refreshing order list...
[14:24:59] [LOG] - Order list refreshed.
[14:24:59] [LOG] - Getting orders...
[14:24:59] [LOG] - Refreshing order list...
[14:24:59] [LOG] - Order list refreshed.
[14:24:59] [LOG] - Getting orders...
[14:24:59] [LOG] - Refreshing order list...
[14:24:59] [LOG] - Order list refreshed.
[14:24:59] [LOG] - Getting orders...
[14:24:59] [LOG] - Refreshing order list...
[14:24:59] [LOG] - Order list refreshed.
[14:24:59] [LOG] - Getting orders...
[14:24:59] [LOG] - Refreshing order list...
[14:24:59] [LOG] - Order list refreshed.
[14:24:59] [LOG] - Getting orders...
[14:24:59] [LOG] - Refreshing order list...
[14:24:59] [LOG] - Order list refreshed.
[14:27:56] [LOG] - Starting application...
[14:27:56] [LOG] - Loading resources...
[14:27:56] [LOG] - Resources loaded.
[14:27:56] [LOG] - Loading windows...
[14:27:57] [LOG] - Windows loaded.
[14:27:57] [LOG] - Loading system tray icon...
[14:27:57] [LOG] - System tray icon loaded.
[14:27:58] [LOG] - Application started!
[14:28:09] [LOG] - Logging in...
[14:28:09] [LOG] - Login successful.
[14:28:09] [ERROR] - Profile fetch failed: User not found!
[14:28:26] [LOG] - Logging in...
[14:28:26] [LOG] - Login successful.
[14:28:26] [LOG] - Profile successfully fetched.
[14:28:26] [LOG] - Sending notification...
[14:28:26] [LOG] - Notification sent.
[14:28:26] [LOG] - Getting orders...
[14:28:26] [LOG] - Refreshing order list...
[14:28:26] [LOG] - Order list refreshed.
[14:28:26] [LOG] - Successfully pulled 1 order!
[14:28:26] [LOG] - Getting orders...
[14:28:26] [LOG] - Refreshing order list...
[14:28:26] [LOG] - Order list refreshed.
[14:28:26] [LOG] - Successfully pulled 1 order!
[14:28:27] [LOG] - Getting orders...
[14:28:27] [LOG] - Refreshing order list...
[14:28:27] [LOG] - Order list refreshed.
[14:28:27] [LOG] - Successfully pulled 1 order!
[14:28:27] [LOG] - Getting orders...
[14:28:27] [LOG] - Refreshing order list...
[14:28:27] [LOG] - Order list refreshed.
[14:28:27] [LOG] - Successfully pulled 1 order!
[14:28:27] [LOG] - Getting orders...
[14:28:27] [LOG] - Refreshing order list...
[14:28:27] [LOG] - Order list refreshed.
[14:28:27] [LOG] - Successfully pulled 1 order!
[14:28:27] [LOG] - Getting orders...
[14:28:27] [LOG] - Refreshing order list...
[14:28:27] [LOG] - Order list refreshed.
[14:28:27] [LOG] - Getting orders...
[14:28:27] [LOG] - Refreshing order list...
[14:28:27] [LOG] - Order list refreshed.
[14:28:27] [LOG] - Successfully pulled 1 order!
[14:28:27] [LOG] - Successfully pulled 2 order!
[14:28:27] [LOG] - Getting orders...
[14:28:27] [LOG] - Refreshing order list...
[14:28:27] [LOG] - Order list refreshed.
[14:28:27] [LOG] - Successfully pulled 1 order!
[14:28:27] [LOG] - Getting orders...
[14:28:27] [LOG] - Refreshing order list...
[14:28:27] [LOG] - Order list refreshed.
[14:28:27] [LOG] - Successfully pulled 1 order!
[14:28:27] [LOG] - Getting orders...
[14:28:27] [LOG] - Refreshing order list...
[14:28:27] [LOG] - Order list refreshed.
[14:28:28] [LOG] - Successfully pulled 1 order!
[14:28:28] [LOG] - Getting orders...
[14:28:28] [LOG] - Refreshing order list...
[14:28:28] [LOG] - Order list refreshed.
[14:28:28] [LOG] - Successfully pulled 1 order!
[14:28:28] [LOG] - Getting orders...
[14:28:28] [LOG] - Refreshing order list...
[14:28:28] [LOG] - Order list refreshed.
[14:28:28] [LOG] - Successfully pulled 1 order!
[14:28:28] [LOG] - Getting orders...
[14:28:28] [LOG] - Refreshing order list...
[14:28:28] [LOG] - Order list refreshed.
[14:28:28] [LOG] - Successfully pulled 1 order!
[14:28:28] [LOG] - Getting orders...
[14:28:28] [LOG] - Refreshing order list...
[14:28:28] [LOG] - Order list refreshed.
[14:28:28] [LOG] - Successfully pulled 1 order!
[14:28:28] [LOG] - Getting orders...
[14:28:28] [LOG] - Refreshing order list...
[14:28:28] [LOG] - Order list refreshed.
[14:28:28] [LOG] - Successfully pulled 1 order!
[14:28:28] [LOG] - Getting orders...
[14:28:28] [LOG] - Refreshing order list...
[14:28:28] [LOG] - Order list refreshed.
[14:28:28] [LOG] - Successfully pulled 1 order!
[14:28:29] [LOG] - Getting orders...
[14:28:29] [LOG] - Refreshing order list...
[14:28:29] [LOG] - Order list refreshed.
[14:28:29] [LOG] - Successfully pulled 1 order!
[14:28:29] [LOG] - Getting orders...
[14:28:29] [LOG] - Refreshing order list...
[14:28:29] [LOG] - Order list refreshed.
[14:28:29] [LOG] - Successfully pulled 1 order!
[14:28:29] [LOG] - Getting orders...
[14:28:29] [LOG] - Refreshing order list...
[14:28:29] [LOG] - Order list refreshed.
[14:28:29] [LOG] - Successfully pulled 1 order!
[14:28:29] [LOG] - Getting orders...
[14:28:29] [LOG] - Refreshing order list...
[14:28:29] [LOG] - Order list refreshed.
[14:28:29] [LOG] - Successfully pulled 1 order!
[14:28:30] [LOG] - Getting orders...
[14:28:30] [LOG] - Refreshing order list...
[14:28:30] [LOG] - Order list refreshed.
[14:28:30] [LOG] - Successfully pulled 1 order!
[14:28:30] [LOG] - Getting orders...
[14:28:30] [LOG] - Refreshing order list...
[14:28:30] [LOG] - Order list refreshed.
[14:28:30] [LOG] - Successfully pulled 1 order!
[14:28:30] [LOG] - Getting orders...
[14:28:30] [LOG] - Refreshing order list...
[14:28:30] [LOG] - Order list refreshed.
[14:28:30] [LOG] - Successfully pulled 1 order!
[14:28:30] [LOG] - Getting orders...
[14:28:30] [LOG] - Refreshing order list...
[14:28:30] [LOG] - Order list refreshed.
[14:28:30] [LOG] - Successfully pulled 1 order!
[14:28:30] [LOG] - Getting orders...
[14:28:30] [LOG] - Refreshing order list...
[14:28:30] [LOG] - Order list refreshed.
[14:28:30] [LOG] - Successfully pulled 1 order!
[14:28:30] [LOG] - Getting orders...
[14:28:30] [LOG] - Refreshing order list...
[14:28:30] [LOG] - Order list refreshed.
[14:28:30] [LOG] - Successfully pulled 1 order!
[14:28:30] [LOG] - Getting orders...
[14:28:30] [LOG] - Refreshing order list...
[14:28:30] [LOG] - Order list refreshed.
[14:28:30] [LOG] - Successfully pulled 1 order!
[14:28:30] [LOG] - Getting orders...
[14:28:31] [LOG] - Refreshing order list...
[14:28:31] [LOG] - Order list refreshed.
[14:28:31] [LOG] - Successfully pulled 1 order!
[14:28:31] [LOG] - Hiding window...
[14:28:31] [LOG] - Window is hidden.
[14:28:31] [LOG] - Getting orders...
[14:28:31] [LOG] - Refreshing order list...
[14:28:31] [LOG] - Order list refreshed.
[14:28:31] [LOG] - Successfully pulled 1 order!
[14:28:31] [LOG] - Getting orders...
[14:28:31] [LOG] - Refreshing order list...
[14:28:31] [LOG] - Order list refreshed.
[14:28:31] [LOG] - Successfully pulled 1 order!
[14:28:31] [LOG] - Getting orders...
[14:28:31] [LOG] - Refreshing order list...
[14:28:31] [LOG] - Order list refreshed.
[14:28:31] [LOG] - Successfully pulled 1 order!
[14:28:31] [LOG] - Getting orders...
[14:28:31] [LOG] - Refreshing order list...
[14:28:31] [LOG] - Order list refreshed.
[14:28:32] [LOG] - Successfully pulled 1 order!
[14:28:32] [LOG] - Getting orders...
[14:28:32] [LOG] - Refreshing order list...
[14:28:32] [LOG] - Order list refreshed.
[14:28:32] [LOG] - Successfully pulled 1 order!
[14:28:32] [LOG] - Getting orders...
[14:28:32] [LOG] - Refreshing order list...
[14:28:32] [LOG] - Order list refreshed.
[14:28:32] [LOG] - Successfully pulled 1 order!
[14:28:32] [LOG] - Getting orders...
[14:28:32] [LOG] - Refreshing order list...
[14:28:32] [LOG] - Order list refreshed.
[14:28:32] [LOG] - Successfully pulled 1 order!
[14:28:32] [LOG] - Getting orders...
[14:28:32] [LOG] - Refreshing order list...
[14:28:32] [LOG] - Order list refreshed.
[14:28:32] [LOG] - Successfully pulled 1 order!
[14:28:32] [LOG] - Getting orders...
[14:28:32] [LOG] - Refreshing order list...
[14:28:32] [LOG] - Order list refreshed.
[14:28:32] [LOG] - Successfully pulled 1 order!
[14:28:32] [LOG] - Getting orders...
[14:28:32] [LOG] - Refreshing order list...
[14:28:32] [LOG] - Order list refreshed.
[14:28:32] [LOG] - Successfully pulled 1 order!
[14:28:33] [LOG] - Getting orders...
[14:28:33] [LOG] - Refreshing order list...
[14:28:33] [LOG] - Order list refreshed.
[14:28:33] [LOG] - Successfully pulled 1 order!
[14:28:33] [LOG] - Getting orders...
[14:28:33] [LOG] - Refreshing order list...
[14:28:33] [LOG] - Order list refreshed.
[14:28:33] [LOG] - Successfully pulled 1 order!
[14:28:33] [LOG] - Getting orders...
[14:28:33] [LOG] - Refreshing order list...
[14:28:33] [LOG] - Order list refreshed.
[14:28:33] [LOG] - Successfully pulled 1 order!
[14:28:33] [LOG] - Getting orders...
[14:28:33] [LOG] - Refreshing order list...
[14:28:33] [LOG] - Order list refreshed.
[14:28:33] [LOG] - Successfully pulled 1 order!
[14:28:34] [LOG] - Getting orders...
[14:28:34] [LOG] - Refreshing order list...
[14:28:34] [LOG] - Order list refreshed.
[14:28:34] [LOG] - Successfully pulled 1 order!
[14:28:34] [LOG] - Getting orders...
[14:28:34] [LOG] - Refreshing order list...
[14:28:34] [LOG] - Order list refreshed.
[14:28:34] [LOG] - Successfully pulled 1 order!
[14:28:34] [LOG] - Getting orders...
[14:28:34] [LOG] - Refreshing order list...
[14:28:34] [LOG] - Order list refreshed.
[14:28:34] [LOG] - Successfully pulled 1 order!
[14:28:34] [LOG] - Getting orders...
[14:28:34] [LOG] - Refreshing order list...
[14:28:34] [LOG] - Order list refreshed.
[14:28:34] [LOG] - Successfully pulled 1 order!
[14:28:34] [LOG] - Getting orders...
[14:28:34] [LOG] - Refreshing order list...
[14:28:34] [LOG] - Order list refreshed.
[14:28:34] [LOG] - Successfully pulled 1 order!
[14:28:34] [LOG] - Getting orders...
[14:28:34] [LOG] - Refreshing order list...
[14:28:34] [LOG] - Order list refreshed.
[14:28:34] [LOG] - Successfully pulled 1 order!
[14:28:35] [LOG] - Getting orders...
[14:28:35] [LOG] - Refreshing order list...
[14:28:35] [LOG] - Order list refreshed.
[14:28:35] [LOG] - Getting orders...
[14:28:35] [LOG] - Refreshing order list...
[14:28:35] [LOG] - Order list refreshed.
[14:28:35] [LOG] - Successfully pulled 1 order!
[14:28:35] [LOG] - Successfully pulled 2 order!
[14:28:35] [LOG] - Getting orders...
[14:28:35] [LOG] - Refreshing order list...
[14:28:35] [LOG] - Order list refreshed.
[14:28:35] [LOG] - Successfully pulled 1 order!
[14:28:35] [LOG] - Getting orders...
[14:28:35] [LOG] - Refreshing order list...
[14:28:35] [LOG] - Order list refreshed.
[14:28:35] [LOG] - Successfully pulled 1 order!
[14:28:35] [LOG] - Getting orders...
[14:28:35] [LOG] - Refreshing order list...
[14:28:35] [LOG] - Order list refreshed.
[14:28:35] [LOG] - Successfully pulled 1 order!
[14:28:36] [LOG] - Getting orders...
[14:28:36] [LOG] - Refreshing order list...
[14:28:36] [LOG] - Order list refreshed.
[14:28:36] [LOG] - Successfully pulled 1 order!
[14:28:36] [LOG] - Getting orders...
[14:28:36] [LOG] - Refreshing order list...
[14:28:36] [LOG] - Order list refreshed.
[14:28:36] [LOG] - Successfully pulled 1 order!
[14:28:36] [LOG] - Getting orders...
[14:28:36] [LOG] - Refreshing order list...
[14:28:36] [LOG] - Order list refreshed.
[14:28:36] [LOG] - Successfully pulled 1 order!
[14:28:36] [LOG] - Getting orders...
[14:28:36] [LOG] - Refreshing order list...
[14:28:36] [LOG] - Order list refreshed.
[14:28:36] [LOG] - Successfully pulled 1 order!
[14:28:36] [LOG] - Getting orders...
[14:28:36] [LOG] - Refreshing order list...
[14:28:36] [LOG] - Order list refreshed.
[14:28:36] [LOG] - Successfully pulled 1 order!
[14:28:36] [LOG] - Getting orders...
[14:28:36] [LOG] - Refreshing order list...
[14:28:36] [LOG] - Order list refreshed.
[14:28:36] [LOG] - Closing application...
[14:28:36] [LOG] - Application closed.
[14:28:36] [LOG] - Hiding window...
[14:28:36] [LOG] - Window is hidden.
[14:38:16] [LOG] - Starting application...
[14:38:16] [LOG] - Loading resources...
[14:38:16] [LOG] - Resources loaded.
[14:38:16] [LOG] - Loading windows...
[14:38:17] [LOG] - Windows loaded.
[14:38:17] [LOG] - Loading system tray icon...
[14:38:17] [LOG] - System tray icon loaded.
[14:38:18] [LOG] - Application started!
[14:39:01] [LOG] - Logging in...
[14:39:01] [LOG] - Login successful.
[14:39:01] [LOG] - Profile successfully fetched.
[14:39:01] [LOG] - Sending notification...
[14:39:01] [LOG] - Notification sent.
[14:39:01] [LOG] - Getting orders...
[14:39:01] [LOG] - Successfully pulled 1 order!
[14:39:01] [LOG] - Refreshing order list...
[14:39:01] [LOG] - Order list refreshed.
[14:39:01] [LOG] - Getting orders...
[14:39:01] [LOG] - Successfully pulled 1 order!
[14:39:01] [LOG] - Refreshing order list...
[14:39:01] [LOG] - Order list refreshed.
[14:39:01] [LOG] - Getting orders...
[14:39:01] [LOG] - Getting orders...
[14:39:01] [LOG] - Successfully pulled 1 order!
[14:39:01] [LOG] - Successfully pulled 2 order!
[14:39:01] [LOG] - Refreshing order list...
[14:39:01] [LOG] - Order list refreshed.
[14:39:01] [LOG] - Refreshing order list...
[14:39:01] [LOG] - Order list refreshed.
[14:39:02] [LOG] - Getting orders...
[14:39:02] [LOG] - Successfully pulled 1 order!
[14:39:02] [LOG] - Refreshing order list...
[14:39:02] [LOG] - Order list refreshed.
[14:39:02] [LOG] - Getting orders...
[14:39:02] [LOG] - Successfully pulled 1 order!
[14:39:02] [LOG] - Refreshing order list...
[14:39:02] [LOG] - Order list refreshed.
[14:39:02] [LOG] - Getting orders...
[14:39:02] [LOG] - Successfully pulled 1 order!
[14:39:02] [LOG] - Refreshing order list...
[14:39:02] [LOG] - Order list refreshed.
[14:39:02] [LOG] - Getting orders...
[14:39:02] [LOG] - Successfully pulled 1 order!
[14:39:02] [LOG] - Refreshing order list...
[14:39:02] [LOG] - Order list refreshed.
[14:39:02] [LOG] - Getting orders...
[14:39:02] [LOG] - Successfully pulled 1 order!
[14:39:02] [LOG] - Refreshing order list...
[14:39:02] [LOG] - Order list refreshed.
[14:39:03] [LOG] - Getting orders...
[14:39:03] [LOG] - Successfully pulled 1 order!
[14:39:03] [LOG] - Refreshing order list...
[14:39:03] [LOG] - Order list refreshed.
[14:39:03] [LOG] - Getting orders...
[14:39:03] [LOG] - Successfully pulled 1 order!
[14:39:03] [LOG] - Refreshing order list...
[14:39:03] [LOG] - Order list refreshed.
[14:39:03] [LOG] - Getting orders...
[14:39:03] [LOG] - Successfully pulled 1 order!
[14:39:03] [LOG] - Refreshing order list...
[14:39:03] [LOG] - Order list refreshed.
[14:39:03] [LOG] - Getting orders...
[14:39:03] [LOG] - Successfully pulled 1 order!
[14:39:03] [LOG] - Refreshing order list...
[14:39:03] [LOG] - Order list refreshed.
[14:39:03] [LOG] - Opening order...
[14:39:03] [LOG] - Order opened.
[14:39:03] [LOG] - Getting orders...
[14:39:04] [LOG] - Getting orders...
[14:39:04] [LOG] - Successfully pulled 1 order!
[14:39:04] [LOG] - Refreshing order list...
[14:39:04] [LOG] - Order list refreshed.
[14:39:04] [LOG] - Successfully pulled 2 order!
[14:39:04] [LOG] - Refreshing order list...
[14:39:04] [LOG] - Order list refreshed.
[14:39:04] [LOG] - Getting orders...
[14:39:04] [LOG] - Successfully pulled 1 order!
[14:39:04] [LOG] - Refreshing order list...
[14:39:04] [LOG] - Order list refreshed.
[14:39:04] [LOG] - Getting orders...
[14:39:04] [LOG] - Successfully pulled 1 order!
[14:39:04] [LOG] - Refreshing order list...
[14:39:04] [LOG] - Order list refreshed.
[14:39:04] [LOG] - Getting orders...
[14:39:04] [LOG] - Successfully pulled 1 order!
[14:39:04] [LOG] - Refreshing order list...
[14:39:04] [LOG] - Order list refreshed.
[14:39:04] [LOG] - Getting orders...
[14:39:04] [LOG] - Successfully pulled 1 order!
[14:39:04] [LOG] - Refreshing order list...
[14:39:04] [LOG] - Order list refreshed.
[14:39:05] [LOG] - Getting orders...
[14:39:05] [LOG] - Successfully pulled 1 order!
[14:39:05] [LOG] - Refreshing order list...
[14:39:05] [LOG] - Order list refreshed.
[14:39:05] [LOG] - Getting orders...
[14:39:05] [LOG] - Successfully pulled 1 order!
[14:39:05] [LOG] - Refreshing order list...
[14:39:05] [LOG] - Order list refreshed.
[14:39:05] [LOG] - Getting orders...
[14:39:05] [LOG] - Successfully pulled 1 order!
[14:39:05] [LOG] - Refreshing order list...
[14:39:05] [LOG] - Order list refreshed.
[14:39:05] [LOG] - Getting orders...
[14:39:05] [LOG] - Successfully pulled 1 order!
[14:39:05] [LOG] - Refreshing order list...
[14:39:05] [LOG] - Order list refreshed.
[14:39:05] [LOG] - Getting orders...
[14:39:05] [LOG] - Successfully pulled 1 order!
[14:39:05] [LOG] - Refreshing order list...
[14:39:05] [LOG] - Order list refreshed.
[14:39:05] [LOG] - Getting orders...
[14:39:05] [LOG] - Successfully pulled 1 order!
[14:39:05] [LOG] - Refreshing order list...
[14:39:05] [LOG] - Order list refreshed.
[14:39:05] [LOG] - Getting orders...
[14:39:05] [LOG] - Successfully pulled 1 order!
[14:39:05] [LOG] - Refreshing order list...
[14:39:05] [LOG] - Order list refreshed.
[14:39:05] [LOG] - Getting orders...
[14:39:05] [LOG] - Successfully pulled 1 order!
[14:39:05] [LOG] - Refreshing order list...
[14:39:05] [LOG] - Order list refreshed.
[14:39:06] [LOG] - Getting orders...
[14:39:06] [LOG] - Successfully pulled 1 order!
[14:39:06] [LOG] - Refreshing order list...
[14:39:06] [LOG] - Order list refreshed.
[14:39:06] [LOG] - Getting orders...
[14:39:06] [LOG] - Successfully pulled 1 order!
[14:39:06] [LOG] - Getting orders...
[14:39:06] [LOG] - Refreshing order list...
[14:39:06] [LOG] - Order list refreshed.
[14:39:06] [LOG] - Successfully pulled 1 order!
[14:39:06] [LOG] - Refreshing order list...
[14:39:06] [LOG] - Order list refreshed.
[14:39:06] [LOG] - Getting orders...
[14:39:06] [LOG] - Successfully pulled 1 order!
[14:39:06] [LOG] - Refreshing order list...
[14:39:06] [LOG] - Order list refreshed.
[14:39:06] [LOG] - Getting orders...
[14:39:06] [LOG] - Successfully pulled 1 order!
[14:39:06] [LOG] - Refreshing order list...
[14:39:06] [LOG] - Order list refreshed.
[14:39:06] [LOG] - Getting orders...
[14:39:06] [LOG] - Successfully pulled 1 order!
[14:39:06] [LOG] - Refreshing order list...
[14:39:06] [LOG] - Order list refreshed.
[14:39:06] [LOG] - Getting orders...
[14:39:07] [LOG] - Successfully pulled 1 order!
[14:39:07] [LOG] - Getting orders...
[14:39:07] [LOG] - Refreshing order list...
[14:39:07] [LOG] - Order list refreshed.
[14:39:07] [LOG] - Successfully pulled 1 order!
[14:39:07] [LOG] - Refreshing order list...
[14:39:07] [LOG] - Order list refreshed.
[14:39:07] [LOG] - Getting orders...
[14:39:07] [LOG] - Successfully pulled 1 order!
[14:39:07] [LOG] - Refreshing order list...
[14:39:07] [LOG] - Order list refreshed.
[14:39:07] [WARNING] - This order has been revoked by the publisher!
[14:39:07] [LOG] - Getting orders...
[14:39:07] [LOG] - Successfully pulled 1 order!
[14:39:07] [LOG] - Refreshing order list...
[14:39:07] [LOG] - Order list refreshed.
[14:39:07] [LOG] - Getting messages...
[14:39:07] [LOG] - Updating UI...
[14:39:07] [LOG] - Getting orders...
[14:39:07] [LOG] - Successfully pulled 1 order!
[14:39:07] [LOG] - Refreshing order list...
[14:39:07] [LOG] - Order list refreshed.
[14:39:07] [LOG] - Getting orders...
[14:39:07] [LOG] - Successfully pulled 1 order!
[14:39:07] [LOG] - Refreshing order list...
[14:39:07] [LOG] - Order list refreshed.
[14:39:07] [LOG] - Getting orders...
[14:39:07] [LOG] - Successfully pulled 1 order!
[14:39:07] [LOG] - Refreshing order list...
[14:39:07] [LOG] - Order list refreshed.
[14:39:07] [LOG] - Getting orders...
[14:39:07] [LOG] - Successfully pulled 1 order!
[14:39:07] [LOG] - Refreshing order list...
[14:39:07] [LOG] - Order list refreshed.
[14:39:07] [LOG] - Getting orders...
[14:39:07] [LOG] - Successfully pulled 1 order!
[14:39:07] [LOG] - Refreshing order list...
[14:39:07] [LOG] - Order list refreshed.
[14:39:08] [LOG] - Getting orders...
[14:39:08] [LOG] - Successfully pulled 1 order!
[14:39:08] [LOG] - Refreshing order list...
[14:39:08] [LOG] - Order list refreshed.
[14:39:08] [WARNING] - This order has been revoked by the publisher!
[14:39:08] [LOG] - Getting orders...
[14:39:08] [LOG] - Successfully pulled 1 order!
[14:39:08] [LOG] - Getting messages...
[14:39:08] [LOG] - Updating UI...
[14:39:08] [LOG] - Refreshing order list...
[14:39:08] [LOG] - Order list refreshed.
[14:39:08] [LOG] - Getting orders...
[14:39:08] [LOG] - Getting orders...
[14:39:08] [LOG] - Successfully pulled 1 order!
[14:39:08] [LOG] - Refreshing order list...
[14:39:08] [LOG] - Order list refreshed.
[14:39:08] [LOG] - Successfully pulled 2 order!
[14:39:08] [LOG] - Refreshing order list...
[14:39:08] [LOG] - Order list refreshed.
[14:39:08] [LOG] - Getting orders...
[14:39:08] [LOG] - Successfully pulled 1 order!
[14:39:08] [LOG] - Refreshing order list...
[14:39:08] [LOG] - Order list refreshed.
[14:39:09] [LOG] - Getting orders...
[14:39:09] [LOG] - Successfully pulled 1 order!
[14:39:09] [LOG] - Refreshing order list...
[14:39:09] [LOG] - Order list refreshed.
[14:39:09] [LOG] - Getting orders...
[14:39:09] [LOG] - Successfully pulled 1 order!
[14:39:09] [LOG] - Refreshing order list...
[14:39:09] [LOG] - Order list refreshed.
[14:39:09] [LOG] - Getting orders...
[14:39:09] [LOG] - Successfully pulled 1 order!
[14:39:09] [LOG] - Refreshing order list...
[14:39:09] [LOG] - Order list refreshed.
[14:39:09] [LOG] - Getting orders...
[14:39:09] [LOG] - Successfully pulled 1 order!
[14:39:09] [LOG] - Refreshing order list...
[14:39:09] [LOG] - Order list refreshed.
[14:39:09] [LOG] - Getting orders...
[14:39:09] [LOG] - Successfully pulled 1 order!
[14:39:09] [LOG] - Refreshing order list...
[14:39:09] [LOG] - Order list refreshed.
[14:39:09] [WARNING] - This order has been revoked by the publisher!
[14:39:09] [LOG] - Getting orders...
[14:39:09] [LOG] - Successfully pulled 1 order!
[14:39:09] [LOG] - Refreshing order list...
[14:39:09] [LOG] - Order list refreshed.
[14:39:09] [LOG] - Getting messages...
[14:39:09] [LOG] - Updating UI...
[14:39:09] [LOG] - Getting orders...
[14:39:09] [LOG] - Successfully pulled 1 order!
[14:39:09] [LOG] - Refreshing order list...
[14:39:09] [LOG] - Order list refreshed.
[14:39:09] [LOG] - Getting messages...
[14:39:09] [LOG] - Updating UI...
[14:39:09] [LOG] - Getting orders...
[14:39:09] [LOG] - Successfully pulled 1 order!
[14:39:09] [LOG] - Refreshing order list...
[14:39:09] [LOG] - Order list refreshed.
[14:39:09] [LOG] - Getting messages...
[14:39:09] [LOG] - Updating UI...
[14:39:09] [LOG] - Getting orders...
[14:39:10] [LOG] - Successfully pulled 1 order!
[14:39:10] [LOG] - Getting messages...
[14:39:10] [LOG] - Updating UI...
[14:39:10] [LOG] - Getting orders...
[14:39:10] [LOG] - Refreshing order list...
[14:39:10] [LOG] - Order list refreshed.
[14:39:10] [LOG] - Getting orders...
[14:39:10] [LOG] - Successfully pulled 1 order!
[14:39:10] [LOG] - Successfully pulled 2 order!
[14:39:10] [LOG] - Refreshing order list...
[14:39:10] [LOG] - Order list refreshed.
[14:39:10] [LOG] - Refreshing order list...
[14:39:10] [LOG] - Order list refreshed.
[14:39:10] [LOG] - Getting orders...
[14:39:10] [LOG] - Successfully pulled 1 order!
[14:39:10] [LOG] - Refreshing order list...
[14:39:10] [LOG] - Order list refreshed.
[14:39:10] [LOG] - Getting orders...
[14:39:10] [LOG] - Successfully pulled 1 order!
[14:39:10] [LOG] - Refreshing order list...
[14:39:10] [LOG] - Order list refreshed.
[14:39:10] [LOG] - Getting orders...
[14:39:10] [LOG] - Successfully pulled 1 order!
[14:39:10] [LOG] - Refreshing order list...
[14:39:10] [LOG] - Order list refreshed.
[14:39:10] [LOG] - Getting orders...
[14:39:10] [LOG] - Successfully pulled 1 order!
[14:39:10] [LOG] - Refreshing order list...
[14:39:10] [LOG] - Order list refreshed.
[14:39:11] [LOG] - Getting orders...
[14:39:11] [LOG] - Successfully pulled 1 order!
[14:39:11] [LOG] - Refreshing order list...
[14:39:11] [LOG] - Order list refreshed.
[14:39:11] [LOG] - Getting orders...
[14:39:11] [LOG] - Successfully pulled 1 order!
[14:39:11] [LOG] - Refreshing order list...
[14:39:11] [LOG] - Order list refreshed.
[14:39:11] [LOG] - Getting orders...
[14:39:11] [LOG] - Successfully pulled 1 order!
[14:39:11] [LOG] - Refreshing order list...
[14:39:11] [LOG] - Order list refreshed.
[14:39:11] [LOG] - Getting orders...
[14:39:11] [LOG] - Successfully pulled 1 order!
[14:39:11] [LOG] - Refreshing order list...
[14:39:11] [LOG] - Order list refreshed.
[14:39:11] [LOG] - Getting orders...
[14:39:11] [LOG] - Successfully pulled 1 order!
[14:39:11] [LOG] - Refreshing order list...
[14:39:11] [LOG] - Order list refreshed.
[14:39:11] [LOG] - Getting orders...
[14:39:11] [LOG] - Successfully pulled 1 order!
[14:39:11] [LOG] - Refreshing order list...
[14:39:11] [LOG] - Order list refreshed.
[14:39:11] [LOG] - Getting orders...
[14:39:11] [LOG] - Successfully pulled 1 order!
[14:39:11] [LOG] - Refreshing order list...
[14:39:11] [LOG] - Order list refreshed.
[14:39:11] [LOG] - Getting orders...
[14:39:12] [LOG] - Successfully pulled 1 order!
[14:39:12] [LOG] - Getting orders...
[14:39:12] [LOG] - Refreshing order list...
[14:39:12] [LOG] - Order list refreshed.
[14:39:12] [LOG] - Successfully pulled 1 order!
[14:39:12] [LOG] - Refreshing order list...
[14:39:12] [LOG] - Order list refreshed.
[14:39:12] [LOG] - Getting orders...
[14:39:12] [LOG] - Successfully pulled 1 order!
[14:39:12] [LOG] - Refreshing order list...
[14:39:12] [LOG] - Order list refreshed.
[14:39:12] [LOG] - Getting orders...
[14:39:12] [LOG] - Successfully pulled 1 order!
[14:39:12] [LOG] - Refreshing order list...
[14:39:12] [LOG] - Order list refreshed.
[14:39:12] [LOG] - Getting orders...
[14:39:12] [LOG] - Successfully pulled 1 order!
[14:39:12] [LOG] - Refreshing order list...
[14:39:12] [LOG] - Order list refreshed.
[14:39:12] [LOG] - Getting orders...
[14:39:12] [LOG] - Successfully pulled 1 order!
[14:39:12] [LOG] - Refreshing order list...
[14:39:12] [LOG] - Order list refreshed.
[14:39:12] [LOG] - Closing application...
[14:39:12] [LOG] - Application closed.
[14:39:12] [LOG] - Hiding window...
[14:39:12] [LOG] - Window is hidden.
[14:39:12] [WARNING] - This order has been revoked by the publisher!
[14:39:12] [ERROR] - Error while getting messages: '<' is an invalid start of a value. Path: $ | LineNumber: 0 | BytePositionInLine: 0.!
[14:39:12] [ERROR] - Error while getting messages: '<' is an invalid start of a value. Path: $ | LineNumber: 0 | BytePositionInLine: 0.!
[14:39:12] [ERROR] - Error while getting messages: '<' is an invalid start of a value. Path: $ | LineNumber: 0 | BytePositionInLine: 0.!
[14:39:12] [ERROR] - Error while getting messages: '<' is an invalid start of a value. Path: $ | LineNumber: 0 | BytePositionInLine: 0.!
[14:39:12] [ERROR] - Error while getting messages: '<' is an invalid start of a value. Path: $ | LineNumber: 0 | BytePositionInLine: 0.!
[14:39:12] [ERROR] - Error while getting messages: '<' is an invalid start of a value. Path: $ | LineNumber: 0 | BytePositionInLine: 0.!
