[10:34:25] [LOG] - Starting application...
[10:34:25] [LOG] - Loading resources...
[10:34:25] [LOG] - Resources loaded.
[10:34:25] [LOG] - Loading windows...
[10:34:26] [LOG] - Windows loaded.
[10:34:26] [LOG] - Loading system tray icon...
[10:34:26] [LOG] - System tray icon loaded.
[10:34:27] [LOG] - Application started!
[10:34:29] [LOG] - Logging in...
[10:34:29] [LOG] - Connecting to database...
[10:34:31] [ERROR] - Database connection error: Authentication to host 'localhost' for user 'root' using method 'mysql_native_password' failed with message: Access denied for user 'root'@'localhost' (using password: NO)!
[10:34:33] [LOG] - Opening current window...
[10:34:33] [LOG] - Current window loaded.
[11:19:41] [LOG] - Starting application...
[11:19:41] [LOG] - Loading resources...
[11:19:41] [LOG] - Resources loaded.
[11:19:41] [LOG] - Loading windows...
[11:19:42] [LOG] - Windows loaded.
[11:19:42] [LOG] - Loading system tray icon...
[11:19:42] [LOG] - System tray icon loaded.
[11:19:43] [LOG] - Application started!
[11:19:51] [LOG] - Logging in...
[11:19:51] [LOG] - Connecting to database...
[11:19:51] [LOG] - Connected to database.
[11:19:51] [LOG] - Sending query...
[11:19:51] [LOG] - Query sent.
[11:19:51] [LOG] - Reading response...
[11:19:51] [LOG] - Response reed.
[11:19:51] [LOG] - Verifying password...
[11:19:51] [LOG] - Password verified.
[11:19:51] [LOG] - Sending notification...
[11:19:51] [LOG] - Notification sent.
[11:19:51] [LOG] - Logged in.
[11:20:18] [LOG] - Hiding window...
[11:20:18] [LOG] - Window is hidden.
[11:20:20] [LOG] - Signing out...
[11:20:20] [LOG] - Signed out.
[11:20:25] [LOG] - Closing application...
[11:20:25] [LOG] - Application closed.
[11:20:25] [LOG] - Hiding window...
[11:20:25] [LOG] - Window is hidden.
[12:01:11] [LOG] - Starting application...
[12:01:11] [LOG] - Loading resources...
[12:01:11] [LOG] - Resources loaded.
[12:01:11] [LOG] - Loading windows...
[12:01:12] [LOG] - Windows loaded.
[12:01:12] [LOG] - Loading system tray icon...
[12:01:12] [LOG] - System tray icon loaded.
[12:01:12] [LOG] - Application started!
[12:01:29] [LOG] - Logging in...
[12:01:29] [LOG] - Connecting to database...
[12:01:29] [LOG] - Connected to database.
[12:01:29] [LOG] - Sending query...
[12:01:29] [LOG] - Query sent.
[12:01:29] [LOG] - Reading response...
[12:01:29] [LOG] - Response reed.
[12:01:29] [LOG] - Verifying password...
[12:01:29] [LOG] - Password verified.
[12:01:29] [LOG] - Sending notification...
[12:01:29] [LOG] - Notification sent.
[12:01:29] [LOG] - Logged in.
[12:01:50] [LOG] - Signing out...
[12:01:50] [LOG] - Signed out.
[12:03:07] [LOG] - Starting application...
[12:03:07] [LOG] - Loading resources...
[12:03:07] [LOG] - Resources loaded.
[12:03:07] [LOG] - Loading windows...
[12:03:07] [LOG] - Windows loaded.
[12:03:07] [LOG] - Loading system tray icon...
[12:03:07] [LOG] - System tray icon loaded.
[12:03:08] [LOG] - Application started!
[12:03:17] [LOG] - Logging in...
[12:03:17] [LOG] - Connecting to database...
[12:03:17] [LOG] - Connected to database.
[12:03:17] [LOG] - Sending query...
[12:03:17] [LOG] - Query sent.
[12:03:17] [LOG] - Reading response...
[12:03:17] [LOG] - Response reed.
[12:03:17] [LOG] - Verifying password...
[12:03:17] [LOG] - Password verified.
[12:03:17] [LOG] - Sending notification...
[12:03:17] [LOG] - Notification sent.
[12:03:17] [LOG] - Logged in.
[12:03:27] [LOG] - Hiding window...
[12:03:27] [LOG] - Window is hidden.
[12:03:33] [LOG] - Signing out...
[12:03:33] [LOG] - Signed out.
[12:03:35] [LOG] - Closing application...
[12:03:35] [LOG] - Application closed.
[12:03:35] [LOG] - Hiding window...
[12:03:35] [LOG] - Window is hidden.
[12:04:59] [LOG] - Starting application...
[12:04:59] [LOG] - Loading resources...
[12:04:59] [LOG] - Resources loaded.
[12:04:59] [LOG] - Loading windows...
[12:04:59] [LOG] - Windows loaded.
[12:04:59] [LOG] - Loading system tray icon...
[12:05:00] [LOG] - System tray icon loaded.
[12:05:01] [LOG] - Application started!
[12:05:12] [LOG] - Logging in...
[12:05:12] [LOG] - Connecting to database...
[12:05:12] [LOG] - Connected to database.
[12:05:12] [LOG] - Sending query...
[12:05:12] [LOG] - Query sent.
[12:05:12] [LOG] - Reading response...
[12:05:12] [LOG] - Response reed.
[12:05:12] [LOG] - Verifying password...
[12:05:12] [LOG] - Password verified.
[12:05:12] [LOG] - Sending notification...
[12:05:12] [LOG] - Notification sent.
[12:05:12] [LOG] - Logged in.
[12:07:33] [LOG] - Starting application...
[12:07:33] [LOG] - Loading resources...
[12:07:33] [LOG] - Resources loaded.
[12:07:33] [LOG] - Loading windows...
[12:07:33] [LOG] - Windows loaded.
[12:07:33] [LOG] - Loading system tray icon...
[12:07:33] [LOG] - System tray icon loaded.
[12:07:33] [LOG] - Application started!
[12:07:43] [LOG] - Logging in...
[12:07:43] [LOG] - Connecting to database...
[12:07:43] [LOG] - Connected to database.
[12:07:43] [LOG] - Sending query...
[12:07:43] [LOG] - Query sent.
[12:07:43] [LOG] - Reading response...
[12:07:43] [LOG] - Response reed.
[12:07:43] [LOG] - Verifying password...
[12:07:43] [LOG] - Password verified.
[12:07:43] [LOG] - Sending notification...
[12:07:43] [LOG] - Notification sent.
[12:07:43] [LOG] - Logged in.
[12:07:51] [LOG] - Hiding window...
[12:07:51] [LOG] - Window is hidden.
[12:09:11] [LOG] - Starting application...
[12:09:11] [LOG] - Loading resources...
[12:09:11] [LOG] - Resources loaded.
[12:09:11] [LOG] - Loading windows...
[12:09:11] [LOG] - Windows loaded.
[12:09:11] [LOG] - Loading system tray icon...
[12:09:11] [LOG] - System tray icon loaded.
[12:09:11] [LOG] - Application started!
[12:09:20] [LOG] - Logging in...
[12:09:20] [LOG] - Connecting to database...
[12:09:20] [LOG] - Connected to database.
[12:09:20] [LOG] - Sending query...
[12:09:20] [LOG] - Query sent.
[12:09:20] [LOG] - Reading response...
[12:09:20] [LOG] - Response reed.
[12:09:20] [LOG] - Verifying password...
[12:09:20] [LOG] - Password verified.
[12:09:20] [LOG] - Sending notification...
[12:09:20] [LOG] - Notification sent.
[12:09:20] [LOG] - Logged in.
[12:09:31] [LOG] - Signing out...
[12:09:31] [LOG] - Signed out.
[12:09:34] [LOG] - Closing application...
[12:09:34] [LOG] - Application closed.
[12:09:34] [LOG] - Hiding window...
[12:09:34] [LOG] - Window is hidden.
[12:19:39] [LOG] - Starting application...
[12:19:39] [LOG] - Loading resources...
[12:19:39] [LOG] - Resources loaded.
[12:19:39] [LOG] - Loading windows...
[12:19:39] [LOG] - Getting orders...
[12:19:39] [LOG] - Clearing cache...
[12:19:39] [LOG] - Caches cleared.
[12:19:39] [LOG] - Connecting to database...
[12:19:39] [LOG] - Connected to database.
[12:19:39] [LOG] - Sending query...
[12:19:39] [LOG] - Query sent.
[12:19:39] [LOG] - Reading response...
[12:19:39] [LOG] - Response reed.
[12:19:39] [LOG] - Successfully pulled $0 order!
[12:19:39] [LOG] - Windows loaded.
[12:19:39] [LOG] - Loading system tray icon...
[12:19:40] [LOG] - System tray icon loaded.
[12:19:40] [LOG] - Application started!
[12:19:52] [LOG] - Logging in...
[12:19:52] [LOG] - Connecting to database...
[12:19:52] [LOG] - Connected to database.
[12:19:52] [LOG] - Sending query...
[12:19:52] [LOG] - Query sent.
[12:19:52] [LOG] - Reading response...
[12:19:52] [LOG] - Response reed.
[12:19:52] [LOG] - Verifying password...
[12:19:52] [LOG] - Password verified.
[12:19:52] [LOG] - Sending notification...
[12:19:52] [LOG] - Notification sent.
[12:19:52] [LOG] - Logged in.
[12:19:57] [LOG] - Signing out...
[12:19:57] [LOG] - Signed out.
[12:19:59] [LOG] - Closing application...
[12:19:59] [LOG] - Application closed.
[12:19:59] [LOG] - Hiding window...
[12:19:59] [LOG] - Window is hidden.
[12:42:39] [LOG] - Starting application...
[12:42:39] [LOG] - Loading resources...
[12:42:39] [LOG] - Resources loaded.
[12:42:39] [LOG] - Loading windows...
[12:42:40] [LOG] - Windows loaded.
[12:42:40] [LOG] - Loading system tray icon...
[12:42:40] [LOG] - System tray icon loaded.
[12:42:40] [LOG] - Application started!
[12:42:41] [LOG] - Getting orders...
[12:42:41] [LOG] - Clearing cache...
[12:42:41] [LOG] - Caches cleared.
[12:42:41] [LOG] - Connecting to database...
[12:42:41] [LOG] - Connected to database.
[12:42:41] [LOG] - Sending query...
[12:42:41] [LOG] - Query sent.
[12:42:41] [LOG] - Reading response...
[12:42:41] [LOG] - Response reed.
[12:42:41] [LOG] - Successfully pulled 0 order!
[12:42:42] [LOG] - Getting orders...
[12:42:42] [LOG] - Clearing cache...
[12:42:42] [LOG] - Caches cleared.
[12:42:42] [LOG] - Connecting to database...
[12:42:42] [LOG] - Connected to database.
[12:42:42] [LOG] - Sending query...
[12:42:42] [LOG] - Query sent.
[12:42:42] [LOG] - Reading response...
[12:42:42] [LOG] - Response reed.
[12:42:42] [LOG] - Successfully pulled 0 order!
[12:42:43] [LOG] - Getting orders...
[12:42:43] [LOG] - Clearing cache...
[12:42:43] [LOG] - Caches cleared.
[12:42:43] [LOG] - Connecting to database...
[12:42:43] [LOG] - Connected to database.
[12:42:43] [LOG] - Sending query...
[12:42:43] [LOG] - Query sent.
[12:42:43] [LOG] - Reading response...
[12:42:43] [LOG] - Response reed.
[12:42:43] [LOG] - Successfully pulled 0 order!
[12:42:44] [LOG] - Getting orders...
[12:42:44] [LOG] - Clearing cache...
[12:42:44] [LOG] - Caches cleared.
[12:42:44] [LOG] - Connecting to database...
[12:42:44] [LOG] - Connected to database.
[12:42:44] [LOG] - Sending query...
[12:42:44] [LOG] - Query sent.
[12:42:44] [LOG] - Reading response...
[12:42:44] [LOG] - Response reed.
[12:42:44] [LOG] - Successfully pulled 0 order!
[12:42:45] [LOG] - Getting orders...
[12:42:45] [LOG] - Clearing cache...
[12:42:45] [LOG] - Caches cleared.
[12:42:45] [LOG] - Connecting to database...
[12:42:45] [LOG] - Connected to database.
[12:42:45] [LOG] - Sending query...
[12:42:45] [LOG] - Query sent.
[12:42:45] [LOG] - Reading response...
[12:42:45] [LOG] - Response reed.
[12:42:45] [LOG] - Successfully pulled 0 order!
[12:42:46] [LOG] - Getting orders...
[12:42:46] [LOG] - Clearing cache...
[12:42:46] [LOG] - Caches cleared.
[12:42:46] [LOG] - Connecting to database...
[12:42:46] [LOG] - Connected to database.
[12:42:46] [LOG] - Sending query...
[12:42:46] [LOG] - Query sent.
[12:42:46] [LOG] - Reading response...
[12:42:46] [LOG] - Response reed.
[12:42:46] [LOG] - Successfully pulled 0 order!
[12:42:47] [LOG] - Getting orders...
[12:42:47] [LOG] - Clearing cache...
[12:42:47] [LOG] - Caches cleared.
[12:42:47] [LOG] - Connecting to database...
[12:42:47] [LOG] - Connected to database.
[12:42:47] [LOG] - Sending query...
[12:42:47] [LOG] - Query sent.
[12:42:47] [LOG] - Reading response...
[12:42:47] [LOG] - Response reed.
[12:42:47] [LOG] - Successfully pulled 0 order!
[12:42:48] [LOG] - Getting orders...
[12:42:48] [LOG] - Clearing cache...
[12:42:48] [LOG] - Caches cleared.
[12:42:48] [LOG] - Connecting to database...
[12:42:48] [LOG] - Connected to database.
[12:42:48] [LOG] - Sending query...
[12:42:48] [LOG] - Query sent.
[12:42:48] [LOG] - Reading response...
[12:42:48] [LOG] - Response reed.
[12:42:48] [LOG] - Successfully pulled 0 order!
[12:42:49] [LOG] - Getting orders...
[12:42:49] [LOG] - Clearing cache...
[12:42:49] [LOG] - Caches cleared.
[12:42:49] [LOG] - Connecting to database...
[12:42:49] [LOG] - Connected to database.
[12:42:49] [LOG] - Sending query...
[12:42:49] [LOG] - Query sent.
[12:42:49] [LOG] - Reading response...
[12:42:49] [LOG] - Response reed.
[12:42:49] [LOG] - Successfully pulled 0 order!
[12:42:50] [LOG] - Getting orders...
[12:42:50] [LOG] - Clearing cache...
[12:42:50] [LOG] - Caches cleared.
[12:42:50] [LOG] - Connecting to database...
[12:42:50] [LOG] - Connected to database.
[12:42:50] [LOG] - Sending query...
[12:42:50] [LOG] - Query sent.
[12:42:50] [LOG] - Reading response...
[12:42:50] [LOG] - Response reed.
[12:42:50] [LOG] - Successfully pulled 0 order!
[12:42:51] [LOG] - Getting orders...
[12:42:51] [LOG] - Clearing cache...
[12:42:51] [LOG] - Caches cleared.
[12:42:51] [LOG] - Connecting to database...
[12:42:51] [LOG] - Connected to database.
[12:42:51] [LOG] - Sending query...
[12:42:51] [LOG] - Query sent.
[12:42:51] [LOG] - Reading response...
[12:42:51] [LOG] - Response reed.
[12:42:51] [LOG] - Successfully pulled 0 order!
[12:42:52] [LOG] - Getting orders...
[12:42:52] [LOG] - Clearing cache...
[12:42:52] [LOG] - Caches cleared.
[12:42:52] [LOG] - Connecting to database...
[12:42:52] [LOG] - Connected to database.
[12:42:52] [LOG] - Sending query...
[12:42:52] [LOG] - Query sent.
[12:42:52] [LOG] - Reading response...
[12:42:52] [LOG] - Response reed.
[12:42:52] [LOG] - Successfully pulled 0 order!
[12:42:53] [LOG] - Logging in...
[12:42:53] [LOG] - Connecting to database...
[12:42:53] [LOG] - Connected to database.
[12:42:53] [LOG] - Sending query...
[12:42:53] [LOG] - Query sent.
[12:42:53] [LOG] - Reading response...
[12:42:53] [LOG] - Response reed.
[12:42:53] [LOG] - Verifying password...
[12:42:53] [LOG] - Password verified.
[12:42:53] [LOG] - Sending notification...
[12:42:53] [LOG] - Notification sent.
[12:42:53] [LOG] - Logged in.
[12:42:53] [LOG] - Getting orders...
[12:42:53] [LOG] - Clearing cache...
[12:42:53] [LOG] - Caches cleared.
[12:42:53] [LOG] - Connecting to database...
[12:42:53] [LOG] - Connected to database.
[12:42:53] [LOG] - Sending query...
[12:42:53] [LOG] - Query sent.
[12:42:53] [LOG] - Reading response...
[12:42:53] [LOG] - Response reed.
[12:42:53] [LOG] - Successfully pulled 0 order!
[12:42:54] [LOG] - Getting orders...
[12:42:54] [LOG] - Clearing cache...
[12:42:54] [LOG] - Caches cleared.
[12:42:54] [LOG] - Connecting to database...
[12:42:54] [LOG] - Connected to database.
[12:42:54] [LOG] - Sending query...
[12:42:54] [LOG] - Query sent.
[12:42:54] [LOG] - Reading response...
[12:42:54] [LOG] - Response reed.
[12:42:54] [LOG] - Successfully pulled 0 order!
[12:42:55] [LOG] - Getting orders...
[12:42:55] [LOG] - Clearing cache...
[12:42:55] [LOG] - Caches cleared.
[12:42:55] [LOG] - Connecting to database...
[12:42:55] [LOG] - Connected to database.
[12:42:55] [LOG] - Sending query...
[12:42:55] [LOG] - Query sent.
[12:42:55] [LOG] - Reading response...
[12:42:55] [LOG] - Response reed.
[12:42:55] [LOG] - Successfully pulled 0 order!
[12:42:56] [LOG] - Getting orders...
[12:42:56] [LOG] - Clearing cache...
[12:42:56] [LOG] - Caches cleared.
[12:42:56] [LOG] - Connecting to database...
[12:42:56] [LOG] - Connected to database.
[12:42:56] [LOG] - Sending query...
[12:42:56] [LOG] - Query sent.
[12:42:56] [LOG] - Reading response...
[12:42:56] [LOG] - Response reed.
[12:42:56] [LOG] - Successfully pulled 0 order!
[12:42:57] [LOG] - Getting orders...
[12:42:57] [LOG] - Clearing cache...
[12:42:57] [LOG] - Caches cleared.
[12:42:57] [LOG] - Connecting to database...
[12:42:57] [LOG] - Connected to database.
[12:42:57] [LOG] - Sending query...
[12:42:57] [LOG] - Query sent.
[12:42:57] [LOG] - Reading response...
[12:42:57] [LOG] - Response reed.
[12:42:57] [LOG] - Successfully pulled 0 order!
[12:42:58] [LOG] - Getting orders...
[12:42:58] [LOG] - Clearing cache...
[12:42:58] [LOG] - Caches cleared.
[12:42:58] [LOG] - Connecting to database...
[12:42:58] [LOG] - Connected to database.
[12:42:58] [LOG] - Sending query...
[12:42:58] [LOG] - Query sent.
[12:42:58] [LOG] - Reading response...
[12:42:58] [LOG] - Response reed.
[12:42:58] [LOG] - Successfully pulled 0 order!
[12:42:59] [LOG] - Getting orders...
[12:42:59] [LOG] - Clearing cache...
[12:42:59] [LOG] - Caches cleared.
[12:42:59] [LOG] - Connecting to database...
[12:42:59] [LOG] - Connected to database.
[12:42:59] [LOG] - Sending query...
[12:42:59] [LOG] - Query sent.
[12:42:59] [LOG] - Reading response...
[12:42:59] [LOG] - Response reed.
[12:42:59] [LOG] - Successfully pulled 0 order!
[12:43:00] [LOG] - Getting orders...
[12:43:00] [LOG] - Clearing cache...
[12:43:00] [LOG] - Caches cleared.
[12:43:00] [LOG] - Connecting to database...
[12:43:00] [LOG] - Connected to database.
[12:43:00] [LOG] - Sending query...
[12:43:00] [LOG] - Query sent.
[12:43:00] [LOG] - Reading response...
[12:43:00] [LOG] - Response reed.
[12:43:00] [LOG] - Successfully pulled 0 order!
[12:43:01] [LOG] - Hiding window...
[12:43:01] [LOG] - Window is hidden.
[12:43:01] [LOG] - Getting orders...
[12:43:01] [LOG] - Clearing cache...
[12:43:01] [LOG] - Caches cleared.
[12:43:01] [LOG] - Connecting to database...
[12:43:01] [LOG] - Connected to database.
[12:43:01] [LOG] - Sending query...
[12:43:01] [LOG] - Query sent.
[12:43:01] [LOG] - Reading response...
[12:43:01] [LOG] - Response reed.
[12:43:01] [LOG] - Successfully pulled 0 order!
[12:43:02] [LOG] - Getting orders...
[12:43:02] [LOG] - Clearing cache...
[12:43:02] [LOG] - Caches cleared.
[12:43:02] [LOG] - Connecting to database...
[12:43:02] [LOG] - Connected to database.
[12:43:02] [LOG] - Sending query...
[12:43:02] [LOG] - Query sent.
[12:43:02] [LOG] - Reading response...
[12:43:02] [LOG] - Response reed.
[12:43:02] [LOG] - Successfully pulled 0 order!
[12:43:03] [LOG] - Closing application...
[12:43:03] [LOG] - Application closed.
[12:43:03] [LOG] - Hiding window...
[12:43:03] [LOG] - Window is hidden.
[12:49:12] [LOG] - Starting application...
[12:49:12] [LOG] - Loading resources...
[12:49:12] [LOG] - Resources loaded.
[12:49:12] [LOG] - Loading windows...
[12:49:12] [LOG] - Windows loaded.
[12:49:12] [LOG] - Loading system tray icon...
[12:49:12] [LOG] - System tray icon loaded.
[12:49:12] [LOG] - Application started!
[12:49:13] [LOG] - Getting orders...
[12:49:13] [LOG] - Clearing cache...
[12:49:13] [LOG] - Caches cleared.
[12:49:13] [LOG] - Connecting to database...
[12:49:13] [LOG] - Connected to database.
[12:49:13] [LOG] - Sending query...
[12:49:13] [LOG] - Query sent.
[12:49:13] [LOG] - Reading response...
[12:49:13] [LOG] - Response reed.
[12:49:13] [LOG] - Successfully pulled 1 order!
[12:49:14] [LOG] - Getting orders...
[12:49:14] [LOG] - Clearing cache...
[12:49:14] [LOG] - Caches cleared.
[12:49:14] [LOG] - Connecting to database...
[12:49:14] [LOG] - Connected to database.
[12:49:14] [LOG] - Sending query...
[12:49:14] [LOG] - Query sent.
[12:49:14] [LOG] - Reading response...
[12:49:14] [LOG] - Response reed.
[12:49:14] [LOG] - Successfully pulled 1 order!
[12:49:15] [LOG] - Getting orders...
[12:49:15] [LOG] - Clearing cache...
[12:49:15] [LOG] - Caches cleared.
[12:49:15] [LOG] - Connecting to database...
[12:49:15] [LOG] - Connected to database.
[12:49:15] [LOG] - Sending query...
[12:49:15] [LOG] - Query sent.
[12:49:15] [LOG] - Reading response...
[12:49:15] [LOG] - Response reed.
[12:49:15] [LOG] - Successfully pulled 1 order!
[12:49:16] [LOG] - Getting orders...
[12:49:16] [LOG] - Clearing cache...
[12:49:16] [LOG] - Caches cleared.
[12:49:16] [LOG] - Connecting to database...
[12:49:16] [LOG] - Connected to database.
[12:49:16] [LOG] - Sending query...
[12:49:16] [LOG] - Query sent.
[12:49:16] [LOG] - Reading response...
[12:49:16] [LOG] - Response reed.
[12:49:16] [LOG] - Successfully pulled 1 order!
[12:49:17] [LOG] - Getting orders...
[12:49:17] [LOG] - Clearing cache...
[12:49:17] [LOG] - Caches cleared.
[12:49:17] [LOG] - Connecting to database...
[12:49:17] [LOG] - Connected to database.
[12:49:17] [LOG] - Sending query...
[12:49:17] [LOG] - Query sent.
[12:49:17] [LOG] - Reading response...
[12:49:17] [LOG] - Response reed.
[12:49:17] [LOG] - Successfully pulled 1 order!
[12:49:18] [LOG] - Getting orders...
[12:49:18] [LOG] - Clearing cache...
[12:49:18] [LOG] - Caches cleared.
[12:49:18] [LOG] - Connecting to database...
[12:49:18] [LOG] - Connected to database.
[12:49:18] [LOG] - Sending query...
[12:49:18] [LOG] - Query sent.
[12:49:18] [LOG] - Reading response...
[12:49:18] [LOG] - Response reed.
[12:49:18] [LOG] - Successfully pulled 1 order!
[12:49:19] [LOG] - Getting orders...
[12:49:19] [LOG] - Clearing cache...
[12:49:19] [LOG] - Caches cleared.
[12:49:19] [LOG] - Connecting to database...
[12:49:19] [LOG] - Connected to database.
[12:49:19] [LOG] - Sending query...
[12:49:19] [LOG] - Query sent.
[12:49:19] [LOG] - Reading response...
[12:49:19] [LOG] - Response reed.
[12:49:19] [LOG] - Successfully pulled 1 order!
[12:49:20] [LOG] - Getting orders...
[12:49:20] [LOG] - Clearing cache...
[12:49:20] [LOG] - Caches cleared.
[12:49:20] [LOG] - Connecting to database...
[12:49:20] [LOG] - Connected to database.
[12:49:20] [LOG] - Sending query...
[12:49:20] [LOG] - Query sent.
[12:49:20] [LOG] - Reading response...
[12:49:20] [LOG] - Response reed.
[12:49:20] [LOG] - Successfully pulled 1 order!
[12:49:21] [LOG] - Logging in...
[12:49:21] [LOG] - Connecting to database...
[12:49:21] [LOG] - Connected to database.
[12:49:21] [LOG] - Sending query...
[12:49:21] [LOG] - Query sent.
[12:49:21] [LOG] - Reading response...
[12:49:21] [LOG] - Response reed.
[12:49:21] [LOG] - Verifying password...
[12:49:21] [LOG] - Password verified.
[12:49:21] [LOG] - Sending notification...
[12:49:21] [LOG] - Notification sent.
[12:49:21] [LOG] - Logged in.
[12:49:22] [LOG] - Getting orders...
[12:49:22] [LOG] - Clearing cache...
[12:49:22] [LOG] - Caches cleared.
[12:49:22] [LOG] - Connecting to database...
[12:49:22] [LOG] - Connected to database.
[12:49:22] [LOG] - Sending query...
[12:49:22] [LOG] - Query sent.
[12:49:22] [LOG] - Reading response...
[12:49:22] [LOG] - Response reed.
[12:49:22] [LOG] - Successfully pulled 1 order!
[12:49:23] [LOG] - Getting orders...
[12:49:23] [LOG] - Clearing cache...
[12:49:23] [LOG] - Caches cleared.
[12:49:23] [LOG] - Connecting to database...
[12:49:23] [LOG] - Connected to database.
[12:49:23] [LOG] - Sending query...
[12:49:23] [LOG] - Query sent.
[12:49:23] [LOG] - Reading response...
[12:49:23] [LOG] - Response reed.
[12:49:23] [LOG] - Successfully pulled 1 order!
[12:49:24] [LOG] - Getting orders...
[12:49:24] [LOG] - Clearing cache...
[12:49:24] [LOG] - Caches cleared.
[12:49:24] [LOG] - Connecting to database...
[12:49:24] [LOG] - Connected to database.
[12:49:24] [LOG] - Sending query...
[12:49:24] [LOG] - Query sent.
[12:49:24] [LOG] - Reading response...
[12:49:24] [LOG] - Response reed.
[12:49:24] [LOG] - Successfully pulled 1 order!
[12:49:25] [LOG] - Getting orders...
[12:49:25] [LOG] - Clearing cache...
[12:49:25] [LOG] - Caches cleared.
[12:49:25] [LOG] - Connecting to database...
[12:49:25] [LOG] - Connected to database.
[12:49:25] [LOG] - Sending query...
[12:49:25] [LOG] - Query sent.
[12:49:25] [LOG] - Reading response...
[12:49:25] [LOG] - Response reed.
[12:49:25] [LOG] - Successfully pulled 1 order!
[12:49:26] [LOG] - Getting orders...
[12:49:26] [LOG] - Clearing cache...
[12:49:26] [LOG] - Caches cleared.
[12:49:26] [LOG] - Connecting to database...
[12:49:26] [LOG] - Connected to database.
[12:49:26] [LOG] - Sending query...
[12:49:26] [LOG] - Query sent.
[12:49:26] [LOG] - Reading response...
[12:49:26] [LOG] - Response reed.
[12:49:26] [LOG] - Successfully pulled 1 order!
[12:49:27] [LOG] - Getting orders...
[12:49:27] [LOG] - Clearing cache...
[12:49:27] [LOG] - Caches cleared.
[12:49:27] [LOG] - Connecting to database...
[12:49:27] [LOG] - Connected to database.
[12:49:27] [LOG] - Sending query...
[12:49:27] [LOG] - Query sent.
[12:49:27] [LOG] - Reading response...
[12:49:27] [LOG] - Response reed.
[12:49:27] [LOG] - Successfully pulled 1 order!
[12:49:28] [LOG] - Getting orders...
[12:49:28] [LOG] - Clearing cache...
[12:49:28] [LOG] - Caches cleared.
[12:49:28] [LOG] - Connecting to database...
[12:49:28] [LOG] - Connected to database.
[12:49:28] [LOG] - Sending query...
[12:49:28] [LOG] - Query sent.
[12:49:28] [LOG] - Reading response...
[12:49:28] [LOG] - Response reed.
[12:49:28] [LOG] - Successfully pulled 1 order!
[12:49:29] [LOG] - Getting orders...
[12:49:29] [LOG] - Clearing cache...
[12:49:29] [LOG] - Caches cleared.
[12:49:29] [LOG] - Connecting to database...
[12:49:29] [LOG] - Connected to database.
[12:49:29] [LOG] - Sending query...
[12:49:29] [LOG] - Query sent.
[12:49:29] [LOG] - Reading response...
[12:49:29] [LOG] - Response reed.
[12:49:29] [LOG] - Successfully pulled 1 order!
[12:49:30] [LOG] - Getting orders...
[12:49:30] [LOG] - Clearing cache...
[12:49:30] [LOG] - Caches cleared.
[12:49:30] [LOG] - Connecting to database...
[12:49:30] [LOG] - Connected to database.
[12:49:30] [LOG] - Sending query...
[12:49:30] [LOG] - Query sent.
[12:49:30] [LOG] - Reading response...
[12:49:30] [LOG] - Response reed.
[12:49:30] [LOG] - Successfully pulled 1 order!
[12:49:31] [LOG] - Getting orders...
[12:49:31] [LOG] - Clearing cache...
[12:49:31] [LOG] - Caches cleared.
[12:49:31] [LOG] - Connecting to database...
[12:49:31] [LOG] - Connected to database.
[12:49:31] [LOG] - Sending query...
[12:49:31] [LOG] - Query sent.
[12:49:31] [LOG] - Reading response...
[12:49:31] [LOG] - Response reed.
[12:49:31] [LOG] - Successfully pulled 1 order!
[12:49:32] [LOG] - Getting orders...
[12:49:32] [LOG] - Clearing cache...
[12:49:32] [LOG] - Caches cleared.
[12:49:32] [LOG] - Connecting to database...
[12:49:32] [LOG] - Connected to database.
[12:49:32] [LOG] - Sending query...
[12:49:32] [LOG] - Query sent.
[12:49:32] [LOG] - Reading response...
[12:49:32] [LOG] - Response reed.
[12:49:32] [LOG] - Successfully pulled 1 order!
[12:49:33] [LOG] - Getting orders...
[12:49:33] [LOG] - Clearing cache...
[12:49:33] [LOG] - Caches cleared.
[12:49:33] [LOG] - Connecting to database...
[12:49:33] [LOG] - Connected to database.
[12:49:33] [LOG] - Sending query...
[12:49:33] [LOG] - Query sent.
[12:49:33] [LOG] - Reading response...
[12:49:33] [LOG] - Response reed.
[12:49:33] [LOG] - Successfully pulled 1 order!
[12:49:34] [LOG] - Getting orders...
[12:49:34] [LOG] - Clearing cache...
[12:49:34] [LOG] - Caches cleared.
[12:49:34] [LOG] - Connecting to database...
[12:49:34] [LOG] - Connected to database.
[12:49:34] [LOG] - Sending query...
[12:49:34] [LOG] - Query sent.
[12:49:34] [LOG] - Reading response...
[12:49:34] [LOG] - Response reed.
[12:49:34] [LOG] - Successfully pulled 1 order!
[12:49:35] [LOG] - Getting orders...
[12:49:35] [LOG] - Clearing cache...
[12:49:35] [LOG] - Caches cleared.
[12:49:35] [LOG] - Connecting to database...
[12:49:35] [LOG] - Connected to database.
[12:49:35] [LOG] - Sending query...
[12:49:35] [LOG] - Query sent.
[12:49:35] [LOG] - Reading response...
[12:49:35] [LOG] - Response reed.
[12:49:35] [LOG] - Successfully pulled 1 order!
[12:49:36] [LOG] - Getting orders...
[12:49:36] [LOG] - Clearing cache...
[12:49:36] [LOG] - Caches cleared.
[12:49:36] [LOG] - Connecting to database...
[12:49:36] [LOG] - Connected to database.
[12:49:36] [LOG] - Sending query...
[12:49:36] [LOG] - Query sent.
[12:49:36] [LOG] - Reading response...
[12:49:36] [LOG] - Response reed.
[12:49:36] [LOG] - Successfully pulled 1 order!
[12:49:37] [LOG] - Getting orders...
[12:49:37] [LOG] - Clearing cache...
[12:49:37] [LOG] - Caches cleared.
[12:49:37] [LOG] - Connecting to database...
[12:49:37] [LOG] - Connected to database.
[12:49:37] [LOG] - Sending query...
[12:49:37] [LOG] - Query sent.
[12:49:37] [LOG] - Reading response...
[12:49:37] [LOG] - Response reed.
[12:49:37] [LOG] - Successfully pulled 1 order!
[12:49:38] [LOG] - Getting orders...
[12:49:38] [LOG] - Clearing cache...
[12:49:38] [LOG] - Caches cleared.
[12:49:38] [LOG] - Connecting to database...
[12:49:38] [LOG] - Connected to database.
[12:49:38] [LOG] - Sending query...
[12:49:38] [LOG] - Query sent.
[12:49:38] [LOG] - Reading response...
[12:49:38] [LOG] - Response reed.
[12:49:38] [LOG] - Successfully pulled 1 order!
[12:49:39] [LOG] - Getting orders...
[12:49:39] [LOG] - Clearing cache...
[12:49:39] [LOG] - Caches cleared.
[12:49:39] [LOG] - Connecting to database...
[12:49:39] [LOG] - Connected to database.
[12:49:39] [LOG] - Sending query...
[12:49:39] [LOG] - Query sent.
[12:49:39] [LOG] - Reading response...
[12:49:39] [LOG] - Response reed.
[12:49:39] [LOG] - Successfully pulled 1 order!
[12:49:40] [LOG] - Getting orders...
[12:49:40] [LOG] - Clearing cache...
[12:49:40] [LOG] - Caches cleared.
[12:49:40] [LOG] - Connecting to database...
[12:49:40] [LOG] - Connected to database.
[12:49:40] [LOG] - Sending query...
[12:49:40] [LOG] - Query sent.
[12:49:40] [LOG] - Reading response...
[12:49:40] [LOG] - Response reed.
[12:49:40] [LOG] - Successfully pulled 1 order!
[12:49:41] [LOG] - Getting orders...
[12:49:41] [LOG] - Clearing cache...
[12:49:41] [LOG] - Caches cleared.
[12:49:41] [LOG] - Connecting to database...
[12:49:41] [LOG] - Connected to database.
[12:49:41] [LOG] - Sending query...
[12:49:41] [LOG] - Query sent.
[12:49:41] [LOG] - Reading response...
[12:49:41] [LOG] - Response reed.
[12:49:41] [LOG] - Successfully pulled 1 order!
[12:49:42] [LOG] - Getting orders...
[12:49:42] [LOG] - Clearing cache...
[12:49:42] [LOG] - Caches cleared.
[12:49:42] [LOG] - Connecting to database...
[12:49:42] [LOG] - Connected to database.
[12:49:42] [LOG] - Sending query...
[12:49:42] [LOG] - Query sent.
[12:49:42] [LOG] - Reading response...
[12:49:42] [LOG] - Response reed.
[12:49:42] [LOG] - Successfully pulled 1 order!
[12:49:43] [LOG] - Getting orders...
[12:49:43] [LOG] - Clearing cache...
[12:49:43] [LOG] - Caches cleared.
[12:49:43] [LOG] - Connecting to database...
[12:49:43] [LOG] - Connected to database.
[12:49:43] [LOG] - Sending query...
[12:49:43] [LOG] - Query sent.
[12:49:43] [LOG] - Reading response...
[12:49:43] [LOG] - Response reed.
[12:49:43] [LOG] - Successfully pulled 1 order!
[12:49:44] [LOG] - Getting orders...
[12:49:44] [LOG] - Clearing cache...
[12:49:44] [LOG] - Caches cleared.
[12:49:44] [LOG] - Connecting to database...
[12:49:44] [LOG] - Connected to database.
[12:49:44] [LOG] - Sending query...
[12:49:44] [LOG] - Query sent.
[12:49:44] [LOG] - Reading response...
[12:49:44] [LOG] - Response reed.
[12:49:44] [LOG] - Successfully pulled 1 order!
[12:49:45] [LOG] - Getting orders...
[12:49:45] [LOG] - Clearing cache...
[12:49:45] [LOG] - Caches cleared.
[12:49:45] [LOG] - Connecting to database...
[12:49:45] [LOG] - Connected to database.
[12:49:45] [LOG] - Sending query...
[12:49:45] [LOG] - Query sent.
[12:49:45] [LOG] - Reading response...
[12:49:45] [LOG] - Response reed.
[12:49:45] [LOG] - Successfully pulled 1 order!
[12:49:46] [LOG] - Getting orders...
[12:49:46] [LOG] - Clearing cache...
[12:49:46] [LOG] - Caches cleared.
[12:49:46] [LOG] - Connecting to database...
[12:49:46] [LOG] - Connected to database.
[12:49:46] [LOG] - Sending query...
[12:49:46] [LOG] - Query sent.
[12:49:46] [LOG] - Reading response...
[12:49:46] [LOG] - Response reed.
[12:49:46] [LOG] - Successfully pulled 1 order!
[12:49:48] [LOG] - Getting orders...
[12:49:48] [LOG] - Clearing cache...
[12:49:48] [LOG] - Caches cleared.
[12:49:48] [LOG] - Connecting to database...
[12:49:48] [LOG] - Connected to database.
[12:49:48] [LOG] - Sending query...
[12:49:48] [LOG] - Query sent.
[12:49:48] [LOG] - Reading response...
[12:49:48] [LOG] - Response reed.
[12:49:48] [LOG] - Successfully pulled 1 order!
[12:49:49] [LOG] - Getting orders...
[12:49:49] [LOG] - Clearing cache...
[12:49:49] [LOG] - Caches cleared.
[12:49:49] [LOG] - Connecting to database...
[12:49:49] [LOG] - Connected to database.
[12:49:49] [LOG] - Sending query...
[12:49:49] [LOG] - Query sent.
[12:49:49] [LOG] - Reading response...
[12:49:49] [LOG] - Response reed.
[12:49:49] [LOG] - Successfully pulled 1 order!
[12:49:50] [LOG] - Getting orders...
[12:49:50] [LOG] - Clearing cache...
[12:49:50] [LOG] - Caches cleared.
[12:49:50] [LOG] - Connecting to database...
[12:49:50] [LOG] - Connected to database.
[12:49:50] [LOG] - Sending query...
[12:49:50] [LOG] - Query sent.
[12:49:50] [LOG] - Reading response...
[12:49:50] [LOG] - Response reed.
[12:49:50] [LOG] - Successfully pulled 1 order!
[12:49:51] [LOG] - Getting orders...
[12:49:51] [LOG] - Clearing cache...
[12:49:51] [LOG] - Caches cleared.
[12:49:51] [LOG] - Connecting to database...
[12:49:51] [LOG] - Connected to database.
[12:49:51] [LOG] - Sending query...
[12:49:51] [LOG] - Query sent.
[12:49:51] [LOG] - Reading response...
[12:49:51] [LOG] - Response reed.
[12:49:51] [LOG] - Successfully pulled 1 order!
[12:49:52] [LOG] - Getting orders...
[12:49:52] [LOG] - Clearing cache...
[12:49:52] [LOG] - Caches cleared.
[12:49:52] [LOG] - Connecting to database...
[12:49:52] [LOG] - Connected to database.
[12:49:52] [LOG] - Sending query...
[12:49:52] [LOG] - Query sent.
[12:49:52] [LOG] - Reading response...
[12:49:52] [LOG] - Response reed.
[12:49:52] [LOG] - Successfully pulled 1 order!
[12:49:53] [LOG] - Getting orders...
[12:49:53] [LOG] - Clearing cache...
[12:49:53] [LOG] - Caches cleared.
[12:49:53] [LOG] - Connecting to database...
[12:49:53] [LOG] - Connected to database.
[12:49:53] [LOG] - Sending query...
[12:49:53] [LOG] - Query sent.
[12:49:53] [LOG] - Reading response...
[12:49:53] [LOG] - Response reed.
[12:49:53] [LOG] - Successfully pulled 1 order!
[12:49:54] [LOG] - Getting orders...
[12:49:54] [LOG] - Clearing cache...
[12:49:54] [LOG] - Caches cleared.
[12:49:54] [LOG] - Connecting to database...
[12:49:54] [LOG] - Connected to database.
[12:49:54] [LOG] - Sending query...
[12:49:54] [LOG] - Query sent.
[12:49:54] [LOG] - Reading response...
[12:49:54] [LOG] - Response reed.
[12:49:54] [LOG] - Successfully pulled 1 order!
[12:49:55] [LOG] - Getting orders...
[12:49:55] [LOG] - Clearing cache...
[12:49:55] [LOG] - Caches cleared.
[12:49:55] [LOG] - Connecting to database...
[12:49:55] [LOG] - Connected to database.
[12:49:55] [LOG] - Sending query...
[12:49:55] [LOG] - Query sent.
[12:49:55] [LOG] - Reading response...
[12:49:55] [LOG] - Response reed.
[12:49:55] [LOG] - Successfully pulled 1 order!
[12:49:56] [LOG] - Getting orders...
[12:49:56] [LOG] - Clearing cache...
[12:49:56] [LOG] - Caches cleared.
[12:49:56] [LOG] - Connecting to database...
[12:49:56] [LOG] - Connected to database.
[12:49:56] [LOG] - Sending query...
[12:49:56] [LOG] - Query sent.
[12:49:56] [LOG] - Reading response...
[12:49:56] [LOG] - Response reed.
[12:49:56] [LOG] - Successfully pulled 1 order!
[12:49:56] [LOG] - Closing application...
[12:49:56] [LOG] - Application closed.
[12:49:56] [LOG] - Hiding window...
[12:49:56] [LOG] - Window is hidden.
[12:50:47] [LOG] - Starting application...
[12:50:47] [LOG] - Loading resources...
[12:50:47] [LOG] - Resources loaded.
[12:50:47] [LOG] - Loading windows...
[12:50:47] [LOG] - Windows loaded.
[12:50:47] [LOG] - Loading system tray icon...
[12:50:47] [LOG] - System tray icon loaded.
[12:50:47] [LOG] - Application started!
[12:50:48] [LOG] - Getting orders...
[12:50:48] [LOG] - Clearing cache...
[12:50:48] [LOG] - Caches cleared.
[12:50:48] [LOG] - Connecting to database...
[12:50:48] [LOG] - Connected to database.
[12:50:48] [LOG] - Sending query...
[12:50:48] [LOG] - Query sent.
[12:50:48] [LOG] - Reading response...
[12:50:48] [LOG] - Response reed.
[12:50:48] [LOG] - Successfully pulled 1 order!
[12:50:48] [LOG] - Refreshing order list...
[12:50:49] [LOG] - Getting orders...
[12:50:49] [LOG] - Clearing cache...
[12:50:49] [LOG] - Caches cleared.
[12:50:49] [LOG] - Connecting to database...
[12:50:49] [LOG] - Connected to database.
[12:50:49] [LOG] - Sending query...
[12:50:49] [LOG] - Query sent.
[12:50:49] [LOG] - Reading response...
[12:50:49] [LOG] - Response reed.
[12:50:49] [LOG] - Successfully pulled 1 order!
[12:50:49] [LOG] - Refreshing order list...
[12:50:50] [LOG] - Getting orders...
[12:50:50] [LOG] - Clearing cache...
[12:50:50] [LOG] - Caches cleared.
[12:50:50] [LOG] - Connecting to database...
[12:50:50] [LOG] - Connected to database.
[12:50:50] [LOG] - Sending query...
[12:50:50] [LOG] - Query sent.
[12:50:50] [LOG] - Reading response...
[12:50:50] [LOG] - Response reed.
[12:50:50] [LOG] - Successfully pulled 1 order!
[12:50:50] [LOG] - Refreshing order list...
[12:50:51] [LOG] - Getting orders...
[12:50:51] [LOG] - Clearing cache...
[12:50:51] [LOG] - Caches cleared.
[12:50:51] [LOG] - Connecting to database...
[12:50:51] [LOG] - Connected to database.
[12:50:51] [LOG] - Sending query...
[12:50:51] [LOG] - Query sent.
[12:50:51] [LOG] - Reading response...
[12:50:51] [LOG] - Response reed.
[12:50:51] [LOG] - Successfully pulled 1 order!
[12:50:51] [LOG] - Refreshing order list...
[12:50:52] [LOG] - Getting orders...
[12:50:52] [LOG] - Clearing cache...
[12:50:52] [LOG] - Caches cleared.
[12:50:52] [LOG] - Connecting to database...
[12:50:52] [LOG] - Connected to database.
[12:50:52] [LOG] - Sending query...
[12:50:52] [LOG] - Query sent.
[12:50:52] [LOG] - Reading response...
[12:50:52] [LOG] - Response reed.
[12:50:52] [LOG] - Successfully pulled 1 order!
[12:50:52] [LOG] - Refreshing order list...
[12:50:53] [LOG] - Getting orders...
[12:50:53] [LOG] - Clearing cache...
[12:50:53] [LOG] - Caches cleared.
[12:50:53] [LOG] - Connecting to database...
[12:50:53] [LOG] - Connected to database.
[12:50:53] [LOG] - Sending query...
[12:50:53] [LOG] - Query sent.
[12:50:53] [LOG] - Reading response...
[12:50:53] [LOG] - Response reed.
[12:50:53] [LOG] - Successfully pulled 1 order!
[12:50:53] [LOG] - Refreshing order list...
[12:50:54] [LOG] - Getting orders...
[12:50:54] [LOG] - Clearing cache...
[12:50:54] [LOG] - Caches cleared.
[12:50:54] [LOG] - Connecting to database...
[12:50:54] [LOG] - Connected to database.
[12:50:54] [LOG] - Sending query...
[12:50:54] [LOG] - Query sent.
[12:50:54] [LOG] - Reading response...
[12:50:54] [LOG] - Response reed.
[12:50:54] [LOG] - Successfully pulled 1 order!
[12:50:54] [LOG] - Refreshing order list...
[12:50:55] [LOG] - Closing application...
[12:50:55] [LOG] - Application closed.
[12:50:55] [LOG] - Hiding window...
[12:50:55] [LOG] - Window is hidden.
[13:08:11] [LOG] - Starting application...
[13:08:12] [LOG] - Loading resources...
[13:08:12] [LOG] - Resources loaded.
[13:08:12] [LOG] - Loading windows...
[13:08:12] [LOG] - Windows loaded.
[13:08:12] [LOG] - Loading system tray icon...
[13:08:12] [LOG] - System tray icon loaded.
[13:08:12] [LOG] - Application started!
[13:08:13] [LOG] - Getting orders...
[13:08:13] [LOG] - Clearing cache...
[13:08:13] [LOG] - Caches cleared.
[13:08:13] [LOG] - Connecting to database...
[13:08:13] [LOG] - Connected to database.
[13:08:13] [LOG] - Sending query...
[13:08:13] [LOG] - Query sent.
[13:08:13] [LOG] - Reading response...
[13:08:13] [LOG] - Response reed.
[13:08:13] [LOG] - Successfully pulled 1 order!
[13:08:13] [LOG] - Refreshing order list...
[13:08:13] [LOG] - Order list refreshed.
[13:08:14] [LOG] - Getting orders...
[13:08:14] [LOG] - Clearing cache...
[13:08:14] [LOG] - Caches cleared.
[13:08:14] [LOG] - Connecting to database...
[13:08:14] [LOG] - Connected to database.
[13:08:14] [LOG] - Sending query...
[13:08:14] [LOG] - Query sent.
[13:08:14] [LOG] - Reading response...
[13:08:14] [LOG] - Response reed.
[13:08:14] [LOG] - Successfully pulled 1 order!
[13:08:14] [LOG] - Refreshing order list...
[13:08:14] [LOG] - Order list refreshed.
[13:08:15] [LOG] - Getting orders...
[13:08:15] [LOG] - Clearing cache...
[13:08:15] [LOG] - Caches cleared.
[13:08:15] [LOG] - Connecting to database...
[13:08:15] [LOG] - Connected to database.
[13:08:15] [LOG] - Sending query...
[13:08:15] [LOG] - Query sent.
[13:08:15] [LOG] - Reading response...
[13:08:15] [LOG] - Response reed.
[13:08:15] [LOG] - Successfully pulled 1 order!
[13:08:15] [LOG] - Refreshing order list...
[13:08:15] [LOG] - Order list refreshed.
[13:08:16] [LOG] - Getting orders...
[13:08:16] [LOG] - Clearing cache...
[13:08:16] [LOG] - Caches cleared.
[13:08:16] [LOG] - Connecting to database...
[13:08:16] [LOG] - Connected to database.
[13:08:16] [LOG] - Sending query...
[13:08:16] [LOG] - Query sent.
[13:08:16] [LOG] - Reading response...
[13:08:16] [LOG] - Response reed.
[13:08:16] [LOG] - Successfully pulled 1 order!
[13:08:16] [LOG] - Refreshing order list...
[13:08:16] [LOG] - Order list refreshed.
[13:08:17] [LOG] - Getting orders...
[13:08:17] [LOG] - Clearing cache...
[13:08:17] [LOG] - Caches cleared.
[13:08:17] [LOG] - Connecting to database...
[13:08:17] [LOG] - Connected to database.
[13:08:17] [LOG] - Sending query...
[13:08:17] [LOG] - Query sent.
[13:08:17] [LOG] - Reading response...
[13:08:17] [LOG] - Response reed.
[13:08:17] [LOG] - Successfully pulled 1 order!
[13:08:17] [LOG] - Refreshing order list...
[13:08:17] [LOG] - Order list refreshed.
[13:08:18] [LOG] - Getting orders...
[13:08:18] [LOG] - Clearing cache...
[13:08:18] [LOG] - Caches cleared.
[13:08:18] [LOG] - Connecting to database...
[13:08:18] [LOG] - Connected to database.
[13:08:18] [LOG] - Sending query...
[13:08:18] [LOG] - Query sent.
[13:08:18] [LOG] - Reading response...
[13:08:18] [LOG] - Response reed.
[13:08:18] [LOG] - Successfully pulled 1 order!
[13:08:18] [LOG] - Refreshing order list...
[13:08:18] [LOG] - Order list refreshed.
[13:08:19] [LOG] - Getting orders...
[13:08:19] [LOG] - Clearing cache...
[13:08:19] [LOG] - Caches cleared.
[13:08:19] [LOG] - Connecting to database...
[13:08:19] [LOG] - Connected to database.
[13:08:19] [LOG] - Sending query...
[13:08:19] [LOG] - Query sent.
[13:08:19] [LOG] - Reading response...
[13:08:19] [LOG] - Response reed.
[13:08:19] [LOG] - Successfully pulled 1 order!
[13:08:19] [LOG] - Refreshing order list...
[13:08:19] [LOG] - Order list refreshed.
[13:08:20] [LOG] - Getting orders...
[13:08:20] [LOG] - Clearing cache...
[13:08:20] [LOG] - Caches cleared.
[13:08:20] [LOG] - Connecting to database...
[13:08:20] [LOG] - Connected to database.
[13:08:20] [LOG] - Sending query...
[13:08:20] [LOG] - Query sent.
[13:08:20] [LOG] - Reading response...
[13:08:20] [LOG] - Response reed.
[13:08:20] [LOG] - Successfully pulled 1 order!
[13:08:20] [LOG] - Refreshing order list...
[13:08:20] [LOG] - Order list refreshed.
[13:08:21] [LOG] - Logging in...
[13:08:21] [LOG] - Connecting to database...
[13:08:21] [LOG] - Connected to database.
[13:08:21] [LOG] - Sending query...
[13:08:21] [LOG] - Query sent.
[13:08:21] [LOG] - Reading response...
[13:08:21] [LOG] - Response reed.
[13:08:21] [LOG] - Verifying password...
[13:08:21] [LOG] - Password verified.
[13:08:21] [LOG] - Sending notification...
[13:08:21] [LOG] - Notification sent.
[13:08:21] [LOG] - Logged in.
[13:08:21] [LOG] - Getting orders...
[13:08:21] [LOG] - Clearing cache...
[13:08:21] [LOG] - Caches cleared.
[13:08:21] [LOG] - Connecting to database...
[13:08:21] [LOG] - Connected to database.
[13:08:21] [LOG] - Sending query...
[13:08:21] [LOG] - Query sent.
[13:08:21] [LOG] - Reading response...
[13:08:21] [LOG] - Response reed.
[13:08:21] [LOG] - Successfully pulled 1 order!
[13:08:21] [LOG] - Refreshing order list...
[13:08:21] [LOG] - Order list refreshed.
[13:08:22] [LOG] - Getting orders...
[13:08:22] [LOG] - Clearing cache...
[13:08:22] [LOG] - Caches cleared.
[13:08:22] [LOG] - Connecting to database...
[13:08:22] [LOG] - Connected to database.
[13:08:22] [LOG] - Sending query...
[13:08:22] [LOG] - Query sent.
[13:08:22] [LOG] - Reading response...
[13:08:22] [LOG] - Response reed.
[13:08:22] [LOG] - Successfully pulled 1 order!
[13:08:22] [LOG] - Refreshing order list...
[13:08:22] [LOG] - Order list refreshed.
[13:08:23] [LOG] - Getting orders...
[13:08:23] [LOG] - Clearing cache...
[13:08:23] [LOG] - Caches cleared.
[13:08:23] [LOG] - Connecting to database...
[13:08:23] [LOG] - Connected to database.
[13:08:23] [LOG] - Sending query...
[13:08:23] [LOG] - Query sent.
[13:08:23] [LOG] - Reading response...
[13:08:23] [LOG] - Response reed.
[13:08:23] [LOG] - Successfully pulled 1 order!
[13:08:23] [LOG] - Refreshing order list...
[13:08:23] [LOG] - Order list refreshed.
[13:08:24] [LOG] - Getting orders...
[13:08:24] [LOG] - Clearing cache...
[13:08:24] [LOG] - Caches cleared.
[13:08:24] [LOG] - Connecting to database...
[13:08:24] [LOG] - Connected to database.
[13:08:24] [LOG] - Sending query...
[13:08:24] [LOG] - Query sent.
[13:08:24] [LOG] - Reading response...
[13:08:24] [LOG] - Response reed.
[13:08:24] [LOG] - Successfully pulled 1 order!
[13:08:24] [LOG] - Refreshing order list...
[13:08:24] [LOG] - Order list refreshed.
[13:08:25] [LOG] - Getting orders...
[13:08:25] [LOG] - Clearing cache...
[13:08:25] [LOG] - Caches cleared.
[13:08:25] [LOG] - Connecting to database...
[13:08:25] [LOG] - Connected to database.
[13:08:25] [LOG] - Sending query...
[13:08:25] [LOG] - Query sent.
[13:08:25] [LOG] - Reading response...
[13:08:25] [LOG] - Response reed.
[13:08:25] [LOG] - Successfully pulled 1 order!
[13:08:25] [LOG] - Refreshing order list...
[13:08:25] [LOG] - Order list refreshed.
[13:08:26] [LOG] - Getting orders...
[13:08:26] [LOG] - Clearing cache...
[13:08:26] [LOG] - Caches cleared.
[13:08:26] [LOG] - Connecting to database...
[13:08:26] [LOG] - Connected to database.
[13:08:26] [LOG] - Sending query...
[13:08:26] [LOG] - Query sent.
[13:08:26] [LOG] - Reading response...
[13:08:26] [LOG] - Response reed.
[13:08:26] [LOG] - Successfully pulled 1 order!
[13:08:26] [LOG] - Refreshing order list...
[13:08:26] [LOG] - Order list refreshed.
[13:08:27] [LOG] - Getting orders...
[13:08:27] [LOG] - Clearing cache...
[13:08:27] [LOG] - Caches cleared.
[13:08:27] [LOG] - Connecting to database...
[13:08:27] [LOG] - Connected to database.
[13:08:27] [LOG] - Sending query...
[13:08:27] [LOG] - Query sent.
[13:08:27] [LOG] - Reading response...
[13:08:27] [LOG] - Response reed.
[13:08:27] [LOG] - Successfully pulled 1 order!
[13:08:27] [LOG] - Refreshing order list...
[13:08:27] [LOG] - Order list refreshed.
[13:08:28] [LOG] - Getting orders...
[13:08:28] [LOG] - Clearing cache...
[13:08:28] [LOG] - Caches cleared.
[13:08:28] [LOG] - Connecting to database...
[13:08:28] [LOG] - Connected to database.
[13:08:28] [LOG] - Sending query...
[13:08:28] [LOG] - Query sent.
[13:08:28] [LOG] - Reading response...
[13:08:28] [LOG] - Response reed.
[13:08:28] [LOG] - Successfully pulled 1 order!
[13:08:28] [LOG] - Refreshing order list...
[13:08:28] [LOG] - Order list refreshed.
[13:08:29] [LOG] - Getting orders...
[13:08:29] [LOG] - Clearing cache...
[13:08:29] [LOG] - Caches cleared.
[13:08:29] [LOG] - Connecting to database...
[13:08:29] [LOG] - Connected to database.
[13:08:29] [LOG] - Sending query...
[13:08:29] [LOG] - Query sent.
[13:08:29] [LOG] - Reading response...
[13:08:29] [LOG] - Response reed.
[13:08:29] [LOG] - Successfully pulled 1 order!
[13:08:29] [LOG] - Refreshing order list...
[13:08:29] [LOG] - Order list refreshed.
[13:08:30] [LOG] - Getting orders...
[13:08:30] [LOG] - Clearing cache...
[13:08:30] [LOG] - Caches cleared.
[13:08:30] [LOG] - Connecting to database...
[13:08:30] [LOG] - Connected to database.
[13:08:30] [LOG] - Sending query...
[13:08:30] [LOG] - Query sent.
[13:08:30] [LOG] - Reading response...
[13:08:30] [LOG] - Response reed.
[13:08:30] [LOG] - Successfully pulled 1 order!
[13:08:30] [LOG] - Refreshing order list...
[13:08:30] [LOG] - Order list refreshed.
[13:08:32] [LOG] - Getting orders...
[13:08:32] [LOG] - Clearing cache...
[13:08:32] [LOG] - Caches cleared.
[13:08:32] [LOG] - Connecting to database...
[13:08:32] [LOG] - Connected to database.
[13:08:32] [LOG] - Sending query...
[13:08:32] [LOG] - Query sent.
[13:08:32] [LOG] - Reading response...
[13:08:32] [LOG] - Response reed.
[13:08:32] [LOG] - Successfully pulled 1 order!
[13:08:32] [LOG] - Refreshing order list...
[13:08:32] [LOG] - Order list refreshed.
[13:08:33] [LOG] - Getting orders...
[13:08:33] [LOG] - Clearing cache...
[13:08:33] [LOG] - Caches cleared.
[13:08:33] [LOG] - Connecting to database...
[13:08:33] [LOG] - Connected to database.
[13:08:33] [LOG] - Sending query...
[13:08:33] [LOG] - Query sent.
[13:08:33] [LOG] - Reading response...
[13:08:33] [LOG] - Response reed.
[13:08:33] [LOG] - Successfully pulled 1 order!
[13:08:33] [LOG] - Refreshing order list...
[13:08:33] [LOG] - Order list refreshed.
[13:08:34] [LOG] - Getting orders...
[13:08:34] [LOG] - Clearing cache...
[13:08:34] [LOG] - Caches cleared.
[13:08:34] [LOG] - Connecting to database...
[13:08:34] [LOG] - Connected to database.
[13:08:34] [LOG] - Sending query...
[13:08:34] [LOG] - Query sent.
[13:08:34] [LOG] - Reading response...
[13:08:34] [LOG] - Response reed.
[13:08:34] [LOG] - Successfully pulled 1 order!
[13:08:34] [LOG] - Refreshing order list...
[13:08:34] [LOG] - Order list refreshed.
[13:08:35] [LOG] - Getting orders...
[13:08:35] [LOG] - Clearing cache...
[13:08:35] [LOG] - Caches cleared.
[13:08:35] [LOG] - Connecting to database...
[13:08:35] [LOG] - Connected to database.
[13:08:35] [LOG] - Sending query...
[13:08:35] [LOG] - Query sent.
[13:08:35] [LOG] - Reading response...
[13:08:35] [LOG] - Response reed.
[13:08:35] [LOG] - Successfully pulled 1 order!
[13:08:35] [LOG] - Refreshing order list...
[13:08:35] [LOG] - Order list refreshed.
[13:08:36] [LOG] - Getting orders...
[13:08:36] [LOG] - Clearing cache...
[13:08:36] [LOG] - Caches cleared.
[13:08:36] [LOG] - Connecting to database...
[13:08:36] [LOG] - Connected to database.
[13:08:36] [LOG] - Sending query...
[13:08:36] [LOG] - Query sent.
[13:08:36] [LOG] - Reading response...
[13:08:36] [LOG] - Response reed.
[13:08:36] [LOG] - Successfully pulled 1 order!
[13:08:36] [LOG] - Refreshing order list...
[13:08:36] [LOG] - Order list refreshed.
[13:08:37] [LOG] - Getting orders...
[13:08:37] [LOG] - Clearing cache...
[13:08:37] [LOG] - Caches cleared.
[13:08:37] [LOG] - Connecting to database...
[13:08:37] [LOG] - Connected to database.
[13:08:37] [LOG] - Sending query...
[13:08:37] [LOG] - Query sent.
[13:08:37] [LOG] - Reading response...
[13:08:37] [LOG] - Response reed.
[13:08:37] [LOG] - Successfully pulled 1 order!
[13:08:37] [LOG] - Refreshing order list...
[13:08:37] [LOG] - Order list refreshed.
[13:08:38] [LOG] - Getting orders...
[13:08:38] [LOG] - Clearing cache...
[13:08:38] [LOG] - Caches cleared.
[13:08:38] [LOG] - Connecting to database...
[13:08:38] [LOG] - Connected to database.
[13:08:38] [LOG] - Sending query...
[13:08:38] [LOG] - Query sent.
[13:08:38] [LOG] - Reading response...
[13:08:38] [LOG] - Response reed.
[13:08:38] [LOG] - Successfully pulled 1 order!
[13:08:38] [LOG] - Refreshing order list...
[13:08:38] [LOG] - Order list refreshed.
[13:08:39] [LOG] - Getting orders...
[13:08:39] [LOG] - Clearing cache...
[13:08:39] [LOG] - Caches cleared.
[13:08:39] [LOG] - Connecting to database...
[13:08:39] [LOG] - Connected to database.
[13:08:39] [LOG] - Sending query...
[13:08:39] [LOG] - Query sent.
[13:08:39] [LOG] - Reading response...
[13:08:39] [LOG] - Response reed.
[13:08:39] [LOG] - Successfully pulled 1 order!
[13:08:39] [LOG] - Refreshing order list...
[13:08:39] [LOG] - Order list refreshed.
[13:08:40] [LOG] - Getting orders...
[13:08:40] [LOG] - Clearing cache...
[13:08:40] [LOG] - Caches cleared.
[13:08:40] [LOG] - Connecting to database...
[13:08:40] [LOG] - Connected to database.
[13:08:40] [LOG] - Sending query...
[13:08:40] [LOG] - Query sent.
[13:08:40] [LOG] - Reading response...
[13:08:40] [LOG] - Response reed.
[13:08:40] [LOG] - Successfully pulled 1 order!
[13:08:40] [LOG] - Refreshing order list...
[13:08:40] [LOG] - Order list refreshed.
[13:08:41] [LOG] - Getting orders...
[13:08:41] [LOG] - Clearing cache...
[13:08:41] [LOG] - Caches cleared.
[13:08:41] [LOG] - Connecting to database...
[13:08:41] [LOG] - Connected to database.
[13:08:41] [LOG] - Sending query...
[13:08:41] [LOG] - Query sent.
[13:08:41] [LOG] - Reading response...
[13:08:41] [LOG] - Response reed.
[13:08:41] [LOG] - Successfully pulled 1 order!
[13:08:41] [LOG] - Refreshing order list...
[13:08:41] [LOG] - Order list refreshed.
[13:08:41] [LOG] - Hiding window...
[13:08:41] [LOG] - Window is hidden.
[13:08:42] [LOG] - Getting orders...
[13:08:42] [LOG] - Clearing cache...
[13:08:42] [LOG] - Caches cleared.
[13:08:42] [LOG] - Connecting to database...
[13:08:42] [LOG] - Connected to database.
[13:08:42] [LOG] - Sending query...
[13:08:42] [LOG] - Query sent.
[13:08:42] [LOG] - Reading response...
[13:08:42] [LOG] - Response reed.
[13:08:42] [LOG] - Successfully pulled 1 order!
[13:08:42] [LOG] - Refreshing order list...
[13:08:42] [LOG] - Order list refreshed.
[13:08:43] [LOG] - Getting orders...
[13:08:43] [LOG] - Clearing cache...
[13:08:43] [LOG] - Caches cleared.
[13:08:43] [LOG] - Connecting to database...
[13:08:43] [LOG] - Connected to database.
[13:08:43] [LOG] - Sending query...
[13:08:43] [LOG] - Query sent.
[13:08:43] [LOG] - Reading response...
[13:08:43] [LOG] - Response reed.
[13:08:43] [LOG] - Successfully pulled 1 order!
[13:08:43] [LOG] - Refreshing order list...
[13:08:43] [LOG] - Order list refreshed.
[13:12:43] [LOG] - Starting application...
[13:12:43] [LOG] - Loading resources...
[13:12:43] [LOG] - Resources loaded.
[13:12:43] [LOG] - Loading windows...
[13:12:43] [LOG] - Windows loaded.
[13:12:43] [LOG] - Loading system tray icon...
[13:12:43] [LOG] - System tray icon loaded.
[13:12:43] [LOG] - Application started!
[13:12:44] [LOG] - Getting orders...
[13:12:44] [LOG] - Clearing cache...
[13:12:44] [LOG] - Caches cleared.
[13:12:44] [LOG] - Connecting to database...
[13:12:44] [LOG] - Connected to database.
[13:12:44] [LOG] - Sending query...
[13:12:44] [LOG] - Query sent.
[13:12:44] [LOG] - Reading response...
[13:12:44] [LOG] - Response reed.
[13:12:44] [LOG] - Successfully pulled 1 order!
[13:12:44] [LOG] - Refreshing order list...
[13:12:44] [LOG] - Order list refreshed.
[13:12:45] [LOG] - Getting orders...
[13:12:45] [LOG] - Clearing cache...
[13:12:45] [LOG] - Caches cleared.
[13:12:45] [LOG] - Connecting to database...
[13:12:45] [LOG] - Connected to database.
[13:12:45] [LOG] - Sending query...
[13:12:45] [LOG] - Query sent.
[13:12:45] [LOG] - Reading response...
[13:12:45] [LOG] - Response reed.
[13:12:45] [LOG] - Successfully pulled 1 order!
[13:12:45] [LOG] - Refreshing order list...
[13:12:45] [LOG] - Order list refreshed.
[13:12:46] [LOG] - Getting orders...
[13:12:46] [LOG] - Clearing cache...
[13:12:46] [LOG] - Caches cleared.
[13:12:46] [LOG] - Connecting to database...
[13:12:46] [LOG] - Connected to database.
[13:12:46] [LOG] - Sending query...
[13:12:46] [LOG] - Query sent.
[13:12:46] [LOG] - Reading response...
[13:12:46] [LOG] - Response reed.
[13:12:46] [LOG] - Successfully pulled 1 order!
[13:12:46] [LOG] - Refreshing order list...
[13:12:46] [LOG] - Order list refreshed.
[13:12:47] [LOG] - Getting orders...
[13:12:47] [LOG] - Clearing cache...
[13:12:47] [LOG] - Caches cleared.
[13:12:47] [LOG] - Connecting to database...
[13:12:47] [LOG] - Connected to database.
[13:12:47] [LOG] - Sending query...
[13:12:47] [LOG] - Query sent.
[13:12:47] [LOG] - Reading response...
[13:12:47] [LOG] - Response reed.
[13:12:47] [LOG] - Successfully pulled 1 order!
[13:12:47] [LOG] - Refreshing order list...
[13:12:47] [LOG] - Order list refreshed.
[13:12:48] [LOG] - Getting orders...
[13:12:48] [LOG] - Clearing cache...
[13:12:48] [LOG] - Caches cleared.
[13:12:48] [LOG] - Connecting to database...
[13:12:48] [LOG] - Connected to database.
[13:12:48] [LOG] - Sending query...
[13:12:48] [LOG] - Query sent.
[13:12:48] [LOG] - Reading response...
[13:12:48] [LOG] - Response reed.
[13:12:48] [LOG] - Successfully pulled 1 order!
[13:12:48] [LOG] - Refreshing order list...
[13:12:48] [LOG] - Order list refreshed.
[13:12:49] [LOG] - Getting orders...
[13:12:49] [LOG] - Clearing cache...
[13:12:49] [LOG] - Caches cleared.
[13:12:49] [LOG] - Connecting to database...
[13:12:49] [LOG] - Connected to database.
[13:12:49] [LOG] - Sending query...
[13:12:49] [LOG] - Query sent.
[13:12:49] [LOG] - Reading response...
[13:12:49] [LOG] - Response reed.
[13:12:49] [LOG] - Successfully pulled 1 order!
[13:12:49] [LOG] - Refreshing order list...
[13:12:49] [LOG] - Order list refreshed.
[13:12:50] [LOG] - Getting orders...
[13:12:50] [LOG] - Clearing cache...
[13:12:50] [LOG] - Caches cleared.
[13:12:50] [LOG] - Connecting to database...
[13:12:50] [LOG] - Connected to database.
[13:12:50] [LOG] - Sending query...
[13:12:50] [LOG] - Query sent.
[13:12:50] [LOG] - Reading response...
[13:12:50] [LOG] - Response reed.
[13:12:50] [LOG] - Successfully pulled 1 order!
[13:12:50] [LOG] - Refreshing order list...
[13:12:50] [LOG] - Order list refreshed.
[13:12:51] [LOG] - Getting orders...
[13:12:51] [LOG] - Clearing cache...
[13:12:51] [LOG] - Caches cleared.
[13:12:51] [LOG] - Connecting to database...
[13:12:51] [LOG] - Connected to database.
[13:12:51] [LOG] - Sending query...
[13:12:51] [LOG] - Query sent.
[13:12:51] [LOG] - Reading response...
[13:12:51] [LOG] - Response reed.
[13:12:51] [LOG] - Successfully pulled 1 order!
[13:12:51] [LOG] - Refreshing order list...
[13:12:51] [LOG] - Order list refreshed.
[13:12:52] [LOG] - Getting orders...
[13:12:52] [LOG] - Clearing cache...
[13:12:52] [LOG] - Caches cleared.
[13:12:52] [LOG] - Connecting to database...
[13:12:52] [LOG] - Connected to database.
[13:12:52] [LOG] - Sending query...
[13:12:52] [LOG] - Query sent.
[13:12:52] [LOG] - Reading response...
[13:12:52] [LOG] - Response reed.
[13:12:52] [LOG] - Successfully pulled 1 order!
[13:12:52] [LOG] - Refreshing order list...
[13:12:52] [LOG] - Order list refreshed.
[13:12:52] [LOG] - Logging in...
[13:12:52] [LOG] - Connecting to database...
[13:12:52] [LOG] - Connected to database.
[13:12:52] [LOG] - Sending query...
[13:12:53] [LOG] - Query sent.
[13:12:53] [LOG] - Reading response...
[13:12:53] [LOG] - Response reed.
[13:12:53] [LOG] - Verifying password...
[13:12:53] [LOG] - Password verified.
[13:12:53] [LOG] - Sending notification...
[13:12:53] [LOG] - Notification sent.
[13:12:53] [LOG] - Logged in.
[13:12:53] [LOG] - Getting orders...
[13:12:53] [LOG] - Clearing cache...
[13:12:53] [LOG] - Caches cleared.
[13:12:53] [LOG] - Connecting to database...
[13:12:53] [LOG] - Connected to database.
[13:12:53] [LOG] - Sending query...
[13:12:53] [LOG] - Query sent.
[13:12:53] [LOG] - Reading response...
[13:12:53] [LOG] - Response reed.
[13:12:53] [LOG] - Successfully pulled 1 order!
[13:12:53] [LOG] - Refreshing order list...
[13:12:53] [LOG] - Order list refreshed.
[13:12:54] [LOG] - Getting orders...
[13:12:54] [LOG] - Clearing cache...
[13:12:54] [LOG] - Caches cleared.
[13:12:54] [LOG] - Connecting to database...
[13:12:54] [LOG] - Connected to database.
[13:12:54] [LOG] - Sending query...
[13:12:54] [LOG] - Query sent.
[13:12:54] [LOG] - Reading response...
[13:12:54] [LOG] - Response reed.
[13:12:54] [LOG] - Successfully pulled 1 order!
[13:12:54] [LOG] - Refreshing order list...
[13:12:54] [LOG] - Order list refreshed.
[13:12:55] [LOG] - Getting orders...
[13:12:55] [LOG] - Clearing cache...
[13:12:55] [LOG] - Caches cleared.
[13:12:55] [LOG] - Connecting to database...
[13:12:55] [LOG] - Connected to database.
[13:12:55] [LOG] - Sending query...
[13:12:55] [LOG] - Query sent.
[13:12:55] [LOG] - Reading response...
[13:12:55] [LOG] - Response reed.
[13:12:55] [LOG] - Successfully pulled 1 order!
[13:12:55] [LOG] - Refreshing order list...
[13:12:55] [LOG] - Order list refreshed.
[13:12:56] [LOG] - Getting orders...
[13:12:56] [LOG] - Clearing cache...
[13:12:56] [LOG] - Caches cleared.
[13:12:56] [LOG] - Connecting to database...
[13:12:56] [LOG] - Connected to database.
[13:12:56] [LOG] - Sending query...
[13:12:56] [LOG] - Query sent.
[13:12:56] [LOG] - Reading response...
[13:12:56] [LOG] - Response reed.
[13:12:56] [LOG] - Successfully pulled 1 order!
[13:12:56] [LOG] - Refreshing order list...
[13:12:56] [LOG] - Order list refreshed.
[13:12:57] [LOG] - Getting orders...
[13:12:57] [LOG] - Clearing cache...
[13:12:57] [LOG] - Caches cleared.
[13:12:57] [LOG] - Connecting to database...
[13:12:57] [LOG] - Connected to database.
[13:12:57] [LOG] - Sending query...
[13:12:57] [LOG] - Query sent.
[13:12:57] [LOG] - Reading response...
[13:12:57] [LOG] - Response reed.
[13:12:57] [LOG] - Successfully pulled 1 order!
[13:12:57] [LOG] - Refreshing order list...
[13:12:57] [LOG] - Order list refreshed.
[13:12:59] [LOG] - Getting orders...
[13:12:59] [LOG] - Clearing cache...
[13:12:59] [LOG] - Caches cleared.
[13:12:59] [LOG] - Connecting to database...
[13:12:59] [LOG] - Connected to database.
[13:12:59] [LOG] - Sending query...
[13:12:59] [LOG] - Query sent.
[13:12:59] [LOG] - Reading response...
[13:12:59] [LOG] - Response reed.
[13:12:59] [LOG] - Successfully pulled 1 order!
[13:12:59] [LOG] - Refreshing order list...
[13:12:59] [LOG] - Order list refreshed.
[13:13:00] [LOG] - Getting orders...
[13:13:00] [LOG] - Clearing cache...
[13:13:00] [LOG] - Caches cleared.
[13:13:00] [LOG] - Connecting to database...
[13:13:00] [LOG] - Connected to database.
[13:13:00] [LOG] - Sending query...
[13:13:00] [LOG] - Query sent.
[13:13:00] [LOG] - Reading response...
[13:13:00] [LOG] - Response reed.
[13:13:00] [LOG] - Successfully pulled 1 order!
[13:13:00] [LOG] - Refreshing order list...
[13:13:00] [LOG] - Order list refreshed.
[13:13:01] [LOG] - Getting orders...
[13:13:01] [LOG] - Clearing cache...
[13:13:01] [LOG] - Caches cleared.
[13:13:01] [LOG] - Connecting to database...
[13:13:01] [LOG] - Connected to database.
[13:13:01] [LOG] - Sending query...
[13:13:01] [LOG] - Query sent.
[13:13:01] [LOG] - Reading response...
[13:13:01] [LOG] - Response reed.
[13:13:01] [LOG] - Successfully pulled 1 order!
[13:13:01] [LOG] - Refreshing order list...
[13:13:01] [LOG] - Order list refreshed.
[13:13:02] [LOG] - Getting orders...
[13:13:02] [LOG] - Clearing cache...
[13:13:02] [LOG] - Caches cleared.
[13:13:02] [LOG] - Connecting to database...
[13:13:02] [LOG] - Connected to database.
[13:13:02] [LOG] - Sending query...
[13:13:02] [LOG] - Query sent.
[13:13:02] [LOG] - Reading response...
[13:13:02] [LOG] - Response reed.
[13:13:02] [LOG] - Successfully pulled 1 order!
[13:13:02] [LOG] - Refreshing order list...
[13:13:02] [LOG] - Order list refreshed.
[13:13:03] [LOG] - Getting orders...
[13:13:03] [LOG] - Clearing cache...
[13:13:03] [LOG] - Caches cleared.
[13:13:03] [LOG] - Connecting to database...
[13:13:03] [LOG] - Connected to database.
[13:13:03] [LOG] - Sending query...
[13:13:03] [LOG] - Query sent.
[13:13:03] [LOG] - Reading response...
[13:13:03] [LOG] - Response reed.
[13:13:03] [LOG] - Successfully pulled 1 order!
[13:13:03] [LOG] - Refreshing order list...
[13:13:03] [LOG] - Order list refreshed.
[13:13:04] [LOG] - Getting orders...
[13:13:04] [LOG] - Clearing cache...
[13:13:04] [LOG] - Caches cleared.
[13:13:04] [LOG] - Connecting to database...
[13:13:04] [LOG] - Connected to database.
[13:13:04] [LOG] - Sending query...
[13:13:04] [LOG] - Query sent.
[13:13:04] [LOG] - Reading response...
[13:13:04] [LOG] - Response reed.
[13:13:04] [LOG] - Successfully pulled 1 order!
[13:13:04] [LOG] - Refreshing order list...
[13:13:04] [LOG] - Order list refreshed.
[13:13:05] [LOG] - Getting orders...
[13:13:05] [LOG] - Clearing cache...
[13:13:05] [LOG] - Caches cleared.
[13:13:05] [LOG] - Connecting to database...
[13:13:05] [LOG] - Connected to database.
[13:13:05] [LOG] - Sending query...
[13:13:05] [LOG] - Query sent.
[13:13:05] [LOG] - Reading response...
[13:13:05] [LOG] - Response reed.
[13:13:05] [LOG] - Successfully pulled 1 order!
[13:13:05] [LOG] - Refreshing order list...
[13:13:05] [LOG] - Order list refreshed.
[13:13:07] [LOG] - Getting orders...
[13:13:07] [LOG] - Clearing cache...
[13:13:07] [LOG] - Caches cleared.
[13:13:07] [LOG] - Connecting to database...
[13:13:07] [LOG] - Connected to database.
[13:13:07] [LOG] - Sending query...
[13:13:07] [LOG] - Query sent.
[13:13:07] [LOG] - Reading response...
[13:13:07] [LOG] - Response reed.
[13:13:07] [LOG] - Successfully pulled 1 order!
[13:13:07] [LOG] - Refreshing order list...
[13:13:07] [LOG] - Order list refreshed.
[13:13:08] [LOG] - Getting orders...
[13:13:08] [LOG] - Clearing cache...
[13:13:08] [LOG] - Caches cleared.
[13:13:08] [LOG] - Connecting to database...
[13:13:08] [LOG] - Connected to database.
[13:13:08] [LOG] - Sending query...
[13:13:08] [LOG] - Query sent.
[13:13:08] [LOG] - Reading response...
[13:13:08] [LOG] - Response reed.
[13:13:08] [LOG] - Successfully pulled 1 order!
[13:13:08] [LOG] - Refreshing order list...
[13:13:08] [LOG] - Order list refreshed.
[13:13:10] [LOG] - Getting orders...
[13:13:10] [LOG] - Clearing cache...
[13:13:10] [LOG] - Caches cleared.
[13:13:10] [LOG] - Connecting to database...
[13:13:10] [LOG] - Connected to database.
[13:13:10] [LOG] - Sending query...
[13:13:10] [LOG] - Query sent.
[13:13:10] [LOG] - Reading response...
[13:13:10] [LOG] - Response reed.
[13:13:10] [LOG] - Successfully pulled 1 order!
[13:13:10] [LOG] - Refreshing order list...
[13:13:10] [LOG] - Order list refreshed.
[13:13:11] [LOG] - Getting orders...
[13:13:11] [LOG] - Clearing cache...
[13:13:11] [LOG] - Caches cleared.
[13:13:11] [LOG] - Connecting to database...
[13:13:11] [LOG] - Connected to database.
[13:13:11] [LOG] - Sending query...
[13:13:11] [LOG] - Query sent.
[13:13:11] [LOG] - Reading response...
[13:13:11] [LOG] - Response reed.
[13:13:11] [LOG] - Successfully pulled 1 order!
[13:13:11] [LOG] - Refreshing order list...
[13:13:11] [LOG] - Order list refreshed.
[13:13:12] [LOG] - Getting orders...
[13:13:12] [LOG] - Clearing cache...
[13:13:12] [LOG] - Caches cleared.
[13:13:12] [LOG] - Connecting to database...
[13:13:12] [LOG] - Connected to database.
[13:13:12] [LOG] - Sending query...
[13:13:12] [LOG] - Query sent.
[13:13:12] [LOG] - Reading response...
[13:13:12] [LOG] - Response reed.
[13:13:12] [LOG] - Successfully pulled 1 order!
[13:13:12] [LOG] - Refreshing order list...
[13:13:12] [LOG] - Order list refreshed.
[13:13:13] [LOG] - Getting orders...
[13:13:13] [LOG] - Clearing cache...
[13:13:13] [LOG] - Caches cleared.
[13:13:13] [LOG] - Connecting to database...
[13:13:13] [LOG] - Connected to database.
[13:13:13] [LOG] - Sending query...
[13:13:13] [LOG] - Query sent.
[13:13:13] [LOG] - Reading response...
[13:13:13] [LOG] - Response reed.
[13:13:13] [LOG] - Successfully pulled 1 order!
[13:13:13] [LOG] - Refreshing order list...
[13:13:13] [LOG] - Order list refreshed.
[13:13:14] [LOG] - Getting orders...
[13:13:14] [LOG] - Clearing cache...
[13:13:14] [LOG] - Caches cleared.
[13:13:14] [LOG] - Connecting to database...
[13:13:14] [LOG] - Connected to database.
[13:13:14] [LOG] - Sending query...
[13:13:14] [LOG] - Query sent.
[13:13:14] [LOG] - Reading response...
[13:13:14] [LOG] - Response reed.
[13:13:14] [LOG] - Successfully pulled 1 order!
[13:13:14] [LOG] - Refreshing order list...
[13:13:14] [LOG] - Order list refreshed.
[13:13:15] [LOG] - Getting orders...
[13:13:15] [LOG] - Clearing cache...
[13:13:15] [LOG] - Caches cleared.
[13:13:15] [LOG] - Connecting to database...
[13:13:15] [LOG] - Connected to database.
[13:13:15] [LOG] - Sending query...
[13:13:15] [LOG] - Query sent.
[13:13:15] [LOG] - Reading response...
[13:13:15] [LOG] - Response reed.
[13:13:15] [LOG] - Successfully pulled 1 order!
[13:13:15] [LOG] - Refreshing order list...
[13:13:15] [LOG] - Order list refreshed.
[13:13:16] [LOG] - Getting orders...
[13:13:16] [LOG] - Clearing cache...
[13:13:16] [LOG] - Caches cleared.
[13:13:16] [LOG] - Connecting to database...
[13:13:16] [LOG] - Connected to database.
[13:13:16] [LOG] - Sending query...
[13:13:16] [LOG] - Query sent.
[13:13:16] [LOG] - Reading response...
[13:13:16] [LOG] - Response reed.
[13:13:16] [LOG] - Successfully pulled 1 order!
[13:13:16] [LOG] - Refreshing order list...
[13:13:16] [LOG] - Order list refreshed.
[13:13:16] [LOG] - Signing out...
[13:13:16] [LOG] - Signed out.
[13:13:17] [LOG] - Getting orders...
[13:13:17] [LOG] - Clearing cache...
[13:13:17] [LOG] - Caches cleared.
[13:13:17] [LOG] - Connecting to database...
[13:13:17] [LOG] - Connected to database.
[13:13:17] [LOG] - Sending query...
[13:13:17] [LOG] - Query sent.
[13:13:17] [LOG] - Reading response...
[13:13:17] [LOG] - Response reed.
[13:13:17] [LOG] - Successfully pulled 1 order!
[13:13:17] [LOG] - Refreshing order list...
[13:13:17] [LOG] - Order list refreshed.
[13:13:18] [LOG] - Getting orders...
[13:13:18] [LOG] - Clearing cache...
[13:13:18] [LOG] - Caches cleared.
[13:13:18] [LOG] - Connecting to database...
[13:13:18] [LOG] - Connected to database.
[13:13:18] [LOG] - Sending query...
[13:13:18] [LOG] - Query sent.
[13:13:18] [LOG] - Reading response...
[13:13:18] [LOG] - Response reed.
[13:13:18] [LOG] - Successfully pulled 1 order!
[13:13:18] [LOG] - Refreshing order list...
[13:13:18] [LOG] - Order list refreshed.
[13:13:19] [LOG] - Getting orders...
[13:13:19] [LOG] - Clearing cache...
[13:13:19] [LOG] - Caches cleared.
[13:13:19] [LOG] - Connecting to database...
[13:13:19] [LOG] - Connected to database.
[13:13:19] [LOG] - Sending query...
[13:13:19] [LOG] - Query sent.
[13:13:19] [LOG] - Reading response...
[13:13:19] [LOG] - Response reed.
[13:13:19] [LOG] - Successfully pulled 1 order!
[13:13:19] [LOG] - Refreshing order list...
[13:13:19] [LOG] - Order list refreshed.
[16:24:14] [LOG] - Starting application...
[16:24:14] [LOG] - Loading resources...
[16:24:14] [LOG] - Resources loaded.
[16:24:14] [LOG] - Loading windows...
[16:24:15] [LOG] - Windows loaded.
[16:24:15] [LOG] - Loading system tray icon...
[16:24:15] [LOG] - System tray icon loaded.
[16:24:15] [LOG] - Application started!
[16:24:16] [LOG] - Getting orders...
[16:24:16] [LOG] - Clearing cache...
[16:24:16] [LOG] - Caches cleared.
[16:24:16] [LOG] - Connecting to database...
[16:24:22] [ERROR] - Database connection error while getting the orders: $Unable to connect to any of the specified MySQL hosts!
[16:24:22] [LOG] - Refreshing order list...
[16:24:22] [LOG] - Order list refreshed.
[16:24:23] [LOG] - Getting orders...
[16:24:23] [LOG] - Clearing cache...
[16:24:23] [LOG] - Caches cleared.
[16:24:23] [LOG] - Connecting to database...
[16:24:26] [ERROR] - Database connection error while getting the orders: $Unable to connect to any of the specified MySQL hosts!
[16:24:26] [LOG] - Refreshing order list...
[16:24:26] [LOG] - Order list refreshed.
[16:24:27] [LOG] - Getting orders...
[16:24:27] [LOG] - Clearing cache...
[16:24:27] [LOG] - Caches cleared.
[16:24:27] [LOG] - Connecting to database...
[16:26:03] [LOG] - Starting application...
[16:26:03] [LOG] - Loading resources...
[16:26:03] [LOG] - Resources loaded.
[16:26:03] [LOG] - Loading windows...
[16:26:03] [LOG] - Windows loaded.
[16:26:03] [LOG] - Loading system tray icon...
[16:26:03] [LOG] - System tray icon loaded.
[16:26:04] [LOG] - Application started!
[16:26:16] [LOG] - Logging in...
[16:26:16] [LOG] - Connecting to database...
[16:26:19] [ERROR] - Database connection error: Unable to connect to any of the specified MySQL hosts!
[16:26:37] [LOG] - Starting application...
[16:26:37] [LOG] - Loading resources...
[16:26:37] [LOG] - Resources loaded.
[16:26:37] [LOG] - Loading windows...
[16:26:37] [LOG] - Windows loaded.
[16:26:37] [LOG] - Loading system tray icon...
[16:26:37] [LOG] - System tray icon loaded.
[16:26:38] [LOG] - Application started!
[16:26:48] [LOG] - Logging in...
[16:26:48] [LOG] - Connecting to database...
[16:26:49] [LOG] - Connected to database.
[16:26:49] [LOG] - Sending query...
[16:26:49] [LOG] - Query sent.
[16:26:49] [LOG] - Reading response...
[16:26:49] [LOG] - Response reed.
[16:26:49] [LOG] - Verifying password...
[16:26:49] [LOG] - Password verified.
[16:26:49] [LOG] - Sending notification...
[16:26:49] [LOG] - Notification sent.
[16:26:49] [LOG] - Logged in.
[16:26:49] [LOG] - Getting orders...
[16:26:49] [LOG] - Clearing cache...
[16:26:49] [LOG] - Caches cleared.
[16:26:49] [LOG] - Connecting to database...
[16:26:49] [LOG] - Connected to database.
[16:26:49] [LOG] - Sending query...
[16:26:49] [LOG] - Query sent.
[16:26:49] [LOG] - Reading response...
[16:26:49] [LOG] - Response reed.
[16:26:49] [LOG] - Successfully pulled 1 order!
[16:26:49] [LOG] - Refreshing order list...
[16:26:49] [LOG] - Order list refreshed.
[16:26:51] [LOG] - Getting orders...
[16:26:51] [LOG] - Clearing cache...
[16:26:51] [LOG] - Caches cleared.
[16:26:51] [LOG] - Connecting to database...
[16:26:51] [LOG] - Connected to database.
[16:26:51] [LOG] - Sending query...
[16:26:51] [LOG] - Query sent.
[16:26:51] [LOG] - Reading response...
[16:26:51] [LOG] - Response reed.
[16:26:51] [LOG] - Successfully pulled 1 order!
[16:26:51] [LOG] - Refreshing order list...
[16:26:51] [LOG] - Order list refreshed.
[16:26:51] [LOG] - Opening order...
[16:26:51] [LOG] - Order opened.
[16:26:57] [LOG] - Updating statement...
[16:26:57] [LOG] - Connecting to database...
[16:26:57] [LOG] - Connected to database.
[16:26:57] [LOG] - Updating status in database...
[16:26:59] [ERROR] - Error while updating order status: Fatal error encountered during command execution!
[16:27:00] [LOG] - Updating statement...
[16:27:00] [LOG] - Connecting to database...
[16:27:00] [LOG] - Connected to database.
[16:27:00] [LOG] - Updating status in database...
[16:27:01] [ERROR] - Error while updating order status: Fatal error encountered during command execution!
[16:27:05] [LOG] - Updating statement...
[16:27:05] [LOG] - Connecting to database...
[16:27:05] [LOG] - Connected to database.
[16:27:05] [LOG] - Updating status in database...
[16:27:06] [ERROR] - Error while updating order status: Fatal error encountered during command execution!
[16:27:07] [LOG] - Hiding window...
[16:27:07] [LOG] - Window is hidden.
[16:27:07] [LOG] - Getting orders...
[16:27:07] [LOG] - Clearing cache...
[16:27:07] [LOG] - Caches cleared.
[16:27:07] [LOG] - Connecting to database...
[16:27:07] [LOG] - Connected to database.
[16:27:07] [LOG] - Sending query...
[16:27:07] [LOG] - Query sent.
[16:27:07] [LOG] - Reading response...
[16:27:07] [LOG] - Response reed.
[16:27:07] [LOG] - Successfully pulled 1 order!
[16:27:07] [LOG] - Refreshing order list...
[16:27:07] [LOG] - Order list refreshed.
[16:27:08] [LOG] - Getting orders...
[16:27:08] [LOG] - Clearing cache...
[16:27:08] [LOG] - Caches cleared.
[16:27:08] [LOG] - Connecting to database...
[16:27:08] [LOG] - Connected to database.
[16:27:08] [LOG] - Sending query...
[16:27:08] [LOG] - Query sent.
[16:27:08] [LOG] - Reading response...
[16:27:08] [LOG] - Response reed.
[16:27:08] [LOG] - Successfully pulled 1 order!
[16:27:08] [LOG] - Refreshing order list...
[16:27:08] [LOG] - Order list refreshed.
[16:27:10] [LOG] - Getting orders...
[16:27:10] [LOG] - Clearing cache...
[16:27:10] [LOG] - Caches cleared.
[16:27:10] [LOG] - Connecting to database...
[16:27:10] [LOG] - Connected to database.
[16:27:10] [LOG] - Sending query...
[16:27:10] [LOG] - Query sent.
[16:27:10] [LOG] - Reading response...
[16:27:10] [LOG] - Response reed.
[16:27:10] [LOG] - Successfully pulled 1 order!
[16:27:10] [LOG] - Refreshing order list...
[16:27:10] [LOG] - Order list refreshed.
[16:27:11] [LOG] - Signing out...
[16:27:11] [LOG] - Signed out.
[16:27:14] [LOG] - Closing application...
[16:27:14] [LOG] - Application closed.
[16:27:14] [LOG] - Hiding window...
[16:27:14] [LOG] - Window is hidden.
[16:27:14] [LOG] - Hiding window...
[16:27:14] [LOG] - Window is hidden.
[16:28:13] [LOG] - Starting application...
[16:28:13] [LOG] - Loading resources...
[16:28:13] [LOG] - Resources loaded.
[16:28:13] [LOG] - Loading windows...
[16:28:13] [LOG] - Windows loaded.
[16:28:13] [LOG] - Loading system tray icon...
[16:28:13] [LOG] - System tray icon loaded.
[16:28:13] [LOG] - Application started!
[16:28:28] [LOG] - Logging in...
[16:28:28] [LOG] - Connecting to database...
[16:28:28] [LOG] - Connected to database.
[16:28:28] [LOG] - Sending query...
[16:28:28] [LOG] - Query sent.
[16:28:28] [LOG] - Reading response...
[16:28:28] [LOG] - Response reed.
[16:28:28] [LOG] - Verifying password...
[16:28:28] [LOG] - Password verified.
[16:28:28] [LOG] - Sending notification...
[16:28:28] [LOG] - Notification sent.
[16:28:28] [LOG] - Logged in.
[16:28:29] [LOG] - Getting orders...
[16:28:29] [LOG] - Clearing cache...
[16:28:29] [LOG] - Caches cleared.
[16:28:29] [LOG] - Connecting to database...
[16:28:29] [LOG] - Connected to database.
[16:28:29] [LOG] - Sending query...
[16:28:29] [LOG] - Query sent.
[16:28:29] [LOG] - Reading response...
[16:28:29] [LOG] - Response reed.
[16:28:29] [LOG] - Successfully pulled 1 order!
[16:28:29] [LOG] - Refreshing order list...
[16:28:29] [LOG] - Order list refreshed.
[16:28:29] [LOG] - Opening order...
[16:28:29] [LOG] - Order opened.
[16:28:32] [LOG] - Updating statement...
[16:28:32] [LOG] - Connecting to database...
[16:28:32] [LOG] - Connected to database.
[16:28:32] [LOG] - Updating status in database...
[16:28:32] [LOG] - Order status updated successfully.
[16:28:35] [LOG] - Updating statement...
[16:28:35] [LOG] - Connecting to database...
[16:28:35] [LOG] - Connected to database.
[16:28:35] [LOG] - Updating status in database...
[16:28:35] [LOG] - Order status updated successfully.
[16:28:41] [LOG] - Updating statement...
[16:28:41] [LOG] - Connecting to database...
[16:28:41] [LOG] - Connected to database.
[16:28:41] [LOG] - Updating status in database...
[16:28:41] [LOG] - Order status updated successfully.
[16:28:44] [LOG] - Hiding window...
[16:28:44] [LOG] - Window is hidden.
[16:28:46] [LOG] - Getting orders...
[16:28:46] [LOG] - Clearing cache...
[16:28:46] [LOG] - Caches cleared.
[16:28:46] [LOG] - Connecting to database...
[16:28:46] [LOG] - Connected to database.
[16:28:46] [LOG] - Sending query...
[16:28:46] [LOG] - Query sent.
[16:28:46] [LOG] - Reading response...
[16:28:46] [LOG] - Response reed.
[16:28:46] [LOG] - Successfully pulled 1 order!
[16:28:46] [LOG] - Refreshing order list...
[16:28:46] [LOG] - Order list refreshed.
[16:28:47] [LOG] - Getting orders...
[16:28:47] [LOG] - Clearing cache...
[16:28:47] [LOG] - Caches cleared.
[16:28:47] [LOG] - Connecting to database...
[16:28:47] [LOG] - Connected to database.
[16:28:47] [LOG] - Sending query...
[16:28:47] [LOG] - Query sent.
[16:28:47] [LOG] - Reading response...
[16:28:47] [LOG] - Response reed.
[16:28:47] [LOG] - Successfully pulled 1 order!
[16:28:47] [LOG] - Refreshing order list...
[16:28:47] [LOG] - Order list refreshed.
[16:28:48] [LOG] - Getting orders...
[16:28:48] [LOG] - Clearing cache...
[16:28:48] [LOG] - Caches cleared.
[16:28:48] [LOG] - Connecting to database...
[16:28:48] [LOG] - Connected to database.
[16:28:48] [LOG] - Sending query...
[16:28:48] [LOG] - Query sent.
[16:28:48] [LOG] - Reading response...
[16:28:48] [LOG] - Response reed.
[16:28:48] [LOG] - Successfully pulled 1 order!
[16:28:48] [LOG] - Refreshing order list...
[16:28:48] [LOG] - Order list refreshed.
[16:28:50] [LOG] - Getting orders...
[16:28:50] [LOG] - Clearing cache...
[16:28:50] [LOG] - Caches cleared.
[16:28:50] [LOG] - Connecting to database...
[16:28:50] [LOG] - Connected to database.
[16:28:50] [LOG] - Sending query...
[16:28:50] [LOG] - Query sent.
[16:28:50] [LOG] - Reading response...
[16:28:50] [LOG] - Response reed.
[16:28:50] [LOG] - Successfully pulled 1 order!
[16:28:50] [LOG] - Refreshing order list...
[16:28:50] [LOG] - Order list refreshed.
[16:28:51] [LOG] - Getting orders...
[16:28:51] [LOG] - Clearing cache...
[16:28:51] [LOG] - Caches cleared.
[16:28:51] [LOG] - Connecting to database...
[16:28:51] [LOG] - Connected to database.
[16:28:51] [LOG] - Sending query...
[16:28:51] [LOG] - Query sent.
[16:28:51] [LOG] - Reading response...
[16:28:51] [LOG] - Response reed.
[16:28:51] [LOG] - Successfully pulled 1 order!
[16:28:51] [LOG] - Refreshing order list...
[16:28:51] [LOG] - Order list refreshed.
[16:28:52] [LOG] - Getting orders...
[16:28:52] [LOG] - Clearing cache...
[16:28:52] [LOG] - Caches cleared.
[16:28:52] [LOG] - Connecting to database...
[16:28:52] [LOG] - Connected to database.
[16:28:52] [LOG] - Sending query...
[16:28:52] [LOG] - Query sent.
[16:28:52] [LOG] - Reading response...
[16:28:52] [LOG] - Response reed.
[16:28:52] [LOG] - Successfully pulled 1 order!
[16:28:52] [LOG] - Refreshing order list...
[16:28:52] [LOG] - Order list refreshed.
[16:28:53] [LOG] - Getting orders...
[16:28:53] [LOG] - Clearing cache...
[16:28:53] [LOG] - Caches cleared.
[16:28:53] [LOG] - Connecting to database...
[16:28:53] [LOG] - Connected to database.
[16:28:53] [LOG] - Sending query...
[16:28:53] [LOG] - Query sent.
[16:28:53] [LOG] - Reading response...
[16:28:53] [LOG] - Response reed.
[16:28:53] [LOG] - Successfully pulled 1 order!
[16:28:53] [LOG] - Refreshing order list...
[16:28:53] [LOG] - Order list refreshed.
[16:28:54] [LOG] - Getting orders...
[16:28:54] [LOG] - Clearing cache...
[16:28:54] [LOG] - Caches cleared.
[16:28:54] [LOG] - Connecting to database...
[16:28:54] [LOG] - Connected to database.
[16:28:54] [LOG] - Sending query...
[16:28:54] [LOG] - Query sent.
[16:28:54] [LOG] - Reading response...
[16:28:54] [LOG] - Response reed.
[16:28:54] [LOG] - Successfully pulled 1 order!
[16:28:54] [LOG] - Refreshing order list...
[16:28:54] [LOG] - Order list refreshed.
[16:28:56] [LOG] - Getting orders...
[16:28:56] [LOG] - Clearing cache...
[16:28:56] [LOG] - Caches cleared.
[16:28:56] [LOG] - Connecting to database...
[16:28:56] [LOG] - Connected to database.
[16:28:56] [LOG] - Sending query...
[16:28:56] [LOG] - Query sent.
[16:28:56] [LOG] - Reading response...
[16:28:56] [LOG] - Response reed.
[16:28:56] [LOG] - Successfully pulled 1 order!
[16:28:56] [LOG] - Refreshing order list...
[16:28:56] [LOG] - Order list refreshed.
[16:28:56] [LOG] - Hiding window...
[16:28:56] [LOG] - Window is hidden.
[16:28:59] [LOG] - Opening current window...
[16:28:59] [LOG] - Current window loaded.
[16:29:01] [LOG] - Closing application...
[16:29:01] [LOG] - Application closed.
[16:29:01] [LOG] - Hiding window...
[16:29:01] [LOG] - Window is hidden.
[16:29:01] [LOG] - Hiding window...
[16:29:01] [LOG] - Window is hidden.
