[11:47:29] [LOG] - Starting server...
[11:47:29] [LOG] - Server is running on "http://127.0.0.1:3000"!
[11:47:29] [LOG] - Connecting to the MySQL database...
[11:47:29] [LOG] - Connected to the MySQL database successfully!
[11:47:56] [LOG] - Client trying to log in...
[11:47:56] [LOG] - Client successfully logged in!
[11:47:56] [LOG] - Client trying to log in...
[11:47:56] [LOG] - Client successfully logged in!
[11:47:56] [LOG] - User (uid: 4) checking their order...
[11:47:56] [LOG] - User (uid: 4) getting their last name...
[11:47:56] [LOG] - User already have an order.
[11:47:56] [LOG] - User (uid: 4) checking their order...
[11:47:56] [LOG] - User (uid: 4) getting their last name...
[11:47:56] [LOG] - Successfully got their last name!
[11:47:56] [LOG] - User already have an order.
[11:47:56] [LOG] - Successfully got their last name!
[11:48:08] [LOG] - User (uid: 4) getting their profile...
[11:48:08] [LOG] - Successfully got their profile!
[11:48:08] [LOG] - User (uid: 4) getting their profile...
[11:48:08] [LOG] - Successfully got their profile!
[11:48:12] [LOG] - User (uid: 4) getting their order...
[11:48:12] [LOG] - Order found!
[11:48:12] [LOG] - User (uid: 4) getting their order...
[11:48:12] [LOG] - Order found!
[11:48:12] [LOG] - User (uid: 4) getting their order...
[11:48:12] [LOG] - Order found!
[11:48:12] [LOG] - User (uid: 4) getting their order...
[11:48:12] [LOG] - Order found!
[11:48:13] [LOG] - User (uid: 4) getting their order...
[11:48:13] [LOG] - Order found!
[11:48:13] [LOG] - User (uid: 4) getting their order...
[11:48:13] [LOG] - Order found!
[11:48:13] [LOG] - User (uid: 4) getting their order...
[11:48:13] [LOG] - Order found!
[11:48:13] [LOG] - User (uid: 4) getting their order...
[11:48:13] [LOG] - Order found!
[11:48:13] [LOG] - User (uid: 4) getting their order...
[11:48:13] [LOG] - Order found!
[11:48:13] [LOG] - User (uid: 4) getting their order...
[11:48:13] [LOG] - Order found!
[11:48:13] [LOG] - User (uid: 4) getting their order...
[11:48:13] [LOG] - Order found!
[11:48:13] [LOG] - User (uid: 4) getting their order...
[11:48:13] [LOG] - Order found!
[11:48:13] [LOG] - User (uid: 4) getting their order...
[11:48:13] [LOG] - Order found!
[11:48:13] [LOG] - User (uid: 4) getting their order...
[11:48:13] [LOG] - Order found!
[11:48:14] [LOG] - User (uid: 4) getting their order...
[11:48:14] [LOG] - Order found!
[11:48:14] [LOG] - User (uid: 4) getting their order...
[11:48:14] [LOG] - Order found!
[11:48:14] [LOG] - User (uid: 4) getting their order...
[11:48:14] [LOG] - Order found!
[11:48:14] [LOG] - User (uid: 4) getting their order...
[11:48:14] [LOG] - Order found!
[11:48:14] [LOG] - User (uid: 4) getting their order...
[11:48:14] [LOG] - Order found!
[11:48:14] [LOG] - User (uid: 4) getting their order...
[11:48:14] [LOG] - Order found!
[11:48:14] [LOG] - User (uid: 4) getting their order...
[11:48:14] [LOG] - Order found!
[11:48:14] [LOG] - User (uid: 4) getting their order...
[11:48:14] [LOG] - Order found!
[11:48:14] [LOG] - User (uid: 4) getting their order...
[11:48:14] [LOG] - Order found!
[11:48:14] [LOG] - User (uid: 4) getting their order...
[11:48:14] [LOG] - Order found!
[11:48:15] [LOG] - User (uid: 4) getting their order...
[11:48:15] [LOG] - Order found!
[11:48:15] [LOG] - User (uid: 4) getting their order...
[11:48:15] [LOG] - Order found!
[11:48:15] [LOG] - User (uid: 4) getting their order...
[11:48:15] [LOG] - Order found!
[11:48:15] [LOG] - User (uid: 4) getting their order...
[11:48:15] [LOG] - Order found!
[11:48:15] [LOG] - User (uid: 4) getting their order...
[11:48:15] [LOG] - Order found!
[11:48:15] [LOG] - User (uid: 4) getting their order...
[11:48:15] [LOG] - Order found!
[11:48:17] [LOG] - User (uid: 4) getting their profile...
[11:48:17] [LOG] - User (uid: 4) getting their profile...
[11:48:17] [LOG] - Successfully got their profile!
[11:48:17] [LOG] - Successfully got their profile!
[11:48:48] [LOG] - Register new user...
[11:48:48] [LOG] - Registration successful!
[11:48:51] [LOG] - Client trying to log in...
[11:48:51] [LOG] - Client successfully logged in!
[11:48:51] [LOG] - User (uid: 5) checking their order...
[11:48:51] [LOG] - User does not have an order yet.
[11:48:51] [LOG] - User (uid: 5) getting their last name...
[11:48:51] [LOG] - Successfully got their last name!
[11:48:51] [LOG] - User (uid: 5) getting their profile...
[11:48:51] [LOG] - User (uid: 5) getting their profile...
[11:48:51] [LOG] - Successfully got their profile!
[11:48:51] [LOG] - Successfully got their profile!
[11:50:52] [LOG] - Starting server...
[11:50:52] [LOG] - Server is running on "http://127.0.0.1:3000"!
[11:50:52] [LOG] - Connecting to the MySQL database...
[11:50:52] [LOG] - Connected to the MySQL database successfully!
[11:50:56] [LOG] - Starting server...
[11:50:56] [LOG] - Server is running on "http://127.0.0.1:3000"!
[11:50:56] [LOG] - Connecting to the MySQL database...
[11:50:56] [LOG] - Connected to the MySQL database successfully!
[11:51:04] [LOG] - Starting server...
[11:51:04] [LOG] - Server is running on "http://127.0.0.1:3000"!
[11:51:04] [LOG] - Connecting to the MySQL database...
[11:51:04] [LOG] - Connected to the MySQL database successfully!
[11:51:29] [LOG] - Starting server...
[11:51:29] [LOG] - Server is running on "http://127.0.0.1:3000"!
[11:51:29] [LOG] - Connecting to the MySQL database...
[11:51:29] [LOG] - Connected to the MySQL database successfully!
[11:51:37] [LOG] - Starting server...
[11:51:37] [LOG] - Server is running on "http://127.0.0.1:3000"!
[11:51:37] [LOG] - Connecting to the MySQL database...
[11:51:37] [LOG] - Connected to the MySQL database successfully!
[11:51:38] [LOG] - Starting server...
[11:51:38] [LOG] - Server is running on "http://127.0.0.1:3000"!
[11:51:38] [LOG] - Connecting to the MySQL database...
[11:51:38] [LOG] - Connected to the MySQL database successfully!
[11:51:46] [LOG] - Starting server...
[11:51:46] [LOG] - Server is running on "http://127.0.0.1:3000"!
[11:51:46] [LOG] - Connecting to the MySQL database...
[11:51:46] [LOG] - Connected to the MySQL database successfully!
[11:52:23] [LOG] - Starting server...
[11:52:23] [LOG] - Server is running on "http://127.0.0.1:3000"!
[11:52:23] [LOG] - Connecting to the MySQL database...
[11:52:23] [LOG] - Connected to the MySQL database successfully!
[11:52:31] [LOG] - Client trying to log in...
[11:52:31] [LOG] - Client successfully logged in!
[11:52:31] [LOG] - Client trying to log in...
[11:52:31] [LOG] - Client successfully logged in!
[11:52:31] [LOG] - User (uid: 5) checking their order...
[11:52:31] [LOG] - User (uid: 5) getting their last name...
[11:52:31] [LOG] - User (uid: 5) checking their order...
[11:52:31] [LOG] - User (uid: 5) getting their last name...
[11:52:31] [LOG] - User does not have an order yet.
[11:52:31] [LOG] - Successfully got their last name!
[11:52:31] [LOG] - User does not have an order yet.
[11:52:31] [LOG] - Successfully got their last name!
[11:52:39] [LOG] - Starting server...
[11:52:39] [LOG] - Server is running on "http://127.0.0.1:3000"!
[11:52:39] [LOG] - Connecting to the MySQL database...
[11:52:39] [LOG] - Connected to the MySQL database successfully!
[11:52:40] [LOG] - Starting server...
[11:52:40] [LOG] - Server is running on "http://127.0.0.1:3000"!
[11:52:40] [LOG] - Connecting to the MySQL database...
[11:52:40] [LOG] - Connected to the MySQL database successfully!
[11:53:00] [LOG] - Starting server...
[11:53:00] [LOG] - Server is running on "http://127.0.0.1:3000"!
[11:53:00] [LOG] - Connecting to the MySQL database...
[11:53:00] [LOG] - Connected to the MySQL database successfully!
[11:53:04] [LOG] - Starting server...
[11:53:04] [LOG] - Server is running on "http://127.0.0.1:3000"!
[11:53:05] [LOG] - Connecting to the MySQL database...
[11:53:05] [LOG] - Connected to the MySQL database successfully!
[11:53:12] [LOG] - Starting server...
[11:53:12] [LOG] - Server is running on "http://127.0.0.1:3000"!
[11:53:12] [LOG] - Connecting to the MySQL database...
[11:53:12] [LOG] - Connected to the MySQL database successfully!
[11:53:39] [LOG] - Client trying to log in...
[11:53:39] [LOG] - Client successfully logged in!
[11:53:39] [LOG] - Client trying to log in...
[11:53:39] [LOG] - Client successfully logged in!
[11:53:39] [LOG] - User (uid: 5) checking their order...
[11:53:39] [LOG] - User (uid: 5) getting their last name...
[11:53:39] [LOG] - User (uid: 5) checking their order...
[11:53:39] [LOG] - User does not have an order yet.
[11:53:39] [LOG] - User (uid: 5) getting their last name...
[11:53:39] [LOG] - Successfully got their last name!
[11:53:39] [LOG] - User does not have an order yet.
[11:53:39] [LOG] - Successfully got their last name!
[11:53:41] [LOG] - User (uid: 5) getting their profile...
[11:53:41] [LOG] - User (uid: 5) getting their profile...
[11:53:41] [LOG] - Successfully got their profile!
[11:53:41] [LOG] - Successfully got their profile!
[11:54:04] [LOG] - Client trying to log in...
[11:54:04] [LOG] - Client successfully logged in!
[11:54:04] [LOG] - User (uid: 4) checking their order...
[11:54:04] [LOG] - User already have an order.
[11:54:04] [LOG] - User (uid: 4) getting their last name...
[11:54:04] [LOG] - Successfully got their last name!
[11:55:03] [LOG] - Client trying to log in...
[11:55:03] [LOG] - Client successfully logged in!
[11:55:03] [LOG] - User (uid: 5) checking their order...
[11:55:03] [LOG] - User does not have an order yet.
[11:55:03] [LOG] - User (uid: 5) getting their last name...
[11:55:03] [LOG] - Successfully got their last name!
[11:56:34] [LOG] - Client trying to log in...
[11:56:34] [LOG] - Client successfully logged in!
[11:56:34] [LOG] - User (uid: 5) checking their order...
[11:56:34] [LOG] - User does not have an order yet.
[11:56:34] [LOG] - User (uid: 5) getting their last name...
[11:56:34] [LOG] - Successfully got their last name!
[11:56:45] [LOG] - Client trying to log in...
[11:56:45] [LOG] - Client successfully logged in!
[11:56:45] [LOG] - User (uid: 4) checking their order...
[11:56:45] [LOG] - User already have an order.
[11:56:45] [LOG] - User (uid: 4) getting their last name...
[11:56:45] [LOG] - Successfully got their last name!
[11:57:02] [LOG] - Client trying to log in...
[11:57:02] [LOG] - Client successfully logged in!
[11:57:02] [LOG] - User (uid: 4) checking their order...
[11:57:02] [LOG] - User already have an order.
[11:57:02] [LOG] - User (uid: 4) getting their last name...
[11:57:02] [LOG] - Successfully got their last name!
[11:57:05] [LOG] - Client trying to log in...
[11:57:05] [LOG] - Client successfully logged in!
[11:57:05] [LOG] - User (uid: 5) checking their order...
[11:57:05] [LOG] - User (uid: 5) getting their last name...
[11:57:05] [LOG] - User does not have an order yet.
[11:57:05] [LOG] - Successfully got their last name!
[11:57:37] [LOG] - Client trying to log in...
[11:57:37] [LOG] - Client successfully logged in!
[11:57:37] [LOG] - User (uid: 5) checking their order...
[11:57:37] [LOG] - User does not have an order yet.
[11:57:37] [LOG] - User (uid: 5) getting their last name...
[11:57:37] [LOG] - Successfully got their last name!
[11:59:09] [LOG] - Client trying to log in...
[11:59:09] [LOG] - Client trying to log in...
[11:59:09] [LOG] - Client successfully logged in!
[11:59:09] [LOG] - Client successfully logged in!
[11:59:09] [LOG] - User (uid: 5) checking their order...
[11:59:09] [LOG] - User (uid: 5) getting their last name...
[11:59:09] [LOG] - User does not have an order yet.
[11:59:09] [LOG] - Successfully got their last name!
[11:59:10] [LOG] - User (uid: 5) checking their order...
[11:59:10] [LOG] - User (uid: 5) getting their last name...
[11:59:10] [LOG] - User does not have an order yet.
[11:59:10] [LOG] - Successfully got their last name!
[11:59:14] [LOG] - Client trying to log in...
[11:59:14] [LOG] - Client successfully logged in!
[11:59:14] [LOG] - User (uid: 4) checking their order...
[11:59:14] [LOG] - User (uid: 4) getting their last name...
[11:59:14] [LOG] - User already have an order.
[11:59:14] [LOG] - Successfully got their last name!
[11:59:17] [LOG] - Client trying to log in...
[11:59:17] [LOG] - Client successfully logged in!
[11:59:17] [LOG] - User (uid: 5) checking their order...
[11:59:17] [LOG] - User (uid: 5) getting their last name...
[11:59:17] [LOG] - User does not have an order yet.
[11:59:17] [LOG] - Successfully got their last name!
[12:00:42] [LOG] - Starting server...
[12:00:42] [LOG] - Server is running on "http://127.0.0.1:3000"!
[12:00:42] [LOG] - Connecting to the MySQL database...
[12:00:42] [LOG] - Connected to the MySQL database successfully!
[12:00:44] [LOG] - Starting server...
[12:00:44] [LOG] - Server is running on "http://127.0.0.1:3000"!
[12:00:44] [LOG] - Connecting to the MySQL database...
[12:00:44] [LOG] - Connected to the MySQL database successfully!
[12:00:49] [LOG] - Starting server...
[12:00:49] [LOG] - Server is running on "http://127.0.0.1:3000"!
[12:00:49] [LOG] - Connecting to the MySQL database...
[12:00:49] [LOG] - Connected to the MySQL database successfully!
[12:01:46] [LOG] - Starting server...
[12:01:46] [LOG] - Server is running on "http://127.0.0.1:3000"!
[12:01:46] [LOG] - Connecting to the MySQL database...
[12:01:46] [LOG] - Connected to the MySQL database successfully!
[12:01:59] [LOG] - Starting server...
[12:01:59] [LOG] - Server is running on "http://127.0.0.1:3000"!
[12:01:59] [LOG] - Connecting to the MySQL database...
[12:01:59] [LOG] - Connected to the MySQL database successfully!
[12:02:06] [LOG] - Starting server...
[12:02:06] [LOG] - Server is running on "http://127.0.0.1:3000"!
[12:02:06] [LOG] - Connecting to the MySQL database...
[12:02:06] [LOG] - Connected to the MySQL database successfully!
[12:02:46] [LOG] - Starting server...
[12:02:46] [LOG] - Server is running on "http://127.0.0.1:3000"!
[12:02:46] [LOG] - Connecting to the MySQL database...
[12:02:46] [LOG] - Connected to the MySQL database successfully!
[12:02:49] [LOG] - Starting server...
[12:02:49] [LOG] - Server is running on "http://127.0.0.1:3000"!
[12:02:49] [LOG] - Connecting to the MySQL database...
[12:02:49] [LOG] - Connected to the MySQL database successfully!
[12:03:07] [LOG] - Starting server...
[12:03:07] [LOG] - Server is running on "http://127.0.0.1:3000"!
[12:03:08] [LOG] - Connecting to the MySQL database...
[12:03:08] [LOG] - Connected to the MySQL database successfully!
[12:03:10] [LOG] - Starting server...
[12:03:10] [LOG] - Server is running on "http://127.0.0.1:3000"!
[12:03:10] [LOG] - Connecting to the MySQL database...
[12:03:10] [LOG] - Connected to the MySQL database successfully!
[12:03:12] [LOG] - Starting server...
[12:03:12] [LOG] - Server is running on "http://127.0.0.1:3000"!
[12:03:12] [LOG] - Connecting to the MySQL database...
[12:03:12] [LOG] - Connected to the MySQL database successfully!
[12:03:14] [LOG] - Starting server...
[12:03:14] [LOG] - Server is running on "http://127.0.0.1:3000"!
[12:03:14] [LOG] - Connecting to the MySQL database...
[12:03:14] [LOG] - Connected to the MySQL database successfully!
[12:03:16] [LOG] - Starting server...
[12:03:16] [LOG] - Server is running on "http://127.0.0.1:3000"!
[12:03:16] [LOG] - Connecting to the MySQL database...
[12:03:16] [LOG] - Connected to the MySQL database successfully!
[12:03:18] [LOG] - Starting server...
[12:03:18] [LOG] - Server is running on "http://127.0.0.1:3000"!
[12:03:18] [LOG] - Connecting to the MySQL database...
[12:03:18] [LOG] - Connected to the MySQL database successfully!
[12:03:22] [LOG] - Starting server...
[12:03:22] [LOG] - Server is running on "http://127.0.0.1:3000"!
[12:03:22] [LOG] - Connecting to the MySQL database...
[12:03:22] [LOG] - Connected to the MySQL database successfully!
[12:03:24] [LOG] - Starting server...
[12:03:24] [LOG] - Server is running on "http://127.0.0.1:3000"!
[12:03:24] [LOG] - Connecting to the MySQL database...
[12:03:24] [LOG] - Connected to the MySQL database successfully!
[12:03:51] [LOG] - Starting server...
[12:03:51] [LOG] - Server is running on "http://127.0.0.1:3000"!
[12:03:51] [LOG] - Connecting to the MySQL database...
[12:03:51] [LOG] - Connected to the MySQL database successfully!
[12:03:52] [LOG] - Starting server...
[12:03:52] [LOG] - Server is running on "http://127.0.0.1:3000"!
[12:03:52] [LOG] - Connecting to the MySQL database...
[12:03:52] [LOG] - Connected to the MySQL database successfully!
[12:03:53] [LOG] - Starting server...
[12:03:53] [LOG] - Server is running on "http://127.0.0.1:3000"!
[12:03:53] [LOG] - Connecting to the MySQL database...
[12:03:53] [LOG] - Connected to the MySQL database successfully!
[12:04:02] [LOG] - Starting server...
[12:04:02] [LOG] - Server is running on "http://127.0.0.1:3000"!
[12:04:02] [LOG] - Connecting to the MySQL database...
[12:04:02] [LOG] - Connected to the MySQL database successfully!
[12:04:03] [LOG] - Starting server...
[12:04:03] [LOG] - Server is running on "http://127.0.0.1:3000"!
[12:04:03] [LOG] - Connecting to the MySQL database...
[12:04:03] [LOG] - Connected to the MySQL database successfully!
[12:06:01] [LOG] - Downloading nexusdev dashboard for user (uid: 5)...
[12:06:01] [LOG] - Dashboard downloaded!
[12:08:49] [LOG] - Downloading nexusdev dashboard for user (uid: 5)...
[12:08:49] [LOG] - Dashboard downloaded!
[12:09:24] [LOG] - Starting server...
[12:09:24] [LOG] - Server is running on "http://127.0.0.1:3000"!
[12:09:24] [LOG] - Connecting to the MySQL database...
[12:09:24] [LOG] - Connected to the MySQL database successfully!
[12:09:36] [LOG] - Downloading nexusdev dashboard for user (uid: 5)...
[12:09:36] [LOG] - Dashboard downloaded!
[12:09:55] [LOG] - Downloading nexusdev dashboard for user (uid: 5)...
[12:09:55] [LOG] - Dashboard downloaded!
[12:10:42] [LOG] - Downloading nexusdev dashboard for user (uid: 5)...
[12:10:42] [LOG] - Dashboard downloaded!
[12:10:42] [ERROR] - Error while downloading dashboard: ENOENT: no such file or directory, stat 'C:\Users\simzso220\Desktop\GitHub\vizsga_remek\(2) Backend\application\Nexusdev Dashboard.txt'!
[12:11:17] [LOG] - Starting server...
[12:11:17] [LOG] - Server is running on "http://127.0.0.1:3000"!
[12:11:17] [LOG] - Connecting to the MySQL database...
[12:11:17] [LOG] - Connected to the MySQL database successfully!
[12:11:18] [LOG] - Downloading nexusdev dashboard for user (uid: 5)...
[12:11:18] [LOG] - Dashboard downloaded!
[12:11:33] [LOG] - Downloading nexusdev dashboard for user (uid: 5)...
[12:11:33] [LOG] - Dashboard downloaded!
[12:12:51] [LOG] - Client trying to log in...
[12:12:51] [LOG] - Client successfully logged in!
[12:12:51] [LOG] - User (uid: 5) checking their order...
[12:12:51] [LOG] - User does not have an order yet.
[12:12:51] [LOG] - User (uid: 5) getting their last name...
[12:12:51] [LOG] - Successfully got their last name!
[12:13:37] [LOG] - User (uid: 5) getting their profile...
[12:13:37] [LOG] - Successfully got their profile!
[12:13:37] [LOG] - User (uid: 5) getting their profile...
[12:13:37] [LOG] - Successfully got their profile!
[12:13:41] [LOG] - Client trying to log in...
[12:13:41] [LOG] - Client successfully logged in!
[12:13:41] [LOG] - User (uid: 5) checking their order...
[12:13:41] [LOG] - User (uid: 5) getting their last name...
[12:13:41] [LOG] - User does not have an order yet.
[12:13:41] [LOG] - Successfully got their last name!
[12:15:04] [LOG] - Client trying to log in...
[12:15:04] [LOG] - Client successfully logged in!
[12:15:04] [LOG] - User (uid: 4) checking their order...
[12:15:04] [LOG] - User (uid: 4) getting their last name...
[12:15:04] [LOG] - User already have an order.
[12:15:04] [LOG] - Successfully got their last name!
[12:15:07] [LOG] - Client trying to log in...
[12:15:07] [LOG] - Client successfully logged in!
[12:15:07] [LOG] - User (uid: 5) checking their order...
[12:15:07] [LOG] - User (uid: 5) getting their last name...
[12:15:07] [LOG] - User does not have an order yet.
[12:15:07] [LOG] - Successfully got their last name!
[12:18:48] [LOG] - Client trying to log in...
[12:18:48] [LOG] - Client successfully logged in!
[12:18:48] [LOG] - User (uid: 4) checking their order...
[12:18:48] [LOG] - User already have an order.
[12:18:48] [LOG] - User (uid: 4) getting their last name...
[12:18:48] [LOG] - Successfully got their last name!
[12:19:15] [LOG] - Client trying to log in...
[12:19:15] [LOG] - Client successfully logged in!
[12:19:15] [LOG] - User (uid: 4) checking their order...
[12:19:15] [LOG] - User already have an order.
[12:19:15] [LOG] - User (uid: 4) getting their last name...
[12:19:15] [LOG] - Successfully got their last name!
[12:19:17] [LOG] - User (uid: 4) getting their order...
[12:19:17] [LOG] - Order found!
[12:19:17] [LOG] - User (uid: 4) getting their order...
[12:19:17] [LOG] - Order found!
[12:19:17] [LOG] - User (uid: 4) getting their order...
[12:19:17] [LOG] - Order found!
[12:19:17] [LOG] - User (uid: 4) getting their order...
[12:19:17] [LOG] - Order found!
[12:19:17] [LOG] - User (uid: 4) getting their order...
[12:19:17] [LOG] - Order found!
[12:19:17] [LOG] - User (uid: 4) getting their order...
[12:19:17] [LOG] - Order found!
[12:19:17] [LOG] - User (uid: 4) getting their order...
[12:19:17] [LOG] - Order found!
[12:19:18] [LOG] - User (uid: 4) getting their order...
[12:19:18] [LOG] - Order found!
[12:19:18] [LOG] - User (uid: 4) getting their order...
[12:19:18] [LOG] - Order found!
[12:19:21] [LOG] - Client trying to log in...
[12:19:21] [LOG] - Client successfully logged in!
[12:19:21] [LOG] - User (uid: 5) checking their order...
[12:19:21] [LOG] - User (uid: 5) getting their last name...
[12:19:21] [LOG] - User does not have an order yet.
[12:19:21] [LOG] - Successfully got their last name!
[12:20:23] [LOG] - Client trying to log in...
[12:20:23] [LOG] - Client successfully logged in!
[12:20:23] [LOG] - Client trying to log in...
[12:20:23] [LOG] - Client successfully logged in!
[12:20:23] [LOG] - User (uid: 5) checking their order...
[12:20:23] [LOG] - User (uid: 5) getting their last name...
[12:20:23] [LOG] - User does not have an order yet.
[12:20:23] [LOG] - Successfully got their last name!
[12:20:23] [LOG] - User (uid: 5) checking their order...
[12:20:23] [LOG] - User (uid: 5) getting their last name...
[12:20:23] [LOG] - User does not have an order yet.
[12:20:23] [LOG] - Successfully got their last name!
[12:20:26] [LOG] - Client trying to log in...
[12:20:26] [LOG] - Client trying to log in...
[12:20:26] [LOG] - Client successfully logged in!
[12:20:26] [LOG] - Client successfully logged in!
[12:20:26] [LOG] - User (uid: 5) checking their order...
[12:20:26] [LOG] - User (uid: 5) getting their last name...
[12:20:26] [LOG] - User does not have an order yet.
[12:20:26] [LOG] - User (uid: 5) checking their order...
[12:20:26] [LOG] - Successfully got their last name!
[12:20:26] [LOG] - User (uid: 5) getting their last name...
[12:20:26] [LOG] - User does not have an order yet.
[12:20:26] [LOG] - Successfully got their last name!
[12:20:37] [LOG] - Downloading nexusdev dashboard for user (uid: 5)...
[12:20:37] [LOG] - Dashboard downloaded!
[12:20:45] [LOG] - Getting team member's data...
[12:20:45] [LOG] - Team member's data found!
[12:20:45] [LOG] - Getting team member's data...
[12:20:45] [LOG] - Team member's data found!
[12:25:42] [LOG] - Client trying to log in...
[12:25:42] [LOG] - Client successfully logged in!
[12:25:42] [LOG] - Client trying to log in...
[12:25:42] [LOG] - Client successfully logged in!
[12:25:42] [LOG] - User (uid: 5) checking their order...
[12:25:42] [LOG] - User (uid: 5) getting their last name...
[12:25:42] [LOG] - User (uid: 5) checking their order...
[12:25:42] [LOG] - User does not have an order yet.
[12:25:42] [LOG] - User (uid: 5) getting their last name...
[12:25:42] [LOG] - Successfully got their last name!
[12:25:42] [LOG] - User does not have an order yet.
[12:25:42] [LOG] - Successfully got their last name!
[12:45:23] [LOG] - Getting team member's data...
[12:45:23] [LOG] - Team member's data found!
[12:45:23] [LOG] - Getting team member's data...
[12:45:23] [LOG] - Team member's data found!
[12:45:34] [LOG] - User (uid: 5) getting their profile...
[12:45:34] [LOG] - Successfully got their profile!
[12:45:34] [LOG] - User (uid: 5) getting their profile...
[12:45:34] [LOG] - Successfully got their profile!
[12:45:42] [LOG] - User (uid: 5) updating their profile...
[12:45:42] [LOG] - Profile updated successfully!
[12:45:42] [LOG] - User (uid: 5) getting their profile...
[12:45:42] [LOG] - Successfully got their profile!
[12:45:52] [LOG] - Getting team member's data...
[12:45:52] [LOG] - Team member's data found!
[12:45:52] [LOG] - Getting team member's data...
[12:45:52] [LOG] - Team member's data found!
[12:45:55] [LOG] - Getting team member's data...
[12:45:55] [LOG] - Team member's data found!
[12:45:55] [LOG] - Getting team member's data...
[12:45:55] [LOG] - Team member's data found!
[12:45:56] [LOG] - User (uid: 5) getting their profile...
[12:45:56] [LOG] - Successfully got their profile!
[12:45:56] [LOG] - User (uid: 5) getting their profile...
[12:45:56] [LOG] - Successfully got their profile!
[12:48:40] [LOG] - Client trying to log in...
[12:48:40] [LOG] - Client successfully logged in!
[12:48:40] [LOG] - Client trying to log in...
[12:48:40] [LOG] - Client successfully logged in!
[12:48:40] [LOG] - User (uid: 5) checking their order...
[12:48:40] [LOG] - User (uid: 5) getting their last name...
[12:48:40] [LOG] - User does not have an order yet.
[12:48:40] [LOG] - Successfully got their last name!
[12:48:40] [LOG] - User (uid: 5) getting their profile...
[12:48:40] [LOG] - User (uid: 5) getting their profile...
[12:48:40] [LOG] - Successfully got their profile!
[12:48:40] [LOG] - User (uid: 5) checking their order...
[12:48:40] [LOG] - User (uid: 5) getting their last name...
[12:48:40] [LOG] - Successfully got their profile!
[12:48:40] [LOG] - User does not have an order yet.
[12:48:40] [LOG] - Successfully got their last name!
[12:48:50] [LOG] - Client trying to log in...
[12:48:50] [LOG] - Client trying to log in...
[12:48:50] [LOG] - Client successfully logged in!
[12:48:50] [LOG] - Client successfully logged in!
[12:48:50] [LOG] - User (uid: 5) checking their order...
[12:48:50] [LOG] - User (uid: 5) getting their last name...
[12:48:50] [LOG] - User does not have an order yet.
[12:48:50] [LOG] - Successfully got their last name!
[12:48:50] [LOG] - User (uid: 5) getting their profile...
[12:48:50] [LOG] - User (uid: 5) checking their order...
[12:48:50] [LOG] - User (uid: 5) getting their profile...
[12:48:50] [LOG] - Successfully got their profile!
[12:48:50] [LOG] - User (uid: 5) getting their last name...
[12:48:50] [LOG] - User does not have an order yet.
[12:48:50] [LOG] - Successfully got their profile!
[12:48:50] [LOG] - Successfully got their last name!
[12:49:08] [LOG] - Client trying to log in...
[12:49:08] [LOG] - Client successfully logged in!
[12:49:08] [LOG] - Client trying to log in...
[12:49:08] [LOG] - User (uid: 5) checking their order...
[12:49:08] [LOG] - Client successfully logged in!
[12:49:09] [LOG] - User (uid: 5) getting their last name...
[12:49:09] [LOG] - User does not have an order yet.
[12:49:09] [LOG] - User (uid: 5) checking their order...
[12:49:09] [LOG] - Successfully got their last name!
[12:49:09] [LOG] - User (uid: 5) getting their last name...
[12:49:09] [LOG] - User does not have an order yet.
[12:49:09] [LOG] - Successfully got their last name!
[12:49:10] [LOG] - Client trying to log in...
[12:49:10] [LOG] - Client trying to log in...
[12:49:10] [LOG] - Client successfully logged in!
[12:49:10] [LOG] - Client successfully logged in!
[12:49:10] [LOG] - User (uid: 5) checking their order...
[12:49:10] [LOG] - User (uid: 5) getting their last name...
[12:49:10] [LOG] - User does not have an order yet.
[12:49:10] [LOG] - Successfully got their last name!
[12:49:10] [LOG] - User (uid: 5) checking their order...
[12:49:10] [LOG] - User (uid: 5) getting their last name...
[12:49:10] [LOG] - User does not have an order yet.
[12:49:10] [LOG] - Successfully got their last name!
[12:49:25] [LOG] - Client trying to log in...
[12:49:25] [LOG] - Client successfully logged in!
[12:49:25] [LOG] - Client trying to log in...
[12:49:25] [LOG] - Client successfully logged in!
[12:49:25] [LOG] - User (uid: 5) checking their order...
[12:49:25] [LOG] - User (uid: 5) getting their last name...
[12:49:25] [LOG] - User does not have an order yet.
[12:49:25] [LOG] - Successfully got their last name!
[12:49:25] [LOG] - User (uid: 5) getting their profile...
[12:49:25] [LOG] - User (uid: 5) checking their order...
[12:49:25] [LOG] - User (uid: 5) getting their profile...
[12:49:25] [LOG] - User (uid: 5) getting their last name...
[12:49:25] [LOG] - Successfully got their profile!
[12:49:25] [LOG] - User does not have an order yet.
[12:49:25] [LOG] - Successfully got their profile!
[12:49:25] [LOG] - Successfully got their last name!
[12:49:43] [LOG] - Client trying to log in...
[12:49:43] [LOG] - Client successfully logged in!
[12:49:43] [LOG] - Client trying to log in...
[12:49:43] [LOG] - Client successfully logged in!
[12:49:43] [LOG] - User (uid: 5) checking their order...
[12:49:43] [LOG] - User (uid: 5) getting their last name...
[12:49:43] [LOG] - User does not have an order yet.
[12:49:43] [LOG] - User (uid: 5) checking their order...
[12:49:43] [LOG] - Successfully got their last name!
[12:49:43] [LOG] - User (uid: 5) getting their last name...
[12:49:43] [LOG] - User does not have an order yet.
[12:49:43] [LOG] - Successfully got their last name!
[12:49:55] [LOG] - Client trying to log in...
[12:49:55] [LOG] - Client successfully logged in!
[12:49:55] [LOG] - Client trying to log in...
[12:49:55] [LOG] - Client successfully logged in!
[12:49:55] [LOG] - User (uid: 5) checking their order...
[12:49:55] [LOG] - User (uid: 5) getting their last name...
[12:49:55] [LOG] - User does not have an order yet.
[12:49:55] [LOG] - Successfully got their last name!
[12:49:55] [LOG] - User (uid: 5) checking their order...
[12:49:55] [LOG] - User (uid: 5) getting their last name...
[12:49:55] [LOG] - User does not have an order yet.
[12:49:55] [LOG] - Successfully got their last name!
[12:50:01] [LOG] - Client trying to log in...
[12:50:01] [LOG] - Client trying to log in...
[12:50:01] [LOG] - Client successfully logged in!
[12:50:01] [LOG] - Client successfully logged in!
[12:50:01] [LOG] - User (uid: 5) checking their order...
[12:50:01] [LOG] - User does not have an order yet.
[12:50:01] [LOG] - User (uid: 5) getting their last name...
[12:50:01] [LOG] - Successfully got their last name!
[12:50:01] [LOG] - User (uid: 5) getting their profile...
[12:50:01] [LOG] - User (uid: 5) checking their order...
[12:50:01] [LOG] - User (uid: 5) getting their profile...
[12:50:01] [LOG] - User (uid: 5) getting their last name...
[12:50:01] [LOG] - Successfully got their profile!
[12:50:01] [LOG] - User does not have an order yet.
[12:50:01] [LOG] - Successfully got their profile!
[12:50:01] [LOG] - Successfully got their last name!
[12:50:15] [LOG] - User (uid: 5) updating their profile...
[12:50:15] [LOG] - Profile updated successfully!
[12:50:15] [LOG] - User (uid: 5) getting their profile...
[12:50:15] [LOG] - Successfully got their profile!
[12:50:25] [LOG] - Client trying to log in...
[12:50:25] [LOG] - Client trying to log in...
[12:50:25] [LOG] - Client successfully logged in!
[12:50:25] [LOG] - Client successfully logged in!
[12:50:25] [LOG] - User (uid: 5) checking their order...
[12:50:25] [LOG] - User (uid: 5) getting their last name...
[12:50:25] [LOG] - User does not have an order yet.
[12:50:25] [LOG] - Successfully got their last name!
[12:50:25] [LOG] - User (uid: 5) checking their order...
[12:50:25] [LOG] - User (uid: 5) getting their last name...
[12:50:25] [LOG] - User does not have an order yet.
[12:50:25] [LOG] - Successfully got their last name!
[12:50:25] [LOG] - User (uid: 5) getting their profile...
[12:50:25] [LOG] - User (uid: 5) getting their profile...
[12:50:25] [LOG] - Successfully got their profile!
[12:50:25] [LOG] - Successfully got their profile!
[12:50:31] [LOG] - User (uid: 5) updating their profile...
[12:50:31] [LOG] - Profile updated successfully!
[12:50:31] [LOG] - User (uid: 5) getting their profile...
[12:50:31] [LOG] - Successfully got their profile!
[12:51:09] [LOG] - Client trying to log in...
[12:51:09] [LOG] - Client successfully logged in!
[12:51:09] [LOG] - Client trying to log in...
[12:51:09] [LOG] - Client successfully logged in!
[12:51:09] [LOG] - User (uid: 5) checking their order...
[12:51:09] [LOG] - User does not have an order yet.
[12:51:09] [LOG] - User (uid: 5) getting their last name...
[12:51:09] [LOG] - Successfully got their last name!
[12:51:09] [LOG] - User (uid: 5) getting their profile...
[12:51:09] [LOG] - User (uid: 5) getting their profile...
[12:51:09] [LOG] - User (uid: 5) checking their order...
[12:51:09] [LOG] - Successfully got their profile!
[12:51:09] [LOG] - User (uid: 5) getting their last name...
[12:51:09] [LOG] - Successfully got their profile!
[12:51:09] [LOG] - User does not have an order yet.
[12:51:09] [LOG] - Successfully got their last name!
[12:51:23] [LOG] - Client trying to log in...
[12:51:23] [LOG] - Client trying to log in...
[12:51:23] [LOG] - Client successfully logged in!
[12:51:23] [LOG] - Client successfully logged in!
[12:51:23] [LOG] - User (uid: 5) checking their order...
[12:51:23] [LOG] - User (uid: 5) getting their last name...
[12:51:23] [LOG] - User does not have an order yet.
[12:51:23] [LOG] - Successfully got their last name!
[12:51:23] [LOG] - User (uid: 5) getting their profile...
[12:51:23] [LOG] - User (uid: 5) getting their profile...
[12:51:23] [LOG] - Successfully got their profile!
[12:51:23] [LOG] - Successfully got their profile!
[12:51:23] [LOG] - User (uid: 5) checking their order...
[12:51:23] [LOG] - User (uid: 5) getting their last name...
[12:51:23] [LOG] - User does not have an order yet.
[12:51:23] [LOG] - Successfully got their last name!
[12:51:25] [LOG] - User (uid: 5) updating their profile...
[12:51:25] [LOG] - Profile updated successfully!
[12:51:25] [LOG] - User (uid: 5) getting their profile...
[12:51:25] [LOG] - Successfully got their profile!
[12:57:11] [LOG] - User (uid: 5) updating their profile...
[12:57:11] [LOG] - Profile updated successfully!
[12:57:11] [LOG] - User (uid: 5) getting their profile...
[12:57:11] [LOG] - Successfully got their profile!
[12:57:15] [LOG] - User (uid: 5) updating their profile...
[12:57:15] [LOG] - Profile updated successfully!
[12:57:15] [LOG] - User (uid: 5) getting their profile...
[12:57:15] [LOG] - Successfully got their profile!
[12:59:29] [LOG] - Starting server...
[12:59:29] [LOG] - Server is running on "http://127.0.0.1:3000"!
[12:59:29] [LOG] - Connecting to the MySQL database...
[12:59:29] [LOG] - Connected to the MySQL database successfully!
[12:59:34] [LOG] - Starting server...
[12:59:34] [LOG] - Server is running on "http://127.0.0.1:3000"!
[12:59:34] [LOG] - Connecting to the MySQL database...
[12:59:34] [LOG] - Connected to the MySQL database successfully!
[12:59:41] [LOG] - Starting server...
[12:59:41] [LOG] - Server is running on "http://127.0.0.1:3000"!
[12:59:41] [LOG] - Connecting to the MySQL database...
[12:59:41] [LOG] - Connected to the MySQL database successfully!
[12:59:54] [LOG] - Starting server...
[12:59:54] [LOG] - Server is running on "http://127.0.0.1:3000"!
[12:59:54] [LOG] - Connecting to the MySQL database...
[12:59:54] [LOG] - Connected to the MySQL database successfully!
[13:00:08] [LOG] - Starting server...
[13:00:08] [LOG] - Server is running on "http://127.0.0.1:3000"!
[13:00:08] [LOG] - Connecting to the MySQL database...
[13:00:08] [LOG] - Connected to the MySQL database successfully!
[13:00:22] [LOG] - Client trying to log in...
[13:00:22] [LOG] - Client successfully logged in!
[13:00:22] [LOG] - Client trying to log in...
[13:00:22] [LOG] - Client successfully logged in!
[13:00:22] [LOG] - User (uid: 5) checking their order...
[13:00:22] [LOG] - User (uid: 5) getting their last name...
[13:00:22] [LOG] - User (uid: 5) checking their order...
[13:00:22] [LOG] - User does not have an order yet.
[13:00:22] [LOG] - User (uid: 5) getting their last name...
[13:00:22] [LOG] - Successfully got their last name!
[13:00:22] [LOG] - User does not have an order yet.
[13:00:22] [LOG] - Successfully got their last name!
[13:00:24] [LOG] - User (uid: 5) getting their profile...
[13:00:24] [LOG] - User (uid: 5) getting their profile...
[13:00:24] [LOG] - Successfully got their profile!
[13:00:24] [LOG] - Successfully got their profile!
[13:01:14] [LOG] - User (uid: 5) getting their profile...
[13:01:14] [LOG] - Successfully got their profile!
[13:01:56] [LOG] - Client trying to log in...
[13:01:56] [LOG] - Client successfully logged in!
[13:01:56] [LOG] - Client trying to log in...
[13:01:56] [LOG] - Client successfully logged in!
[13:01:56] [LOG] - User (uid: 5) checking their order...
[13:01:56] [LOG] - User (uid: 5) getting their last name...
[13:01:56] [LOG] - User (uid: 5) checking their order...
[13:01:56] [LOG] - User does not have an order yet.
[13:01:56] [LOG] - User (uid: 5) getting their last name...
[13:01:56] [LOG] - Successfully got their last name!
[13:01:56] [LOG] - User does not have an order yet.
[13:01:56] [LOG] - Successfully got their last name!
[13:02:03] [LOG] - Client trying to log in...
[13:02:03] [LOG] - Client successfully logged in!
[13:02:03] [LOG] - Client trying to log in...
[13:02:03] [LOG] - Client successfully logged in!
[13:02:03] [LOG] - User (uid: 5) checking their order...
[13:02:03] [LOG] - User (uid: 5) getting their last name...
[13:02:03] [LOG] - User does not have an order yet.
[13:02:03] [LOG] - Successfully got their last name!
[13:02:03] [LOG] - User (uid: 5) getting their profile...
[13:02:03] [LOG] - User (uid: 5) getting their profile...
[13:02:03] [LOG] - User (uid: 5) checking their order...
[13:02:03] [LOG] - User (uid: 5) getting their last name...
[13:02:03] [LOG] - Successfully got their profile!
[13:02:03] [LOG] - Successfully got their profile!
[13:02:03] [LOG] - User does not have an order yet.
[13:02:03] [LOG] - Successfully got their last name!
[13:02:06] [LOG] - Client trying to log in...
[13:02:06] [LOG] - Client trying to log in...
[13:02:06] [LOG] - Client successfully logged in!
[13:02:06] [LOG] - Client successfully logged in!
[13:02:06] [LOG] - User (uid: 5) checking their order...
[13:02:06] [LOG] - User (uid: 5) getting their last name...
[13:02:06] [LOG] - User does not have an order yet.
[13:02:06] [LOG] - Successfully got their last name!
[13:02:06] [LOG] - User (uid: 5) getting their profile...
[13:02:06] [LOG] - User (uid: 5) getting their profile...
[13:02:06] [LOG] - User (uid: 5) checking their order...
[13:02:06] [LOG] - Successfully got their profile!
[13:02:06] [LOG] - User (uid: 5) getting their last name...
[13:02:06] [LOG] - Successfully got their profile!
[13:02:06] [LOG] - User does not have an order yet.
[13:02:06] [LOG] - Successfully got their last name!
[13:02:49] [LOG] - User (uid: 5) updating their profile...
[13:02:49] [LOG] - Profile updated successfully!
[13:02:49] [LOG] - User (uid: 5) getting their profile...
[13:02:49] [LOG] - Successfully got their profile!
[13:02:53] [LOG] - User (uid: 5) updating their profile...
[13:02:53] [LOG] - Profile updated successfully!
[13:02:53] [LOG] - User (uid: 5) getting their profile...
[13:02:53] [LOG] - Successfully got their profile!
[13:03:12] [LOG] - Client trying to log in...
[13:03:12] [LOG] - Client successfully logged in!
[13:03:12] [LOG] - Client trying to log in...
[13:03:12] [LOG] - Client successfully logged in!
[13:03:12] [LOG] - User (uid: 5) checking their order...
[13:03:12] [LOG] - User (uid: 5) getting their last name...
[13:03:12] [LOG] - User does not have an order yet.
[13:03:12] [LOG] - User (uid: 5) checking their order...
[13:03:12] [LOG] - Successfully got their last name!
[13:03:12] [LOG] - User (uid: 5) getting their profile...
[13:03:12] [LOG] - User (uid: 5) getting their last name...
[13:03:12] [LOG] - User (uid: 5) getting their profile...
[13:03:12] [LOG] - User does not have an order yet.
[13:03:12] [LOG] - Successfully got their profile!
[13:03:12] [LOG] - Successfully got their last name!
[13:03:12] [LOG] - Successfully got their profile!
[13:03:13] [LOG] - User (uid: 5) updating their profile...
[13:03:13] [LOG] - Profile updated successfully!
[13:03:13] [LOG] - User (uid: 5) getting their profile...
[13:03:13] [LOG] - Successfully got their profile!
[13:03:15] [LOG] - User (uid: 5) updating their profile...
[13:03:15] [LOG] - Profile updated successfully!
[13:03:15] [LOG] - User (uid: 5) getting their profile...
[13:03:15] [LOG] - Successfully got their profile!
[13:04:18] [LOG] - User (uid: 5) updating their profile...
[13:04:18] [LOG] - Profile updated successfully!
[13:04:18] [LOG] - User (uid: 5) getting their profile...
[13:04:18] [LOG] - Successfully got their profile!
[13:04:21] [LOG] - User (uid: 5) updating their profile...
[13:04:21] [LOG] - Profile updated successfully!
[13:04:21] [LOG] - User (uid: 5) getting their profile...
[13:04:21] [LOG] - Successfully got their profile!
[13:05:50] [LOG] - Starting server...
[13:05:50] [LOG] - Server is running on "http://127.0.0.1:3000"!
[13:05:50] [LOG] - Connecting to the MySQL database...
[13:05:50] [LOG] - Connected to the MySQL database successfully!
