[09:24:07] [LOG] - Starting server...
[09:24:07] [LOG] - Server is running on "http://127.0.0.1:3000"!
[09:24:07] [LOG] - Connecting to the MySQL database...
[09:24:07] [LOG] - Connected to the MySQL database successfully!
[09:24:10] [LOG] - Client trying to log in...
[09:24:10] [LOG] - Client successfully logged in!
[09:24:10] [LOG] - Client trying to log in...
[09:24:10] [LOG] - Client successfully logged in!
[09:24:10] [LOG] - User (uid: 5) checking their order...
[09:24:10] [LOG] - User (uid: 5) checking their order...
[09:24:10] [LOG] - User does not have an order yet.
[09:24:10] [LOG] - User (uid: 5) getting their last name...
[09:24:10] [LOG] - User (uid: 5) getting their last name...
[09:24:10] [LOG] - User does not have an order yet.
[09:24:10] [LOG] - Successfully got their last name!
[09:24:10] [LOG] - Successfully got their last name!
[09:24:12] [LOG] - User (uid: 5) getting their profile...
[09:24:12] [LOG] - User (uid: 5) getting their profile...
[09:24:12] [LOG] - Successfully got their profile!
[09:24:12] [LOG] - Successfully got their profile!
[09:24:18] [LOG] - Client trying to log in...
[09:24:18] [LOG] - Client successfully logged in!
[09:24:18] [LOG] - User (uid: 4) checking their order...
[09:24:18] [LOG] - User already have an order.
[09:24:18] [LOG] - User (uid: 4) getting their last name...
[09:24:18] [LOG] - Successfully got their last name!
[09:24:19] [LOG] - User (uid: 4) getting their profile...
[09:24:19] [LOG] - User (uid: 4) getting their profile...
[09:24:19] [LOG] - Successfully got their profile!
[09:24:19] [LOG] - Successfully got their profile!
[09:24:21] [LOG] - User (uid: 4) getting their order...
[09:24:21] [LOG] - Order found!
[09:24:21] [LOG] - User (uid: 4) getting their order...
[09:24:21] [LOG] - Order found!
[09:24:21] [LOG] - User (uid: 4) getting their order...
[09:24:21] [LOG] - Order found!
[09:24:21] [LOG] - User (uid: 4) getting their order...
[09:24:21] [LOG] - Order found!
[09:24:21] [LOG] - User (uid: 4) getting their order...
[09:24:21] [LOG] - Order found!
[09:24:21] [LOG] - User (uid: 4) getting their order...
[09:24:21] [LOG] - Order found!
[09:24:21] [LOG] - User (uid: 4) getting their order...
[09:24:21] [LOG] - Order found!
[09:24:21] [LOG] - User (uid: 4) getting their order...
[09:24:21] [LOG] - Order found!
[09:24:21] [LOG] - User (uid: 4) getting their order...
[09:24:21] [LOG] - Order found!
[09:24:22] [LOG] - User (uid: 4) getting their order...
[09:24:22] [LOG] - Order found!
[09:24:22] [LOG] - User (uid: 4) getting their order...
[09:24:22] [LOG] - Order found!
[09:24:22] [LOG] - User (uid: 4) getting their order...
[09:24:22] [LOG] - Order found!
[09:24:22] [LOG] - User (uid: 4) getting their order...
[09:24:22] [LOG] - Order found!
[09:24:22] [LOG] - User (uid: 4) getting their order...
[09:24:22] [LOG] - Order found!
[09:24:22] [LOG] - User (uid: 4) getting their order...
[09:24:22] [LOG] - Order found!
[09:24:22] [LOG] - User (uid: 4) getting their order...
[09:24:22] [LOG] - Order found!
[09:24:22] [LOG] - User (uid: 4) getting their order...
[09:24:22] [LOG] - Order found!
[09:24:22] [LOG] - User (uid: 4) getting their order...
[09:24:22] [LOG] - Order found!
[09:24:22] [LOG] - User (uid: 4) getting their order...
[09:24:22] [LOG] - Order found!
[09:24:23] [LOG] - User (uid: 4) getting their order...
[09:24:23] [LOG] - Order found!
[09:24:23] [LOG] - User (uid: 4) getting their order...
[09:24:23] [LOG] - Order found!
[09:24:23] [LOG] - User (uid: 4) getting their order...
[09:24:23] [LOG] - Order found!
[09:24:23] [LOG] - User (uid: 4) getting their order...
[09:24:23] [LOG] - Order found!
[09:24:23] [LOG] - User (uid: 4) getting their order...
[09:24:23] [LOG] - Order found!
[09:24:23] [LOG] - User (uid: 4) getting their order...
[09:24:23] [LOG] - Order found!
[09:24:23] [LOG] - User (uid: 4) getting their order...
[09:24:23] [LOG] - Order found!
[09:24:23] [LOG] - User (uid: 4) getting their order...
[09:24:23] [LOG] - Order found!
[09:24:23] [LOG] - User (uid: 4) getting their order...
[09:24:23] [LOG] - Order found!
[09:24:23] [LOG] - User (uid: 4) getting their order...
[09:24:23] [LOG] - Order found!
[09:24:24] [LOG] - User (uid: 4) getting their order...
[09:24:24] [LOG] - Order found!
[09:24:24] [LOG] - User (uid: 4) getting their order...
[09:24:24] [LOG] - Order found!
[09:24:24] [LOG] - User (uid: 4) getting their order...
[09:24:24] [LOG] - Order found!
[09:24:24] [LOG] - User (uid: 4) getting their order...
[09:24:24] [LOG] - Order found!
[09:24:24] [LOG] - User (uid: 4) getting their order...
[09:24:24] [LOG] - Order found!
[09:24:24] [LOG] - User (uid: 4) getting their order...
[09:24:24] [LOG] - Order found!
[09:24:24] [LOG] - User (uid: 4) getting their order...
[09:24:24] [LOG] - Order found!
[09:24:24] [LOG] - User (uid: 4) getting their order...
[09:24:24] [LOG] - Order found!
[09:24:24] [LOG] - User (uid: 4) getting their order...
[09:24:24] [LOG] - Order found!
[09:24:24] [LOG] - User (uid: 4) getting their order...
[09:24:24] [LOG] - Order found!
[09:24:25] [LOG] - User (uid: 4) getting their order...
[09:24:25] [LOG] - Order found!
[09:24:25] [LOG] - User (uid: 4) getting their order...
[09:24:25] [LOG] - Order found!
[09:24:25] [LOG] - User (uid: 4) getting their order...
[09:24:25] [LOG] - Order found!
[09:24:25] [LOG] - User (uid: 4) getting their order...
[09:24:25] [LOG] - Order found!
[09:24:25] [LOG] - User (uid: 4) getting their order...
[09:24:25] [LOG] - Order found!
[09:24:25] [LOG] - Getting team member's data...
[09:24:25] [LOG] - Team member's data found!
[09:24:25] [LOG] - Getting team member's data...
[09:24:25] [LOG] - Team member's data found!
[09:24:27] [LOG] - User (uid: 4) getting their profile...
[09:24:27] [LOG] - User (uid: 4) getting their profile...
[09:24:27] [LOG] - Successfully got their profile!
[09:24:27] [LOG] - Successfully got their profile!
[09:24:36] [LOG] - User (uid: 4) updating their profile...
[09:24:36] [LOG] - Profile updated successfully!
[09:24:36] [LOG] - User (uid: 4) getting their profile...
[09:24:36] [LOG] - Successfully got their profile!
[09:24:37] [LOG] - User (uid: 4) updating their profile...
[09:24:37] [LOG] - Profile updated successfully!
[09:24:37] [LOG] - User (uid: 4) getting their profile...
[09:24:37] [LOG] - Successfully got their profile!
[09:25:40] [LOG] - User (uid: 4) getting their order...
[09:25:40] [LOG] - Order found!
[09:25:40] [LOG] - User (uid: 4) getting their order...
[09:25:40] [LOG] - Order found!
[09:25:40] [LOG] - User (uid: 4) getting their order...
[09:25:40] [LOG] - Order found!
[09:25:40] [LOG] - User (uid: 4) getting their order...
[09:25:40] [LOG] - Order found!
[09:25:40] [LOG] - User (uid: 4) getting their order...
[09:25:40] [LOG] - Order found!
[09:25:40] [LOG] - User (uid: 4) getting their order...
[09:25:40] [LOG] - Order found!
[09:25:41] [LOG] - User (uid: 4) getting their order...
[09:25:41] [LOG] - Order found!
[09:25:41] [LOG] - User (uid: 4) getting their order...
[09:25:41] [LOG] - Order found!
[09:25:41] [LOG] - User (uid: 4) getting their order...
[09:25:41] [LOG] - Order found!
[09:26:00] [LOG] - User (uid: 4) getting their order...
[09:26:00] [LOG] - Order found!
[09:26:00] [LOG] - User (uid: 4) getting their order...
[09:26:00] [LOG] - Order found!
[09:26:00] [LOG] - User (uid: 4) getting their order...
[09:26:00] [LOG] - Order found!
[09:26:00] [LOG] - User (uid: 4) getting their order...
[09:26:00] [LOG] - Order found!
[09:26:01] [LOG] - User (uid: 4) getting their order...
[09:26:01] [LOG] - Order found!
[09:26:01] [LOG] - User (uid: 4) getting their order...
[09:26:01] [LOG] - Order found!
[09:26:01] [LOG] - User (uid: 4) getting their order...
[09:26:01] [LOG] - Order found!
[09:26:01] [LOG] - User (uid: 4) getting their order...
[09:26:01] [LOG] - Order found!
[09:26:01] [LOG] - User (uid: 4) getting their profile...
[09:26:01] [LOG] - User (uid: 4) getting their profile...
[09:26:01] [LOG] - Successfully got their profile!
[09:26:01] [LOG] - Successfully got their profile!
