[08:26:37] [LOG] - Starting server...
[08:26:37] [LOG] - Server is running on "http://127.0.0.1:3000"!
[08:26:37] [LOG] - Connecting to the MySQL database...
[08:26:37] [LOG] - Connected to the MySQL database successfully!
[09:01:53] [LOG] - Starting server...
[09:01:53] [LOG] - Server is running on "http://127.0.0.1:3000"!
[09:01:53] [LOG] - Connecting to the MySQL database...
[09:01:53] [LOG] - Connected to the MySQL database successfully!
[09:01:56] [LOG] - Starting server...
[09:01:56] [LOG] - Server is running on "http://127.0.0.1:3000"!
[09:01:56] [LOG] - Connecting to the MySQL database...
[09:01:56] [LOG] - Connected to the MySQL database successfully!
[09:01:59] [LOG] - Starting server...
[09:01:59] [LOG] - Server is running on "http://127.0.0.1:3000"!
[09:01:59] [LOG] - Connecting to the MySQL database...
[09:01:59] [LOG] - Connected to the MySQL database successfully!
[09:02:01] [LOG] - Starting server...
[09:02:01] [LOG] - Server is running on "http://127.0.0.1:3000"!
[09:02:01] [LOG] - Connecting to the MySQL database...
[09:02:01] [LOG] - Connected to the MySQL database successfully!
[09:02:04] [LOG] - Starting server...
[09:02:04] [LOG] - Server is running on "http://127.0.0.1:3000"!
[09:02:04] [LOG] - Connecting to the MySQL database...
[09:02:04] [LOG] - Connected to the MySQL database successfully!
[09:02:07] [LOG] - Starting server...
[09:02:07] [LOG] - Server is running on "http://127.0.0.1:3000"!
[09:02:07] [LOG] - Connecting to the MySQL database...
[09:02:07] [LOG] - Connected to the MySQL database successfully!
[09:02:09] [LOG] - Starting server...
[09:02:09] [LOG] - Server is running on "http://127.0.0.1:3000"!
[09:02:09] [LOG] - Connecting to the MySQL database...
[09:02:09] [LOG] - Connected to the MySQL database successfully!
[09:02:10] [LOG] - Starting server...
[09:02:10] [LOG] - Server is running on "http://127.0.0.1:3000"!
[09:02:10] [LOG] - Connecting to the MySQL database...
[09:02:10] [LOG] - Connected to the MySQL database successfully!
[09:02:12] [LOG] - Starting server...
[09:02:12] [LOG] - Server is running on "http://127.0.0.1:3000"!
[09:02:12] [LOG] - Connecting to the MySQL database...
[09:02:12] [LOG] - Connected to the MySQL database successfully!
[09:02:15] [LOG] - Starting server...
[09:02:15] [LOG] - Server is running on "http://127.0.0.1:3000"!
[09:02:15] [LOG] - Connecting to the MySQL database...
[09:02:15] [LOG] - Connected to the MySQL database successfully!
[09:02:16] [LOG] - Starting server...
[09:02:16] [LOG] - Server is running on "http://127.0.0.1:3000"!
[09:02:16] [LOG] - Connecting to the MySQL database...
[09:02:16] [LOG] - Connected to the MySQL database successfully!
[09:02:20] [LOG] - Starting server...
[09:02:20] [LOG] - Server is running on "http://127.0.0.1:3000"!
[09:02:20] [LOG] - Connecting to the MySQL database...
[09:02:20] [LOG] - Connected to the MySQL database successfully!
[09:02:26] [LOG] - Starting server...
[09:02:26] [LOG] - Server is running on "http://127.0.0.1:3000"!
[09:02:26] [LOG] - Connecting to the MySQL database...
[09:02:26] [LOG] - Connected to the MySQL database successfully!
[09:03:13] [LOG] - Starting server...
[09:03:13] [LOG] - Server is running on "http://127.0.0.1:3000"!
[09:03:13] [LOG] - Connecting to the MySQL database...
[09:03:13] [LOG] - Connected to the MySQL database successfully!
[09:03:15] [LOG] - Starting server...
[09:03:15] [LOG] - Server is running on "http://127.0.0.1:3000"!
[09:03:15] [LOG] - Connecting to the MySQL database...
[09:03:15] [LOG] - Connected to the MySQL database successfully!
[09:03:16] [LOG] - Starting server...
[09:03:16] [LOG] - Server is running on "http://127.0.0.1:3000"!
[09:03:16] [LOG] - Connecting to the MySQL database...
[09:03:16] [LOG] - Connected to the MySQL database successfully!
[09:03:19] [LOG] - Starting server...
[09:03:19] [LOG] - Server is running on "http://127.0.0.1:3000"!
[09:03:19] [LOG] - Connecting to the MySQL database...
[09:03:19] [LOG] - Connected to the MySQL database successfully!
[09:03:20] [LOG] - Starting server...
[09:03:20] [LOG] - Server is running on "http://127.0.0.1:3000"!
[09:03:20] [LOG] - Connecting to the MySQL database...
[09:03:20] [LOG] - Connected to the MySQL database successfully!
[09:03:25] [LOG] - Starting server...
[09:03:25] [LOG] - Server is running on "http://127.0.0.1:3000"!
[09:03:25] [LOG] - Connecting to the MySQL database...
[09:03:25] [LOG] - Connected to the MySQL database successfully!
[09:03:27] [LOG] - Starting server...
[09:03:27] [LOG] - Server is running on "http://127.0.0.1:3000"!
[09:03:27] [LOG] - Connecting to the MySQL database...
[09:03:27] [LOG] - Connected to the MySQL database successfully!
[09:03:29] [LOG] - Starting server...
[09:03:29] [LOG] - Server is running on "http://127.0.0.1:3000"!
[09:03:29] [LOG] - Connecting to the MySQL database...
[09:03:29] [LOG] - Connected to the MySQL database successfully!
[09:03:31] [LOG] - Starting server...
[09:03:31] [LOG] - Server is running on "http://127.0.0.1:3000"!
[09:03:31] [LOG] - Connecting to the MySQL database...
[09:03:31] [LOG] - Connected to the MySQL database successfully!
[09:03:34] [LOG] - Starting server...
[09:03:34] [LOG] - Server is running on "http://127.0.0.1:3000"!
[09:03:34] [LOG] - Connecting to the MySQL database...
[09:03:34] [LOG] - Connected to the MySQL database successfully!
[09:03:44] [LOG] - Starting server...
[09:03:44] [LOG] - Server is running on "http://127.0.0.1:3000"!
[09:03:44] [LOG] - Connecting to the MySQL database...
[09:03:44] [LOG] - Connected to the MySQL database successfully!
[09:08:03] [LOG] - Starting server...
[09:08:03] [LOG] - Server is running on "http://127.0.0.1:3000"!
[09:08:03] [LOG] - Connecting to the MySQL database...
[09:08:03] [LOG] - Connected to the MySQL database successfully!
[09:08:04] [LOG] - Starting server...
[09:08:04] [LOG] - Server is running on "http://127.0.0.1:3000"!
[09:08:04] [LOG] - Connecting to the MySQL database...
[09:08:04] [LOG] - Connected to the MySQL database successfully!
[09:18:06] [LOG] - Starting server...
[09:18:06] [LOG] - Server is running on "http://127.0.0.1:3000"!
[09:18:06] [LOG] - Connecting to the MySQL database...
[09:18:06] [LOG] - Connected to the MySQL database successfully!
[09:18:18] [LOG] - Starting server...
[09:18:18] [LOG] - Server is running on "http://127.0.0.1:3000"!
[09:18:18] [LOG] - Connecting to the MySQL database...
[09:18:18] [LOG] - Connected to the MySQL database successfully!
[09:18:27] [LOG] - Starting server...
[09:18:27] [LOG] - Server is running on "http://127.0.0.1:3000"!
[09:18:27] [LOG] - Connecting to the MySQL database...
[09:18:27] [LOG] - Connected to the MySQL database successfully!
[09:27:31] [LOG] - Starting server...
[09:27:31] [LOG] - Server is running on "http://127.0.0.1:3000"!
[09:27:31] [LOG] - Connecting to the MySQL database...
[09:27:31] [LOG] - Connected to the MySQL database successfully!
[09:27:40] [LOG] - Starting server...
[09:27:40] [LOG] - Server is running on "http://127.0.0.1:3000"!
[09:27:40] [LOG] - Connecting to the MySQL database...
[09:27:40] [LOG] - Connected to the MySQL database successfully!
[09:27:42] [LOG] - Starting server...
[09:27:42] [LOG] - Server is running on "http://127.0.0.1:3000"!
[09:27:42] [LOG] - Connecting to the MySQL database...
[09:27:42] [LOG] - Connected to the MySQL database successfully!
[09:27:44] [LOG] - Starting server...
[09:27:44] [LOG] - Server is running on "http://127.0.0.1:3000"!
[09:27:44] [LOG] - Connecting to the MySQL database...
[09:27:44] [LOG] - Connected to the MySQL database successfully!
[09:27:45] [LOG] - Starting server...
[09:27:45] [LOG] - Server is running on "http://127.0.0.1:3000"!
[09:27:45] [LOG] - Connecting to the MySQL database...
[09:27:45] [LOG] - Connected to the MySQL database successfully!
[09:27:48] [LOG] - Starting server...
[09:27:48] [LOG] - Server is running on "http://127.0.0.1:3000"!
[09:27:48] [LOG] - Connecting to the MySQL database...
[09:27:48] [LOG] - Connected to the MySQL database successfully!
[09:27:51] [LOG] - Starting server...
[09:27:51] [LOG] - Server is running on "http://127.0.0.1:3000"!
[09:27:51] [LOG] - Connecting to the MySQL database...
[09:27:51] [LOG] - Connected to the MySQL database successfully!
[09:27:55] [LOG] - Starting server...
[09:27:55] [LOG] - Server is running on "http://127.0.0.1:3000"!
[09:27:55] [LOG] - Connecting to the MySQL database...
[09:27:55] [LOG] - Connected to the MySQL database successfully!
[09:27:56] [LOG] - Starting server...
[09:27:56] [LOG] - Server is running on "http://127.0.0.1:3000"!
[09:27:56] [LOG] - Connecting to the MySQL database...
[09:27:56] [LOG] - Connected to the MySQL database successfully!
[09:27:59] [LOG] - Starting server...
[09:27:59] [LOG] - Server is running on "http://127.0.0.1:3000"!
[09:27:59] [LOG] - Connecting to the MySQL database...
[09:27:59] [LOG] - Connected to the MySQL database successfully!
[09:28:00] [LOG] - Starting server...
[09:28:00] [LOG] - Server is running on "http://127.0.0.1:3000"!
[09:28:00] [LOG] - Connecting to the MySQL database...
[09:28:00] [LOG] - Connected to the MySQL database successfully!
[09:28:03] [LOG] - Starting server...
[09:28:03] [LOG] - Server is running on "http://127.0.0.1:3000"!
[09:28:03] [LOG] - Connecting to the MySQL database...
[09:28:03] [LOG] - Connected to the MySQL database successfully!
[09:28:05] [LOG] - Starting server...
[09:28:05] [LOG] - Server is running on "http://127.0.0.1:3000"!
[09:28:05] [LOG] - Connecting to the MySQL database...
[09:28:05] [LOG] - Connected to the MySQL database successfully!
[09:28:10] [LOG] - Starting server...
[09:28:10] [LOG] - Server is running on "http://127.0.0.1:3000"!
[09:28:10] [LOG] - Connecting to the MySQL database...
[09:28:10] [LOG] - Connected to the MySQL database successfully!
[09:28:13] [LOG] - Starting server...
[09:28:13] [LOG] - Server is running on "http://127.0.0.1:3000"!
[09:28:13] [LOG] - Connecting to the MySQL database...
[09:28:13] [LOG] - Connected to the MySQL database successfully!
[09:28:14] [LOG] - Starting server...
[09:28:14] [LOG] - Server is running on "http://127.0.0.1:3000"!
[09:28:14] [LOG] - Connecting to the MySQL database...
[09:28:14] [LOG] - Connected to the MySQL database successfully!
[09:28:17] [LOG] - Starting server...
[09:28:17] [LOG] - Server is running on "http://127.0.0.1:3000"!
[09:28:17] [LOG] - Connecting to the MySQL database...
[09:28:17] [LOG] - Connected to the MySQL database successfully!
[09:28:23] [LOG] - Starting server...
[09:28:23] [LOG] - Server is running on "http://127.0.0.1:3000"!
[09:28:23] [LOG] - Connecting to the MySQL database...
[09:28:23] [LOG] - Connected to the MySQL database successfully!
[09:28:25] [LOG] - Starting server...
[09:28:25] [LOG] - Server is running on "http://127.0.0.1:3000"!
[09:28:25] [LOG] - Connecting to the MySQL database...
[09:28:25] [LOG] - Connected to the MySQL database successfully!
[09:28:29] [LOG] - Starting server...
[09:28:29] [LOG] - Server is running on "http://127.0.0.1:3000"!
[09:28:29] [LOG] - Connecting to the MySQL database...
[09:28:29] [LOG] - Connected to the MySQL database successfully!
[09:28:30] [LOG] - Starting server...
[09:28:30] [LOG] - Server is running on "http://127.0.0.1:3000"!
[09:28:30] [LOG] - Connecting to the MySQL database...
[09:28:30] [LOG] - Connected to the MySQL database successfully!
[09:28:32] [LOG] - Starting server...
[09:28:32] [LOG] - Server is running on "http://127.0.0.1:3000"!
[09:28:32] [LOG] - Connecting to the MySQL database...
[09:28:32] [LOG] - Connected to the MySQL database successfully!
[09:28:34] [LOG] - Starting server...
[09:28:34] [LOG] - Server is running on "http://127.0.0.1:3000"!
[09:28:34] [LOG] - Connecting to the MySQL database...
[09:28:34] [LOG] - Connected to the MySQL database successfully!
[09:28:35] [LOG] - Starting server...
[09:28:35] [LOG] - Server is running on "http://127.0.0.1:3000"!
[09:28:36] [LOG] - Connecting to the MySQL database...
[09:28:36] [LOG] - Connected to the MySQL database successfully!
[09:28:37] [LOG] - Starting server...
[09:28:37] [LOG] - Server is running on "http://127.0.0.1:3000"!
[09:28:37] [LOG] - Connecting to the MySQL database...
[09:28:37] [LOG] - Connected to the MySQL database successfully!
[09:28:39] [LOG] - Starting server...
[09:28:39] [LOG] - Server is running on "http://127.0.0.1:3000"!
[09:28:39] [LOG] - Connecting to the MySQL database...
[09:28:39] [LOG] - Connected to the MySQL database successfully!
[09:28:40] [LOG] - Starting server...
[09:28:40] [LOG] - Server is running on "http://127.0.0.1:3000"!
[09:28:40] [LOG] - Connecting to the MySQL database...
[09:28:40] [LOG] - Connected to the MySQL database successfully!
[09:28:42] [LOG] - Starting server...
[09:28:42] [LOG] - Server is running on "http://127.0.0.1:3000"!
[09:28:42] [LOG] - Connecting to the MySQL database...
[09:28:42] [LOG] - Connected to the MySQL database successfully!
[09:28:44] [LOG] - Starting server...
[09:28:44] [LOG] - Server is running on "http://127.0.0.1:3000"!
[09:28:44] [LOG] - Connecting to the MySQL database...
[09:28:44] [LOG] - Connected to the MySQL database successfully!
[09:28:46] [LOG] - Starting server...
[09:28:46] [LOG] - Server is running on "http://127.0.0.1:3000"!
[09:28:46] [LOG] - Connecting to the MySQL database...
[09:28:46] [LOG] - Connected to the MySQL database successfully!
[09:28:50] [LOG] - Starting server...
[09:28:50] [LOG] - Server is running on "http://127.0.0.1:3000"!
[09:28:50] [LOG] - Connecting to the MySQL database...
[09:28:50] [LOG] - Connected to the MySQL database successfully!
[09:28:53] [LOG] - Starting server...
[09:28:53] [LOG] - Server is running on "http://127.0.0.1:3000"!
[09:28:53] [LOG] - Connecting to the MySQL database...
[09:28:53] [LOG] - Connected to the MySQL database successfully!
[09:28:58] [LOG] - Starting server...
[09:28:58] [LOG] - Server is running on "http://127.0.0.1:3000"!
[09:28:58] [LOG] - Connecting to the MySQL database...
[09:28:58] [LOG] - Connected to the MySQL database successfully!
[09:29:00] [LOG] - Starting server...
[09:29:00] [LOG] - Server is running on "http://127.0.0.1:3000"!
[09:29:00] [LOG] - Connecting to the MySQL database...
[09:29:00] [LOG] - Connected to the MySQL database successfully!
[09:29:04] [LOG] - Starting server...
[09:29:04] [LOG] - Server is running on "http://127.0.0.1:3000"!
[09:29:04] [LOG] - Connecting to the MySQL database...
[09:29:04] [LOG] - Connected to the MySQL database successfully!
[09:53:27] [LOG] - Fetching all orders...
[09:53:27] [LOG] - Fetching all orders...
[09:53:27] [LOG] - Orders found: 1
[09:53:27] [LOG] - Orders found: 1
[09:53:27] [LOG] - Fetching all orders...
[09:53:27] [LOG] - Orders found: 1
[09:53:27] [LOG] - Fetching all orders...
[09:53:27] [LOG] - Orders found: 1
[09:53:28] [LOG] - Fetching all orders...
[09:53:28] [LOG] - Orders found: 1
[09:53:28] [LOG] - Fetching all orders...
[09:53:28] [LOG] - Orders found: 1
[09:53:28] [LOG] - Fetching all orders...
[09:53:28] [LOG] - Orders found: 1
[09:53:28] [LOG] - Fetching all orders...
[09:53:28] [LOG] - Orders found: 1
[09:53:28] [LOG] - Fetching all orders...
[09:53:28] [LOG] - Orders found: 1
[09:53:28] [LOG] - Fetching all orders...
[09:53:28] [LOG] - Orders found: 1
[09:53:28] [LOG] - Fetching all orders...
[09:53:28] [LOG] - Orders found: 1
[09:53:28] [LOG] - Fetching all orders...
[09:53:28] [LOG] - Orders found: 1
[09:53:29] [LOG] - Fetching all orders...
[09:53:29] [LOG] - Orders found: 1
[09:53:29] [LOG] - Fetching all orders...
[09:53:29] [LOG] - Orders found: 1
[09:53:29] [LOG] - Fetching all orders...
[09:53:29] [LOG] - Orders found: 1
[09:53:29] [LOG] - Fetching all orders...
[09:53:29] [LOG] - Orders found: 1
[09:53:29] [LOG] - Fetching all orders...
[09:53:29] [LOG] - Orders found: 1
[09:53:29] [LOG] - Fetching all orders...
[09:53:29] [LOG] - Orders found: 1
[09:53:30] [LOG] - Fetching all orders...
[09:53:30] [LOG] - Orders found: 1
[09:53:30] [LOG] - Fetching all orders...
[09:53:30] [LOG] - Orders found: 1
[09:53:30] [LOG] - Fetching all orders...
[09:53:30] [LOG] - Orders found: 1
[09:53:30] [LOG] - Fetching all orders...
[09:53:30] [LOG] - Orders found: 1
[09:53:30] [LOG] - Fetching all orders...
[09:53:30] [LOG] - Orders found: 1
[09:53:30] [LOG] - Fetching all orders...
[09:53:30] [LOG] - Orders found: 1
[09:53:30] [LOG] - Fetching all orders...
[09:53:30] [LOG] - Orders found: 1
[09:53:31] [LOG] - Fetching all orders...
[09:53:31] [LOG] - Orders found: 1
[09:53:31] [LOG] - Fetching all orders...
[09:53:31] [LOG] - Orders found: 1
[09:53:31] [LOG] - Fetching all orders...
[09:53:31] [LOG] - Orders found: 1
[09:53:31] [LOG] - Fetching all orders...
[09:53:31] [LOG] - Orders found: 1
[09:53:31] [LOG] - Fetching all orders...
[09:53:31] [LOG] - Orders found: 1
[09:53:31] [LOG] - Fetching all orders...
[09:53:31] [LOG] - Orders found: 1
[09:53:31] [LOG] - Fetching all orders...
[09:53:31] [LOG] - Orders found: 1
[09:53:32] [LOG] - Fetching all orders...
[09:53:32] [LOG] - Orders found: 1
[09:53:32] [LOG] - Fetching all orders...
[09:53:32] [LOG] - Orders found: 1
[09:53:32] [LOG] - Fetching all orders...
[09:53:32] [LOG] - Orders found: 1
[09:53:32] [LOG] - Fetching all orders...
[09:53:32] [LOG] - Orders found: 1
[09:53:32] [LOG] - Fetching all orders...
[09:53:32] [LOG] - Orders found: 1
[09:53:32] [LOG] - Fetching all orders...
[09:53:32] [LOG] - Orders found: 1
[09:53:32] [LOG] - Fetching all orders...
[09:53:32] [LOG] - Orders found: 1
[09:53:33] [LOG] - Fetching all orders...
[09:53:33] [LOG] - Orders found: 1
[09:53:33] [LOG] - Fetching all orders...
[09:53:33] [LOG] - Orders found: 1
[09:53:33] [LOG] - Fetching all orders...
[09:53:33] [LOG] - Orders found: 1
[09:53:33] [LOG] - Fetching all orders...
[09:53:33] [LOG] - Orders found: 1
[09:53:33] [LOG] - Fetching all orders...
[09:53:33] [LOG] - Orders found: 1
[09:53:33] [LOG] - Fetching all orders...
[09:53:33] [LOG] - Orders found: 1
[09:53:33] [LOG] - Fetching all orders...
[09:53:33] [LOG] - Orders found: 1
[09:53:33] [LOG] - Fetching all orders...
[09:53:33] [LOG] - Orders found: 1
[09:53:34] [LOG] - Fetching all orders...
[09:53:34] [LOG] - Orders found: 1
[09:53:34] [LOG] - Fetching all orders...
[09:53:34] [LOG] - Orders found: 1
[09:53:34] [LOG] - Fetching all orders...
[09:53:34] [LOG] - Orders found: 1
[09:53:34] [LOG] - Fetching all orders...
[09:53:34] [LOG] - Orders found: 1
[09:53:34] [LOG] - Fetching all orders...
[09:53:34] [LOG] - Orders found: 1
[09:53:34] [LOG] - Client trying to log in...
[09:53:34] [LOG] - Fetching all orders...
[09:53:34] [LOG] - Client successfully logged in!
[09:53:34] [LOG] - Orders found: 1
[09:53:35] [LOG] - Fetching all orders...
[09:53:35] [LOG] - Orders found: 1
[09:53:35] [LOG] - Fetching all orders...
[09:53:35] [LOG] - Orders found: 1
[09:53:35] [LOG] - Fetching all orders...
[09:53:35] [LOG] - Orders found: 1
[09:53:35] [LOG] - Fetching all orders...
[09:53:35] [LOG] - Orders found: 1
[09:53:35] [LOG] - Fetching all orders...
[09:53:35] [LOG] - Orders found: 1
[09:53:35] [LOG] - Fetching all orders...
[09:53:35] [LOG] - Orders found: 1
[09:53:35] [LOG] - Fetching all orders...
[09:53:35] [LOG] - Orders found: 1
[09:53:36] [LOG] - Fetching all orders...
[09:53:36] [LOG] - Orders found: 1
[09:53:36] [LOG] - Fetching all orders...
[09:53:36] [LOG] - Orders found: 1
[09:53:36] [LOG] - Fetching all orders...
[09:53:36] [LOG] - Orders found: 1
[09:53:36] [LOG] - Fetching all orders...
[09:53:36] [LOG] - Orders found: 1
[09:53:36] [LOG] - Fetching all orders...
[09:53:36] [LOG] - Orders found: 1
[09:53:36] [LOG] - Fetching all orders...
[09:53:36] [LOG] - Orders found: 1
[09:53:37] [LOG] - Fetching all orders...
[09:53:37] [LOG] - Orders found: 1
[09:53:37] [LOG] - Fetching all orders...
[09:53:37] [LOG] - Orders found: 1
[09:53:37] [LOG] - Fetching all orders...
[09:53:37] [LOG] - Orders found: 1
[09:53:37] [LOG] - Fetching all orders...
[09:53:37] [LOG] - Orders found: 1
[09:53:37] [LOG] - Fetching all orders...
[09:53:37] [LOG] - Orders found: 1
[09:53:37] [LOG] - Fetching all orders...
[09:53:37] [LOG] - Orders found: 1
[09:53:37] [LOG] - Fetching all orders...
[09:53:37] [LOG] - Orders found: 1
[09:53:38] [LOG] - Fetching all orders...
[09:53:38] [LOG] - Orders found: 1
[09:53:38] [LOG] - Fetching all orders...
[09:53:38] [LOG] - Orders found: 1
[09:53:38] [LOG] - Fetching all orders...
[09:53:38] [LOG] - Orders found: 1
[09:53:38] [LOG] - Fetching all orders...
[09:53:38] [LOG] - Orders found: 1
[09:53:38] [LOG] - Fetching all orders...
[09:53:38] [LOG] - Orders found: 1
[09:53:38] [LOG] - Fetching all orders...
[09:53:38] [LOG] - Orders found: 1
[09:53:38] [LOG] - Fetching all orders...
[09:53:38] [LOG] - Orders found: 1
[09:53:39] [LOG] - Fetching all orders...
[09:53:39] [LOG] - Orders found: 1
[09:53:39] [LOG] - Fetching all orders...
[09:53:39] [LOG] - Orders found: 1
[09:53:39] [LOG] - Fetching all orders...
[09:53:39] [LOG] - Orders found: 1
[09:53:39] [LOG] - Fetching all orders...
[09:53:39] [LOG] - Orders found: 1
[09:53:40] [LOG] - Fetching all orders...
[09:53:40] [LOG] - Orders found: 1
[09:53:40] [LOG] - Fetching all orders...
[09:53:40] [LOG] - Orders found: 1
[09:53:40] [LOG] - Fetching all orders...
[09:53:40] [LOG] - Orders found: 1
[09:53:40] [LOG] - Fetching all orders...
[09:53:40] [LOG] - Orders found: 1
[09:53:40] [LOG] - Fetching all orders...
[09:53:40] [LOG] - Orders found: 1
[09:53:40] [LOG] - Fetching all orders...
[09:53:40] [LOG] - Orders found: 1
[09:53:41] [LOG] - Fetching all orders...
[09:53:41] [LOG] - Orders found: 1
[09:53:41] [LOG] - Fetching all orders...
[09:53:41] [LOG] - Orders found: 1
[09:53:41] [LOG] - Fetching all orders...
[09:53:41] [LOG] - Orders found: 1
[09:53:41] [LOG] - Fetching all orders...
[09:53:41] [LOG] - Orders found: 1
[09:53:41] [LOG] - Fetching all orders...
[09:53:41] [LOG] - Orders found: 1
[09:53:41] [LOG] - Fetching all orders...
[09:53:41] [LOG] - Orders found: 1
[09:53:42] [LOG] - Fetching all orders...
[09:53:42] [LOG] - Orders found: 1
[09:53:42] [LOG] - Fetching all orders...
[09:53:42] [LOG] - Orders found: 1
