[17:49:22] [LOG] - Starting server...
[17:49:22] [LOG] - Server is running on "http://127.0.0.1:3000"!
[17:49:22] [LOG] - Connecting to the MySQL database...
[17:49:22] [LOG] - Connected to the MySQL database successfully!
[17:50:24] [LOG] - Client trying to log in...
[17:50:24] [LOG] - Client trying to log in...
[17:50:24] [LOG] - Client successfully logged in!
[17:50:24] [LOG] - Client successfully logged in!
[17:50:24] [LOG] - User (uid: 148) checking their order...
[17:50:24] [LOG] - User (uid: 148) getting their last name...
[17:50:24] [LOG] - User (uid: 148) checking their order...
[17:50:24] [LOG] - User does not have an order yet.
[17:50:24] [LOG] - User (uid: 148) getting their last name...
[17:50:24] [LOG] - Successfully got their last name!
[17:50:24] [LOG] - User does not have an order yet.
[17:50:24] [LOG] - Successfully got their last name!
[17:50:46] [LOG] - Client trying to log in...
[17:50:46] [LOG] - Client successfully logged in!
[17:50:46] [LOG] - User (uid: 147) checking their order...
[17:50:46] [LOG] - User (uid: 147) getting their last name...
[17:50:46] [LOG] - User already have an order.
[17:50:46] [LOG] - Successfully got their last name!
[17:55:41] [LOG] - Getting team member's data...
[17:55:41] [LOG] - Team member's data found!
[17:55:41] [LOG] - Getting team member's data...
[17:55:41] [LOG] - Team member's data found!
[17:55:54] [LOG] - User (uid: 147) getting their order...
[17:55:54] [LOG] - Order found!
[17:55:55] [LOG] - User (uid: 147) getting their order...
[17:55:55] [LOG] - Order found!
[17:55:55] [LOG] - User (uid: 147) getting their order...
[17:55:55] [LOG] - Order found!
[17:55:55] [LOG] - User (uid: 147) getting their order...
[17:55:55] [LOG] - Order found!
[17:55:55] [LOG] - User (uid: 147) getting their order...
[17:55:55] [LOG] - Order found!
[17:55:55] [LOG] - User (uid: 147) getting their order...
[17:55:55] [LOG] - Order found!
[17:55:55] [LOG] - User (uid: 147) getting their order...
[17:55:55] [LOG] - Order found!
[17:55:55] [LOG] - User (uid: 147) getting their order...
[17:55:55] [LOG] - Order found!
[17:55:55] [LOG] - User (uid: 147) getting their order...
[17:55:55] [LOG] - Order found!
[17:55:55] [LOG] - User (uid: 147) getting their order...
[17:55:55] [LOG] - Order found!
[17:55:55] [LOG] - User (uid: 147) getting their order...
[17:55:55] [LOG] - Order found!
[17:55:56] [LOG] - User (uid: 147) getting their order...
[17:55:56] [LOG] - Order found!
[17:55:56] [LOG] - User (uid: 147) getting their order...
[17:55:56] [LOG] - Order found!
[17:55:56] [LOG] - User (uid: 147) getting their order...
[17:55:56] [LOG] - Order found!
[17:55:56] [LOG] - User (uid: 147) getting their order...
[17:55:56] [LOG] - Order found!
[17:55:56] [LOG] - User (uid: 147) getting their order...
[17:55:56] [LOG] - Order found!
[17:55:56] [LOG] - User (uid: 147) getting their order...
[17:55:56] [LOG] - Order found!
[17:55:56] [LOG] - User (uid: 147) getting their order...
[17:55:56] [LOG] - Order found!
[17:55:56] [LOG] - User (uid: 147) getting their order...
[17:55:56] [LOG] - Order found!
[17:55:56] [LOG] - User (uid: 147) getting their order...
[17:55:56] [LOG] - Order found!
[17:55:56] [LOG] - User (uid: 147) getting their order...
[17:55:56] [LOG] - Order found!
[17:55:57] [LOG] - User (uid: 147) getting their order...
[17:55:57] [LOG] - Order found!
[17:55:57] [LOG] - User (uid: 147) getting their order...
[17:55:57] [LOG] - Order found!
[17:55:57] [LOG] - User (uid: 147) getting their order...
[17:55:57] [LOG] - Order found!
[17:55:57] [LOG] - User (uid: 147) getting their order...
[17:55:57] [LOG] - Order found!
[17:55:57] [LOG] - User (uid: 147) getting their order...
[17:55:57] [LOG] - Order found!
[17:55:57] [LOG] - User (uid: 147) getting their order...
[17:55:57] [LOG] - Order found!
[17:55:57] [LOG] - User (uid: 147) getting their order...
[17:55:57] [LOG] - Order found!
[17:55:57] [LOG] - User (uid: 147) getting their order...
[17:55:57] [LOG] - Order found!
[17:55:57] [LOG] - User (uid: 147) getting their order...
[17:55:57] [LOG] - Order found!
[17:55:57] [LOG] - User (uid: 147) getting their order...
[17:55:57] [LOG] - Order found!
[17:55:58] [LOG] - User (uid: 147) getting their order...
[17:55:58] [LOG] - Order found!
[17:55:58] [LOG] - User (uid: 147) getting their order...
[17:55:58] [LOG] - Order found!
[17:55:58] [LOG] - User (uid: 147) getting their order...
[17:55:58] [LOG] - Order found!
[17:55:58] [LOG] - User (uid: 147) getting their order...
[17:55:58] [LOG] - Order found!
[17:55:58] [LOG] - User (uid: 147) getting their order...
[17:55:58] [LOG] - Order found!
[17:55:58] [LOG] - User (uid: 147) getting their order...
[17:55:58] [LOG] - Order found!
[17:55:58] [LOG] - User (uid: 147) getting their order...
[17:55:58] [LOG] - Order found!
[17:55:58] [LOG] - User (uid: 147) getting their order...
[17:55:58] [LOG] - Order found!
[17:55:58] [LOG] - User (uid: 147) getting their order...
[17:55:58] [LOG] - Order found!
[17:55:58] [LOG] - User (uid: 147) getting their order...
[17:55:58] [LOG] - Order found!
[17:55:59] [LOG] - User (uid: 147) getting their order...
[17:55:59] [LOG] - Order found!
[17:55:59] [LOG] - User (uid: 147) getting their order...
[17:55:59] [LOG] - Order found!
[17:55:59] [LOG] - User (uid: 147) getting their order...
[17:55:59] [LOG] - Order found!
[17:55:59] [LOG] - User (uid: 147) getting their order...
[17:55:59] [LOG] - Order found!
[17:55:59] [LOG] - User (uid: 147) getting their order...
[17:55:59] [LOG] - Order found!
[17:55:59] [LOG] - User (uid: 147) getting their order...
[17:55:59] [LOG] - Order found!
[17:55:59] [LOG] - User (uid: 147) getting their order...
[17:55:59] [LOG] - Order found!
[17:55:59] [LOG] - User (uid: 147) getting their order...
[17:55:59] [LOG] - Order found!
[17:55:59] [LOG] - User (uid: 147) getting their order...
[17:55:59] [LOG] - Order found!
[17:55:59] [LOG] - User (uid: 147) getting their order...
[17:55:59] [LOG] - Order found!
[17:56:00] [LOG] - User (uid: 147) getting their order...
[17:56:00] [LOG] - Order found!
[17:56:00] [LOG] - User (uid: 147) getting their order...
[17:56:00] [LOG] - Order found!
[17:56:00] [LOG] - User (uid: 147) getting their order...
[17:56:00] [LOG] - Order found!
[17:56:00] [LOG] - User (uid: 147) getting their order...
[17:56:00] [LOG] - Order found!
[17:56:00] [LOG] - User (uid: 147) getting their order...
[17:56:00] [LOG] - Order found!
[17:56:00] [LOG] - User (uid: 147) getting their order...
[17:56:00] [LOG] - Order found!
[17:56:00] [LOG] - User (uid: 147) getting their order...
[17:56:00] [LOG] - Order found!
[17:56:00] [LOG] - User (uid: 147) getting their order...
[17:56:00] [LOG] - Order found!
[17:56:00] [LOG] - User (uid: 147) getting their order...
[17:56:00] [LOG] - Order found!
[17:56:00] [LOG] - User (uid: 147) getting their order...
[17:56:00] [LOG] - Order found!
[17:56:01] [LOG] - User (uid: 147) getting their order...
[17:56:01] [LOG] - Order found!
[17:56:01] [LOG] - User (uid: 147) getting their order...
[17:56:01] [LOG] - Order found!
[17:56:01] [LOG] - User (uid: 147) getting their order...
[17:56:01] [LOG] - Order found!
[17:56:01] [LOG] - User (uid: 147) getting their order...
[17:56:01] [LOG] - Order found!
[17:56:01] [LOG] - User (uid: 147) getting their order...
[17:56:01] [LOG] - Order found!
[17:56:01] [LOG] - User (uid: 147) getting their order...
[17:56:01] [LOG] - Order found!
[17:56:01] [LOG] - User (uid: 147) getting their order...
[17:56:01] [LOG] - Order found!
[17:56:01] [LOG] - User (uid: 147) getting their order...
[17:56:01] [LOG] - Order found!
[17:56:01] [LOG] - User (uid: 147) getting their order...
[17:56:01] [LOG] - Order found!
[17:56:01] [LOG] - User (uid: 147) getting their order...
[17:56:01] [LOG] - Order found!
[17:56:02] [LOG] - User (uid: 147) getting their order...
[17:56:02] [LOG] - Order found!
[17:56:02] [LOG] - User (uid: 147) getting their order...
[17:56:02] [LOG] - Order found!
[17:56:02] [LOG] - User (uid: 147) getting their order...
[17:56:02] [LOG] - Order found!
[17:56:02] [LOG] - User (uid: 147) getting their order...
[17:56:02] [LOG] - Order found!
[17:56:02] [LOG] - User (uid: 147) getting their order...
[17:56:02] [LOG] - Order found!
[17:56:02] [LOG] - User (uid: 147) getting their order...
[17:56:02] [LOG] - Order found!
[17:56:02] [LOG] - User (uid: 147) getting their order...
[17:56:02] [LOG] - Order found!
[17:56:02] [LOG] - User (uid: 147) getting their order...
[17:56:02] [LOG] - Order found!
[17:56:02] [LOG] - User (uid: 147) getting their order...
[17:56:02] [LOG] - Order found!
[17:56:02] [LOG] - User (uid: 147) getting their order...
[17:56:02] [LOG] - Order found!
[17:56:03] [LOG] - User (uid: 147) getting their order...
[17:56:03] [LOG] - Order found!
[17:56:03] [LOG] - User (uid: 147) getting their order...
[17:56:03] [LOG] - Order found!
[17:56:03] [LOG] - User (uid: 147) getting their order...
[17:56:03] [LOG] - Order found!
[17:56:03] [LOG] - User (uid: 147) getting their order...
[17:56:03] [LOG] - Order found!
[17:56:03] [LOG] - User (uid: 147) getting their order...
[17:56:03] [LOG] - Order found!
[17:56:03] [LOG] - User (uid: 147) getting their order...
[17:56:03] [LOG] - Order found!
[17:56:03] [LOG] - User (uid: 147) getting their order...
[17:56:03] [LOG] - Order found!
[17:56:03] [LOG] - User (uid: 147) getting their order...
[17:56:03] [LOG] - Order found!
[17:56:03] [LOG] - User (uid: 147) getting their order...
[17:56:03] [LOG] - Order found!
[17:56:03] [LOG] - User (uid: 147) getting their order...
[17:56:03] [LOG] - Order found!
[17:56:04] [LOG] - User (uid: 147) getting their order...
[17:56:04] [LOG] - Order found!
[17:56:04] [LOG] - User (uid: 147) getting their order...
[17:56:04] [LOG] - Order found!
[17:56:04] [LOG] - User (uid: 147) getting their order...
[17:56:04] [LOG] - Order found!
[17:56:04] [LOG] - User (uid: 147) getting their order...
[17:56:04] [LOG] - Order found!
[17:56:04] [LOG] - User (uid: 147) getting their order...
[17:56:04] [LOG] - Order found!
[17:56:04] [LOG] - User (uid: 147) getting their order...
[17:56:04] [LOG] - Order found!
[17:56:04] [LOG] - User (uid: 147) getting their order...
[17:56:04] [LOG] - Order found!
[17:56:04] [LOG] - User (uid: 147) getting their order...
[17:56:04] [LOG] - Order found!
[17:56:04] [LOG] - User (uid: 147) getting their order...
[17:56:04] [LOG] - Order found!
[17:56:04] [LOG] - User (uid: 147) getting their order...
[17:56:04] [LOG] - Order found!
[17:56:05] [LOG] - User (uid: 147) getting their order...
[17:56:05] [LOG] - Order found!
[17:56:05] [LOG] - User (uid: 147) getting their order...
[17:56:05] [LOG] - Order found!
[17:56:05] [LOG] - User (uid: 147) getting their order...
[17:56:05] [LOG] - Order found!
[17:56:05] [LOG] - User (uid: 147) getting their order...
[17:56:05] [LOG] - Order found!
[17:56:05] [LOG] - User (uid: 147) getting their order...
[17:56:05] [LOG] - Order found!
[17:56:05] [LOG] - User (uid: 147) getting their order...
[17:56:05] [LOG] - Order found!
[17:56:05] [LOG] - User (uid: 147) getting their order...
[17:56:05] [LOG] - Order found!
[17:56:05] [LOG] - User (uid: 147) getting their order...
[17:56:05] [LOG] - Order found!
[17:56:05] [LOG] - User (uid: 147) getting their order...
[17:56:05] [LOG] - Order found!
[17:56:05] [LOG] - User (uid: 147) getting their order...
[17:56:05] [LOG] - Order found!
[17:56:06] [LOG] - User (uid: 147) getting their order...
[17:56:06] [LOG] - Order found!
[17:56:06] [LOG] - User (uid: 147) getting their order...
[17:56:06] [LOG] - Order found!
[17:56:06] [LOG] - User (uid: 147) getting their order...
[17:56:06] [LOG] - Order found!
[17:56:06] [LOG] - User (uid: 147) getting their order...
[17:56:06] [LOG] - Order found!
[17:56:06] [LOG] - User (uid: 147) getting their order...
[17:56:06] [LOG] - Order found!
[17:56:06] [LOG] - User (uid: 147) getting their order...
[17:56:06] [LOG] - Order found!
[17:56:06] [LOG] - User (uid: 147) getting their order...
[17:56:06] [LOG] - Order found!
[17:56:06] [LOG] - User (uid: 147) getting their order...
[17:56:06] [LOG] - Order found!
[17:56:06] [LOG] - User (uid: 147) getting their order...
[17:56:06] [LOG] - Order found!
[17:56:06] [LOG] - User (uid: 147) getting their order...
[17:56:06] [LOG] - Order found!
[17:56:07] [LOG] - User (uid: 147) getting their order...
[17:56:07] [LOG] - Order found!
[17:56:07] [LOG] - User (uid: 147) getting their order...
[17:56:07] [LOG] - Order found!
[17:56:07] [LOG] - User (uid: 147) getting their order...
[17:56:07] [LOG] - Order found!
[17:56:07] [LOG] - User (uid: 147) getting their order...
[17:56:07] [LOG] - Order found!
[17:56:07] [LOG] - User (uid: 147) getting their order...
[17:56:07] [LOG] - Order found!
[17:56:07] [LOG] - User (uid: 147) getting their order...
[17:56:07] [LOG] - Order found!
[17:56:07] [LOG] - User (uid: 147) getting their order...
[17:56:07] [LOG] - Order found!
[17:56:07] [LOG] - User (uid: 147) getting their order...
[17:56:07] [LOG] - Order found!
[17:56:07] [LOG] - User (uid: 147) getting their order...
[17:56:07] [LOG] - Order found!
[17:56:08] [LOG] - User (uid: 147) getting their order...
[17:56:08] [LOG] - Order found!
[17:56:08] [LOG] - User (uid: 147) getting their order...
[17:56:08] [LOG] - Order found!
[17:56:08] [LOG] - User (uid: 147) getting their order...
[17:56:08] [LOG] - Order found!
[17:56:08] [LOG] - User (uid: 147) revoking their order...
[17:56:08] [ERROR] - Failed to delete file: ENOENT: no such file or directory, unlink 'D:\viszgaremek\vizsga_remek\(2) Backend\documents\1776003331889-vizsgaremek_doku.docx'!
[17:56:08] [LOG] - User (uid: 147) getting their order...
[17:56:08] [LOG] - Order revoked successfully!
[17:56:19] [LOG] - User (uid: 147) getting their profile...
[17:56:19] [LOG] - User (uid: 147) getting their profile...
[17:56:19] [LOG] - Successfully got their profile!
[17:56:19] [LOG] - Successfully got their profile!
[17:57:45] [LOG] - Getting team member's data...
[17:57:45] [LOG] - Team member's data found!
[17:57:45] [LOG] - Getting team member's data...
[17:57:45] [LOG] - Team member's data found!
