[12:46:51] [LOG] - Starting server...
[12:46:51] [LOG] - Server is running on "http://127.0.0.1:3000"!
[12:46:51] [LOG] - Connecting to the MySQL database...
[12:46:51] [LOG] - Connected to the MySQL database successfully!
[12:46:57] [LOG] - Client trying to log in...
[12:46:57] [LOG] - Client successfully logged in!
[12:46:57] [LOG] - Client trying to log in...
[12:46:57] [LOG] - Client successfully logged in!
[12:46:57] [LOG] - User (uid: 4) checking their order...
[12:46:57] [LOG] - User (uid: 4) getting their last name...
[12:46:57] [LOG] - User does not have an order yet.
[12:46:57] [LOG] - User (uid: 4) checking their order...
[12:46:57] [LOG] - User (uid: 4) getting their last name...
[12:46:57] [LOG] - Successfully got their last name!
[12:46:57] [LOG] - User does not have an order yet.
[12:46:57] [LOG] - Successfully got their last name!
[12:47:04] [LOG] - Client trying to log in...
[12:47:04] [LOG] - Client successfully logged in!
[12:47:04] [LOG] - User (uid: 4) checking their order...
[12:47:04] [LOG] - User does not have an order yet.
[12:47:04] [LOG] - User (uid: 4) getting their last name...
[12:47:04] [LOG] - Successfully got their last name!
[12:47:05] [LOG] - User (uid: 4) getting their profile...
[12:47:05] [LOG] - User (uid: 4) getting their profile...
[12:47:05] [LOG] - Successfully got their profile!
[12:47:05] [LOG] - Successfully got their profile!
[12:47:18] [LOG] - User (uid: 4) submitting an order...
[12:47:18] [ERROR] - Order submission error: ER_NO_REFERENCED_ROW_2: Cannot add or update a child row: a foreign key constraint fails (`nexusdev`.`orders`, CONSTRAINT `orders_ibfk_2` FOREIGN KEY (`freelancer_uid`) REFERENCES `users` (`uid`) ON DELETE CASCADE ON UPDATE CASCADE)!
[12:47:33] [LOG] - Starting server...
[12:47:33] [LOG] - Server is running on "http://127.0.0.1:3000"!
[12:47:33] [LOG] - Connecting to the MySQL database...
[12:47:33] [LOG] - Connected to the MySQL database successfully!
[12:49:57] [LOG] - Starting server...
[12:49:57] [LOG] - Server is running on "http://127.0.0.1:3000"!
[12:49:57] [LOG] - Connecting to the MySQL database...
[12:49:57] [LOG] - Connected to the MySQL database successfully!
[12:50:11] [LOG] - Client trying to log in...
[12:50:11] [LOG] - Client trying to log in...
[12:50:12] [LOG] - Client successfully logged in!
[12:50:12] [LOG] - Client successfully logged in!
[12:50:12] [LOG] - User (uid: 4) checking their order...
[12:50:12] [LOG] - User (uid: 4) getting their last name...
[12:50:12] [LOG] - User does not have an order yet.
[12:50:12] [LOG] - User (uid: 4) checking their order...
[12:50:12] [LOG] - User (uid: 4) getting their last name...
[12:50:12] [LOG] - Successfully got their last name!
[12:50:12] [LOG] - User does not have an order yet.
[12:50:12] [LOG] - Successfully got their last name!
[12:56:59] [LOG] - Starting server...
[12:56:59] [LOG] - Server is running on "http://127.0.0.1:3000"!
[12:56:59] [LOG] - Connecting to the MySQL database...
[12:56:59] [LOG] - Connected to the MySQL database successfully!
[12:57:27] [LOG] - Client trying to log in...
[12:57:27] [LOG] - Client successfully logged in!
[12:57:27] [LOG] - User (uid: 4) checking their order...
[12:57:27] [LOG] - User does not have an order yet.
[12:57:27] [LOG] - User (uid: 4) getting their last name...
[12:57:27] [LOG] - Successfully got their last name!
[12:57:28] [LOG] - User (uid: 4) getting their profile...
[12:57:28] [LOG] - User (uid: 4) getting their profile...
[12:57:28] [LOG] - Successfully got their profile!
[12:57:28] [LOG] - Successfully got their profile!
[12:57:32] [LOG] - User (uid: 4) updating their profile...
[12:57:32] [LOG] - Profile updated successfully!
[12:57:32] [LOG] - User (uid: 4) getting their profile...
[12:57:32] [LOG] - Successfully got their profile!
[12:57:33] [LOG] - User (uid: 4) updating their profile...
[12:57:33] [LOG] - Profile updated successfully!
[12:57:33] [LOG] - User (uid: 4) getting their profile...
[12:57:33] [LOG] - Successfully got their profile!
[12:57:38] [LOG] - Client trying to log in...
[12:57:38] [LOG] - Client successfully logged in!
[12:57:38] [LOG] - Client trying to log in...
[12:57:38] [LOG] - Client successfully logged in!
[12:57:38] [LOG] - User (uid: 4) checking their order...
[12:57:38] [LOG] - User (uid: 4) getting their last name...
[12:57:38] [LOG] - User (uid: 4) getting their last name...
[12:57:39] [LOG] - User does not have an order yet.
[12:57:39] [LOG] - User (uid: 4) checking their order...
[12:57:39] [LOG] - Successfully got their last name!
[12:57:39] [LOG] - Successfully got their last name!
[12:57:39] [LOG] - User does not have an order yet.
[12:58:10] [ERROR] - User not found!
[12:58:11] [ERROR] - User not found!
[12:58:12] [ERROR] - User not found!
[12:58:13] [ERROR] - User not found!
[12:58:14] [ERROR] - User not found!
[12:58:15] [ERROR] - User not found!
[12:58:16] [ERROR] - User not found!
[12:58:17] [ERROR] - User not found!
[12:58:18] [ERROR] - User not found!
[12:58:19] [ERROR] - User not found!
[12:58:20] [ERROR] - User not found!
[12:58:21] [ERROR] - User not found!
[12:58:22] [ERROR] - User not found!
[12:58:23] [ERROR] - User not found!
[12:58:24] [ERROR] - User not found!
[12:58:25] [ERROR] - User not found!
[12:58:26] [ERROR] - User not found!
[12:58:27] [ERROR] - User not found!
[12:58:28] [ERROR] - User not found!
[12:58:29] [ERROR] - User not found!
[12:58:30] [ERROR] - User not found!
[12:58:35] [LOG] - Client trying to log in...
[12:58:35] [LOG] - Client successfully logged in!
[12:58:35] [LOG] - Client trying to log in...
[12:58:35] [LOG] - Client successfully logged in!
[12:58:35] [LOG] - User (uid: 4) checking their order...
[12:58:35] [LOG] - User does not have an order yet.
[12:58:35] [LOG] - User (uid: 4) getting their last name...
[12:58:35] [LOG] - Successfully got their last name!
[12:58:35] [LOG] - User (uid: 4) getting their profile...
[12:58:35] [LOG] - User (uid: 4) getting their profile...
[12:58:35] [LOG] - User (uid: 4) checking their order...
[12:58:35] [LOG] - User (uid: 4) getting their last name...
[12:58:35] [LOG] - Successfully got their profile!
[12:58:35] [LOG] - Successfully got their profile!
[12:58:35] [LOG] - User does not have an order yet.
[12:58:35] [LOG] - Successfully got their last name!
[12:58:37] [LOG] - Getting team member's data...
[12:58:37] [LOG] - Team member's data found!
[12:58:37] [LOG] - Getting team member's data...
[12:58:37] [LOG] - Team member's data found!
[12:58:40] [LOG] - User (uid: 4) getting their profile...
[12:58:40] [LOG] - User (uid: 4) getting their profile...
[12:58:40] [LOG] - Successfully got their profile!
[12:58:40] [LOG] - Successfully got their profile!
[13:01:33] [LOG] - Client trying to log in...
[13:01:33] [ERROR] - Login error: Invalid email address!
[13:02:04] [LOG] - Client trying to log in...
[13:02:04] [ERROR] - Login error: Invalid password!
[13:02:04] [LOG] - Client trying to log in...
[13:02:04] [ERROR] - Login error: Invalid password!
[13:02:08] [LOG] - Client trying to log in...
[13:02:08] [ERROR] - Login error: Invalid password!
[13:02:08] [LOG] - Client trying to log in...
[13:02:08] [ERROR] - Login error: Invalid password!
[13:02:15] [LOG] - Client trying to log in...
[13:02:15] [ERROR] - Login error: Invalid password!
[13:02:17] [LOG] - Client trying to log in...
[13:02:17] [LOG] - Client successfully logged in!
[13:02:17] [LOG] - User (uid: 3) checking their order...
[13:02:17] [LOG] - User does not have an order yet.
[13:02:17] [LOG] - User (uid: 3) getting their last name...
[13:02:17] [LOG] - Successfully got their last name!
[13:02:17] [LOG] - User (uid: 3) getting their profile...
[13:02:17] [LOG] - User (uid: 3) getting their profile...
[13:02:17] [LOG] - Successfully got their profile!
[13:02:17] [LOG] - Successfully got their profile!
[13:02:21] [LOG] - Getting team member's data...
[13:02:21] [LOG] - Team member's data found!
[13:02:21] [LOG] - Getting team member's data...
[13:02:21] [LOG] - Team member's data found!
[13:02:21] [LOG] - User (uid: 3) getting their profile...
[13:02:21] [LOG] - User (uid: 3) getting their profile...
[13:02:21] [LOG] - Successfully got their profile!
[13:02:21] [LOG] - Successfully got their profile!
[13:02:56] [LOG] - User (uid: 3) updating their profile...
[13:02:56] [LOG] - Profile updated successfully!
[13:02:56] [LOG] - User (uid: 3) getting their profile...
[13:02:56] [LOG] - Successfully got their profile!
[13:03:01] [LOG] - User (uid: 3) updating their profile...
[13:03:01] [LOG] - Profile updated successfully!
[13:03:01] [LOG] - User (uid: 3) getting their profile...
[13:03:01] [LOG] - Successfully got their profile!
[13:03:10] [LOG] - Client trying to log in...
[13:03:10] [LOG] - Client successfully logged in!
[13:03:10] [LOG] - User (uid: 3) checking their order...
[13:03:10] [LOG] - User does not have an order yet.
[13:03:10] [LOG] - User (uid: 3) getting their last name...
[13:03:10] [LOG] - Successfully got their last name!
[13:03:10] [LOG] - User (uid: 3) getting their profile...
[13:03:10] [LOG] - User (uid: 3) getting their profile...
[13:03:10] [LOG] - Successfully got their profile!
[13:03:10] [LOG] - Successfully got their profile!
[13:03:49] [LOG] - Starting server...
[13:03:49] [LOG] - Server is running on "http://127.0.0.1:3000"!
[13:03:49] [LOG] - Connecting to the MySQL database...
[13:03:49] [LOG] - Connected to the MySQL database successfully!
[13:15:46] [LOG] - Starting server...
[13:15:46] [LOG] - Server is running on "http://127.0.0.1:3000"!
[13:15:46] [LOG] - Connecting to the MySQL database...
[13:15:46] [LOG] - Connected to the MySQL database successfully!
[13:15:50] [LOG] - Starting server...
[13:15:50] [LOG] - Server is running on "http://127.0.0.1:3000"!
[13:15:50] [LOG] - Connecting to the MySQL database...
[13:15:50] [LOG] - Connected to the MySQL database successfully!
[13:16:36] [LOG] - User (uid: 3) updating their profile...
[13:16:36] [LOG] - Profile updated successfully!
[13:16:36] [LOG] - User (uid: 3) getting their profile...
[13:16:36] [LOG] - Successfully got their profile!
[13:16:39] [LOG] - User (uid: 3) updating their profile...
[13:16:39] [LOG] - Profile updated successfully!
[13:16:39] [LOG] - User (uid: 3) getting their profile...
[13:16:39] [LOG] - Successfully got their profile!
[13:16:42] [LOG] - Getting team member's data...
[13:16:42] [LOG] - Team member's data found!
[13:16:42] [LOG] - Getting team member's data...
[13:16:42] [LOG] - Team member's data found!
[13:19:31] [LOG] - Client trying to log in...
[13:19:31] [LOG] - Client successfully logged in!
[13:19:31] [LOG] - User (uid: 3) checking their order...
[13:19:31] [LOG] - User does not have an order yet.
[13:19:31] [LOG] - User (uid: 3) getting their last name...
[13:19:31] [LOG] - Successfully got their last name!
[13:19:33] [LOG] - User (uid: 3) getting their profile...
[13:19:33] [LOG] - User (uid: 3) getting their profile...
[13:19:33] [LOG] - Successfully got their profile!
[13:19:33] [LOG] - Successfully got their profile!
[13:22:24] [LOG] - User (uid: 3) submitting an order...
[13:22:24] [LOG] - Order sent!
[13:22:25] [LOG] - User (uid: 3) getting their order...
[13:22:25] [LOG] - Order found!
[13:22:25] [LOG] - User (uid: 3) getting their order...
[13:22:25] [LOG] - Order found!
[13:22:25] [LOG] - User (uid: 3) getting their order...
[13:22:25] [LOG] - Order found!
[13:22:25] [LOG] - User (uid: 3) getting their order...
[13:22:25] [LOG] - Order found!
[13:22:25] [LOG] - User (uid: 3) getting their order...
[13:22:25] [LOG] - Order found!
[13:22:25] [LOG] - User (uid: 3) getting their order...
[13:22:25] [LOG] - Order found!
[13:22:25] [LOG] - User (uid: 3) getting their order...
[13:22:25] [LOG] - Order found!
[13:22:25] [LOG] - User (uid: 3) getting their order...
[13:22:25] [LOG] - Order found!
[13:22:25] [LOG] - User (uid: 3) getting their order...
[13:22:25] [LOG] - Order found!
[13:22:26] [LOG] - User (uid: 3) getting their order...
[13:22:26] [LOG] - Order found!
[13:22:26] [LOG] - User (uid: 3) getting their order...
[13:22:26] [LOG] - Order found!
[13:22:26] [LOG] - User (uid: 3) getting their order...
[13:22:26] [LOG] - Order found!
[13:22:26] [LOG] - User (uid: 3) getting their order...
[13:22:26] [LOG] - Order found!
[13:22:26] [LOG] - User (uid: 3) getting their order...
[13:22:26] [LOG] - Order found!
[13:22:26] [LOG] - User (uid: 3) getting their order...
[13:22:26] [LOG] - Order found!
[13:22:26] [LOG] - User (uid: 3) getting their order...
[13:22:26] [LOG] - Order found!
[13:22:26] [LOG] - User (uid: 3) getting their order...
[13:22:26] [LOG] - Order found!
[13:22:26] [LOG] - User (uid: 3) getting their order...
[13:22:26] [LOG] - Order found!
[13:22:26] [LOG] - User (uid: 3) getting their order...
[13:22:26] [LOG] - Order found!
[13:22:27] [LOG] - User (uid: 3) getting their order...
[13:22:27] [LOG] - Order found!
[13:22:27] [LOG] - User (uid: 3) getting their order...
[13:22:27] [LOG] - Order found!
[13:22:27] [LOG] - User (uid: 3) getting their order...
[13:22:27] [LOG] - Order found!
[13:22:27] [LOG] - User (uid: 3) getting their order...
[13:22:27] [LOG] - Order found!
[13:22:27] [LOG] - User (uid: 3) getting their order...
[13:22:27] [LOG] - Order found!
[13:22:27] [LOG] - User (uid: 3) getting their order...
[13:22:27] [LOG] - Order found!
[13:22:27] [LOG] - User (uid: 3) getting their order...
[13:22:27] [LOG] - Order found!
[13:22:27] [LOG] - User (uid: 3) getting their order...
[13:22:27] [LOG] - Order found!
[13:22:27] [LOG] - User (uid: 3) getting their order...
[13:22:27] [LOG] - Order found!
[13:22:27] [LOG] - User (uid: 3) getting their order...
[13:22:27] [LOG] - Order found!
[13:22:28] [LOG] - User (uid: 3) getting their order...
[13:22:28] [LOG] - Order found!
[13:22:28] [LOG] - User (uid: 3) getting their order...
[13:22:28] [LOG] - Order found!
[13:22:28] [LOG] - User (uid: 3) getting their order...
[13:22:28] [LOG] - Order found!
[13:22:28] [LOG] - User (uid: 3) getting their order...
[13:22:28] [LOG] - Order found!
[13:22:28] [LOG] - User (uid: 3) getting their order...
[13:22:28] [LOG] - Order found!
[13:22:28] [LOG] - User (uid: 3) getting their order...
[13:22:28] [LOG] - Order found!
[13:22:28] [LOG] - User (uid: 3) getting their order...
[13:22:28] [LOG] - Order found!
[13:22:28] [LOG] - User (uid: 3) getting their order...
[13:22:28] [LOG] - Order found!
[13:22:28] [LOG] - User (uid: 3) getting their order...
[13:22:28] [LOG] - Order found!
[13:22:28] [LOG] - User (uid: 3) getting their order...
[13:22:28] [LOG] - Order found!
[13:22:29] [LOG] - User (uid: 3) getting their order...
[13:22:29] [LOG] - Order found!
[13:22:29] [LOG] - User (uid: 3) getting their order...
[13:22:29] [LOG] - Order found!
[13:22:29] [LOG] - User (uid: 3) getting their order...
[13:22:29] [LOG] - Order found!
[13:22:29] [LOG] - User (uid: 3) getting their order...
[13:22:29] [LOG] - Order found!
[13:22:29] [LOG] - User (uid: 3) getting their order...
[13:22:29] [LOG] - Order found!
[13:22:29] [LOG] - User (uid: 3) getting their order...
[13:22:29] [LOG] - Order found!
[13:22:29] [LOG] - User (uid: 3) getting their order...
[13:22:29] [LOG] - Order found!
[13:22:29] [LOG] - User (uid: 3) getting their order...
[13:22:29] [LOG] - Order found!
[13:22:30] [LOG] - User (uid: 3) getting their order...
[13:22:30] [LOG] - Order found!
[13:22:31] [LOG] - User (uid: 3) getting their order...
[13:22:31] [LOG] - Order found!
[13:22:32] [LOG] - User (uid: 3) getting their order...
[13:22:32] [LOG] - Order found!
[13:22:33] [LOG] - User (uid: 3) getting their order...
[13:22:33] [LOG] - Order found!
[13:22:34] [LOG] - User (uid: 3) getting their order...
[13:22:34] [LOG] - Order found!
[13:22:35] [LOG] - User (uid: 3) getting their order...
[13:22:35] [LOG] - Order found!
[13:22:36] [LOG] - User (uid: 3) getting their order...
[13:22:36] [LOG] - Order found!
[13:22:37] [LOG] - User (uid: 3) getting their order...
[13:22:37] [LOG] - Order found!
[13:22:38] [LOG] - User (uid: 3) getting their order...
[13:22:38] [LOG] - Order found!
[13:22:40] [LOG] - User (uid: 3) getting their order...
[13:22:40] [LOG] - Order found!
[13:22:40] [LOG] - User (uid: 3) getting their order...
[13:22:40] [LOG] - Order found!
[13:22:41] [LOG] - User (uid: 3) getting their order...
[13:22:41] [LOG] - Order found!
[13:22:41] [LOG] - User (uid: 3) getting their order...
[13:22:41] [LOG] - Order found!
[13:22:41] [LOG] - User (uid: 3) getting their order...
[13:22:41] [LOG] - Order found!
[13:22:42] [LOG] - User (uid: 3) getting their order...
[13:22:42] [LOG] - Order found!
[13:22:42] [LOG] - User (uid: 3) getting their order...
[13:22:42] [LOG] - Order found!
[13:22:42] [LOG] - User (uid: 3) getting their order...
[13:22:42] [LOG] - Order found!
[13:22:42] [LOG] - User (uid: 3) getting their order...
[13:22:42] [LOG] - Order found!
[13:22:42] [LOG] - User (uid: 3) getting their order...
[13:22:42] [LOG] - Order found!
[13:22:42] [LOG] - User (uid: 3) getting their order...
[13:22:42] [LOG] - Order found!
[13:22:42] [LOG] - User (uid: 3) getting their order...
[13:22:42] [LOG] - Order found!
[13:22:42] [LOG] - User (uid: 3) getting their order...
[13:22:42] [LOG] - Order found!
[13:22:42] [LOG] - User (uid: 3) getting their order...
[13:22:42] [LOG] - Order found!
[13:22:42] [LOG] - User (uid: 3) getting their order...
[13:22:42] [LOG] - Order found!
[13:22:43] [LOG] - User (uid: 3) getting their order...
[13:22:44] [LOG] - Order found!
[13:22:44] [LOG] - User (uid: 3) getting their order...
[13:22:44] [LOG] - Order found!
[13:22:45] [LOG] - User (uid: 3) getting their order...
[13:22:45] [LOG] - Order found!
[13:22:46] [LOG] - User (uid: 3) getting their order...
[13:22:46] [LOG] - Order found!
[13:22:47] [LOG] - User (uid: 3) getting their order...
[13:22:47] [LOG] - Order found!
[13:22:48] [LOG] - User (uid: 3) getting their order...
[13:22:48] [LOG] - Order found!
[13:22:49] [LOG] - User (uid: 3) getting their order...
[13:22:49] [LOG] - Order found!
[13:22:50] [LOG] - User (uid: 3) getting their order...
[13:22:50] [LOG] - Order found!
[13:22:51] [LOG] - User (uid: 3) getting their order...
[13:22:51] [LOG] - Order found!
[13:22:52] [LOG] - User (uid: 3) getting their order...
[13:22:52] [LOG] - Order found!
[13:22:53] [LOG] - User (uid: 3) getting their order...
[13:22:53] [LOG] - Order found!
[13:22:54] [LOG] - User (uid: 3) getting their order...
[13:22:54] [LOG] - Order found!
[13:22:55] [LOG] - User (uid: 3) getting their order...
[13:22:55] [LOG] - Order found!
[13:22:56] [LOG] - User (uid: 3) getting their order...
[13:22:56] [LOG] - Order found!
[13:22:57] [LOG] - User (uid: 3) getting their order...
[13:22:57] [LOG] - Order found!
[13:22:58] [LOG] - User (uid: 3) getting their order...
[13:22:58] [LOG] - Order found!
[13:22:59] [LOG] - User (uid: 3) getting their order...
[13:22:59] [LOG] - Order found!
[13:23:00] [LOG] - User (uid: 3) getting their order...
[13:23:00] [LOG] - Order found!
[13:23:01] [LOG] - User (uid: 3) getting their order...
[13:23:01] [LOG] - Order found!
[13:23:02] [LOG] - User (uid: 3) getting their order...
[13:23:02] [LOG] - Order found!
[13:23:03] [LOG] - User (uid: 3) getting their order...
[13:23:03] [LOG] - Order found!
[13:23:04] [LOG] - User (uid: 3) getting their order...
[13:23:04] [LOG] - Order found!
[13:23:05] [LOG] - User (uid: 3) getting their order...
[13:23:05] [LOG] - Order found!
[13:23:06] [LOG] - User (uid: 3) getting their order...
[13:23:06] [LOG] - Order found!
[13:23:07] [LOG] - User (uid: 3) getting their order...
[13:23:07] [LOG] - Order found!
[13:23:08] [LOG] - User (uid: 3) getting their order...
[13:23:08] [LOG] - Order found!
[13:23:09] [LOG] - User (uid: 3) getting their order...
[13:23:09] [LOG] - Order found!
[13:23:10] [LOG] - User (uid: 3) getting their order...
[13:23:10] [LOG] - Order found!
[13:23:11] [LOG] - User (uid: 3) getting their order...
[13:23:11] [LOG] - Order found!
[13:23:12] [LOG] - User (uid: 3) getting their order...
[13:23:12] [LOG] - Order found!
[13:23:13] [LOG] - User (uid: 3) getting their order...
[13:23:13] [LOG] - Order found!
[13:23:14] [LOG] - User (uid: 3) getting their order...
[13:23:14] [LOG] - Order found!
[13:23:15] [LOG] - User (uid: 3) getting their order...
[13:23:15] [LOG] - Order found!
[13:23:16] [LOG] - User (uid: 3) getting their order...
[13:23:16] [LOG] - Order found!
[13:23:17] [LOG] - User (uid: 3) getting their order...
[13:23:17] [LOG] - Order found!
[13:23:18] [LOG] - User (uid: 3) getting their order...
[13:23:18] [LOG] - Order found!
[13:23:19] [LOG] - User (uid: 3) getting their order...
[13:23:19] [LOG] - Order found!
[13:23:20] [LOG] - User (uid: 3) getting their order...
[13:23:20] [LOG] - Order found!
[13:23:21] [LOG] - User (uid: 3) getting their order...
[13:23:21] [LOG] - Order found!
[13:23:22] [LOG] - User (uid: 3) getting their order...
[13:23:22] [LOG] - Order found!
[13:23:23] [LOG] - User (uid: 3) getting their order...
[13:23:23] [LOG] - Order found!
[13:23:24] [LOG] - User (uid: 3) getting their order...
[13:23:24] [LOG] - Order found!
[13:23:25] [LOG] - User (uid: 3) getting their order...
[13:23:25] [LOG] - Order found!
[13:23:26] [LOG] - User (uid: 3) getting their order...
[13:23:26] [LOG] - Order found!
[13:23:27] [LOG] - User (uid: 3) getting their order...
[13:23:27] [LOG] - Order found!
[13:23:28] [LOG] - User (uid: 3) getting their order...
[13:23:28] [LOG] - Order found!
[13:23:29] [LOG] - User (uid: 3) getting their order...
[13:23:29] [LOG] - Order found!
[13:23:30] [LOG] - User (uid: 3) getting their order...
[13:23:30] [LOG] - Order found!
[13:23:31] [LOG] - User (uid: 3) getting their order...
[13:23:31] [LOG] - Order found!
[13:23:32] [LOG] - User (uid: 3) getting their order...
[13:23:32] [LOG] - Order found!
[13:23:33] [LOG] - User (uid: 3) getting their order...
[13:23:33] [LOG] - Order found!
[13:23:34] [LOG] - User (uid: 3) getting their order...
[13:23:34] [LOG] - Order found!
[13:23:35] [LOG] - User (uid: 3) getting their order...
[13:23:35] [LOG] - Order found!
[13:23:36] [LOG] - User (uid: 3) getting their order...
[13:23:36] [LOG] - Order found!
[13:23:37] [LOG] - User (uid: 3) getting their order...
[13:23:37] [LOG] - Order found!
[13:23:38] [LOG] - User (uid: 3) getting their order...
[13:23:38] [LOG] - Order found!
[13:23:39] [LOG] - User (uid: 3) getting their order...
[13:23:39] [LOG] - Order found!
[13:23:40] [LOG] - User (uid: 3) getting their order...
[13:23:40] [LOG] - Order found!
[13:23:41] [LOG] - User (uid: 3) getting their order...
[13:23:41] [LOG] - Order found!
[13:23:42] [LOG] - User (uid: 3) getting their order...
[13:23:42] [LOG] - Order found!
[13:24:13] [LOG] - User (uid: 3) getting their order...
[13:24:13] [LOG] - User (uid: 3) getting their order...
[13:24:13] [LOG] - Order found!
[13:24:13] [LOG] - Order found!
[13:24:14] [LOG] - User (uid: 3) getting their order...
[13:24:14] [LOG] - Order found!
[13:24:14] [LOG] - User (uid: 3) getting their order...
[13:24:14] [LOG] - Order found!
[13:24:14] [LOG] - User (uid: 3) getting their order...
[13:24:14] [LOG] - Order found!
[13:24:14] [LOG] - User (uid: 3) getting their order...
[13:24:14] [LOG] - Order found!
[13:24:14] [LOG] - User (uid: 3) getting their order...
[13:24:14] [LOG] - Order found!
[13:24:14] [LOG] - User (uid: 3) getting their order...
[13:24:14] [LOG] - Order found!
[13:24:14] [LOG] - User (uid: 3) getting their order...
[13:24:14] [LOG] - Order found!
[13:24:14] [LOG] - User (uid: 3) getting their order...
[13:24:14] [LOG] - Order found!
[13:24:14] [LOG] - User (uid: 3) getting their order...
[13:24:14] [LOG] - Order found!
[13:24:14] [LOG] - User (uid: 3) getting their order...
[13:24:14] [LOG] - Order found!
[13:24:15] [LOG] - User (uid: 3) getting their order...
[13:24:15] [LOG] - Order found!
[13:24:15] [LOG] - User (uid: 3) getting their order...
[13:24:15] [LOG] - Order found!
[13:24:15] [LOG] - User (uid: 3) getting their order...
[13:24:15] [LOG] - Order found!
[13:24:15] [LOG] - User (uid: 3) getting their order...
[13:24:15] [LOG] - Order found!
[13:24:15] [LOG] - User (uid: 3) getting their order...
[13:24:15] [LOG] - Order found!
[13:24:15] [LOG] - User (uid: 3) getting their order...
[13:24:15] [LOG] - Order found!
[13:24:15] [LOG] - User (uid: 3) getting their order...
[13:24:15] [LOG] - Order found!
[13:24:15] [LOG] - User (uid: 3) getting their order...
[13:24:15] [LOG] - Order found!
[13:24:15] [LOG] - User (uid: 3) getting their order...
[13:24:15] [LOG] - Order found!
[13:24:15] [LOG] - User (uid: 3) getting their order...
[13:24:15] [LOG] - Order found!
[13:24:16] [LOG] - User (uid: 3) getting their order...
[13:24:16] [LOG] - Order found!
[13:24:16] [LOG] - User (uid: 3) getting their order...
[13:24:16] [LOG] - Order found!
[13:24:16] [LOG] - User (uid: 3) getting their order...
[13:24:16] [LOG] - Order found!
[13:24:16] [LOG] - User (uid: 3) getting their order...
[13:24:16] [LOG] - Order found!
[13:24:16] [LOG] - User (uid: 3) getting their order...
[13:24:16] [LOG] - Order found!
[13:24:16] [LOG] - User (uid: 3) getting their order...
[13:24:16] [LOG] - Order found!
[13:24:16] [LOG] - User (uid: 3) getting their order...
[13:24:16] [LOG] - Order found!
[13:24:16] [LOG] - User (uid: 3) getting their order...
[13:24:16] [LOG] - Order found!
[13:24:16] [LOG] - User (uid: 3) getting their order...
[13:24:16] [LOG] - Order found!
[13:24:16] [LOG] - User (uid: 3) getting their order...
[13:24:16] [LOG] - Order found!
[13:24:17] [LOG] - User (uid: 3) getting their order...
[13:24:17] [LOG] - Order found!
[13:24:17] [LOG] - User (uid: 3) getting their order...
[13:24:17] [LOG] - Order found!
[13:24:17] [LOG] - User (uid: 3) getting their order...
[13:24:17] [LOG] - Order found!
[13:24:17] [LOG] - User (uid: 3) getting their order...
[13:24:17] [LOG] - Order found!
[13:24:17] [LOG] - User (uid: 3) getting their order...
[13:24:17] [LOG] - Order found!
[13:24:17] [LOG] - User (uid: 3) getting their order...
[13:24:17] [LOG] - Order found!
[13:24:17] [LOG] - User (uid: 3) getting their order...
[13:24:17] [LOG] - Order found!
[13:24:17] [LOG] - User (uid: 3) getting their order...
[13:24:17] [LOG] - Order found!
[13:24:17] [LOG] - User (uid: 3) getting their order...
[13:24:17] [LOG] - Order found!
[13:24:17] [LOG] - User (uid: 3) getting their order...
[13:24:17] [LOG] - Order found!
[13:24:18] [LOG] - User (uid: 3) getting their order...
[13:24:18] [LOG] - Order found!
[13:24:18] [LOG] - User (uid: 3) getting their order...
[13:24:18] [LOG] - Order found!
[13:24:18] [LOG] - User (uid: 3) getting their order...
[13:24:18] [LOG] - Order found!
[13:24:18] [LOG] - User (uid: 3) getting their order...
[13:24:18] [LOG] - Order found!
[13:24:18] [LOG] - User (uid: 3) getting their order...
[13:24:18] [LOG] - Order found!
[13:24:18] [LOG] - User (uid: 3) getting their order...
[13:24:18] [LOG] - Order found!
[13:24:18] [LOG] - User (uid: 3) getting their order...
[13:24:18] [LOG] - Order found!
[13:24:18] [LOG] - User (uid: 3) getting their order...
[13:24:18] [LOG] - Order found!
[13:24:19] [LOG] - User (uid: 3) getting their order...
[13:24:19] [LOG] - Order found!
[13:24:20] [LOG] - User (uid: 3) getting their order...
[13:24:20] [LOG] - Order found!
[13:24:21] [LOG] - User (uid: 3) getting their order...
[13:24:21] [LOG] - Order found!
[13:24:22] [LOG] - User (uid: 3) getting their order...
[13:24:22] [LOG] - Order found!
[13:24:23] [LOG] - User (uid: 3) getting their order...
[13:24:23] [LOG] - Order found!
[13:24:24] [LOG] - User (uid: 3) getting their order...
[13:24:24] [LOG] - Order found!
[13:24:25] [LOG] - User (uid: 3) getting their order...
[13:24:25] [LOG] - Order found!
[13:24:26] [LOG] - User (uid: 3) getting their order...
[13:24:26] [LOG] - Order found!
[13:24:27] [LOG] - User (uid: 3) getting their order...
[13:24:27] [LOG] - Order found!
[13:24:28] [LOG] - User (uid: 3) getting their order...
[13:24:28] [LOG] - Order found!
[13:24:29] [LOG] - User (uid: 3) getting their order...
[13:24:29] [LOG] - Order found!
[13:24:30] [LOG] - User (uid: 3) getting their order...
[13:24:30] [LOG] - Order found!
[13:24:31] [LOG] - User (uid: 3) getting their order...
[13:24:31] [LOG] - Order found!
[13:24:32] [LOG] - User (uid: 3) getting their order...
[13:24:32] [LOG] - Order found!
[13:24:33] [LOG] - User (uid: 3) getting their order...
[13:24:33] [LOG] - Order found!
[13:24:34] [LOG] - User (uid: 3) getting their order...
[13:24:34] [LOG] - Order found!
[13:24:35] [LOG] - User (uid: 3) getting their order...
[13:24:35] [LOG] - Order found!
[13:24:36] [LOG] - User (uid: 3) getting their order...
[13:24:36] [LOG] - Order found!
[13:24:37] [LOG] - User (uid: 3) getting their order...
[13:24:37] [LOG] - Order found!
[13:24:38] [LOG] - User (uid: 3) getting their order...
[13:24:38] [LOG] - Order found!
[13:24:39] [LOG] - User (uid: 3) getting their order...
[13:24:39] [LOG] - Order found!
[13:24:40] [LOG] - User (uid: 3) getting their order...
[13:24:40] [LOG] - Order found!
[13:24:41] [LOG] - User (uid: 3) getting their order...
[13:24:41] [LOG] - Order found!
[13:24:42] [LOG] - User (uid: 3) getting their order...
[13:24:42] [LOG] - Order found!
[13:24:43] [LOG] - User (uid: 3) getting their order...
[13:24:43] [LOG] - Order found!
[13:24:44] [LOG] - User (uid: 3) getting their order...
[13:24:44] [LOG] - Order found!
[13:24:45] [LOG] - User (uid: 3) getting their order...
[13:24:45] [LOG] - Order found!
[13:24:46] [LOG] - User (uid: 3) getting their order...
[13:24:46] [LOG] - Order found!
[13:24:47] [LOG] - User (uid: 3) getting their order...
[13:24:47] [LOG] - Order found!
[13:24:48] [LOG] - User (uid: 3) getting their order...
[13:24:48] [LOG] - Order found!
[13:24:49] [LOG] - User (uid: 3) getting their order...
[13:24:49] [LOG] - Order found!
[13:24:50] [LOG] - User (uid: 3) getting their order...
[13:24:50] [LOG] - Order found!
[13:24:51] [LOG] - User (uid: 3) getting their order...
[13:24:51] [LOG] - Order found!
[13:24:52] [LOG] - User (uid: 3) getting their order...
[13:24:52] [LOG] - Order found!
[13:24:53] [LOG] - User (uid: 3) getting their order...
[13:24:53] [LOG] - Order found!
[13:24:54] [LOG] - User (uid: 3) getting their order...
[13:24:54] [LOG] - Order found!
[13:24:55] [LOG] - User (uid: 3) getting their order...
[13:24:55] [LOG] - Order found!
[13:24:56] [LOG] - User (uid: 3) getting their order...
[13:24:56] [LOG] - Order found!
[13:24:57] [LOG] - User (uid: 3) getting their order...
[13:24:57] [LOG] - Order found!
[13:24:58] [LOG] - User (uid: 3) getting their order...
[13:24:58] [LOG] - Order found!
[13:24:59] [LOG] - User (uid: 3) getting their order...
[13:24:59] [LOG] - Order found!
[13:25:00] [LOG] - User (uid: 3) getting their order...
[13:25:00] [LOG] - Order found!
[13:25:01] [LOG] - User (uid: 3) getting their order...
[13:25:01] [LOG] - Order found!
[13:25:02] [LOG] - User (uid: 3) getting their order...
[13:25:02] [LOG] - Order found!
[13:25:03] [LOG] - User (uid: 3) getting their order...
[13:25:03] [LOG] - Order found!
[13:25:04] [LOG] - User (uid: 3) getting their order...
[13:25:04] [LOG] - Order found!
[13:25:05] [LOG] - User (uid: 3) getting their order...
[13:25:05] [LOG] - Order found!
[13:25:06] [LOG] - User (uid: 3) getting their order...
[13:25:06] [LOG] - Order found!
[13:25:07] [LOG] - User (uid: 3) getting their order...
[13:25:07] [LOG] - Order found!
[13:25:08] [LOG] - User (uid: 3) getting their order...
[13:25:08] [LOG] - Order found!
[13:25:09] [LOG] - User (uid: 3) getting their order...
[13:25:09] [LOG] - Order found!
[13:25:10] [LOG] - User (uid: 3) getting their order...
[13:25:10] [LOG] - Order found!
[13:25:11] [LOG] - User (uid: 3) getting their order...
[13:25:11] [LOG] - Order found!
[13:25:12] [LOG] - User (uid: 3) getting their order...
[13:25:12] [LOG] - Order found!
[13:25:13] [LOG] - User (uid: 3) getting their order...
[13:25:13] [LOG] - Order found!
[13:25:14] [LOG] - User (uid: 3) getting their order...
[13:25:14] [LOG] - Order found!
[13:25:15] [LOG] - User (uid: 3) getting their order...
[13:25:15] [LOG] - Order found!
[13:25:16] [LOG] - User (uid: 3) getting their order...
[13:25:16] [LOG] - Order found!
[13:25:17] [LOG] - User (uid: 3) getting their order...
[13:25:17] [LOG] - Order found!
[13:26:14] [LOG] - User (uid: 3) getting their order...
[13:26:14] [LOG] - Order found!
[13:27:14] [LOG] - User (uid: 3) getting their order...
[13:27:14] [LOG] - Order found!
[13:28:14] [LOG] - User (uid: 3) getting their order...
[13:28:14] [LOG] - Order found!
[13:29:14] [LOG] - User (uid: 3) getting their order...
[13:29:14] [LOG] - Order found!
[13:33:18] [LOG] - User (uid: 3) getting their order...
[13:33:18] [LOG] - Order found!
[13:33:18] [LOG] - User (uid: 3) getting their order...
[13:33:18] [LOG] - Order found!
[13:33:18] [LOG] - User (uid: 3) getting their order...
[13:33:18] [LOG] - Order found!
[13:33:18] [LOG] - User (uid: 3) getting their order...
[13:33:18] [LOG] - Order found!
[13:33:18] [LOG] - User (uid: 3) getting their order...
[13:33:18] [LOG] - Order found!
[13:33:18] [LOG] - User (uid: 3) getting their order...
[13:33:18] [LOG] - Order found!
[13:33:18] [LOG] - User (uid: 3) getting their order...
[13:33:18] [LOG] - Order found!
[13:33:18] [LOG] - User (uid: 3) getting their order...
[13:33:18] [LOG] - Order found!
[13:33:18] [LOG] - User (uid: 3) getting their order...
[13:33:18] [LOG] - Order found!
[13:33:18] [LOG] - User (uid: 3) getting their order...
[13:33:18] [LOG] - Order found!
[13:33:19] [LOG] - User (uid: 3) getting their order...
[13:33:19] [LOG] - Order found!
[13:33:19] [LOG] - User (uid: 3) getting their order...
[13:33:19] [LOG] - Order found!
[13:33:19] [LOG] - User (uid: 3) getting their order...
[13:33:19] [LOG] - Order found!
[13:33:20] [LOG] - User (uid: 3) getting their order...
[13:33:20] [LOG] - Order found!
[13:33:21] [LOG] - User (uid: 3) getting their order...
[13:33:21] [LOG] - Order found!
[13:33:22] [LOG] - User (uid: 3) getting their order...
[13:33:22] [LOG] - Order found!
[13:33:23] [LOG] - User (uid: 3) getting their order...
[13:33:23] [LOG] - Order found!
[13:33:24] [LOG] - User (uid: 3) getting their order...
[13:33:24] [LOG] - Order found!
[13:33:25] [LOG] - User (uid: 3) getting their order...
[13:33:25] [LOG] - Order found!
[13:33:26] [LOG] - User (uid: 3) getting their order...
[13:33:26] [LOG] - Order found!
[13:33:27] [LOG] - User (uid: 3) getting their order...
[13:33:27] [LOG] - Order found!
[13:33:28] [LOG] - User (uid: 3) getting their order...
[13:33:28] [LOG] - Order found!
[13:33:29] [LOG] - User (uid: 3) getting their order...
[13:33:29] [LOG] - Order found!
[13:33:30] [LOG] - User (uid: 3) getting their order...
[13:33:30] [LOG] - Order found!
[13:33:31] [LOG] - User (uid: 3) getting their order...
[13:33:31] [LOG] - Order found!
[13:33:32] [LOG] - User (uid: 3) getting their order...
[13:33:32] [LOG] - Order found!
[13:33:33] [LOG] - User (uid: 3) getting their order...
[13:33:33] [LOG] - Order found!
[13:33:34] [LOG] - User (uid: 3) getting their order...
[13:33:34] [LOG] - Order found!
[13:33:35] [LOG] - User (uid: 3) getting their order...
[13:33:35] [LOG] - Order found!
[13:33:36] [LOG] - User (uid: 3) getting their order...
[13:33:36] [LOG] - Order found!
[13:33:37] [LOG] - User (uid: 3) getting their order...
[13:33:37] [LOG] - Order found!
[13:33:38] [LOG] - User (uid: 3) getting their order...
[13:33:38] [LOG] - Order found!
[13:33:39] [LOG] - User (uid: 3) getting their order...
[13:33:39] [LOG] - Order found!
[13:33:40] [LOG] - User (uid: 3) getting their order...
[13:33:40] [LOG] - Order found!
[13:33:41] [LOG] - User (uid: 3) getting their order...
[13:33:41] [LOG] - Order found!
[13:33:42] [LOG] - User (uid: 3) getting their order...
[13:33:42] [LOG] - Order found!
[13:33:43] [LOG] - User (uid: 3) getting their order...
[13:33:43] [LOG] - Order found!
[13:33:44] [LOG] - User (uid: 3) getting their order...
[13:33:44] [LOG] - Order found!
[13:33:45] [LOG] - User (uid: 3) getting their order...
[13:33:45] [LOG] - Order found!
[13:33:46] [LOG] - User (uid: 3) getting their order...
[13:33:46] [LOG] - Order found!
[13:33:47] [LOG] - User (uid: 3) getting their order...
[13:33:47] [LOG] - Order found!
[13:33:48] [LOG] - User (uid: 3) getting their order...
[13:33:48] [LOG] - Order found!
[13:33:49] [LOG] - User (uid: 3) getting their order...
[13:33:49] [LOG] - Order found!
[13:33:50] [LOG] - User (uid: 3) getting their order...
[13:33:50] [LOG] - Order found!
[13:33:51] [LOG] - User (uid: 3) getting their order...
[13:33:51] [LOG] - Order found!
[13:33:52] [LOG] - User (uid: 3) getting their order...
[13:33:52] [LOG] - Order found!
[13:33:53] [LOG] - User (uid: 3) getting their order...
[13:33:53] [LOG] - Order found!
[13:33:54] [LOG] - User (uid: 3) getting their order...
[13:33:54] [LOG] - Order found!
[13:33:55] [LOG] - User (uid: 3) getting their order...
[13:33:55] [LOG] - Order found!
[13:33:56] [LOG] - User (uid: 3) getting their order...
[13:33:56] [LOG] - Order found!
[13:33:57] [LOG] - User (uid: 3) getting their order...
[13:33:57] [LOG] - Order found!
[13:33:58] [LOG] - User (uid: 3) getting their order...
[13:33:58] [LOG] - Order found!
[13:33:59] [LOG] - User (uid: 3) getting their order...
[13:33:59] [LOG] - Order found!
[13:34:00] [LOG] - User (uid: 3) getting their order...
[13:34:00] [LOG] - Order found!
[13:34:01] [LOG] - User (uid: 3) getting their order...
[13:34:01] [LOG] - Order found!
[13:34:02] [LOG] - User (uid: 3) getting their order...
[13:34:02] [LOG] - Order found!
[13:34:03] [LOG] - User (uid: 3) getting their order...
[13:34:03] [LOG] - Order found!
[13:34:04] [LOG] - User (uid: 3) getting their order...
[13:34:04] [LOG] - Order found!
[13:34:05] [LOG] - User (uid: 3) getting their order...
[13:34:05] [LOG] - Order found!
[13:34:06] [LOG] - User (uid: 3) getting their order...
[13:34:06] [LOG] - Order found!
[13:34:07] [LOG] - User (uid: 3) getting their order...
[13:34:07] [LOG] - Order found!
[13:34:08] [LOG] - User (uid: 3) getting their order...
[13:34:08] [LOG] - Order found!
[13:34:09] [LOG] - User (uid: 3) getting their order...
[13:34:09] [LOG] - Order found!
[13:34:10] [LOG] - User (uid: 3) getting their order...
[13:34:10] [LOG] - Order found!
[13:34:11] [LOG] - User (uid: 3) getting their order...
[13:34:11] [LOG] - Order found!
[13:34:12] [LOG] - User (uid: 3) getting their order...
[13:34:12] [LOG] - Order found!
[13:34:13] [LOG] - User (uid: 3) getting their order...
[13:34:13] [LOG] - Order found!
[13:34:14] [LOG] - User (uid: 3) getting their order...
[13:34:14] [LOG] - Order found!
[13:34:15] [LOG] - User (uid: 3) getting their order...
[13:34:15] [LOG] - Order found!
[13:34:16] [LOG] - User (uid: 3) getting their order...
[13:34:16] [LOG] - Order found!
[13:34:17] [LOG] - User (uid: 3) getting their order...
[13:34:17] [LOG] - Order found!
[13:34:18] [LOG] - User (uid: 3) getting their order...
[13:34:18] [LOG] - Order found!
[13:35:14] [LOG] - User (uid: 3) getting their order...
[13:35:14] [LOG] - Order found!
[13:36:14] [LOG] - User (uid: 3) getting their order...
[13:36:14] [LOG] - Order found!
[13:37:14] [LOG] - User (uid: 3) getting their order...
[13:37:14] [LOG] - Order found!
[13:38:14] [LOG] - User (uid: 3) getting their order...
[13:38:14] [LOG] - Order found!
[14:15:07] [LOG] - Client trying to log in...
[14:15:07] [ERROR] - Login error: Invalid email address!
[14:17:36] [LOG] - Client trying to log in...
[14:17:36] [LOG] - Client successfully logged in!
[14:17:53] [LOG] - Client trying to log in...
[14:17:53] [LOG] - Client successfully logged in!
[14:17:56] [LOG] - Client trying to log in...
[14:17:56] [LOG] - Client successfully logged in!
[14:19:13] [LOG] - User (uid: 3) getting their order...
[14:19:13] [LOG] - Order found!
[14:19:13] [LOG] - User (uid: 3) getting their order...
[14:19:13] [LOG] - Order found!
[14:19:13] [LOG] - User (uid: 3) getting their order...
[14:19:13] [LOG] - Order found!
[14:19:13] [LOG] - User (uid: 3) getting their order...
[14:19:13] [LOG] - Order found!
[14:19:14] [LOG] - User (uid: 3) getting their order...
[14:19:14] [LOG] - Order found!
[14:19:14] [LOG] - User (uid: 3) getting their order...
[14:19:14] [LOG] - Order found!
[14:19:14] [LOG] - User (uid: 3) getting their order...
[14:19:14] [LOG] - Order found!
[14:19:14] [LOG] - User (uid: 3) getting their order...
[14:19:14] [LOG] - Order found!
[14:19:14] [LOG] - User (uid: 3) getting their order...
[14:19:14] [LOG] - Order found!
[14:19:14] [LOG] - User (uid: 3) getting their order...
[14:19:14] [LOG] - Order found!
[14:19:14] [LOG] - User (uid: 3) getting their order...
[14:19:14] [LOG] - Order found!
[14:19:14] [LOG] - User (uid: 3) getting their order...
[14:19:14] [LOG] - Order found!
[14:19:14] [LOG] - User (uid: 3) getting their order...
[14:19:14] [LOG] - Order found!
[14:19:15] [LOG] - User (uid: 3) getting their order...
[14:19:15] [LOG] - Order found!
[14:19:15] [LOG] - User (uid: 3) getting their order...
[14:19:15] [LOG] - Order found!
[14:19:15] [LOG] - User (uid: 3) getting their order...
[14:19:15] [LOG] - Order found!
[14:19:15] [LOG] - User (uid: 3) getting their order...
[14:19:15] [LOG] - Order found!
[14:19:15] [LOG] - User (uid: 3) getting their order...
[14:19:15] [LOG] - Order found!
[14:19:15] [LOG] - User (uid: 3) getting their order...
[14:19:15] [LOG] - Order found!
[14:19:15] [LOG] - User (uid: 3) getting their order...
[14:19:15] [LOG] - Order found!
[14:19:15] [LOG] - User (uid: 3) getting their order...
[14:19:15] [LOG] - Order found!
[14:19:15] [LOG] - User (uid: 3) getting their order...
[14:19:15] [LOG] - Order found!
[14:19:15] [LOG] - User (uid: 3) getting their order...
[14:19:15] [LOG] - Order found!
[14:19:15] [LOG] - User (uid: 3) getting their order...
[14:19:15] [LOG] - Order found!
[14:19:16] [LOG] - User (uid: 3) getting their order...
[14:19:16] [LOG] - Order found!
[14:19:16] [LOG] - User (uid: 3) getting their order...
[14:19:16] [LOG] - Order found!
[14:19:16] [LOG] - User (uid: 3) getting their profile...
[14:19:16] [LOG] - User (uid: 3) getting their profile...
[14:19:16] [LOG] - Successfully got their profile!
[14:19:16] [LOG] - Successfully got their profile!
[14:19:18] [LOG] - User (uid: 3) getting their order...
[14:19:18] [LOG] - Order found!
[14:19:18] [LOG] - User (uid: 3) getting their order...
[14:19:18] [LOG] - Order found!
[14:19:18] [LOG] - User (uid: 3) getting their order...
[14:19:18] [LOG] - Order found!
[14:19:18] [LOG] - User (uid: 3) getting their order...
[14:19:18] [LOG] - Order found!
[14:19:18] [LOG] - User (uid: 3) getting their order...
[14:19:18] [LOG] - Order found!
[14:19:18] [LOG] - User (uid: 3) getting their order...
[14:19:18] [LOG] - Order found!
[14:19:18] [LOG] - User (uid: 3) getting their order...
[14:19:18] [LOG] - Order found!
[14:19:18] [LOG] - User (uid: 3) getting their order...
[14:19:18] [LOG] - Order found!
[14:19:18] [LOG] - User (uid: 3) getting their order...
[14:19:18] [LOG] - Order found!
[14:19:19] [LOG] - User (uid: 3) getting their order...
[14:19:19] [LOG] - Order found!
[14:19:19] [LOG] - User (uid: 3) getting their order...
[14:19:19] [LOG] - Order found!
[14:19:19] [LOG] - User (uid: 3) getting their order...
[14:19:19] [LOG] - Order found!
[14:19:19] [LOG] - User (uid: 3) getting their order...
[14:19:19] [LOG] - Order found!
[14:19:19] [LOG] - User (uid: 3) getting their order...
[14:19:19] [LOG] - Order found!
[14:19:19] [LOG] - User (uid: 3) getting their order...
[14:19:19] [LOG] - Order found!
[14:19:19] [LOG] - User (uid: 3) getting their order...
[14:19:19] [LOG] - Order found!
[14:19:20] [LOG] - User (uid: 3) getting their order...
[14:19:20] [LOG] - Order found!
[14:19:21] [LOG] - User (uid: 3) getting their order...
[14:19:21] [LOG] - Order found!
[14:19:22] [LOG] - User (uid: 3) getting their order...
[14:19:22] [LOG] - Order found!
[14:19:23] [LOG] - User (uid: 3) getting their order...
[14:19:23] [LOG] - Order found!
[14:19:24] [LOG] - User (uid: 3) getting their order...
[14:19:24] [LOG] - Order found!
[14:19:25] [LOG] - User (uid: 3) getting their order...
[14:19:25] [LOG] - Order found!
[14:19:26] [LOG] - User (uid: 3) getting their order...
[14:19:26] [LOG] - Order found!
[14:19:27] [LOG] - User (uid: 3) getting their order...
[14:19:27] [LOG] - Order found!
[14:19:28] [LOG] - User (uid: 3) getting their order...
[14:19:28] [LOG] - Order found!
[14:19:29] [LOG] - User (uid: 3) getting their order...
[14:19:29] [LOG] - Order found!
[14:19:30] [LOG] - User (uid: 3) getting their order...
[14:19:30] [LOG] - Order found!
[14:19:31] [LOG] - User (uid: 3) getting their order...
[14:19:31] [LOG] - Order found!
[14:19:32] [LOG] - User (uid: 3) getting their order...
[14:19:32] [LOG] - Order found!
[14:19:33] [LOG] - User (uid: 3) getting their order...
[14:19:33] [LOG] - Order found!
[14:19:34] [LOG] - User (uid: 3) getting their order...
[14:19:34] [LOG] - Order found!
[14:19:35] [LOG] - User (uid: 3) getting their order...
[14:19:35] [LOG] - Order found!
[14:19:36] [LOG] - User (uid: 3) getting their order...
[14:19:36] [LOG] - Order found!
[14:19:37] [LOG] - User (uid: 3) getting their order...
[14:19:37] [LOG] - Order found!
[14:19:38] [LOG] - User (uid: 3) getting their order...
[14:19:38] [LOG] - Order found!
[14:19:39] [LOG] - User (uid: 3) getting their order...
[14:19:39] [LOG] - Order found!
[14:19:40] [LOG] - User (uid: 3) getting their order...
[14:19:40] [LOG] - Order found!
[14:19:41] [LOG] - User (uid: 3) getting their order...
[14:19:41] [LOG] - Order found!
[14:19:42] [LOG] - User (uid: 3) getting their order...
[14:19:42] [LOG] - Order found!
[14:19:43] [LOG] - User (uid: 3) getting their order...
[14:19:43] [LOG] - Order found!
[14:19:44] [LOG] - User (uid: 3) getting their order...
[14:19:44] [LOG] - Order found!
[14:19:45] [LOG] - User (uid: 3) getting their order...
[14:19:45] [LOG] - Order found!
[14:19:46] [LOG] - User (uid: 3) getting their order...
[14:19:46] [LOG] - Order found!
[14:19:47] [LOG] - User (uid: 3) getting their order...
[14:19:47] [LOG] - Order found!
[14:19:48] [LOG] - User (uid: 3) getting their order...
[14:19:48] [LOG] - Order found!
[14:19:49] [LOG] - User (uid: 3) getting their order...
[14:19:49] [LOG] - Order found!
[14:19:50] [LOG] - User (uid: 3) getting their order...
[14:19:50] [LOG] - Order found!
[14:19:51] [LOG] - User (uid: 3) getting their order...
[14:19:51] [LOG] - Order found!
[14:19:52] [LOG] - User (uid: 3) getting their order...
[14:19:52] [LOG] - Order found!
[14:19:53] [LOG] - User (uid: 3) getting their order...
[14:19:53] [LOG] - Order found!
[14:19:54] [LOG] - User (uid: 3) getting their order...
[14:19:54] [LOG] - Order found!
[14:19:55] [LOG] - User (uid: 3) getting their order...
[14:19:55] [LOG] - Order found!
[14:19:56] [LOG] - User (uid: 3) getting their order...
[14:19:56] [LOG] - Order found!
[14:19:57] [LOG] - User (uid: 3) getting their order...
[14:19:57] [LOG] - Order found!
[14:19:58] [LOG] - User (uid: 3) getting their order...
[14:19:58] [LOG] - Order found!
[14:19:59] [LOG] - User (uid: 3) getting their order...
[14:19:59] [LOG] - Order found!
[14:20:00] [LOG] - User (uid: 3) getting their order...
[14:20:00] [LOG] - Order found!
[14:20:01] [LOG] - User (uid: 3) getting their order...
[14:20:01] [LOG] - Order found!
[14:20:02] [LOG] - User (uid: 3) getting their order...
[14:20:02] [LOG] - Order found!
[14:20:03] [LOG] - User (uid: 3) getting their order...
[14:20:03] [LOG] - Order found!
[14:20:04] [LOG] - User (uid: 3) getting their order...
[14:20:04] [LOG] - Order found!
[14:20:05] [LOG] - User (uid: 3) getting their order...
[14:20:05] [LOG] - Order found!
[14:20:06] [LOG] - User (uid: 3) getting their order...
[14:20:06] [LOG] - Order found!
[14:20:07] [LOG] - User (uid: 3) getting their order...
[14:20:07] [LOG] - Order found!
[14:20:08] [LOG] - Client trying to log in...
[14:20:09] [LOG] - Client successfully logged in!
[14:20:09] [LOG] - User (uid: 3) getting their order...
[14:20:09] [LOG] - Order found!
[14:20:09] [LOG] - User (uid: 3) getting their order...
[14:20:09] [LOG] - Order found!
[14:20:10] [LOG] - User (uid: 3) getting their order...
[14:20:10] [LOG] - Order found!
[14:20:11] [LOG] - User (uid: 3) getting their order...
[14:20:11] [LOG] - Order found!
[14:20:12] [LOG] - User (uid: 3) getting their order...
[14:20:12] [LOG] - Order found!
[14:20:13] [LOG] - User (uid: 3) getting their order...
[14:20:13] [LOG] - Order found!
[14:20:14] [LOG] - User (uid: 3) getting their order...
[14:20:14] [LOG] - Order found!
[14:20:15] [LOG] - User (uid: 3) getting their order...
[14:20:15] [LOG] - Order found!
[14:20:16] [LOG] - User (uid: 3) getting their order...
[14:20:16] [LOG] - Order found!
[14:20:17] [LOG] - User (uid: 3) getting their order...
[14:20:17] [LOG] - Order found!
[14:20:18] [LOG] - User (uid: 3) getting their order...
[14:20:18] [LOG] - Order found!
[14:20:57] [LOG] - Client trying to log in...
[14:20:57] [LOG] - Client successfully logged in!
[14:21:14] [LOG] - User (uid: 3) getting their order...
[14:21:14] [LOG] - Order found!
[14:22:14] [LOG] - User (uid: 3) getting their order...
[14:22:14] [LOG] - Order found!
[14:22:35] [LOG] - Client trying to log in...
[14:22:35] [LOG] - Client successfully logged in!
[14:23:14] [LOG] - User (uid: 3) getting their order...
[14:23:14] [LOG] - Order found!
[14:23:47] [LOG] - User (uid: 3) getting their order...
[14:23:47] [LOG] - Order found!
[14:23:47] [LOG] - User (uid: 3) getting their order...
[14:23:47] [LOG] - Order found!
[14:23:47] [LOG] - User (uid: 3) getting their order...
[14:23:47] [LOG] - Order found!
[14:23:47] [LOG] - User (uid: 3) getting their order...
[14:23:47] [LOG] - Order found!
[14:23:47] [LOG] - User (uid: 3) getting their order...
[14:23:47] [LOG] - Order found!
[14:23:47] [LOG] - User (uid: 3) getting their order...
[14:23:47] [LOG] - Order found!
[14:23:47] [LOG] - User (uid: 3) getting their order...
[14:23:47] [LOG] - Order found!
[14:23:47] [LOG] - User (uid: 3) getting their order...
[14:23:47] [LOG] - Order found!
[14:23:47] [LOG] - User (uid: 3) getting their order...
[14:23:47] [LOG] - Order found!
[14:23:47] [LOG] - User (uid: 3) getting their order...
[14:23:47] [LOG] - Order found!
[14:23:48] [LOG] - User (uid: 3) getting their order...
[14:23:48] [LOG] - Order found!
[14:23:48] [LOG] - User (uid: 3) getting their order...
[14:23:48] [LOG] - Order found!
[14:23:48] [LOG] - User (uid: 3) getting their order...
[14:23:48] [LOG] - Order found!
[14:23:49] [LOG] - User (uid: 3) getting their order...
[14:23:49] [LOG] - Order found!
[14:23:50] [LOG] - User (uid: 3) getting their order...
[14:23:50] [LOG] - Order found!
[14:23:51] [LOG] - User (uid: 3) getting their order...
[14:23:51] [LOG] - Order found!
[14:23:52] [LOG] - User (uid: 3) getting their order...
[14:23:52] [LOG] - Order found!
[14:23:53] [LOG] - User (uid: 3) getting their order...
[14:23:53] [LOG] - Order found!
[14:23:54] [LOG] - User (uid: 3) getting their order...
[14:23:54] [LOG] - Order found!
[14:23:55] [LOG] - User (uid: 3) getting their order...
[14:23:55] [LOG] - Order found!
[14:23:56] [LOG] - User (uid: 3) getting their order...
[14:23:56] [LOG] - Order found!
[14:23:57] [LOG] - User (uid: 3) getting their order...
[14:23:57] [LOG] - Order found!
[14:23:58] [LOG] - User (uid: 3) getting their order...
[14:23:58] [LOG] - Order found!
[14:23:59] [LOG] - User (uid: 3) getting their order...
[14:23:59] [LOG] - Order found!
[14:24:00] [LOG] - User (uid: 3) getting their order...
[14:24:00] [LOG] - Order found!
[14:24:01] [LOG] - User (uid: 3) getting their order...
[14:24:01] [LOG] - Order found!
[14:24:02] [LOG] - User (uid: 3) getting their order...
[14:24:02] [LOG] - Order found!
[14:24:03] [LOG] - User (uid: 3) getting their order...
[14:24:03] [LOG] - Order found!
[14:24:05] [LOG] - User (uid: 3) getting their order...
[14:24:05] [LOG] - Order found!
[14:24:05] [LOG] - User (uid: 3) getting their order...
[14:24:05] [LOG] - Order found!
[14:24:06] [LOG] - User (uid: 3) getting their order...
[14:24:06] [LOG] - Order found!
[14:24:07] [LOG] - User (uid: 3) getting their order...
[14:24:07] [LOG] - Order found!
[14:24:08] [LOG] - User (uid: 3) getting their order...
[14:24:08] [LOG] - Order found!
[14:24:09] [LOG] - User (uid: 3) getting their order...
[14:24:09] [LOG] - Order found!
[14:24:10] [LOG] - User (uid: 3) getting their order...
[14:24:10] [LOG] - Order found!
[14:24:11] [LOG] - User (uid: 3) getting their order...
[14:24:11] [LOG] - Order found!
[14:24:12] [LOG] - User (uid: 3) getting their order...
[14:24:12] [LOG] - Order found!
[14:24:13] [LOG] - User (uid: 3) getting their order...
[14:24:13] [LOG] - Order found!
[14:24:14] [LOG] - User (uid: 3) getting their order...
[14:24:14] [LOG] - Order found!
[14:24:15] [LOG] - User (uid: 3) getting their order...
[14:24:15] [LOG] - Order found!
[14:24:16] [LOG] - User (uid: 3) getting their order...
[14:24:16] [LOG] - Order found!
[14:24:17] [LOG] - User (uid: 3) getting their order...
[14:24:17] [LOG] - Order found!
[14:24:18] [LOG] - User (uid: 3) getting their order...
[14:24:18] [LOG] - Order found!
[14:24:19] [LOG] - User (uid: 3) getting their order...
[14:24:19] [LOG] - Order found!
[14:24:20] [LOG] - User (uid: 3) getting their order...
[14:24:20] [LOG] - Order found!
[14:24:21] [LOG] - User (uid: 3) getting their order...
[14:24:21] [LOG] - Order found!
[14:24:22] [LOG] - User (uid: 3) getting their order...
[14:24:22] [LOG] - Order found!
[14:24:23] [LOG] - User (uid: 3) getting their order...
[14:24:23] [LOG] - Order found!
[14:24:24] [LOG] - User (uid: 3) getting their order...
[14:24:24] [LOG] - Order found!
[14:24:25] [LOG] - User (uid: 3) getting their order...
[14:24:25] [LOG] - Order found!
[14:24:26] [LOG] - User (uid: 3) getting their order...
[14:24:26] [LOG] - Order found!
[14:24:27] [LOG] - User (uid: 3) getting their order...
[14:24:27] [LOG] - Order found!
[14:24:28] [LOG] - User (uid: 3) getting their order...
[14:24:28] [LOG] - Order found!
[14:24:29] [LOG] - User (uid: 3) getting their order...
[14:24:29] [LOG] - Order found!
[14:24:30] [LOG] - User (uid: 3) getting their order...
[14:24:30] [LOG] - Order found!
[14:24:31] [LOG] - User (uid: 3) getting their order...
[14:24:31] [LOG] - Order found!
[14:24:32] [LOG] - User (uid: 3) getting their order...
[14:24:32] [LOG] - Order found!
[14:24:33] [LOG] - User (uid: 3) getting their order...
[14:24:33] [LOG] - Order found!
[14:24:34] [LOG] - User (uid: 3) getting their order...
[14:24:34] [LOG] - Order found!
[14:24:35] [LOG] - User (uid: 3) getting their order...
[14:24:35] [LOG] - Order found!
[14:24:36] [LOG] - User (uid: 3) getting their order...
[14:24:36] [LOG] - Order found!
[14:24:37] [LOG] - User (uid: 3) getting their order...
[14:24:37] [LOG] - Order found!
[14:24:38] [LOG] - User (uid: 3) getting their order...
[14:24:38] [LOG] - Order found!
[14:24:39] [LOG] - User (uid: 3) getting their order...
[14:24:39] [LOG] - Order found!
[14:24:40] [LOG] - User (uid: 3) getting their order...
[14:24:40] [LOG] - Order found!
[14:24:41] [LOG] - User (uid: 3) getting their order...
[14:24:41] [LOG] - Order found!
[14:24:42] [LOG] - User (uid: 3) getting their order...
[14:24:42] [LOG] - Order found!
[14:24:43] [LOG] - User (uid: 3) getting their order...
[14:24:43] [LOG] - Order found!
[14:24:44] [LOG] - User (uid: 3) getting their order...
[14:24:44] [LOG] - Order found!
[14:24:45] [LOG] - User (uid: 3) getting their order...
[14:24:45] [LOG] - Order found!
[14:24:46] [LOG] - User (uid: 3) getting their order...
[14:24:46] [LOG] - Order found!
[14:24:47] [LOG] - User (uid: 3) getting their order...
[14:24:47] [LOG] - Order found!
[14:24:53] [LOG] - Client trying to log in...
[14:24:53] [LOG] - Client successfully logged in!
[14:24:53] [LOG] - User (uid: 4) getting their profile...
[14:24:53] [LOG] - Successfully got their profile!
[14:25:14] [LOG] - User (uid: 3) getting their order...
[14:25:14] [LOG] - Order found!
[14:26:14] [LOG] - User (uid: 3) getting their order...
[14:26:14] [LOG] - Order found!
[14:27:04] [LOG] - User (uid: 3) getting their order...
[14:27:04] [LOG] - Order found!
[14:27:04] [LOG] - User (uid: 3) getting their order...
[14:27:04] [LOG] - Order found!
[14:27:04] [LOG] - User (uid: 3) getting their order...
[14:27:04] [LOG] - Order found!
[14:27:04] [LOG] - User (uid: 3) getting their order...
[14:27:04] [LOG] - Order found!
[14:27:04] [LOG] - User (uid: 3) getting their order...
[14:27:04] [LOG] - Order found!
[14:27:04] [LOG] - User (uid: 3) getting their order...
[14:27:04] [LOG] - Order found!
[14:27:05] [LOG] - User (uid: 3) getting their order...
[14:27:05] [LOG] - Order found!
[14:27:05] [LOG] - User (uid: 3) getting their order...
[14:27:05] [LOG] - Order found!
[14:27:05] [LOG] - User (uid: 3) getting their order...
[14:27:05] [LOG] - Order found!
[14:27:05] [LOG] - User (uid: 3) getting their order...
[14:27:05] [LOG] - Order found!
[14:27:06] [LOG] - User (uid: 3) getting their order...
[14:27:06] [LOG] - Order found!
[14:27:07] [LOG] - User (uid: 3) getting their order...
[14:27:07] [LOG] - Order found!
[14:27:08] [LOG] - User (uid: 3) getting their order...
[14:27:08] [LOG] - Order found!
[14:27:09] [LOG] - User (uid: 3) getting their order...
[14:27:09] [LOG] - Order found!
[14:27:10] [LOG] - User (uid: 3) getting their order...
[14:27:10] [LOG] - Order found!
[14:27:11] [LOG] - User (uid: 3) getting their order...
[14:27:11] [LOG] - Order found!
[14:27:12] [LOG] - User (uid: 3) getting their order...
[14:27:12] [LOG] - Order found!
[14:27:13] [LOG] - User (uid: 3) getting their order...
[14:27:13] [LOG] - Order found!
[14:27:14] [LOG] - User (uid: 3) getting their order...
[14:27:14] [LOG] - Order found!
[14:27:15] [LOG] - User (uid: 3) getting their order...
[14:27:15] [LOG] - Order found!
[14:27:16] [LOG] - User (uid: 3) getting their order...
[14:27:16] [LOG] - Order found!
[14:27:17] [LOG] - User (uid: 3) getting their order...
[14:27:17] [LOG] - Order found!
[14:27:18] [LOG] - User (uid: 3) getting their order...
[14:27:18] [LOG] - Order found!
[14:27:19] [LOG] - User (uid: 3) getting their order...
[14:27:19] [LOG] - Order found!
[14:27:20] [LOG] - User (uid: 3) getting their order...
[14:27:20] [LOG] - Order found!
[14:27:21] [LOG] - User (uid: 3) getting their order...
[14:27:21] [LOG] - Order found!
[14:27:22] [LOG] - User (uid: 3) getting their order...
[14:27:22] [LOG] - Order found!
[14:27:23] [LOG] - User (uid: 3) getting their order...
[14:27:23] [LOG] - Order found!
[14:27:24] [LOG] - User (uid: 3) getting their order...
[14:27:24] [LOG] - Order found!
[14:27:25] [LOG] - User (uid: 3) getting their order...
[14:27:25] [LOG] - Order found!
[14:27:26] [LOG] - User (uid: 3) getting their order...
[14:27:26] [LOG] - Order found!
[14:27:27] [LOG] - User (uid: 3) getting their order...
[14:27:27] [LOG] - Order found!
[14:27:28] [LOG] - User (uid: 3) getting their order...
[14:27:28] [LOG] - Order found!
[14:27:29] [LOG] - User (uid: 3) getting their order...
[14:27:29] [LOG] - Order found!
[14:27:30] [LOG] - User (uid: 3) getting their order...
[14:27:30] [LOG] - Order found!
[14:27:31] [LOG] - User (uid: 3) getting their order...
[14:27:31] [LOG] - Order found!
[14:27:32] [LOG] - User (uid: 3) getting their order...
[14:27:32] [LOG] - Order found!
[14:27:33] [LOG] - User (uid: 3) getting their order...
[14:27:33] [LOG] - Order found!
[14:27:34] [LOG] - User (uid: 3) getting their order...
[14:27:34] [LOG] - Order found!
[14:27:35] [LOG] - User (uid: 3) getting their order...
[14:27:35] [LOG] - Order found!
[14:27:36] [LOG] - User (uid: 3) getting their order...
[14:27:36] [LOG] - Order found!
[14:27:37] [LOG] - User (uid: 3) getting their order...
[14:27:37] [LOG] - Order found!
[14:27:38] [LOG] - User (uid: 3) getting their order...
[14:27:38] [LOG] - Order found!
[14:27:39] [LOG] - User (uid: 3) getting their order...
[14:27:39] [LOG] - Order found!
[14:27:40] [LOG] - User (uid: 3) getting their order...
[14:27:40] [LOG] - Order found!
[14:27:41] [LOG] - User (uid: 3) getting their order...
[14:27:41] [LOG] - Order found!
[14:27:42] [LOG] - User (uid: 3) getting their order...
[14:27:42] [LOG] - Order found!
[14:27:43] [LOG] - User (uid: 3) getting their order...
[14:27:43] [LOG] - Order found!
[14:27:44] [LOG] - User (uid: 3) getting their order...
[14:27:44] [LOG] - Order found!
[14:27:45] [LOG] - User (uid: 3) getting their order...
[14:27:45] [LOG] - Order found!
[14:27:46] [LOG] - User (uid: 3) getting their order...
[14:27:46] [LOG] - Order found!
[14:27:47] [LOG] - User (uid: 3) getting their order...
[14:27:47] [LOG] - Order found!
[14:27:48] [LOG] - User (uid: 3) getting their order...
[14:27:48] [LOG] - Order found!
[14:27:49] [LOG] - User (uid: 3) getting their order...
[14:27:49] [LOG] - Order found!
[14:27:50] [LOG] - User (uid: 3) getting their order...
[14:27:50] [LOG] - Order found!
[14:27:51] [LOG] - User (uid: 3) getting their order...
[14:27:51] [LOG] - Order found!
[14:27:52] [LOG] - User (uid: 3) getting their order...
[14:27:52] [LOG] - Order found!
[14:27:53] [LOG] - User (uid: 3) getting their order...
[14:27:53] [LOG] - Order found!
[14:27:54] [LOG] - User (uid: 3) getting their order...
[14:27:54] [LOG] - Order found!
[14:27:55] [LOG] - User (uid: 3) getting their order...
[14:27:55] [LOG] - Order found!
[14:27:56] [LOG] - User (uid: 3) getting their order...
[14:27:56] [LOG] - Order found!
[14:27:57] [LOG] - User (uid: 3) getting their order...
[14:27:57] [LOG] - Order found!
[14:27:58] [LOG] - User (uid: 3) getting their order...
[14:27:58] [LOG] - Order found!
[14:27:59] [LOG] - User (uid: 3) getting their order...
[14:27:59] [LOG] - Order found!
[14:28:00] [LOG] - User (uid: 3) getting their order...
[14:28:00] [LOG] - Order found!
[14:28:01] [LOG] - User (uid: 3) getting their order...
[14:28:01] [LOG] - Order found!
[14:28:02] [LOG] - User (uid: 3) getting their order...
[14:28:02] [LOG] - Order found!
[14:28:03] [LOG] - User (uid: 3) getting their order...
[14:28:03] [LOG] - Order found!
[14:28:04] [LOG] - User (uid: 3) getting their order...
[14:28:04] [LOG] - Order found!
[14:28:09] [LOG] - Client trying to log in...
[14:28:09] [LOG] - Client successfully logged in!
[14:28:14] [LOG] - User (uid: 3) getting their order...
[14:28:14] [LOG] - Order found!
[14:28:26] [LOG] - Client trying to log in...
[14:28:26] [LOG] - Client successfully logged in!
[14:28:26] [LOG] - User (uid: 4) getting their profile...
[14:28:26] [LOG] - Successfully got their profile!
[14:28:26] [LOG] - Fetching all orders...
[14:28:26] [LOG] - Orders found: 1
[14:28:26] [LOG] - Fetching all orders...
[14:28:26] [LOG] - Orders found: 1
[14:28:27] [LOG] - Fetching all orders...
[14:28:27] [LOG] - Orders found: 1
[14:28:27] [LOG] - Fetching all orders...
[14:28:27] [LOG] - Orders found: 1
[14:28:27] [LOG] - Fetching all orders...
[14:28:27] [LOG] - Orders found: 1
[14:28:27] [LOG] - Fetching all orders...
[14:28:27] [LOG] - Orders found: 1
[14:28:27] [LOG] - Fetching all orders...
[14:28:27] [LOG] - Orders found: 1
[14:28:27] [LOG] - Fetching all orders...
[14:28:27] [LOG] - Orders found: 1
[14:28:27] [LOG] - Fetching all orders...
[14:28:27] [LOG] - Orders found: 1
[14:28:27] [LOG] - Fetching all orders...
[14:28:27] [LOG] - Orders found: 1
[14:28:28] [LOG] - Fetching all orders...
[14:28:28] [LOG] - Orders found: 1
[14:28:28] [LOG] - Fetching all orders...
[14:28:28] [LOG] - Orders found: 1
[14:28:28] [LOG] - Fetching all orders...
[14:28:28] [LOG] - Orders found: 1
[14:28:28] [LOG] - Fetching all orders...
[14:28:28] [LOG] - Orders found: 1
[14:28:28] [LOG] - Fetching all orders...
[14:28:28] [LOG] - Orders found: 1
[14:28:28] [LOG] - Fetching all orders...
[14:28:28] [LOG] - Orders found: 1
[14:28:29] [LOG] - Fetching all orders...
[14:28:29] [LOG] - Orders found: 1
[14:28:29] [LOG] - Fetching all orders...
[14:28:29] [LOG] - Orders found: 1
[14:28:29] [LOG] - Fetching all orders...
[14:28:29] [LOG] - Orders found: 1
[14:28:29] [LOG] - Fetching all orders...
[14:28:29] [LOG] - Orders found: 1
[14:28:30] [LOG] - Fetching all orders...
[14:28:30] [LOG] - Orders found: 1
[14:28:30] [LOG] - Fetching all orders...
[14:28:30] [LOG] - Orders found: 1
[14:28:30] [LOG] - Fetching all orders...
[14:28:30] [LOG] - Orders found: 1
[14:28:30] [LOG] - Fetching all orders...
[14:28:30] [LOG] - Orders found: 1
[14:28:30] [LOG] - Fetching all orders...
[14:28:30] [LOG] - Orders found: 1
[14:28:30] [LOG] - Fetching all orders...
[14:28:30] [LOG] - Orders found: 1
[14:28:30] [LOG] - Fetching all orders...
[14:28:30] [LOG] - Orders found: 1
[14:28:31] [LOG] - Fetching all orders...
[14:28:31] [LOG] - Orders found: 1
[14:28:31] [LOG] - Fetching all orders...
[14:28:31] [LOG] - Orders found: 1
[14:28:31] [LOG] - Fetching all orders...
[14:28:31] [LOG] - Orders found: 1
[14:28:31] [LOG] - Fetching all orders...
[14:28:31] [LOG] - Orders found: 1
[14:28:31] [LOG] - Fetching all orders...
[14:28:32] [LOG] - Orders found: 1
[14:28:32] [LOG] - Fetching all orders...
[14:28:32] [LOG] - Orders found: 1
[14:28:32] [LOG] - Fetching all orders...
[14:28:32] [LOG] - Orders found: 1
[14:28:32] [LOG] - Fetching all orders...
[14:28:32] [LOG] - Orders found: 1
[14:28:32] [LOG] - Fetching all orders...
[14:28:32] [LOG] - Orders found: 1
[14:28:32] [LOG] - Fetching all orders...
[14:28:32] [LOG] - Orders found: 1
[14:28:32] [LOG] - Fetching all orders...
[14:28:32] [LOG] - Orders found: 1
[14:28:33] [LOG] - Fetching all orders...
[14:28:33] [LOG] - Orders found: 1
[14:28:33] [LOG] - Fetching all orders...
[14:28:33] [LOG] - Orders found: 1
[14:28:33] [LOG] - Fetching all orders...
[14:28:33] [LOG] - Orders found: 1
[14:28:33] [LOG] - Fetching all orders...
[14:28:33] [LOG] - Orders found: 1
[14:28:34] [LOG] - Fetching all orders...
[14:28:34] [LOG] - Orders found: 1
[14:28:34] [LOG] - Fetching all orders...
[14:28:34] [LOG] - Orders found: 1
[14:28:34] [LOG] - Fetching all orders...
[14:28:34] [LOG] - Orders found: 1
[14:28:34] [LOG] - Fetching all orders...
[14:28:34] [LOG] - Orders found: 1
[14:28:34] [LOG] - Fetching all orders...
[14:28:34] [LOG] - Orders found: 1
[14:28:34] [LOG] - Fetching all orders...
[14:28:34] [LOG] - Orders found: 1
[14:28:35] [LOG] - Fetching all orders...
[14:28:35] [LOG] - Orders found: 1
[14:28:35] [LOG] - Fetching all orders...
[14:28:35] [LOG] - Orders found: 1
[14:28:35] [LOG] - Fetching all orders...
[14:28:35] [LOG] - Orders found: 1
[14:28:35] [LOG] - Fetching all orders...
[14:28:35] [LOG] - Orders found: 1
[14:28:35] [LOG] - Fetching all orders...
[14:28:35] [LOG] - Orders found: 1
[14:28:36] [LOG] - Fetching all orders...
[14:28:36] [LOG] - Orders found: 1
[14:28:36] [LOG] - Fetching all orders...
[14:28:36] [LOG] - Orders found: 1
[14:28:36] [LOG] - Fetching all orders...
[14:28:36] [LOG] - Orders found: 1
[14:28:36] [LOG] - Fetching all orders...
[14:28:36] [LOG] - Orders found: 1
[14:28:36] [LOG] - Fetching all orders...
[14:28:36] [LOG] - Orders found: 1
[14:28:36] [LOG] - Fetching all orders...
[14:28:36] [LOG] - Orders found: 1
[14:29:14] [LOG] - User (uid: 3) getting their order...
[14:29:14] [LOG] - Order found!
[14:30:14] [LOG] - User (uid: 3) getting their order...
[14:30:14] [LOG] - Order found!
[14:31:14] [LOG] - User (uid: 3) getting their order...
[14:31:14] [LOG] - Order found!
[14:32:14] [LOG] - User (uid: 3) getting their order...
[14:32:14] [LOG] - Order found!
[14:33:14] [LOG] - User (uid: 3) getting their order...
[14:33:14] [LOG] - Order found!
[14:39:01] [LOG] - Client trying to log in...
[14:39:01] [LOG] - Client successfully logged in!
[14:39:01] [LOG] - User (uid: 4) getting their profile...
[14:39:01] [LOG] - Successfully got their profile!
[14:39:01] [LOG] - Fetching all orders...
[14:39:01] [LOG] - Orders found: 1
[14:39:01] [LOG] - Fetching all orders...
[14:39:01] [LOG] - Orders found: 1
[14:39:01] [LOG] - Fetching all orders...
[14:39:01] [LOG] - Orders found: 1
[14:39:01] [LOG] - Fetching all orders...
[14:39:01] [LOG] - Orders found: 1
[14:39:02] [LOG] - Fetching all orders...
[14:39:02] [LOG] - Orders found: 1
[14:39:02] [LOG] - Fetching all orders...
[14:39:02] [LOG] - Orders found: 1
[14:39:02] [LOG] - Fetching all orders...
[14:39:02] [LOG] - Orders found: 1
[14:39:02] [LOG] - Fetching all orders...
[14:39:02] [LOG] - Orders found: 1
[14:39:02] [LOG] - Fetching all orders...
[14:39:02] [LOG] - Orders found: 1
[14:39:03] [LOG] - Fetching all orders...
[14:39:03] [LOG] - Orders found: 1
[14:39:03] [LOG] - Fetching all orders...
[14:39:03] [LOG] - Orders found: 1
[14:39:03] [LOG] - Fetching all orders...
[14:39:03] [LOG] - Orders found: 1
[14:39:03] [LOG] - Fetching all orders...
[14:39:03] [LOG] - Orders found: 1
[14:39:03] [LOG] - Fetching all orders...
[14:39:03] [LOG] - Orders found: 1
[14:39:04] [LOG] - Fetching all orders...
[14:39:04] [LOG] - Orders found: 1
[14:39:04] [LOG] - Fetching all orders...
[14:39:04] [LOG] - Orders found: 1
[14:39:04] [LOG] - Fetching all orders...
[14:39:04] [LOG] - Orders found: 1
[14:39:04] [LOG] - Fetching all orders...
[14:39:04] [LOG] - Orders found: 1
[14:39:04] [LOG] - Fetching all orders...
[14:39:04] [LOG] - Orders found: 1
[14:39:05] [LOG] - Fetching all orders...
[14:39:05] [LOG] - Orders found: 1
[14:39:05] [LOG] - Fetching all orders...
[14:39:05] [LOG] - Orders found: 1
[14:39:05] [LOG] - Fetching all orders...
[14:39:05] [LOG] - Orders found: 1
[14:39:05] [LOG] - Fetching all orders...
[14:39:05] [LOG] - Orders found: 1
[14:39:05] [LOG] - Fetching all orders...
[14:39:05] [LOG] - Orders found: 1
[14:39:05] [LOG] - Fetching all orders...
[14:39:05] [LOG] - Orders found: 1
[14:39:05] [LOG] - Fetching all orders...
[14:39:05] [LOG] - Orders found: 1
[14:39:05] [LOG] - Fetching all orders...
[14:39:05] [LOG] - Orders found: 1
[14:39:06] [LOG] - Fetching all orders...
[14:39:06] [LOG] - Orders found: 1
[14:39:06] [LOG] - Fetching all orders...
[14:39:06] [LOG] - Orders found: 1
[14:39:06] [LOG] - Fetching all orders...
[14:39:06] [LOG] - Orders found: 1
[14:39:06] [LOG] - Fetching all orders...
[14:39:06] [LOG] - Orders found: 1
[14:39:06] [LOG] - Fetching all orders...
[14:39:06] [LOG] - Orders found: 1
[14:39:06] [LOG] - Fetching all orders...
[14:39:06] [LOG] - Orders found: 1
[14:39:06] [LOG] - Fetching all orders...
[14:39:06] [LOG] - Orders found: 1
[14:39:07] [LOG] - Fetching all orders...
[14:39:07] [LOG] - Orders found: 1
[14:39:07] [LOG] - Fetching all orders...
[14:39:07] [LOG] - Orders found: 1
[14:39:07] [LOG] - Fetching all orders...
[14:39:07] [LOG] - Orders found: 1
[14:39:07] [LOG] - Fetching all orders...
[14:39:07] [LOG] - Orders found: 1
[14:39:07] [LOG] - Fetching all orders...
[14:39:07] [LOG] - Orders found: 1
[14:39:07] [LOG] - Fetching all orders...
[14:39:07] [LOG] - Orders found: 1
[14:39:07] [LOG] - Fetching all orders...
[14:39:07] [LOG] - Orders found: 1
[14:39:07] [LOG] - Fetching all orders...
[14:39:07] [LOG] - Orders found: 1
[14:39:08] [LOG] - Fetching all orders...
[14:39:08] [LOG] - Orders found: 1
[14:39:08] [LOG] - Fetching all orders...
[14:39:08] [LOG] - Orders found: 1
[14:39:08] [LOG] - Fetching all orders...
[14:39:08] [LOG] - Orders found: 1
[14:39:08] [LOG] - Fetching all orders...
[14:39:08] [LOG] - Orders found: 1
[14:39:08] [LOG] - Fetching all orders...
[14:39:08] [LOG] - Orders found: 1
[14:39:09] [LOG] - Fetching all orders...
[14:39:09] [LOG] - Orders found: 1
[14:39:09] [LOG] - Fetching all orders...
[14:39:09] [LOG] - Orders found: 1
[14:39:09] [LOG] - Fetching all orders...
[14:39:09] [LOG] - Orders found: 1
[14:39:09] [LOG] - Fetching all orders...
[14:39:09] [LOG] - Orders found: 1
[14:39:09] [LOG] - Fetching all orders...
[14:39:09] [LOG] - Orders found: 1
[14:39:09] [LOG] - Fetching all orders...
[14:39:09] [LOG] - Orders found: 1
[14:39:09] [LOG] - Fetching all orders...
[14:39:09] [LOG] - Orders found: 1
[14:39:09] [LOG] - Fetching all orders...
[14:39:09] [LOG] - Orders found: 1
[14:39:09] [LOG] - Fetching all orders...
[14:39:09] [LOG] - Orders found: 1
[14:39:10] [LOG] - Fetching all orders...
[14:39:10] [LOG] - Orders found: 1
[14:39:10] [LOG] - Fetching all orders...
[14:39:10] [LOG] - Orders found: 1
[14:39:10] [LOG] - Fetching all orders...
[14:39:10] [LOG] - Orders found: 1
[14:39:10] [LOG] - Fetching all orders...
[14:39:10] [LOG] - Orders found: 1
[14:39:10] [LOG] - Fetching all orders...
[14:39:10] [LOG] - Orders found: 1
[14:39:10] [LOG] - Fetching all orders...
[14:39:10] [LOG] - Orders found: 1
[14:39:11] [LOG] - Fetching all orders...
[14:39:11] [LOG] - Orders found: 1
[14:39:11] [LOG] - Fetching all orders...
[14:39:11] [LOG] - Orders found: 1
[14:39:11] [LOG] - Fetching all orders...
[14:39:11] [LOG] - Orders found: 1
[14:39:11] [LOG] - Fetching all orders...
[14:39:11] [LOG] - Orders found: 1
[14:39:11] [LOG] - Fetching all orders...
[14:39:11] [LOG] - Orders found: 1
[14:39:11] [LOG] - Fetching all orders...
[14:39:11] [LOG] - Orders found: 1
[14:39:11] [LOG] - Fetching all orders...
[14:39:11] [LOG] - Orders found: 1
[14:39:11] [LOG] - Fetching all orders...
[14:39:11] [LOG] - Orders found: 1
[14:39:12] [LOG] - Fetching all orders...
[14:39:12] [LOG] - Orders found: 1
[14:39:12] [LOG] - Fetching all orders...
[14:39:12] [LOG] - Orders found: 1
[14:39:12] [LOG] - Fetching all orders...
[14:39:12] [LOG] - Orders found: 1
[14:39:12] [LOG] - Fetching all orders...
[14:39:12] [LOG] - Orders found: 1
[14:39:12] [LOG] - Fetching all orders...
[14:39:12] [LOG] - Orders found: 1
[14:45:41] [LOG] - Starting server...
[14:45:41] [LOG] - Server is running on "http://127.0.0.1:3000"!
[14:45:41] [LOG] - Connecting to the MySQL database...
[14:45:41] [ERROR] - Failed to connect to the MySQL database: Error: connect ECONNREFUSED 127.0.0.1:3307!
